<?xml version="1.0" encoding="UTF-8"?>
<testsuites name="Validating Form" time="216.161" tests="9" failures="0" errors="0">
   <testsuite name="Validating Form" tests="9" failures="0" errors="0" time="216.161" skipped="0" timestamp="15-06-2025T00:05:01" hostname="Maulana - 192.168.0.126" id="Test Suites/Validating Form">
      <properties>
         <property name="deviceName" value=""/>
         <property name="devicePlatform"/>
         <property name="logFolder" value="C:\\Users\\M S I\\Katalon Studio\\web-maulana-afteroffice-katalon\\Reports\\20250615_000454\\Validating Form\\20250615_000454"/>
         <property name="logFiles" value="C:\\Users\\M S I\\Katalon Studio\\web-maulana-afteroffice-katalon\\Reports\\20250615_000454\\Validating Form\\20250615_000454\\execution0.log"/>
         <property name="attachments" value=""/>
         <property name="hostName" value="Maulana - 192.168.0.126"/>
         <property name="os" value="Windows 11 64bit"/>
         <property name="katalonVersion" value="9.6.0.217"/>
         <property name="browser" value="Chrome 137.0.0.0"/>
         <property name="hostAddress" value="192.168.0.126"/>
         <property name="sessionId" value="dde17a26820a436f6b66c0d3fe465f58"/>
         <property name="seleniumVersion" value="3.141.59"/>
         <property name="proxyInformation" value="ProxyInformation { proxyOption=NO_PROXY, proxyServerType=HTTP, username=, password=********, proxyServerAddress=, proxyServerPort=0, executionList=&quot;&quot;, isApplyToDesiredCapabilities=true }"/>
         <property name="platform" value="Windows 11"/>
      </properties>
      <testcase name="Test Cases/PF 1 - Load practice form" time="33.277" classname="Test Cases/PF 1 - Load practice form" status="PASSED">
         <system-out><![CDATA[15-06-2025T00:05:01 - [TEST_CASE][PASSED] - Test Cases/PF 1 - Load practice form: Test Cases/PF 1 - Load practice form

15-06-2025T00:05:01 - [TEST_STEP][PASSED] - openBrowser(""): Browser is opened with url: ''

15-06-2025T00:05:02 - [MESSAGE][INFO] - Starting 'Chrome' driver

15-06-2025T00:05:02 - [MESSAGE][INFO] - Action delay is set to 0 milliseconds

15-06-2025T00:05:05 - [MESSAGE][WARNING] - FFmpeg was not installed! Browser Recording will be disabled. Please follow this document to install FFmpeg first: https://docs.katalon.com/katalon-studio/docs/screenshots-videos.html#browser-based-recorder

15-06-2025T00:05:05 - [MESSAGE][PASSED] - Browser is opened with url: ''

15-06-2025T00:05:05 - [TEST_STEP][PASSED] - maximizeWindow(): Current window maximized

15-06-2025T00:05:05 - [MESSAGE][PASSED] - Current window maximized

15-06-2025T00:05:05 - [TEST_STEP][PASSED] - navigateToUrl("https://demoqa.com/automation-practice-form"): Navigate to 'https://demoqa.com/automation-practice-form' successfully

15-06-2025T00:05:33 - [MESSAGE][PASSED] - Navigate to 'https://demoqa.com/automation-practice-form' successfully

15-06-2025T00:05:33 - [TEST_STEP][PASSED] - verifyElementPresent(findTestObject("Object Repository/Practice Form/Title Name - Practice Form"), 0): Object 'Object Repository/Practice Form/Title Name - Practice Form' is present

15-06-2025T00:05:33 - [MESSAGE][WARNING] - Timeout '0' is invalid. Using default page load timeout: '30'

15-06-2025T00:05:33 - [MESSAGE][PASSED] - Object 'Object Repository/Practice Form/Title Name - Practice Form' is present

15-06-2025T00:05:33 - [TEST_STEP][PASSED] - closeBrowser(): Browser is closed

15-06-2025T00:05:34 - [MESSAGE][PASSED] - Browser is closed]]></system-out>
         <system-err><![CDATA[]]></system-err>
      </testcase>
      <testcase name="Test Cases/1. Validating Form/VLD 1 - Input blank form" time="52.314" classname="Test Cases/1. Validating Form/VLD 1 - Input blank form" status="PASSED">
         <system-out><![CDATA[15-06-2025T00:05:34 - [TEST_CASE][PASSED] - Test Cases/1. Validating Form/VLD 1 - Input blank form: Test Cases/1. Validating Form/VLD 1 - Input blank form

15-06-2025T00:05:35 - [TEST_STEP][PASSED] - openBrowser(""): Browser is opened with url: ''

15-06-2025T00:05:35 - [MESSAGE][INFO] - Starting 'Chrome' driver

15-06-2025T00:05:35 - [MESSAGE][INFO] - Action delay is set to 0 milliseconds

15-06-2025T00:05:37 - [MESSAGE][WARNING] - FFmpeg was not installed! Browser Recording will be disabled. Please follow this document to install FFmpeg first: https://docs.katalon.com/katalon-studio/docs/screenshots-videos.html#browser-based-recorder

15-06-2025T00:05:37 - [MESSAGE][PASSED] - Browser is opened with url: ''

15-06-2025T00:05:37 - [TEST_STEP][PASSED] - navigateToUrl(baseUrl): Navigate to 'https://demoqa.com/automation-practice-form' successfully

15-06-2025T00:06:25 - [MESSAGE][PASSED] - Navigate to 'https://demoqa.com/automation-practice-form' successfully

15-06-2025T00:06:25 - [TEST_STEP][PASSED] - verifyElementPresent(findTestObject("Object Repository/Practice Form/Title Name - Practice Form"), 0): Object 'Object Repository/Practice Form/Title Name - Practice Form' is present

15-06-2025T00:06:25 - [MESSAGE][WARNING] - Timeout '0' is invalid. Using default page load timeout: '30'

15-06-2025T00:06:25 - [MESSAGE][PASSED] - Object 'Object Repository/Practice Form/Title Name - Practice Form' is present

15-06-2025T00:06:25 - [TEST_STEP][PASSED] - scrollToElement(findTestObject("Object Repository/Practice Form/button - Submit"), 0): Scroll to object 'Object Repository/Practice Form/button - Submit' successfully

15-06-2025T00:06:25 - [MESSAGE][WARNING] - Timeout '0' is invalid. Using default page load timeout: '30'

15-06-2025T00:06:25 - [MESSAGE][PASSED] - Scroll to object 'Object Repository/Practice Form/button - Submit' successfully

15-06-2025T00:06:25 - [TEST_STEP][PASSED] - click(findTestObject("Object Repository/Practice Form/button - Submit")): Object: 'Object Repository/Practice Form/button - Submit' is clicked on

15-06-2025T00:06:25 - [MESSAGE][PASSED] - Object: 'Object Repository/Practice Form/button - Submit' is clicked on

15-06-2025T00:06:25 - [TEST_STEP][PASSED] - verifyElementNotPresent(findTestObject("Object Repository/Modal/txt - Modal title"), 0): Web element with id: 'Object Repository/Modal/txt - Modal title' located by 'By.xpath: //div[@id='example-modal-sizes-title-lg']' is not present after '30' second(s)

15-06-2025T00:06:26 - [MESSAGE][WARNING] - Timeout '0' is invalid. Using default page load timeout: '30'

15-06-2025T00:06:27 - [MESSAGE][PASSED] - Web element with id: 'Object Repository/Modal/txt - Modal title' located by 'By.xpath: //div[@id='example-modal-sizes-title-lg']' is not present after '30' second(s)]]></system-out>
         <system-err><![CDATA[]]></system-err>
      </testcase>
      <testcase name="Test Cases/1. Validating Form/VLD 2 - Mandatory field negative validation" time="21.931" classname="Test Cases/1. Validating Form/VLD 2 - Mandatory field negative validation" status="PASSED">
         <system-out><![CDATA[15-06-2025T00:06:27 - [TEST_CASE][PASSED] - Test Cases/1. Validating Form/VLD 2 - Mandatory field negative validation: Test Cases/1. Validating Form/VLD 2 - Mandatory field negative validation

15-06-2025T00:06:28 - [TEST_STEP][PASSED] - openBrowser(""): Browser is opened with url: ''

15-06-2025T00:06:28 - [MESSAGE][WARNING] - A browser is already opened. Closing browser and opening a new one

15-06-2025T00:06:29 - [MESSAGE][INFO] - Starting 'Chrome' driver

15-06-2025T00:06:29 - [MESSAGE][INFO] - Action delay is set to 0 milliseconds

15-06-2025T00:06:30 - [MESSAGE][WARNING] - FFmpeg was not installed! Browser Recording will be disabled. Please follow this document to install FFmpeg first: https://docs.katalon.com/katalon-studio/docs/screenshots-videos.html#browser-based-recorder

15-06-2025T00:06:30 - [MESSAGE][PASSED] - Browser is opened with url: ''

15-06-2025T00:06:30 - [TEST_STEP][PASSED] - navigateToUrl(baseUrl): Navigate to 'https://demoqa.com/automation-practice-form' successfully

15-06-2025T00:06:44 - [MESSAGE][PASSED] - Navigate to 'https://demoqa.com/automation-practice-form' successfully

15-06-2025T00:06:44 - [TEST_STEP][PASSED] - verifyElementPresent(findTestObject("Object Repository/Practice Form/Title Name - Practice Form"), 0): Object 'Object Repository/Practice Form/Title Name - Practice Form' is present

15-06-2025T00:06:44 - [MESSAGE][WARNING] - Timeout '0' is invalid. Using default page load timeout: '30'

15-06-2025T00:06:44 - [MESSAGE][PASSED] - Object 'Object Repository/Practice Form/Title Name - Practice Form' is present

15-06-2025T00:06:44 - [TEST_STEP][PASSED] - setText(findTestObject("Object Repository/Practice Form/txtfield - First name"), firstName): Text 'Maulana' is set on object 'Object Repository/Practice Form/txtfield - First name'

15-06-2025T00:06:44 - [MESSAGE][PASSED] - Text 'Maulana' is set on object 'Object Repository/Practice Form/txtfield - First name'

15-06-2025T00:06:44 - [TEST_STEP][PASSED] - setText(findTestObject("Object Repository/Practice Form/txtfield - Last name"), lastName): Text '' is set on object 'Object Repository/Practice Form/txtfield - Last name'

15-06-2025T00:06:44 - [MESSAGE][PASSED] - Text '' is set on object 'Object Repository/Practice Form/txtfield - Last name'

15-06-2025T00:06:44 - [TEST_STEP][PASSED] - setText(findTestObject("Object Repository/Practice Form/txtfield - User Email"), email): Text 'maulanaalfany@gmail.com' is set on object 'Object Repository/Practice Form/txtfield - User Email'

15-06-2025T00:06:45 - [MESSAGE][PASSED] - Text 'maulanaalfany@gmail.com' is set on object 'Object Repository/Practice Form/txtfield - User Email'

15-06-2025T00:06:45 - [TEST_STEP][PASSED] - scrollToElement(findTestObject("Object Repository/Practice Form/radiobox - Male"), 0): Scroll to object 'Object Repository/Practice Form/radiobox - Male' successfully

15-06-2025T00:06:45 - [MESSAGE][WARNING] - Timeout '0' is invalid. Using default page load timeout: '30'

15-06-2025T00:06:45 - [MESSAGE][PASSED] - Scroll to object 'Object Repository/Practice Form/radiobox - Male' successfully

15-06-2025T00:06:45 - [TEST_STEP][PASSED] - if (gender == "male"): Object: 'Object Repository/Practice Form/radiobox - Male' is clicked on

15-06-2025T00:06:45 - [TEST_STEP][PASSED] - click(findTestObject("Object Repository/Practice Form/radiobox - Male")): Object: 'Object Repository/Practice Form/radiobox - Male' is clicked on

15-06-2025T00:06:45 - [MESSAGE][PASSED] - Object: 'Object Repository/Practice Form/radiobox - Male' is clicked on

15-06-2025T00:06:45 - [TEST_STEP][PASSED] - scrollToElement(findTestObject("Object Repository/Practice Form/txtfield - Mobile number"), 0): Scroll to object 'Object Repository/Practice Form/txtfield - Mobile number' successfully

15-06-2025T00:06:45 - [MESSAGE][WARNING] - Timeout '0' is invalid. Using default page load timeout: '30'

15-06-2025T00:06:45 - [MESSAGE][PASSED] - Scroll to object 'Object Repository/Practice Form/txtfield - Mobile number' successfully

15-06-2025T00:06:45 - [TEST_STEP][PASSED] - setText(findTestObject("Object Repository/Practice Form/txtfield - Mobile number"), mobile): Text '0812312398' is set on object 'Object Repository/Practice Form/txtfield - Mobile number'

15-06-2025T00:06:45 - [MESSAGE][PASSED] - Text '0812312398' is set on object 'Object Repository/Practice Form/txtfield - Mobile number'

15-06-2025T00:06:45 - [TEST_STEP][PASSED] - scrollToElement(findTestObject("Object Repository/Practice Form/txtfield - Birth date"), 0): Scroll to object 'Object Repository/Practice Form/txtfield - Birth date' successfully

15-06-2025T00:06:46 - [MESSAGE][WARNING] - Timeout '0' is invalid. Using default page load timeout: '30'

15-06-2025T00:06:46 - [MESSAGE][PASSED] - Scroll to object 'Object Repository/Practice Form/txtfield - Birth date' successfully

15-06-2025T00:06:46 - [TEST_STEP][PASSED] - click(findTestObject("Object Repository/Practice Form/txtfield - Birth date")): Object: 'Object Repository/Practice Form/txtfield - Birth date' is clicked on

15-06-2025T00:06:46 - [MESSAGE][PASSED] - Object: 'Object Repository/Practice Form/txtfield - Birth date' is clicked on

15-06-2025T00:06:46 - [TEST_STEP][PASSED] - click(findTestObject("Object Repository/Practice Form/specific date picker")): Object: 'Object Repository/Practice Form/specific date picker' is clicked on

15-06-2025T00:06:46 - [MESSAGE][PASSED] - Object: 'Object Repository/Practice Form/specific date picker' is clicked on

15-06-2025T00:06:46 - [TEST_STEP][PASSED] - scrollToElement(findTestObject("Object Repository/Practice Form/txtfield - Subjects"), 0): Scroll to object 'Object Repository/Practice Form/txtfield - Subjects' successfully

15-06-2025T00:06:46 - [MESSAGE][WARNING] - Timeout '0' is invalid. Using default page load timeout: '30'

15-06-2025T00:06:46 - [MESSAGE][PASSED] - Scroll to object 'Object Repository/Practice Form/txtfield - Subjects' successfully

15-06-2025T00:06:46 - [TEST_STEP][PASSED] - setText(findTestObject("Object Repository/Practice Form/txtfield - Subjects"), subjects): Text '' is set on object 'Object Repository/Practice Form/txtfield - Subjects'

15-06-2025T00:06:46 - [MESSAGE][PASSED] - Text '' is set on object 'Object Repository/Practice Form/txtfield - Subjects'

15-06-2025T00:06:46 - [TEST_STEP][PASSED] - scrollToElement(findTestObject("Object Repository/Practice Form/checkbox - Sports"), 0): Scroll to object 'Object Repository/Practice Form/checkbox - Sports' successfully

15-06-2025T00:06:46 - [MESSAGE][WARNING] - Timeout '0' is invalid. Using default page load timeout: '30'

15-06-2025T00:06:46 - [MESSAGE][PASSED] - Scroll to object 'Object Repository/Practice Form/checkbox - Sports' successfully

15-06-2025T00:06:46 - [TEST_STEP][PASSED] - if (gender == "sports"): null

15-06-2025T00:06:46 - [TEST_STEP][PASSED] - else if (gender == "reading"): null

15-06-2025T00:06:46 - [TEST_STEP][PASSED] - else if (gender == "music"): null

15-06-2025T00:06:46 - [TEST_STEP][PASSED] - else: User not choosing hobbies section

15-06-2025T00:06:46 - [TEST_STEP][PASSED] - markPassed("User not choosing hobbies section"): User not choosing hobbies section

15-06-2025T00:06:46 - [MESSAGE][PASSED] - User not choosing hobbies section

15-06-2025T00:06:46 - [TEST_STEP][PASSED] - scrollToElement(findTestObject("Object Repository/Practice Form/textarea - Current address"), 0): Scroll to object 'Object Repository/Practice Form/textarea - Current address' successfully

15-06-2025T00:06:46 - [MESSAGE][WARNING] - Timeout '0' is invalid. Using default page load timeout: '30'

15-06-2025T00:06:47 - [MESSAGE][PASSED] - Scroll to object 'Object Repository/Practice Form/textarea - Current address' successfully

15-06-2025T00:06:47 - [TEST_STEP][PASSED] - setText(findTestObject("Object Repository/Practice Form/textarea - Current address"), currentAddress): Text 'Jl. Adi Sucipto Jakarta' is set on object 'Object Repository/Practice Form/textarea - Current address'

15-06-2025T00:06:47 - [MESSAGE][PASSED] - Text 'Jl. Adi Sucipto Jakarta' is set on object 'Object Repository/Practice Form/textarea - Current address'

15-06-2025T00:06:47 - [TEST_STEP][PASSED] - scrollToElement(findTestObject("Object Repository/Practice Form/txtfield - State"), 0): Scroll to object 'Object Repository/Practice Form/txtfield - State' successfully

15-06-2025T00:06:47 - [MESSAGE][WARNING] - Timeout '0' is invalid. Using default page load timeout: '30'

15-06-2025T00:06:47 - [MESSAGE][PASSED] - Scroll to object 'Object Repository/Practice Form/txtfield - State' successfully

15-06-2025T00:06:47 - [TEST_STEP][PASSED] - if (state == null): null

15-06-2025T00:06:47 - [TEST_STEP][PASSED] - else: data state is null

15-06-2025T00:06:47 - [TEST_STEP][PASSED] - comment("data state is null"): data state is null

15-06-2025T00:06:47 - [MESSAGE][INFO] - data state is null

15-06-2025T00:06:47 - [TEST_STEP][PASSED] - sendKeys(findTestObject("Object Repository/Practice Form/txtfield - State"), TAB.toString()): Keys 'TAB + ' sent to object: 'Object Repository/Practice Form/txtfield - State'

15-06-2025T00:06:47 - [MESSAGE][PASSED] - Keys 'TAB + ' sent to object: 'Object Repository/Practice Form/txtfield - State'

15-06-2025T00:06:47 - [TEST_STEP][PASSED] - if (city == null): null

15-06-2025T00:06:47 - [TEST_STEP][PASSED] - else: data city is null

15-06-2025T00:06:47 - [TEST_STEP][PASSED] - comment("data city is null"): data city is null

15-06-2025T00:06:47 - [MESSAGE][INFO] - data city is null

15-06-2025T00:06:47 - [TEST_STEP][PASSED] - sendKeys(findTestObject("Object Repository/Practice Form/txtfield - State"), TAB.toString()): Keys 'TAB + ' sent to object: 'Object Repository/Practice Form/txtfield - State'

15-06-2025T00:06:47 - [MESSAGE][PASSED] - Keys 'TAB + ' sent to object: 'Object Repository/Practice Form/txtfield - State'

15-06-2025T00:06:47 - [TEST_STEP][PASSED] - scrollToElement(findTestObject("Object Repository/Practice Form/button - Submit"), 0): Scroll to object 'Object Repository/Practice Form/button - Submit' successfully

15-06-2025T00:06:47 - [MESSAGE][WARNING] - Timeout '0' is invalid. Using default page load timeout: '30'

15-06-2025T00:06:47 - [MESSAGE][PASSED] - Scroll to object 'Object Repository/Practice Form/button - Submit' successfully

15-06-2025T00:06:47 - [TEST_STEP][PASSED] - click(findTestObject("Object Repository/Practice Form/button - Submit")): Object: 'Object Repository/Practice Form/button - Submit' is clicked on

15-06-2025T00:06:48 - [MESSAGE][PASSED] - Object: 'Object Repository/Practice Form/button - Submit' is clicked on

15-06-2025T00:06:48 - [TEST_STEP][PASSED] - verifyElementNotPresent(findTestObject("Object Repository/Modal/txt - Modal title"), 2, CONTINUE_ON_FAILURE): Web element with id: 'Object Repository/Modal/txt - Modal title' located by 'By.xpath: //div[@id='example-modal-sizes-title-lg']' is not present after '2' second(s)

15-06-2025T00:06:48 - [MESSAGE][PASSED] - Web element with id: 'Object Repository/Modal/txt - Modal title' located by 'By.xpath: //div[@id='example-modal-sizes-title-lg']' is not present after '2' second(s)

15-06-2025T00:06:48 - [TEST_STEP][PASSED] - markPassed("Validation case : " + testNote): Validation case : input tanpa lastname

15-06-2025T00:06:48 - [MESSAGE][PASSED] - Validation case : input tanpa lastname

15-06-2025T00:06:48 - [TEST_STEP][PASSED] - closeBrowser(): Browser is closed

15-06-2025T00:06:49 - [MESSAGE][PASSED] - Browser is closed]]></system-out>
         <system-err><![CDATA[]]></system-err>
      </testcase>
      <testcase name="Test Cases/1. Validating Form/VLD 2 - Mandatory field negative validation" time="16.167" classname="Test Cases/1. Validating Form/VLD 2 - Mandatory field negative validation" status="PASSED">
         <system-out><![CDATA[15-06-2025T00:06:49 - [TEST_CASE][PASSED] - Test Cases/1. Validating Form/VLD 2 - Mandatory field negative validation: Test Cases/1. Validating Form/VLD 2 - Mandatory field negative validation

15-06-2025T00:06:49 - [TEST_STEP][PASSED] - openBrowser(""): Browser is opened with url: ''

15-06-2025T00:06:49 - [MESSAGE][INFO] - Starting 'Chrome' driver

15-06-2025T00:06:49 - [MESSAGE][INFO] - Action delay is set to 0 milliseconds

15-06-2025T00:06:51 - [MESSAGE][WARNING] - FFmpeg was not installed! Browser Recording will be disabled. Please follow this document to install FFmpeg first: https://docs.katalon.com/katalon-studio/docs/screenshots-videos.html#browser-based-recorder

15-06-2025T00:06:51 - [MESSAGE][PASSED] - Browser is opened with url: ''

15-06-2025T00:06:51 - [TEST_STEP][PASSED] - navigateToUrl(baseUrl): Navigate to 'https://demoqa.com/automation-practice-form' successfully

15-06-2025T00:07:00 - [MESSAGE][PASSED] - Navigate to 'https://demoqa.com/automation-practice-form' successfully

15-06-2025T00:07:00 - [TEST_STEP][PASSED] - verifyElementPresent(findTestObject("Object Repository/Practice Form/Title Name - Practice Form"), 0): Object 'Object Repository/Practice Form/Title Name - Practice Form' is present

15-06-2025T00:07:00 - [MESSAGE][WARNING] - Timeout '0' is invalid. Using default page load timeout: '30'

15-06-2025T00:07:01 - [MESSAGE][PASSED] - Object 'Object Repository/Practice Form/Title Name - Practice Form' is present

15-06-2025T00:07:01 - [TEST_STEP][PASSED] - setText(findTestObject("Object Repository/Practice Form/txtfield - First name"), firstName): Text '' is set on object 'Object Repository/Practice Form/txtfield - First name'

15-06-2025T00:07:01 - [MESSAGE][PASSED] - Text '' is set on object 'Object Repository/Practice Form/txtfield - First name'

15-06-2025T00:07:01 - [TEST_STEP][PASSED] - setText(findTestObject("Object Repository/Practice Form/txtfield - Last name"), lastName): Text 'Alfan' is set on object 'Object Repository/Practice Form/txtfield - Last name'

15-06-2025T00:07:01 - [MESSAGE][PASSED] - Text 'Alfan' is set on object 'Object Repository/Practice Form/txtfield - Last name'

15-06-2025T00:07:01 - [TEST_STEP][PASSED] - setText(findTestObject("Object Repository/Practice Form/txtfield - User Email"), email): Text 'maulanaalfany@gmail.com' is set on object 'Object Repository/Practice Form/txtfield - User Email'

15-06-2025T00:07:02 - [MESSAGE][PASSED] - Text 'maulanaalfany@gmail.com' is set on object 'Object Repository/Practice Form/txtfield - User Email'

15-06-2025T00:07:02 - [TEST_STEP][PASSED] - scrollToElement(findTestObject("Object Repository/Practice Form/radiobox - Male"), 0): Scroll to object 'Object Repository/Practice Form/radiobox - Male' successfully

15-06-2025T00:07:02 - [MESSAGE][WARNING] - Timeout '0' is invalid. Using default page load timeout: '30'

15-06-2025T00:07:02 - [MESSAGE][PASSED] - Scroll to object 'Object Repository/Practice Form/radiobox - Male' successfully

15-06-2025T00:07:02 - [TEST_STEP][PASSED] - if (gender == "male"): Object: 'Object Repository/Practice Form/radiobox - Male' is clicked on

15-06-2025T00:07:02 - [TEST_STEP][PASSED] - click(findTestObject("Object Repository/Practice Form/radiobox - Male")): Object: 'Object Repository/Practice Form/radiobox - Male' is clicked on

15-06-2025T00:07:02 - [MESSAGE][PASSED] - Object: 'Object Repository/Practice Form/radiobox - Male' is clicked on

15-06-2025T00:07:02 - [TEST_STEP][PASSED] - scrollToElement(findTestObject("Object Repository/Practice Form/txtfield - Mobile number"), 0): Scroll to object 'Object Repository/Practice Form/txtfield - Mobile number' successfully

15-06-2025T00:07:02 - [MESSAGE][WARNING] - Timeout '0' is invalid. Using default page load timeout: '30'

15-06-2025T00:07:02 - [MESSAGE][PASSED] - Scroll to object 'Object Repository/Practice Form/txtfield - Mobile number' successfully

15-06-2025T00:07:02 - [TEST_STEP][PASSED] - setText(findTestObject("Object Repository/Practice Form/txtfield - Mobile number"), mobile): Text '0812312398' is set on object 'Object Repository/Practice Form/txtfield - Mobile number'

15-06-2025T00:07:02 - [MESSAGE][PASSED] - Text '0812312398' is set on object 'Object Repository/Practice Form/txtfield - Mobile number'

15-06-2025T00:07:02 - [TEST_STEP][PASSED] - scrollToElement(findTestObject("Object Repository/Practice Form/txtfield - Birth date"), 0): Scroll to object 'Object Repository/Practice Form/txtfield - Birth date' successfully

15-06-2025T00:07:02 - [MESSAGE][WARNING] - Timeout '0' is invalid. Using default page load timeout: '30'

15-06-2025T00:07:02 - [MESSAGE][PASSED] - Scroll to object 'Object Repository/Practice Form/txtfield - Birth date' successfully

15-06-2025T00:07:02 - [TEST_STEP][PASSED] - click(findTestObject("Object Repository/Practice Form/txtfield - Birth date")): Object: 'Object Repository/Practice Form/txtfield - Birth date' is clicked on

15-06-2025T00:07:03 - [MESSAGE][PASSED] - Object: 'Object Repository/Practice Form/txtfield - Birth date' is clicked on

15-06-2025T00:07:03 - [TEST_STEP][PASSED] - click(findTestObject("Object Repository/Practice Form/specific date picker")): Object: 'Object Repository/Practice Form/specific date picker' is clicked on

15-06-2025T00:07:03 - [MESSAGE][PASSED] - Object: 'Object Repository/Practice Form/specific date picker' is clicked on

15-06-2025T00:07:03 - [TEST_STEP][PASSED] - scrollToElement(findTestObject("Object Repository/Practice Form/txtfield - Subjects"), 0): Scroll to object 'Object Repository/Practice Form/txtfield - Subjects' successfully

15-06-2025T00:07:03 - [MESSAGE][WARNING] - Timeout '0' is invalid. Using default page load timeout: '30'

15-06-2025T00:07:03 - [MESSAGE][PASSED] - Scroll to object 'Object Repository/Practice Form/txtfield - Subjects' successfully

15-06-2025T00:07:03 - [TEST_STEP][PASSED] - setText(findTestObject("Object Repository/Practice Form/txtfield - Subjects"), subjects): Text '' is set on object 'Object Repository/Practice Form/txtfield - Subjects'

15-06-2025T00:07:03 - [MESSAGE][PASSED] - Text '' is set on object 'Object Repository/Practice Form/txtfield - Subjects'

15-06-2025T00:07:03 - [TEST_STEP][PASSED] - scrollToElement(findTestObject("Object Repository/Practice Form/checkbox - Sports"), 0): Scroll to object 'Object Repository/Practice Form/checkbox - Sports' successfully

15-06-2025T00:07:03 - [MESSAGE][WARNING] - Timeout '0' is invalid. Using default page load timeout: '30'

15-06-2025T00:07:03 - [MESSAGE][PASSED] - Scroll to object 'Object Repository/Practice Form/checkbox - Sports' successfully

15-06-2025T00:07:03 - [TEST_STEP][PASSED] - if (gender == "sports"): null

15-06-2025T00:07:03 - [TEST_STEP][PASSED] - else if (gender == "reading"): null

15-06-2025T00:07:03 - [TEST_STEP][PASSED] - else if (gender == "music"): null

15-06-2025T00:07:03 - [TEST_STEP][PASSED] - else: User not choosing hobbies section

15-06-2025T00:07:03 - [TEST_STEP][PASSED] - markPassed("User not choosing hobbies section"): User not choosing hobbies section

15-06-2025T00:07:03 - [MESSAGE][PASSED] - User not choosing hobbies section

15-06-2025T00:07:03 - [TEST_STEP][PASSED] - scrollToElement(findTestObject("Object Repository/Practice Form/textarea - Current address"), 0): Scroll to object 'Object Repository/Practice Form/textarea - Current address' successfully

15-06-2025T00:07:03 - [MESSAGE][WARNING] - Timeout '0' is invalid. Using default page load timeout: '30'

15-06-2025T00:07:03 - [MESSAGE][PASSED] - Scroll to object 'Object Repository/Practice Form/textarea - Current address' successfully

15-06-2025T00:07:03 - [TEST_STEP][PASSED] - setText(findTestObject("Object Repository/Practice Form/textarea - Current address"), currentAddress): Text '' is set on object 'Object Repository/Practice Form/textarea - Current address'

15-06-2025T00:07:04 - [MESSAGE][PASSED] - Text '' is set on object 'Object Repository/Practice Form/textarea - Current address'

15-06-2025T00:07:04 - [TEST_STEP][PASSED] - scrollToElement(findTestObject("Object Repository/Practice Form/txtfield - State"), 0): Scroll to object 'Object Repository/Practice Form/txtfield - State' successfully

15-06-2025T00:07:04 - [MESSAGE][WARNING] - Timeout '0' is invalid. Using default page load timeout: '30'

15-06-2025T00:07:04 - [MESSAGE][PASSED] - Scroll to object 'Object Repository/Practice Form/txtfield - State' successfully

15-06-2025T00:07:04 - [TEST_STEP][PASSED] - if (state == null): null

15-06-2025T00:07:04 - [TEST_STEP][PASSED] - else: data state is null

15-06-2025T00:07:04 - [TEST_STEP][PASSED] - comment("data state is null"): data state is null

15-06-2025T00:07:04 - [MESSAGE][INFO] - data state is null

15-06-2025T00:07:04 - [TEST_STEP][PASSED] - sendKeys(findTestObject("Object Repository/Practice Form/txtfield - State"), TAB.toString()): Keys 'TAB + ' sent to object: 'Object Repository/Practice Form/txtfield - State'

15-06-2025T00:07:04 - [MESSAGE][PASSED] - Keys 'TAB + ' sent to object: 'Object Repository/Practice Form/txtfield - State'

15-06-2025T00:07:04 - [TEST_STEP][PASSED] - if (city == null): null

15-06-2025T00:07:04 - [TEST_STEP][PASSED] - else: data city is null

15-06-2025T00:07:04 - [TEST_STEP][PASSED] - comment("data city is null"): data city is null

15-06-2025T00:07:04 - [MESSAGE][INFO] - data city is null

15-06-2025T00:07:04 - [TEST_STEP][PASSED] - sendKeys(findTestObject("Object Repository/Practice Form/txtfield - State"), TAB.toString()): Keys 'TAB + ' sent to object: 'Object Repository/Practice Form/txtfield - State'

15-06-2025T00:07:04 - [MESSAGE][PASSED] - Keys 'TAB + ' sent to object: 'Object Repository/Practice Form/txtfield - State'

15-06-2025T00:07:04 - [TEST_STEP][PASSED] - scrollToElement(findTestObject("Object Repository/Practice Form/button - Submit"), 0): Scroll to object 'Object Repository/Practice Form/button - Submit' successfully

15-06-2025T00:07:04 - [MESSAGE][WARNING] - Timeout '0' is invalid. Using default page load timeout: '30'

15-06-2025T00:07:04 - [MESSAGE][PASSED] - Scroll to object 'Object Repository/Practice Form/button - Submit' successfully

15-06-2025T00:07:04 - [TEST_STEP][PASSED] - click(findTestObject("Object Repository/Practice Form/button - Submit")): Object: 'Object Repository/Practice Form/button - Submit' is clicked on

15-06-2025T00:07:04 - [MESSAGE][PASSED] - Object: 'Object Repository/Practice Form/button - Submit' is clicked on

15-06-2025T00:07:04 - [TEST_STEP][PASSED] - verifyElementNotPresent(findTestObject("Object Repository/Modal/txt - Modal title"), 2, CONTINUE_ON_FAILURE): Web element with id: 'Object Repository/Modal/txt - Modal title' located by 'By.xpath: //div[@id='example-modal-sizes-title-lg']' is not present after '2' second(s)

15-06-2025T00:07:04 - [MESSAGE][PASSED] - Web element with id: 'Object Repository/Modal/txt - Modal title' located by 'By.xpath: //div[@id='example-modal-sizes-title-lg']' is not present after '2' second(s)

15-06-2025T00:07:04 - [TEST_STEP][PASSED] - markPassed("Validation case : " + testNote): Validation case : input tanpa firstname

15-06-2025T00:07:04 - [MESSAGE][PASSED] - Validation case : input tanpa firstname

15-06-2025T00:07:04 - [TEST_STEP][PASSED] - closeBrowser(): Browser is closed

15-06-2025T00:07:05 - [MESSAGE][PASSED] - Browser is closed]]></system-out>
         <system-err><![CDATA[]]></system-err>
      </testcase>
      <testcase name="Test Cases/1. Validating Form/VLD 2 - Mandatory field negative validation" time="17.038" classname="Test Cases/1. Validating Form/VLD 2 - Mandatory field negative validation" status="PASSED">
         <system-out><![CDATA[15-06-2025T00:07:05 - [TEST_CASE][PASSED] - Test Cases/1. Validating Form/VLD 2 - Mandatory field negative validation: Test Cases/1. Validating Form/VLD 2 - Mandatory field negative validation

15-06-2025T00:07:05 - [TEST_STEP][PASSED] - openBrowser(""): Browser is opened with url: ''

15-06-2025T00:07:05 - [MESSAGE][INFO] - Starting 'Chrome' driver

15-06-2025T00:07:05 - [MESSAGE][INFO] - Action delay is set to 0 milliseconds

15-06-2025T00:07:07 - [MESSAGE][WARNING] - FFmpeg was not installed! Browser Recording will be disabled. Please follow this document to install FFmpeg first: https://docs.katalon.com/katalon-studio/docs/screenshots-videos.html#browser-based-recorder

15-06-2025T00:07:07 - [MESSAGE][PASSED] - Browser is opened with url: ''

15-06-2025T00:07:07 - [TEST_STEP][PASSED] - navigateToUrl(baseUrl): Navigate to 'https://demoqa.com/automation-practice-form' successfully

15-06-2025T00:07:16 - [MESSAGE][PASSED] - Navigate to 'https://demoqa.com/automation-practice-form' successfully

15-06-2025T00:07:16 - [TEST_STEP][PASSED] - verifyElementPresent(findTestObject("Object Repository/Practice Form/Title Name - Practice Form"), 0): Object 'Object Repository/Practice Form/Title Name - Practice Form' is present

15-06-2025T00:07:16 - [MESSAGE][WARNING] - Timeout '0' is invalid. Using default page load timeout: '30'

15-06-2025T00:07:16 - [MESSAGE][PASSED] - Object 'Object Repository/Practice Form/Title Name - Practice Form' is present

15-06-2025T00:07:16 - [TEST_STEP][PASSED] - setText(findTestObject("Object Repository/Practice Form/txtfield - First name"), firstName): Text '' is set on object 'Object Repository/Practice Form/txtfield - First name'

15-06-2025T00:07:16 - [MESSAGE][PASSED] - Text '' is set on object 'Object Repository/Practice Form/txtfield - First name'

15-06-2025T00:07:16 - [TEST_STEP][PASSED] - setText(findTestObject("Object Repository/Practice Form/txtfield - Last name"), lastName): Text '' is set on object 'Object Repository/Practice Form/txtfield - Last name'

15-06-2025T00:07:16 - [MESSAGE][PASSED] - Text '' is set on object 'Object Repository/Practice Form/txtfield - Last name'

15-06-2025T00:07:16 - [TEST_STEP][PASSED] - setText(findTestObject("Object Repository/Practice Form/txtfield - User Email"), email): Text 'maulanaalfany@gmail.com' is set on object 'Object Repository/Practice Form/txtfield - User Email'

15-06-2025T00:07:17 - [MESSAGE][PASSED] - Text 'maulanaalfany@gmail.com' is set on object 'Object Repository/Practice Form/txtfield - User Email'

15-06-2025T00:07:17 - [TEST_STEP][PASSED] - scrollToElement(findTestObject("Object Repository/Practice Form/radiobox - Male"), 0): Scroll to object 'Object Repository/Practice Form/radiobox - Male' successfully

15-06-2025T00:07:17 - [MESSAGE][WARNING] - Timeout '0' is invalid. Using default page load timeout: '30'

15-06-2025T00:07:17 - [MESSAGE][PASSED] - Scroll to object 'Object Repository/Practice Form/radiobox - Male' successfully

15-06-2025T00:07:17 - [TEST_STEP][PASSED] - if (gender == "male"): Object: 'Object Repository/Practice Form/radiobox - Male' is clicked on

15-06-2025T00:07:17 - [TEST_STEP][PASSED] - click(findTestObject("Object Repository/Practice Form/radiobox - Male")): Object: 'Object Repository/Practice Form/radiobox - Male' is clicked on

15-06-2025T00:07:17 - [MESSAGE][PASSED] - Object: 'Object Repository/Practice Form/radiobox - Male' is clicked on

15-06-2025T00:07:17 - [TEST_STEP][PASSED] - scrollToElement(findTestObject("Object Repository/Practice Form/txtfield - Mobile number"), 0): Scroll to object 'Object Repository/Practice Form/txtfield - Mobile number' successfully

15-06-2025T00:07:17 - [MESSAGE][WARNING] - Timeout '0' is invalid. Using default page load timeout: '30'

15-06-2025T00:07:17 - [MESSAGE][PASSED] - Scroll to object 'Object Repository/Practice Form/txtfield - Mobile number' successfully

15-06-2025T00:07:17 - [TEST_STEP][PASSED] - setText(findTestObject("Object Repository/Practice Form/txtfield - Mobile number"), mobile): Text '0812312398' is set on object 'Object Repository/Practice Form/txtfield - Mobile number'

15-06-2025T00:07:18 - [MESSAGE][PASSED] - Text '0812312398' is set on object 'Object Repository/Practice Form/txtfield - Mobile number'

15-06-2025T00:07:18 - [TEST_STEP][PASSED] - scrollToElement(findTestObject("Object Repository/Practice Form/txtfield - Birth date"), 0): Scroll to object 'Object Repository/Practice Form/txtfield - Birth date' successfully

15-06-2025T00:07:18 - [MESSAGE][WARNING] - Timeout '0' is invalid. Using default page load timeout: '30'

15-06-2025T00:07:19 - [MESSAGE][PASSED] - Scroll to object 'Object Repository/Practice Form/txtfield - Birth date' successfully

15-06-2025T00:07:19 - [TEST_STEP][PASSED] - click(findTestObject("Object Repository/Practice Form/txtfield - Birth date")): Object: 'Object Repository/Practice Form/txtfield - Birth date' is clicked on

15-06-2025T00:07:19 - [MESSAGE][PASSED] - Object: 'Object Repository/Practice Form/txtfield - Birth date' is clicked on

15-06-2025T00:07:19 - [TEST_STEP][PASSED] - click(findTestObject("Object Repository/Practice Form/specific date picker")): Object: 'Object Repository/Practice Form/specific date picker' is clicked on

15-06-2025T00:07:19 - [MESSAGE][PASSED] - Object: 'Object Repository/Practice Form/specific date picker' is clicked on

15-06-2025T00:07:19 - [TEST_STEP][PASSED] - scrollToElement(findTestObject("Object Repository/Practice Form/txtfield - Subjects"), 0): Scroll to object 'Object Repository/Practice Form/txtfield - Subjects' successfully

15-06-2025T00:07:19 - [MESSAGE][WARNING] - Timeout '0' is invalid. Using default page load timeout: '30'

15-06-2025T00:07:19 - [MESSAGE][PASSED] - Scroll to object 'Object Repository/Practice Form/txtfield - Subjects' successfully

15-06-2025T00:07:19 - [TEST_STEP][PASSED] - setText(findTestObject("Object Repository/Practice Form/txtfield - Subjects"), subjects): Text '' is set on object 'Object Repository/Practice Form/txtfield - Subjects'

15-06-2025T00:07:19 - [MESSAGE][PASSED] - Text '' is set on object 'Object Repository/Practice Form/txtfield - Subjects'

15-06-2025T00:07:19 - [TEST_STEP][PASSED] - scrollToElement(findTestObject("Object Repository/Practice Form/checkbox - Sports"), 0): Scroll to object 'Object Repository/Practice Form/checkbox - Sports' successfully

15-06-2025T00:07:19 - [MESSAGE][WARNING] - Timeout '0' is invalid. Using default page load timeout: '30'

15-06-2025T00:07:19 - [MESSAGE][PASSED] - Scroll to object 'Object Repository/Practice Form/checkbox - Sports' successfully

15-06-2025T00:07:19 - [TEST_STEP][PASSED] - if (gender == "sports"): null

15-06-2025T00:07:19 - [TEST_STEP][PASSED] - else if (gender == "reading"): null

15-06-2025T00:07:19 - [TEST_STEP][PASSED] - else if (gender == "music"): null

15-06-2025T00:07:19 - [TEST_STEP][PASSED] - else: User not choosing hobbies section

15-06-2025T00:07:19 - [TEST_STEP][PASSED] - markPassed("User not choosing hobbies section"): User not choosing hobbies section

15-06-2025T00:07:19 - [MESSAGE][PASSED] - User not choosing hobbies section

15-06-2025T00:07:19 - [TEST_STEP][PASSED] - scrollToElement(findTestObject("Object Repository/Practice Form/textarea - Current address"), 0): Scroll to object 'Object Repository/Practice Form/textarea - Current address' successfully

15-06-2025T00:07:19 - [MESSAGE][WARNING] - Timeout '0' is invalid. Using default page load timeout: '30'

15-06-2025T00:07:20 - [MESSAGE][PASSED] - Scroll to object 'Object Repository/Practice Form/textarea - Current address' successfully

15-06-2025T00:07:20 - [TEST_STEP][PASSED] - setText(findTestObject("Object Repository/Practice Form/textarea - Current address"), currentAddress): Text '' is set on object 'Object Repository/Practice Form/textarea - Current address'

15-06-2025T00:07:20 - [MESSAGE][PASSED] - Text '' is set on object 'Object Repository/Practice Form/textarea - Current address'

15-06-2025T00:07:20 - [TEST_STEP][PASSED] - scrollToElement(findTestObject("Object Repository/Practice Form/txtfield - State"), 0): Scroll to object 'Object Repository/Practice Form/txtfield - State' successfully

15-06-2025T00:07:20 - [MESSAGE][WARNING] - Timeout '0' is invalid. Using default page load timeout: '30'

15-06-2025T00:07:20 - [MESSAGE][PASSED] - Scroll to object 'Object Repository/Practice Form/txtfield - State' successfully

15-06-2025T00:07:20 - [TEST_STEP][PASSED] - if (state == null): null

15-06-2025T00:07:20 - [TEST_STEP][PASSED] - else: data state is null

15-06-2025T00:07:20 - [TEST_STEP][PASSED] - comment("data state is null"): data state is null

15-06-2025T00:07:20 - [MESSAGE][INFO] - data state is null

15-06-2025T00:07:20 - [TEST_STEP][PASSED] - sendKeys(findTestObject("Object Repository/Practice Form/txtfield - State"), TAB.toString()): Keys 'TAB + ' sent to object: 'Object Repository/Practice Form/txtfield - State'

15-06-2025T00:07:20 - [MESSAGE][PASSED] - Keys 'TAB + ' sent to object: 'Object Repository/Practice Form/txtfield - State'

15-06-2025T00:07:20 - [TEST_STEP][PASSED] - if (city == null): null

15-06-2025T00:07:20 - [TEST_STEP][PASSED] - else: data city is null

15-06-2025T00:07:20 - [TEST_STEP][PASSED] - comment("data city is null"): data city is null

15-06-2025T00:07:20 - [MESSAGE][INFO] - data city is null

15-06-2025T00:07:20 - [TEST_STEP][PASSED] - sendKeys(findTestObject("Object Repository/Practice Form/txtfield - State"), TAB.toString()): Keys 'TAB + ' sent to object: 'Object Repository/Practice Form/txtfield - State'

15-06-2025T00:07:20 - [MESSAGE][PASSED] - Keys 'TAB + ' sent to object: 'Object Repository/Practice Form/txtfield - State'

15-06-2025T00:07:20 - [TEST_STEP][PASSED] - scrollToElement(findTestObject("Object Repository/Practice Form/button - Submit"), 0): Scroll to object 'Object Repository/Practice Form/button - Submit' successfully

15-06-2025T00:07:20 - [MESSAGE][WARNING] - Timeout '0' is invalid. Using default page load timeout: '30'

15-06-2025T00:07:20 - [MESSAGE][PASSED] - Scroll to object 'Object Repository/Practice Form/button - Submit' successfully

15-06-2025T00:07:20 - [TEST_STEP][PASSED] - click(findTestObject("Object Repository/Practice Form/button - Submit")): Object: 'Object Repository/Practice Form/button - Submit' is clicked on

15-06-2025T00:07:20 - [MESSAGE][PASSED] - Object: 'Object Repository/Practice Form/button - Submit' is clicked on

15-06-2025T00:07:20 - [TEST_STEP][PASSED] - verifyElementNotPresent(findTestObject("Object Repository/Modal/txt - Modal title"), 2, CONTINUE_ON_FAILURE): Web element with id: 'Object Repository/Modal/txt - Modal title' located by 'By.xpath: //div[@id='example-modal-sizes-title-lg']' is not present after '2' second(s)

15-06-2025T00:07:20 - [MESSAGE][PASSED] - Web element with id: 'Object Repository/Modal/txt - Modal title' located by 'By.xpath: //div[@id='example-modal-sizes-title-lg']' is not present after '2' second(s)

15-06-2025T00:07:20 - [TEST_STEP][PASSED] - markPassed("Validation case : " + testNote): Validation case : input tanpa name

15-06-2025T00:07:20 - [MESSAGE][PASSED] - Validation case : input tanpa name

15-06-2025T00:07:20 - [TEST_STEP][PASSED] - closeBrowser(): Browser is closed

15-06-2025T00:07:22 - [MESSAGE][PASSED] - Browser is closed]]></system-out>
         <system-err><![CDATA[]]></system-err>
      </testcase>
      <testcase name="Test Cases/1. Validating Form/VLD 2 - Mandatory field negative validation" time="25.205" classname="Test Cases/1. Validating Form/VLD 2 - Mandatory field negative validation" status="PASSED">
         <system-out><![CDATA[15-06-2025T00:07:22 - [TEST_CASE][PASSED] - Test Cases/1. Validating Form/VLD 2 - Mandatory field negative validation: Test Cases/1. Validating Form/VLD 2 - Mandatory field negative validation

15-06-2025T00:07:22 - [TEST_STEP][PASSED] - openBrowser(""): Browser is opened with url: ''

15-06-2025T00:07:22 - [MESSAGE][INFO] - Starting 'Chrome' driver

15-06-2025T00:07:22 - [MESSAGE][INFO] - Action delay is set to 0 milliseconds

15-06-2025T00:07:24 - [MESSAGE][WARNING] - FFmpeg was not installed! Browser Recording will be disabled. Please follow this document to install FFmpeg first: https://docs.katalon.com/katalon-studio/docs/screenshots-videos.html#browser-based-recorder

15-06-2025T00:07:24 - [MESSAGE][PASSED] - Browser is opened with url: ''

15-06-2025T00:07:24 - [TEST_STEP][PASSED] - navigateToUrl(baseUrl): Navigate to 'https://demoqa.com/automation-practice-form' successfully

15-06-2025T00:07:44 - [MESSAGE][PASSED] - Navigate to 'https://demoqa.com/automation-practice-form' successfully

15-06-2025T00:07:44 - [TEST_STEP][PASSED] - verifyElementPresent(findTestObject("Object Repository/Practice Form/Title Name - Practice Form"), 0): Object 'Object Repository/Practice Form/Title Name - Practice Form' is present

15-06-2025T00:07:44 - [MESSAGE][WARNING] - Timeout '0' is invalid. Using default page load timeout: '30'

15-06-2025T00:07:44 - [MESSAGE][PASSED] - Object 'Object Repository/Practice Form/Title Name - Practice Form' is present

15-06-2025T00:07:44 - [TEST_STEP][PASSED] - setText(findTestObject("Object Repository/Practice Form/txtfield - First name"), firstName): Text 'Maulana' is set on object 'Object Repository/Practice Form/txtfield - First name'

15-06-2025T00:07:44 - [MESSAGE][PASSED] - Text 'Maulana' is set on object 'Object Repository/Practice Form/txtfield - First name'

15-06-2025T00:07:44 - [TEST_STEP][PASSED] - setText(findTestObject("Object Repository/Practice Form/txtfield - Last name"), lastName): Text 'Alfan' is set on object 'Object Repository/Practice Form/txtfield - Last name'

15-06-2025T00:07:44 - [MESSAGE][PASSED] - Text 'Alfan' is set on object 'Object Repository/Practice Form/txtfield - Last name'

15-06-2025T00:07:44 - [TEST_STEP][PASSED] - setText(findTestObject("Object Repository/Practice Form/txtfield - User Email"), email): Text 'maulana' is set on object 'Object Repository/Practice Form/txtfield - User Email'

15-06-2025T00:07:44 - [MESSAGE][PASSED] - Text 'maulana' is set on object 'Object Repository/Practice Form/txtfield - User Email'

15-06-2025T00:07:44 - [TEST_STEP][PASSED] - scrollToElement(findTestObject("Object Repository/Practice Form/radiobox - Male"), 0): Scroll to object 'Object Repository/Practice Form/radiobox - Male' successfully

15-06-2025T00:07:44 - [MESSAGE][WARNING] - Timeout '0' is invalid. Using default page load timeout: '30'

15-06-2025T00:07:44 - [MESSAGE][PASSED] - Scroll to object 'Object Repository/Practice Form/radiobox - Male' successfully

15-06-2025T00:07:44 - [TEST_STEP][PASSED] - if (gender == "male"): Object: 'Object Repository/Practice Form/radiobox - Male' is clicked on

15-06-2025T00:07:44 - [TEST_STEP][PASSED] - click(findTestObject("Object Repository/Practice Form/radiobox - Male")): Object: 'Object Repository/Practice Form/radiobox - Male' is clicked on

15-06-2025T00:07:45 - [MESSAGE][PASSED] - Object: 'Object Repository/Practice Form/radiobox - Male' is clicked on

15-06-2025T00:07:45 - [TEST_STEP][PASSED] - scrollToElement(findTestObject("Object Repository/Practice Form/txtfield - Mobile number"), 0): Scroll to object 'Object Repository/Practice Form/txtfield - Mobile number' successfully

15-06-2025T00:07:45 - [MESSAGE][WARNING] - Timeout '0' is invalid. Using default page load timeout: '30'

15-06-2025T00:07:45 - [MESSAGE][PASSED] - Scroll to object 'Object Repository/Practice Form/txtfield - Mobile number' successfully

15-06-2025T00:07:45 - [TEST_STEP][PASSED] - setText(findTestObject("Object Repository/Practice Form/txtfield - Mobile number"), mobile): Text '0812312398' is set on object 'Object Repository/Practice Form/txtfield - Mobile number'

15-06-2025T00:07:45 - [MESSAGE][PASSED] - Text '0812312398' is set on object 'Object Repository/Practice Form/txtfield - Mobile number'

15-06-2025T00:07:45 - [TEST_STEP][PASSED] - scrollToElement(findTestObject("Object Repository/Practice Form/txtfield - Birth date"), 0): Scroll to object 'Object Repository/Practice Form/txtfield - Birth date' successfully

15-06-2025T00:07:45 - [MESSAGE][WARNING] - Timeout '0' is invalid. Using default page load timeout: '30'

15-06-2025T00:07:45 - [MESSAGE][PASSED] - Scroll to object 'Object Repository/Practice Form/txtfield - Birth date' successfully

15-06-2025T00:07:45 - [TEST_STEP][PASSED] - click(findTestObject("Object Repository/Practice Form/txtfield - Birth date")): Object: 'Object Repository/Practice Form/txtfield - Birth date' is clicked on

15-06-2025T00:07:45 - [MESSAGE][PASSED] - Object: 'Object Repository/Practice Form/txtfield - Birth date' is clicked on

15-06-2025T00:07:45 - [TEST_STEP][PASSED] - click(findTestObject("Object Repository/Practice Form/specific date picker")): Object: 'Object Repository/Practice Form/specific date picker' is clicked on

15-06-2025T00:07:45 - [MESSAGE][PASSED] - Object: 'Object Repository/Practice Form/specific date picker' is clicked on

15-06-2025T00:07:45 - [TEST_STEP][PASSED] - scrollToElement(findTestObject("Object Repository/Practice Form/txtfield - Subjects"), 0): Scroll to object 'Object Repository/Practice Form/txtfield - Subjects' successfully

15-06-2025T00:07:45 - [MESSAGE][WARNING] - Timeout '0' is invalid. Using default page load timeout: '30'

15-06-2025T00:07:46 - [MESSAGE][PASSED] - Scroll to object 'Object Repository/Practice Form/txtfield - Subjects' successfully

15-06-2025T00:07:46 - [TEST_STEP][PASSED] - setText(findTestObject("Object Repository/Practice Form/txtfield - Subjects"), subjects): Text 'Text of subject' is set on object 'Object Repository/Practice Form/txtfield - Subjects'

15-06-2025T00:07:46 - [MESSAGE][PASSED] - Text 'Text of subject' is set on object 'Object Repository/Practice Form/txtfield - Subjects'

15-06-2025T00:07:46 - [TEST_STEP][PASSED] - scrollToElement(findTestObject("Object Repository/Practice Form/checkbox - Sports"), 0): Scroll to object 'Object Repository/Practice Form/checkbox - Sports' successfully

15-06-2025T00:07:46 - [MESSAGE][WARNING] - Timeout '0' is invalid. Using default page load timeout: '30'

15-06-2025T00:07:46 - [MESSAGE][PASSED] - Scroll to object 'Object Repository/Practice Form/checkbox - Sports' successfully

15-06-2025T00:07:46 - [TEST_STEP][PASSED] - if (gender == "sports"): null

15-06-2025T00:07:46 - [TEST_STEP][PASSED] - else if (gender == "reading"): null

15-06-2025T00:07:46 - [TEST_STEP][PASSED] - else if (gender == "music"): null

15-06-2025T00:07:46 - [TEST_STEP][PASSED] - else: User not choosing hobbies section

15-06-2025T00:07:46 - [TEST_STEP][PASSED] - markPassed("User not choosing hobbies section"): User not choosing hobbies section

15-06-2025T00:07:46 - [MESSAGE][PASSED] - User not choosing hobbies section

15-06-2025T00:07:46 - [TEST_STEP][PASSED] - scrollToElement(findTestObject("Object Repository/Practice Form/textarea - Current address"), 0): Scroll to object 'Object Repository/Practice Form/textarea - Current address' successfully

15-06-2025T00:07:46 - [MESSAGE][WARNING] - Timeout '0' is invalid. Using default page load timeout: '30'

15-06-2025T00:07:46 - [MESSAGE][PASSED] - Scroll to object 'Object Repository/Practice Form/textarea - Current address' successfully

15-06-2025T00:07:46 - [TEST_STEP][PASSED] - setText(findTestObject("Object Repository/Practice Form/textarea - Current address"), currentAddress): Text '' is set on object 'Object Repository/Practice Form/textarea - Current address'

15-06-2025T00:07:46 - [MESSAGE][PASSED] - Text '' is set on object 'Object Repository/Practice Form/textarea - Current address'

15-06-2025T00:07:46 - [TEST_STEP][PASSED] - scrollToElement(findTestObject("Object Repository/Practice Form/txtfield - State"), 0): Scroll to object 'Object Repository/Practice Form/txtfield - State' successfully

15-06-2025T00:07:46 - [MESSAGE][WARNING] - Timeout '0' is invalid. Using default page load timeout: '30'

15-06-2025T00:07:46 - [MESSAGE][PASSED] - Scroll to object 'Object Repository/Practice Form/txtfield - State' successfully

15-06-2025T00:07:46 - [TEST_STEP][PASSED] - if (state == null): null

15-06-2025T00:07:46 - [TEST_STEP][PASSED] - else: data state is null

15-06-2025T00:07:46 - [TEST_STEP][PASSED] - comment("data state is null"): data state is null

15-06-2025T00:07:46 - [MESSAGE][INFO] - data state is null

15-06-2025T00:07:46 - [TEST_STEP][PASSED] - sendKeys(findTestObject("Object Repository/Practice Form/txtfield - State"), TAB.toString()): Keys 'TAB + ' sent to object: 'Object Repository/Practice Form/txtfield - State'

15-06-2025T00:07:46 - [MESSAGE][PASSED] - Keys 'TAB + ' sent to object: 'Object Repository/Practice Form/txtfield - State'

15-06-2025T00:07:46 - [TEST_STEP][PASSED] - if (city == null): null

15-06-2025T00:07:46 - [TEST_STEP][PASSED] - else: data city is null

15-06-2025T00:07:46 - [TEST_STEP][PASSED] - comment("data city is null"): data city is null

15-06-2025T00:07:46 - [MESSAGE][INFO] - data city is null

15-06-2025T00:07:46 - [TEST_STEP][PASSED] - sendKeys(findTestObject("Object Repository/Practice Form/txtfield - State"), TAB.toString()): Keys 'TAB + ' sent to object: 'Object Repository/Practice Form/txtfield - State'

15-06-2025T00:07:46 - [MESSAGE][PASSED] - Keys 'TAB + ' sent to object: 'Object Repository/Practice Form/txtfield - State'

15-06-2025T00:07:46 - [TEST_STEP][PASSED] - scrollToElement(findTestObject("Object Repository/Practice Form/button - Submit"), 0): Scroll to object 'Object Repository/Practice Form/button - Submit' successfully

15-06-2025T00:07:46 - [MESSAGE][WARNING] - Timeout '0' is invalid. Using default page load timeout: '30'

15-06-2025T00:07:46 - [MESSAGE][PASSED] - Scroll to object 'Object Repository/Practice Form/button - Submit' successfully

15-06-2025T00:07:46 - [TEST_STEP][PASSED] - click(findTestObject("Object Repository/Practice Form/button - Submit")): Object: 'Object Repository/Practice Form/button - Submit' is clicked on

15-06-2025T00:07:46 - [MESSAGE][PASSED] - Object: 'Object Repository/Practice Form/button - Submit' is clicked on

15-06-2025T00:07:46 - [TEST_STEP][PASSED] - verifyElementNotPresent(findTestObject("Object Repository/Modal/txt - Modal title"), 2, CONTINUE_ON_FAILURE): Web element with id: 'Object Repository/Modal/txt - Modal title' located by 'By.xpath: //div[@id='example-modal-sizes-title-lg']' is not present after '2' second(s)

15-06-2025T00:07:47 - [MESSAGE][PASSED] - Web element with id: 'Object Repository/Modal/txt - Modal title' located by 'By.xpath: //div[@id='example-modal-sizes-title-lg']' is not present after '2' second(s)

15-06-2025T00:07:47 - [TEST_STEP][PASSED] - markPassed("Validation case : " + testNote): Validation case : input invalid email format

15-06-2025T00:07:47 - [MESSAGE][PASSED] - Validation case : input invalid email format

15-06-2025T00:07:47 - [TEST_STEP][PASSED] - closeBrowser(): Browser is closed

15-06-2025T00:07:48 - [MESSAGE][PASSED] - Browser is closed]]></system-out>
         <system-err><![CDATA[]]></system-err>
      </testcase>
      <testcase name="Test Cases/1. Validating Form/VLD 2 - Mandatory field negative validation" time="19.058" classname="Test Cases/1. Validating Form/VLD 2 - Mandatory field negative validation" status="PASSED">
         <system-out><![CDATA[15-06-2025T00:07:48 - [TEST_CASE][PASSED] - Test Cases/1. Validating Form/VLD 2 - Mandatory field negative validation: Test Cases/1. Validating Form/VLD 2 - Mandatory field negative validation

15-06-2025T00:07:48 - [TEST_STEP][PASSED] - openBrowser(""): Browser is opened with url: ''

15-06-2025T00:07:48 - [MESSAGE][INFO] - Starting 'Chrome' driver

15-06-2025T00:07:48 - [MESSAGE][INFO] - Action delay is set to 0 milliseconds

15-06-2025T00:07:49 - [MESSAGE][WARNING] - FFmpeg was not installed! Browser Recording will be disabled. Please follow this document to install FFmpeg first: https://docs.katalon.com/katalon-studio/docs/screenshots-videos.html#browser-based-recorder

15-06-2025T00:07:49 - [MESSAGE][PASSED] - Browser is opened with url: ''

15-06-2025T00:07:49 - [TEST_STEP][PASSED] - navigateToUrl(baseUrl): Navigate to 'https://demoqa.com/automation-practice-form' successfully

15-06-2025T00:08:02 - [MESSAGE][PASSED] - Navigate to 'https://demoqa.com/automation-practice-form' successfully

15-06-2025T00:08:02 - [TEST_STEP][PASSED] - verifyElementPresent(findTestObject("Object Repository/Practice Form/Title Name - Practice Form"), 0): Object 'Object Repository/Practice Form/Title Name - Practice Form' is present

15-06-2025T00:08:02 - [MESSAGE][WARNING] - Timeout '0' is invalid. Using default page load timeout: '30'

15-06-2025T00:08:02 - [MESSAGE][PASSED] - Object 'Object Repository/Practice Form/Title Name - Practice Form' is present

15-06-2025T00:08:02 - [TEST_STEP][PASSED] - setText(findTestObject("Object Repository/Practice Form/txtfield - First name"), firstName): Text 'Lucinta' is set on object 'Object Repository/Practice Form/txtfield - First name'

15-06-2025T00:08:03 - [MESSAGE][PASSED] - Text 'Lucinta' is set on object 'Object Repository/Practice Form/txtfield - First name'

15-06-2025T00:08:03 - [TEST_STEP][PASSED] - setText(findTestObject("Object Repository/Practice Form/txtfield - Last name"), lastName): Text 'Luna' is set on object 'Object Repository/Practice Form/txtfield - Last name'

15-06-2025T00:08:03 - [MESSAGE][PASSED] - Text 'Luna' is set on object 'Object Repository/Practice Form/txtfield - Last name'

15-06-2025T00:08:03 - [TEST_STEP][PASSED] - setText(findTestObject("Object Repository/Practice Form/txtfield - User Email"), email): Text 'lucina@mail.com' is set on object 'Object Repository/Practice Form/txtfield - User Email'

15-06-2025T00:08:03 - [MESSAGE][PASSED] - Text 'lucina@mail.com' is set on object 'Object Repository/Practice Form/txtfield - User Email'

15-06-2025T00:08:03 - [TEST_STEP][PASSED] - scrollToElement(findTestObject("Object Repository/Practice Form/radiobox - Male"), 0): Scroll to object 'Object Repository/Practice Form/radiobox - Male' successfully

15-06-2025T00:08:03 - [MESSAGE][WARNING] - Timeout '0' is invalid. Using default page load timeout: '30'

15-06-2025T00:08:03 - [MESSAGE][PASSED] - Scroll to object 'Object Repository/Practice Form/radiobox - Male' successfully

15-06-2025T00:08:03 - [TEST_STEP][PASSED] - if (gender == "male"): null

15-06-2025T00:08:03 - [TEST_STEP][PASSED] - else if (gender == "female"): null

15-06-2025T00:08:03 - [TEST_STEP][PASSED] - else if (gender == "other"): Object: 'Object Repository/Practice Form/radiobox - Other' is clicked on

15-06-2025T00:08:03 - [TEST_STEP][PASSED] - click(findTestObject("Object Repository/Practice Form/radiobox - Other")): Object: 'Object Repository/Practice Form/radiobox - Other' is clicked on

15-06-2025T00:08:04 - [MESSAGE][PASSED] - Object: 'Object Repository/Practice Form/radiobox - Other' is clicked on

15-06-2025T00:08:04 - [TEST_STEP][PASSED] - scrollToElement(findTestObject("Object Repository/Practice Form/txtfield - Mobile number"), 0): Scroll to object 'Object Repository/Practice Form/txtfield - Mobile number' successfully

15-06-2025T00:08:04 - [MESSAGE][WARNING] - Timeout '0' is invalid. Using default page load timeout: '30'

15-06-2025T00:08:04 - [MESSAGE][PASSED] - Scroll to object 'Object Repository/Practice Form/txtfield - Mobile number' successfully

15-06-2025T00:08:04 - [TEST_STEP][PASSED] - setText(findTestObject("Object Repository/Practice Form/txtfield - Mobile number"), mobile): Text '' is set on object 'Object Repository/Practice Form/txtfield - Mobile number'

15-06-2025T00:08:04 - [MESSAGE][PASSED] - Text '' is set on object 'Object Repository/Practice Form/txtfield - Mobile number'

15-06-2025T00:08:04 - [TEST_STEP][PASSED] - scrollToElement(findTestObject("Object Repository/Practice Form/txtfield - Birth date"), 0): Scroll to object 'Object Repository/Practice Form/txtfield - Birth date' successfully

15-06-2025T00:08:04 - [MESSAGE][WARNING] - Timeout '0' is invalid. Using default page load timeout: '30'

15-06-2025T00:08:04 - [MESSAGE][PASSED] - Scroll to object 'Object Repository/Practice Form/txtfield - Birth date' successfully

15-06-2025T00:08:04 - [TEST_STEP][PASSED] - click(findTestObject("Object Repository/Practice Form/txtfield - Birth date")): Object: 'Object Repository/Practice Form/txtfield - Birth date' is clicked on

15-06-2025T00:08:04 - [MESSAGE][PASSED] - Object: 'Object Repository/Practice Form/txtfield - Birth date' is clicked on

15-06-2025T00:08:04 - [TEST_STEP][PASSED] - click(findTestObject("Object Repository/Practice Form/specific date picker")): Object: 'Object Repository/Practice Form/specific date picker' is clicked on

15-06-2025T00:08:04 - [MESSAGE][PASSED] - Object: 'Object Repository/Practice Form/specific date picker' is clicked on

15-06-2025T00:08:04 - [TEST_STEP][PASSED] - scrollToElement(findTestObject("Object Repository/Practice Form/txtfield - Subjects"), 0): Scroll to object 'Object Repository/Practice Form/txtfield - Subjects' successfully

15-06-2025T00:08:04 - [MESSAGE][WARNING] - Timeout '0' is invalid. Using default page load timeout: '30'

15-06-2025T00:08:04 - [MESSAGE][PASSED] - Scroll to object 'Object Repository/Practice Form/txtfield - Subjects' successfully

15-06-2025T00:08:04 - [TEST_STEP][PASSED] - setText(findTestObject("Object Repository/Practice Form/txtfield - Subjects"), subjects): Text 'Text of subject' is set on object 'Object Repository/Practice Form/txtfield - Subjects'

15-06-2025T00:08:05 - [MESSAGE][PASSED] - Text 'Text of subject' is set on object 'Object Repository/Practice Form/txtfield - Subjects'

15-06-2025T00:08:05 - [TEST_STEP][PASSED] - scrollToElement(findTestObject("Object Repository/Practice Form/checkbox - Sports"), 0): Scroll to object 'Object Repository/Practice Form/checkbox - Sports' successfully

15-06-2025T00:08:05 - [MESSAGE][WARNING] - Timeout '0' is invalid. Using default page load timeout: '30'

15-06-2025T00:08:05 - [MESSAGE][PASSED] - Scroll to object 'Object Repository/Practice Form/checkbox - Sports' successfully

15-06-2025T00:08:05 - [TEST_STEP][PASSED] - if (gender == "sports"): null

15-06-2025T00:08:05 - [TEST_STEP][PASSED] - else if (gender == "reading"): null

15-06-2025T00:08:05 - [TEST_STEP][PASSED] - else if (gender == "music"): null

15-06-2025T00:08:05 - [TEST_STEP][PASSED] - else: User not choosing hobbies section

15-06-2025T00:08:05 - [TEST_STEP][PASSED] - markPassed("User not choosing hobbies section"): User not choosing hobbies section

15-06-2025T00:08:05 - [MESSAGE][PASSED] - User not choosing hobbies section

15-06-2025T00:08:05 - [TEST_STEP][PASSED] - scrollToElement(findTestObject("Object Repository/Practice Form/textarea - Current address"), 0): Scroll to object 'Object Repository/Practice Form/textarea - Current address' successfully

15-06-2025T00:08:05 - [MESSAGE][WARNING] - Timeout '0' is invalid. Using default page load timeout: '30'

15-06-2025T00:08:05 - [MESSAGE][PASSED] - Scroll to object 'Object Repository/Practice Form/textarea - Current address' successfully

15-06-2025T00:08:05 - [TEST_STEP][PASSED] - setText(findTestObject("Object Repository/Practice Form/textarea - Current address"), currentAddress): Text '' is set on object 'Object Repository/Practice Form/textarea - Current address'

15-06-2025T00:08:05 - [MESSAGE][PASSED] - Text '' is set on object 'Object Repository/Practice Form/textarea - Current address'

15-06-2025T00:08:05 - [TEST_STEP][PASSED] - scrollToElement(findTestObject("Object Repository/Practice Form/txtfield - State"), 0): Scroll to object 'Object Repository/Practice Form/txtfield - State' successfully

15-06-2025T00:08:05 - [MESSAGE][WARNING] - Timeout '0' is invalid. Using default page load timeout: '30'

15-06-2025T00:08:05 - [MESSAGE][PASSED] - Scroll to object 'Object Repository/Practice Form/txtfield - State' successfully

15-06-2025T00:08:05 - [TEST_STEP][PASSED] - if (state == null): null

15-06-2025T00:08:05 - [TEST_STEP][PASSED] - else: data state is null

15-06-2025T00:08:05 - [TEST_STEP][PASSED] - comment("data state is null"): data state is null

15-06-2025T00:08:05 - [MESSAGE][INFO] - data state is null

15-06-2025T00:08:05 - [TEST_STEP][PASSED] - sendKeys(findTestObject("Object Repository/Practice Form/txtfield - State"), TAB.toString()): Keys 'TAB + ' sent to object: 'Object Repository/Practice Form/txtfield - State'

15-06-2025T00:08:05 - [MESSAGE][PASSED] - Keys 'TAB + ' sent to object: 'Object Repository/Practice Form/txtfield - State'

15-06-2025T00:08:05 - [TEST_STEP][PASSED] - if (city == null): null

15-06-2025T00:08:05 - [TEST_STEP][PASSED] - else: data city is null

15-06-2025T00:08:05 - [TEST_STEP][PASSED] - comment("data city is null"): data city is null

15-06-2025T00:08:05 - [MESSAGE][INFO] - data city is null

15-06-2025T00:08:05 - [TEST_STEP][PASSED] - sendKeys(findTestObject("Object Repository/Practice Form/txtfield - State"), TAB.toString()): Keys 'TAB + ' sent to object: 'Object Repository/Practice Form/txtfield - State'

15-06-2025T00:08:05 - [MESSAGE][PASSED] - Keys 'TAB + ' sent to object: 'Object Repository/Practice Form/txtfield - State'

15-06-2025T00:08:05 - [TEST_STEP][PASSED] - scrollToElement(findTestObject("Object Repository/Practice Form/button - Submit"), 0): Scroll to object 'Object Repository/Practice Form/button - Submit' successfully

15-06-2025T00:08:05 - [MESSAGE][WARNING] - Timeout '0' is invalid. Using default page load timeout: '30'

15-06-2025T00:08:05 - [MESSAGE][PASSED] - Scroll to object 'Object Repository/Practice Form/button - Submit' successfully

15-06-2025T00:08:05 - [TEST_STEP][PASSED] - click(findTestObject("Object Repository/Practice Form/button - Submit")): Object: 'Object Repository/Practice Form/button - Submit' is clicked on

15-06-2025T00:08:06 - [MESSAGE][PASSED] - Object: 'Object Repository/Practice Form/button - Submit' is clicked on

15-06-2025T00:08:06 - [TEST_STEP][PASSED] - verifyElementNotPresent(findTestObject("Object Repository/Modal/txt - Modal title"), 2, CONTINUE_ON_FAILURE): Web element with id: 'Object Repository/Modal/txt - Modal title' located by 'By.xpath: //div[@id='example-modal-sizes-title-lg']' is not present after '2' second(s)

15-06-2025T00:08:06 - [MESSAGE][PASSED] - Web element with id: 'Object Repository/Modal/txt - Modal title' located by 'By.xpath: //div[@id='example-modal-sizes-title-lg']' is not present after '2' second(s)

15-06-2025T00:08:06 - [TEST_STEP][PASSED] - markPassed("Validation case : " + testNote): Validation case : input empty mobile phone

15-06-2025T00:08:06 - [MESSAGE][PASSED] - Validation case : input empty mobile phone

15-06-2025T00:08:06 - [TEST_STEP][PASSED] - closeBrowser(): Browser is closed

15-06-2025T00:08:07 - [MESSAGE][PASSED] - Browser is closed]]></system-out>
         <system-err><![CDATA[]]></system-err>
      </testcase>
      <testcase name="Test Cases/1. Validating Form/VLD 2 - Mandatory field negative validation" time="15.789" classname="Test Cases/1. Validating Form/VLD 2 - Mandatory field negative validation" status="PASSED">
         <system-out><![CDATA[15-06-2025T00:08:07 - [TEST_CASE][PASSED] - Test Cases/1. Validating Form/VLD 2 - Mandatory field negative validation: Test Cases/1. Validating Form/VLD 2 - Mandatory field negative validation

15-06-2025T00:08:07 - [TEST_STEP][PASSED] - openBrowser(""): Browser is opened with url: ''

15-06-2025T00:08:07 - [MESSAGE][INFO] - Starting 'Chrome' driver

15-06-2025T00:08:07 - [MESSAGE][INFO] - Action delay is set to 0 milliseconds

15-06-2025T00:08:08 - [MESSAGE][WARNING] - FFmpeg was not installed! Browser Recording will be disabled. Please follow this document to install FFmpeg first: https://docs.katalon.com/katalon-studio/docs/screenshots-videos.html#browser-based-recorder

15-06-2025T00:08:08 - [MESSAGE][PASSED] - Browser is opened with url: ''

15-06-2025T00:08:08 - [TEST_STEP][PASSED] - navigateToUrl(baseUrl): Navigate to 'https://demoqa.com/automation-practice-form' successfully

15-06-2025T00:08:17 - [MESSAGE][PASSED] - Navigate to 'https://demoqa.com/automation-practice-form' successfully

15-06-2025T00:08:17 - [TEST_STEP][PASSED] - verifyElementPresent(findTestObject("Object Repository/Practice Form/Title Name - Practice Form"), 0): Object 'Object Repository/Practice Form/Title Name - Practice Form' is present

15-06-2025T00:08:17 - [MESSAGE][WARNING] - Timeout '0' is invalid. Using default page load timeout: '30'

15-06-2025T00:08:17 - [MESSAGE][PASSED] - Object 'Object Repository/Practice Form/Title Name - Practice Form' is present

15-06-2025T00:08:17 - [TEST_STEP][PASSED] - setText(findTestObject("Object Repository/Practice Form/txtfield - First name"), firstName): Text 'Ahmad' is set on object 'Object Repository/Practice Form/txtfield - First name'

15-06-2025T00:08:18 - [MESSAGE][PASSED] - Text 'Ahmad' is set on object 'Object Repository/Practice Form/txtfield - First name'

15-06-2025T00:08:18 - [TEST_STEP][PASSED] - setText(findTestObject("Object Repository/Practice Form/txtfield - Last name"), lastName): Text 'Sembiring' is set on object 'Object Repository/Practice Form/txtfield - Last name'

15-06-2025T00:08:18 - [MESSAGE][PASSED] - Text 'Sembiring' is set on object 'Object Repository/Practice Form/txtfield - Last name'

15-06-2025T00:08:18 - [TEST_STEP][PASSED] - setText(findTestObject("Object Repository/Practice Form/txtfield - User Email"), email): Text 'ahmadsembiring@gmail.com' is set on object 'Object Repository/Practice Form/txtfield - User Email'

15-06-2025T00:08:18 - [MESSAGE][PASSED] - Text 'ahmadsembiring@gmail.com' is set on object 'Object Repository/Practice Form/txtfield - User Email'

15-06-2025T00:08:18 - [TEST_STEP][PASSED] - scrollToElement(findTestObject("Object Repository/Practice Form/radiobox - Male"), 0): Scroll to object 'Object Repository/Practice Form/radiobox - Male' successfully

15-06-2025T00:08:18 - [MESSAGE][WARNING] - Timeout '0' is invalid. Using default page load timeout: '30'

15-06-2025T00:08:18 - [MESSAGE][PASSED] - Scroll to object 'Object Repository/Practice Form/radiobox - Male' successfully

15-06-2025T00:08:18 - [TEST_STEP][PASSED] - if (gender == "male"): null

15-06-2025T00:08:18 - [TEST_STEP][PASSED] - else if (gender == "female"): null

15-06-2025T00:08:18 - [TEST_STEP][PASSED] - else if (gender == "other"): null

15-06-2025T00:08:18 - [TEST_STEP][PASSED] - else: User not click the gender radio option

15-06-2025T00:08:18 - [TEST_STEP][PASSED] - markPassed("User not click the gender radio option"): User not click the gender radio option

15-06-2025T00:08:18 - [MESSAGE][PASSED] - User not click the gender radio option

15-06-2025T00:08:18 - [TEST_STEP][PASSED] - scrollToElement(findTestObject("Object Repository/Practice Form/txtfield - Mobile number"), 0): Scroll to object 'Object Repository/Practice Form/txtfield - Mobile number' successfully

15-06-2025T00:08:19 - [MESSAGE][WARNING] - Timeout '0' is invalid. Using default page load timeout: '30'

15-06-2025T00:08:19 - [MESSAGE][PASSED] - Scroll to object 'Object Repository/Practice Form/txtfield - Mobile number' successfully

15-06-2025T00:08:19 - [TEST_STEP][PASSED] - setText(findTestObject("Object Repository/Practice Form/txtfield - Mobile number"), mobile): Text '0812312398' is set on object 'Object Repository/Practice Form/txtfield - Mobile number'

15-06-2025T00:08:19 - [MESSAGE][PASSED] - Text '0812312398' is set on object 'Object Repository/Practice Form/txtfield - Mobile number'

15-06-2025T00:08:19 - [TEST_STEP][PASSED] - scrollToElement(findTestObject("Object Repository/Practice Form/txtfield - Birth date"), 0): Scroll to object 'Object Repository/Practice Form/txtfield - Birth date' successfully

15-06-2025T00:08:19 - [MESSAGE][WARNING] - Timeout '0' is invalid. Using default page load timeout: '30'

15-06-2025T00:08:19 - [MESSAGE][PASSED] - Scroll to object 'Object Repository/Practice Form/txtfield - Birth date' successfully

15-06-2025T00:08:19 - [TEST_STEP][PASSED] - click(findTestObject("Object Repository/Practice Form/txtfield - Birth date")): Object: 'Object Repository/Practice Form/txtfield - Birth date' is clicked on

15-06-2025T00:08:19 - [MESSAGE][PASSED] - Object: 'Object Repository/Practice Form/txtfield - Birth date' is clicked on

15-06-2025T00:08:19 - [TEST_STEP][PASSED] - click(findTestObject("Object Repository/Practice Form/specific date picker")): Object: 'Object Repository/Practice Form/specific date picker' is clicked on

15-06-2025T00:08:20 - [MESSAGE][PASSED] - Object: 'Object Repository/Practice Form/specific date picker' is clicked on

15-06-2025T00:08:20 - [TEST_STEP][PASSED] - scrollToElement(findTestObject("Object Repository/Practice Form/txtfield - Subjects"), 0): Scroll to object 'Object Repository/Practice Form/txtfield - Subjects' successfully

15-06-2025T00:08:20 - [MESSAGE][WARNING] - Timeout '0' is invalid. Using default page load timeout: '30'

15-06-2025T00:08:20 - [MESSAGE][PASSED] - Scroll to object 'Object Repository/Practice Form/txtfield - Subjects' successfully

15-06-2025T00:08:20 - [TEST_STEP][PASSED] - setText(findTestObject("Object Repository/Practice Form/txtfield - Subjects"), subjects): Text 'Text of subject' is set on object 'Object Repository/Practice Form/txtfield - Subjects'

15-06-2025T00:08:20 - [MESSAGE][PASSED] - Text 'Text of subject' is set on object 'Object Repository/Practice Form/txtfield - Subjects'

15-06-2025T00:08:20 - [TEST_STEP][PASSED] - scrollToElement(findTestObject("Object Repository/Practice Form/checkbox - Sports"), 0): Scroll to object 'Object Repository/Practice Form/checkbox - Sports' successfully

15-06-2025T00:08:20 - [MESSAGE][WARNING] - Timeout '0' is invalid. Using default page load timeout: '30'

15-06-2025T00:08:20 - [MESSAGE][PASSED] - Scroll to object 'Object Repository/Practice Form/checkbox - Sports' successfully

15-06-2025T00:08:20 - [TEST_STEP][PASSED] - if (gender == "sports"): null

15-06-2025T00:08:20 - [TEST_STEP][PASSED] - else if (gender == "reading"): null

15-06-2025T00:08:20 - [TEST_STEP][PASSED] - else if (gender == "music"): null

15-06-2025T00:08:20 - [TEST_STEP][PASSED] - else: User not choosing hobbies section

15-06-2025T00:08:20 - [TEST_STEP][PASSED] - markPassed("User not choosing hobbies section"): User not choosing hobbies section

15-06-2025T00:08:20 - [MESSAGE][PASSED] - User not choosing hobbies section

15-06-2025T00:08:20 - [TEST_STEP][PASSED] - scrollToElement(findTestObject("Object Repository/Practice Form/textarea - Current address"), 0): Scroll to object 'Object Repository/Practice Form/textarea - Current address' successfully

15-06-2025T00:08:20 - [MESSAGE][WARNING] - Timeout '0' is invalid. Using default page load timeout: '30'

15-06-2025T00:08:20 - [MESSAGE][PASSED] - Scroll to object 'Object Repository/Practice Form/textarea - Current address' successfully

15-06-2025T00:08:20 - [TEST_STEP][PASSED] - setText(findTestObject("Object Repository/Practice Form/textarea - Current address"), currentAddress): Text 'Jl. Adi Sucipto Jakarta' is set on object 'Object Repository/Practice Form/textarea - Current address'

15-06-2025T00:08:21 - [MESSAGE][PASSED] - Text 'Jl. Adi Sucipto Jakarta' is set on object 'Object Repository/Practice Form/textarea - Current address'

15-06-2025T00:08:21 - [TEST_STEP][PASSED] - scrollToElement(findTestObject("Object Repository/Practice Form/txtfield - State"), 0): Scroll to object 'Object Repository/Practice Form/txtfield - State' successfully

15-06-2025T00:08:21 - [MESSAGE][WARNING] - Timeout '0' is invalid. Using default page load timeout: '30'

15-06-2025T00:08:21 - [MESSAGE][PASSED] - Scroll to object 'Object Repository/Practice Form/txtfield - State' successfully

15-06-2025T00:08:21 - [TEST_STEP][PASSED] - if (state == null): null

15-06-2025T00:08:21 - [TEST_STEP][PASSED] - else: data state is null

15-06-2025T00:08:21 - [TEST_STEP][PASSED] - comment("data state is null"): data state is null

15-06-2025T00:08:21 - [MESSAGE][INFO] - data state is null

15-06-2025T00:08:21 - [TEST_STEP][PASSED] - sendKeys(findTestObject("Object Repository/Practice Form/txtfield - State"), TAB.toString()): Keys 'TAB + ' sent to object: 'Object Repository/Practice Form/txtfield - State'

15-06-2025T00:08:21 - [MESSAGE][PASSED] - Keys 'TAB + ' sent to object: 'Object Repository/Practice Form/txtfield - State'

15-06-2025T00:08:21 - [TEST_STEP][PASSED] - if (city == null): null

15-06-2025T00:08:21 - [TEST_STEP][PASSED] - else: data city is null

15-06-2025T00:08:21 - [TEST_STEP][PASSED] - comment("data city is null"): data city is null

15-06-2025T00:08:21 - [MESSAGE][INFO] - data city is null

15-06-2025T00:08:21 - [TEST_STEP][PASSED] - sendKeys(findTestObject("Object Repository/Practice Form/txtfield - State"), TAB.toString()): Keys 'TAB + ' sent to object: 'Object Repository/Practice Form/txtfield - State'

15-06-2025T00:08:21 - [MESSAGE][PASSED] - Keys 'TAB + ' sent to object: 'Object Repository/Practice Form/txtfield - State'

15-06-2025T00:08:21 - [TEST_STEP][PASSED] - scrollToElement(findTestObject("Object Repository/Practice Form/button - Submit"), 0): Scroll to object 'Object Repository/Practice Form/button - Submit' successfully

15-06-2025T00:08:21 - [MESSAGE][WARNING] - Timeout '0' is invalid. Using default page load timeout: '30'

15-06-2025T00:08:21 - [MESSAGE][PASSED] - Scroll to object 'Object Repository/Practice Form/button - Submit' successfully

15-06-2025T00:08:21 - [TEST_STEP][PASSED] - click(findTestObject("Object Repository/Practice Form/button - Submit")): Object: 'Object Repository/Practice Form/button - Submit' is clicked on

15-06-2025T00:08:21 - [MESSAGE][PASSED] - Object: 'Object Repository/Practice Form/button - Submit' is clicked on

15-06-2025T00:08:21 - [TEST_STEP][PASSED] - verifyElementNotPresent(findTestObject("Object Repository/Modal/txt - Modal title"), 2, CONTINUE_ON_FAILURE): Web element with id: 'Object Repository/Modal/txt - Modal title' located by 'By.xpath: //div[@id='example-modal-sizes-title-lg']' is not present after '2' second(s)

15-06-2025T00:08:21 - [MESSAGE][PASSED] - Web element with id: 'Object Repository/Modal/txt - Modal title' located by 'By.xpath: //div[@id='example-modal-sizes-title-lg']' is not present after '2' second(s)

15-06-2025T00:08:21 - [TEST_STEP][PASSED] - markPassed("Validation case : " + testNote): Validation case : input empty gender

15-06-2025T00:08:21 - [MESSAGE][PASSED] - Validation case : input empty gender

15-06-2025T00:08:21 - [TEST_STEP][PASSED] - closeBrowser(): Browser is closed

15-06-2025T00:08:23 - [MESSAGE][PASSED] - Browser is closed]]></system-out>
         <system-err><![CDATA[]]></system-err>
      </testcase>
      <testcase name="Test Cases/1. Validating Form/VLD 2 - Mandatory field negative validation" time="14.14" classname="Test Cases/1. Validating Form/VLD 2 - Mandatory field negative validation" status="PASSED">
         <system-out><![CDATA[15-06-2025T00:08:23 - [TEST_CASE][PASSED] - Test Cases/1. Validating Form/VLD 2 - Mandatory field negative validation: Test Cases/1. Validating Form/VLD 2 - Mandatory field negative validation

15-06-2025T00:08:23 - [TEST_STEP][PASSED] - openBrowser(""): Browser is opened with url: ''

15-06-2025T00:08:23 - [MESSAGE][INFO] - Starting 'Chrome' driver

15-06-2025T00:08:23 - [MESSAGE][INFO] - Action delay is set to 0 milliseconds

15-06-2025T00:08:24 - [MESSAGE][WARNING] - FFmpeg was not installed! Browser Recording will be disabled. Please follow this document to install FFmpeg first: https://docs.katalon.com/katalon-studio/docs/screenshots-videos.html#browser-based-recorder

15-06-2025T00:08:24 - [MESSAGE][PASSED] - Browser is opened with url: ''

15-06-2025T00:08:24 - [TEST_STEP][PASSED] - navigateToUrl(baseUrl): Navigate to 'https://demoqa.com/automation-practice-form' successfully

15-06-2025T00:08:25 - [MESSAGE][PASSED] - Navigate to 'https://demoqa.com/automation-practice-form' successfully

15-06-2025T00:08:25 - [TEST_STEP][PASSED] - verifyElementPresent(findTestObject("Object Repository/Practice Form/Title Name - Practice Form"), 0): Object 'Object Repository/Practice Form/Title Name - Practice Form' is present

15-06-2025T00:08:25 - [MESSAGE][WARNING] - Timeout '0' is invalid. Using default page load timeout: '30'

15-06-2025T00:08:33 - [MESSAGE][PASSED] - Object 'Object Repository/Practice Form/Title Name - Practice Form' is present

15-06-2025T00:08:33 - [TEST_STEP][PASSED] - setText(findTestObject("Object Repository/Practice Form/txtfield - First name"), firstName): Text 'Breaking' is set on object 'Object Repository/Practice Form/txtfield - First name'

15-06-2025T00:08:33 - [MESSAGE][PASSED] - Text 'Breaking' is set on object 'Object Repository/Practice Form/txtfield - First name'

15-06-2025T00:08:33 - [TEST_STEP][PASSED] - setText(findTestObject("Object Repository/Practice Form/txtfield - Last name"), lastName): Text 'Habbit' is set on object 'Object Repository/Practice Form/txtfield - Last name'

15-06-2025T00:08:34 - [MESSAGE][PASSED] - Text 'Habbit' is set on object 'Object Repository/Practice Form/txtfield - Last name'

15-06-2025T00:08:34 - [TEST_STEP][PASSED] - setText(findTestObject("Object Repository/Practice Form/txtfield - User Email"), email): Text 'brhabit@gmail.com' is set on object 'Object Repository/Practice Form/txtfield - User Email'

15-06-2025T00:08:34 - [MESSAGE][PASSED] - Text 'brhabit@gmail.com' is set on object 'Object Repository/Practice Form/txtfield - User Email'

15-06-2025T00:08:34 - [TEST_STEP][PASSED] - scrollToElement(findTestObject("Object Repository/Practice Form/radiobox - Male"), 0): Scroll to object 'Object Repository/Practice Form/radiobox - Male' successfully

15-06-2025T00:08:34 - [MESSAGE][WARNING] - Timeout '0' is invalid. Using default page load timeout: '30'

15-06-2025T00:08:34 - [MESSAGE][PASSED] - Scroll to object 'Object Repository/Practice Form/radiobox - Male' successfully

15-06-2025T00:08:34 - [TEST_STEP][PASSED] - if (gender == "male"): null

15-06-2025T00:08:34 - [TEST_STEP][PASSED] - else if (gender == "female"): Object: 'Object Repository/Practice Form/radiobox - Female' is clicked on

15-06-2025T00:08:34 - [TEST_STEP][PASSED] - click(findTestObject("Object Repository/Practice Form/radiobox - Female")): Object: 'Object Repository/Practice Form/radiobox - Female' is clicked on

15-06-2025T00:08:34 - [MESSAGE][PASSED] - Object: 'Object Repository/Practice Form/radiobox - Female' is clicked on

15-06-2025T00:08:34 - [TEST_STEP][PASSED] - scrollToElement(findTestObject("Object Repository/Practice Form/txtfield - Mobile number"), 0): Scroll to object 'Object Repository/Practice Form/txtfield - Mobile number' successfully

15-06-2025T00:08:34 - [MESSAGE][WARNING] - Timeout '0' is invalid. Using default page load timeout: '30'

15-06-2025T00:08:34 - [MESSAGE][PASSED] - Scroll to object 'Object Repository/Practice Form/txtfield - Mobile number' successfully

15-06-2025T00:08:34 - [TEST_STEP][PASSED] - setText(findTestObject("Object Repository/Practice Form/txtfield - Mobile number"), mobile): Text '089' is set on object 'Object Repository/Practice Form/txtfield - Mobile number'

15-06-2025T00:08:34 - [MESSAGE][PASSED] - Text '089' is set on object 'Object Repository/Practice Form/txtfield - Mobile number'

15-06-2025T00:08:34 - [TEST_STEP][PASSED] - scrollToElement(findTestObject("Object Repository/Practice Form/txtfield - Birth date"), 0): Scroll to object 'Object Repository/Practice Form/txtfield - Birth date' successfully

15-06-2025T00:08:34 - [MESSAGE][WARNING] - Timeout '0' is invalid. Using default page load timeout: '30'

15-06-2025T00:08:34 - [MESSAGE][PASSED] - Scroll to object 'Object Repository/Practice Form/txtfield - Birth date' successfully

15-06-2025T00:08:34 - [TEST_STEP][PASSED] - click(findTestObject("Object Repository/Practice Form/txtfield - Birth date")): Object: 'Object Repository/Practice Form/txtfield - Birth date' is clicked on

15-06-2025T00:08:35 - [MESSAGE][PASSED] - Object: 'Object Repository/Practice Form/txtfield - Birth date' is clicked on

15-06-2025T00:08:35 - [TEST_STEP][PASSED] - click(findTestObject("Object Repository/Practice Form/specific date picker")): Object: 'Object Repository/Practice Form/specific date picker' is clicked on

15-06-2025T00:08:35 - [MESSAGE][PASSED] - Object: 'Object Repository/Practice Form/specific date picker' is clicked on

15-06-2025T00:08:35 - [TEST_STEP][PASSED] - scrollToElement(findTestObject("Object Repository/Practice Form/txtfield - Subjects"), 0): Scroll to object 'Object Repository/Practice Form/txtfield - Subjects' successfully

15-06-2025T00:08:35 - [MESSAGE][WARNING] - Timeout '0' is invalid. Using default page load timeout: '30'

15-06-2025T00:08:35 - [MESSAGE][PASSED] - Scroll to object 'Object Repository/Practice Form/txtfield - Subjects' successfully

15-06-2025T00:08:35 - [TEST_STEP][PASSED] - setText(findTestObject("Object Repository/Practice Form/txtfield - Subjects"), subjects): Text '' is set on object 'Object Repository/Practice Form/txtfield - Subjects'

15-06-2025T00:08:35 - [MESSAGE][PASSED] - Text '' is set on object 'Object Repository/Practice Form/txtfield - Subjects'

15-06-2025T00:08:35 - [TEST_STEP][PASSED] - scrollToElement(findTestObject("Object Repository/Practice Form/checkbox - Sports"), 0): Scroll to object 'Object Repository/Practice Form/checkbox - Sports' successfully

15-06-2025T00:08:35 - [MESSAGE][WARNING] - Timeout '0' is invalid. Using default page load timeout: '30'

15-06-2025T00:08:35 - [MESSAGE][PASSED] - Scroll to object 'Object Repository/Practice Form/checkbox - Sports' successfully

15-06-2025T00:08:35 - [TEST_STEP][PASSED] - if (gender == "sports"): null

15-06-2025T00:08:35 - [TEST_STEP][PASSED] - else if (gender == "reading"): null

15-06-2025T00:08:35 - [TEST_STEP][PASSED] - else if (gender == "music"): null

15-06-2025T00:08:35 - [TEST_STEP][PASSED] - else: User not choosing hobbies section

15-06-2025T00:08:35 - [TEST_STEP][PASSED] - markPassed("User not choosing hobbies section"): User not choosing hobbies section

15-06-2025T00:08:35 - [MESSAGE][PASSED] - User not choosing hobbies section

15-06-2025T00:08:35 - [TEST_STEP][PASSED] - scrollToElement(findTestObject("Object Repository/Practice Form/textarea - Current address"), 0): Scroll to object 'Object Repository/Practice Form/textarea - Current address' successfully

15-06-2025T00:08:35 - [MESSAGE][WARNING] - Timeout '0' is invalid. Using default page load timeout: '30'

15-06-2025T00:08:35 - [MESSAGE][PASSED] - Scroll to object 'Object Repository/Practice Form/textarea - Current address' successfully

15-06-2025T00:08:35 - [TEST_STEP][PASSED] - setText(findTestObject("Object Repository/Practice Form/textarea - Current address"), currentAddress): Text '' is set on object 'Object Repository/Practice Form/textarea - Current address'

15-06-2025T00:08:35 - [MESSAGE][PASSED] - Text '' is set on object 'Object Repository/Practice Form/textarea - Current address'

15-06-2025T00:08:35 - [TEST_STEP][PASSED] - scrollToElement(findTestObject("Object Repository/Practice Form/txtfield - State"), 0): Scroll to object 'Object Repository/Practice Form/txtfield - State' successfully

15-06-2025T00:08:35 - [MESSAGE][WARNING] - Timeout '0' is invalid. Using default page load timeout: '30'

15-06-2025T00:08:35 - [MESSAGE][PASSED] - Scroll to object 'Object Repository/Practice Form/txtfield - State' successfully

15-06-2025T00:08:35 - [TEST_STEP][PASSED] - if (state == null): null

15-06-2025T00:08:35 - [TEST_STEP][PASSED] - else: data state is null

15-06-2025T00:08:35 - [TEST_STEP][PASSED] - comment("data state is null"): data state is null

15-06-2025T00:08:35 - [MESSAGE][INFO] - data state is null

15-06-2025T00:08:35 - [TEST_STEP][PASSED] - sendKeys(findTestObject("Object Repository/Practice Form/txtfield - State"), TAB.toString()): Keys 'TAB + ' sent to object: 'Object Repository/Practice Form/txtfield - State'

15-06-2025T00:08:35 - [MESSAGE][PASSED] - Keys 'TAB + ' sent to object: 'Object Repository/Practice Form/txtfield - State'

15-06-2025T00:08:35 - [TEST_STEP][PASSED] - if (city == null): null

15-06-2025T00:08:35 - [TEST_STEP][PASSED] - else: data city is null

15-06-2025T00:08:35 - [TEST_STEP][PASSED] - comment("data city is null"): data city is null

15-06-2025T00:08:35 - [MESSAGE][INFO] - data city is null

15-06-2025T00:08:35 - [TEST_STEP][PASSED] - sendKeys(findTestObject("Object Repository/Practice Form/txtfield - State"), TAB.toString()): Keys 'TAB + ' sent to object: 'Object Repository/Practice Form/txtfield - State'

15-06-2025T00:08:35 - [MESSAGE][PASSED] - Keys 'TAB + ' sent to object: 'Object Repository/Practice Form/txtfield - State'

15-06-2025T00:08:35 - [TEST_STEP][PASSED] - scrollToElement(findTestObject("Object Repository/Practice Form/button - Submit"), 0): Scroll to object 'Object Repository/Practice Form/button - Submit' successfully

15-06-2025T00:08:35 - [MESSAGE][WARNING] - Timeout '0' is invalid. Using default page load timeout: '30'

15-06-2025T00:08:36 - [MESSAGE][PASSED] - Scroll to object 'Object Repository/Practice Form/button - Submit' successfully

15-06-2025T00:08:36 - [TEST_STEP][PASSED] - click(findTestObject("Object Repository/Practice Form/button - Submit")): Object: 'Object Repository/Practice Form/button - Submit' is clicked on

15-06-2025T00:08:36 - [MESSAGE][PASSED] - Object: 'Object Repository/Practice Form/button - Submit' is clicked on

15-06-2025T00:08:36 - [TEST_STEP][PASSED] - verifyElementNotPresent(findTestObject("Object Repository/Modal/txt - Modal title"), 2, CONTINUE_ON_FAILURE): Web element with id: 'Object Repository/Modal/txt - Modal title' located by 'By.xpath: //div[@id='example-modal-sizes-title-lg']' is not present after '2' second(s)

15-06-2025T00:08:36 - [MESSAGE][PASSED] - Web element with id: 'Object Repository/Modal/txt - Modal title' located by 'By.xpath: //div[@id='example-modal-sizes-title-lg']' is not present after '2' second(s)

15-06-2025T00:08:36 - [TEST_STEP][PASSED] - markPassed("Validation case : " + testNote): Validation case : input invalid mobile

15-06-2025T00:08:36 - [MESSAGE][PASSED] - Validation case : input invalid mobile

15-06-2025T00:08:36 - [TEST_STEP][PASSED] - closeBrowser(): Browser is closed

15-06-2025T00:08:37 - [MESSAGE][PASSED] - Browser is closed]]></system-out>
         <system-err><![CDATA[]]></system-err>
      </testcase>
      <system-out><![CDATA[15-06-2025T00:05:01 - [TEST_SUITE][PASSED] - Validating Form: Test Cases/1. Validating Form/VLD 2 - Mandatory field negative validation]]></system-out>
      <system-err><![CDATA[]]></system-err>
   </testsuite>
</testsuites>
