<?xml version="1.0" encoding="UTF-8"?>
<testsuites name="TS 1 - Collection 1" time="548.261" tests="25" failures="0" errors="0">
   <testsuite name="Valid data form" tests="16" failures="0" errors="0" time="351.255" skipped="0" timestamp="15-06-2025T15:12:41" hostname="Maulana - 192.168.0.126" id="Test Suites/Valid data form">
      <properties>
         <property name="deviceName" value=""/>
         <property name="devicePlatform"/>
         <property name="logFolder" value="C:\\Users\\M S I\\Katalon Studio\\web-maulana-afteroffice-katalon\\Reports\\20250615_151229\\Valid data form\\20250615_151230"/>
         <property name="logFiles" value="C:\\Users\\M S I\\Katalon Studio\\web-maulana-afteroffice-katalon\\Reports\\20250615_151229\\Valid data form\\20250615_151230\\execution0.log"/>
         <property name="attachments" value=""/>
         <property name="hostName" value="Maulana - 192.168.0.126"/>
         <property name="os" value="Windows 11 64bit"/>
         <property name="katalonVersion" value="9.6.0.217"/>
         <property name="browser" value="Chrome 137.0.0.0"/>
         <property name="hostAddress" value="192.168.0.126"/>
         <property name="sessionId" value="d1aeda81d983e5d34027911ded1c31a0"/>
         <property name="seleniumVersion" value="3.141.59"/>
         <property name="proxyInformation" value="ProxyInformation { proxyOption=NO_PROXY, proxyServerType=HTTP, username=, password=********, proxyServerAddress=, proxyServerPort=0, executionList=&quot;&quot;, isApplyToDesiredCapabilities=true }"/>
         <property name="platform" value="Windows 11"/>
      </properties>
      <testcase name="Test Cases/PF 1 - Load practice form" time="20.072" classname="Test Cases/PF 1 - Load practice form" status="PASSED">
         <system-out><![CDATA[15-06-2025T15:12:41 - [TEST_CASE][PASSED] - Test Cases/PF 1 - Load practice form: Test Cases/PF 1 - Load practice form

15-06-2025T15:12:41 - [TEST_STEP][PASSED] - openBrowser(""): Browser is opened with url: ''

15-06-2025T15:12:42 - [MESSAGE][INFO] - Starting 'Chrome' driver

15-06-2025T15:12:42 - [MESSAGE][INFO] - Action delay is set to 0 milliseconds

15-06-2025T15:12:44 - [MESSAGE][WARNING] - FFmpeg was not installed! Browser Recording will be disabled. Please follow this document to install FFmpeg first: https://docs.katalon.com/katalon-studio/docs/screenshots-videos.html#browser-based-recorder

15-06-2025T15:12:44 - [MESSAGE][PASSED] - Browser is opened with url: ''

15-06-2025T15:12:44 - [TEST_STEP][PASSED] - navigateToUrl("https://demoqa.com/automation-practice-form"): Navigate to 'https://demoqa.com/automation-practice-form' successfully

15-06-2025T15:13:00 - [MESSAGE][PASSED] - Navigate to 'https://demoqa.com/automation-practice-form' successfully

15-06-2025T15:13:00 - [TEST_STEP][PASSED] - verifyElementPresent(findTestObject("Object Repository/Practice Form/Title Name - Practice Form"), 0): Object 'Object Repository/Practice Form/Title Name - Practice Form' is present

15-06-2025T15:13:00 - [MESSAGE][WARNING] - Timeout '0' is invalid. Using default page load timeout: '30'

15-06-2025T15:13:00 - [MESSAGE][PASSED] - Object 'Object Repository/Practice Form/Title Name - Practice Form' is present

15-06-2025T15:13:00 - [TEST_STEP][PASSED] - closeBrowser(): Browser is closed

15-06-2025T15:13:01 - [MESSAGE][PASSED] - Browser is closed]]></system-out>
         <system-err><![CDATA[]]></system-err>
      </testcase>
      <testcase name="Test Cases/2. Normal Input/INP 1 - Valid data input to form" time="24.261" classname="Test Cases/2. Normal Input/INP 1 - Valid data input to form" status="PASSED">
         <system-out><![CDATA[15-06-2025T15:13:01 - [TEST_CASE][PASSED] - Test Cases/2. Normal Input/INP 1 - Valid data input to form: Test Cases/2. Normal Input/INP 1 - Valid data input to form

15-06-2025T15:13:01 - [TEST_STEP][PASSED] - openBrowser(""): Browser is opened with url: ''

15-06-2025T15:13:01 - [MESSAGE][INFO] - Starting 'Chrome' driver

15-06-2025T15:13:01 - [MESSAGE][INFO] - Action delay is set to 0 milliseconds

15-06-2025T15:13:02 - [MESSAGE][WARNING] - FFmpeg was not installed! Browser Recording will be disabled. Please follow this document to install FFmpeg first: https://docs.katalon.com/katalon-studio/docs/screenshots-videos.html#browser-based-recorder

15-06-2025T15:13:02 - [MESSAGE][PASSED] - Browser is opened with url: ''

15-06-2025T15:13:02 - [TEST_STEP][PASSED] - navigateToUrl(baseUrl): Navigate to 'https://demoqa.com/automation-practice-form' successfully

15-06-2025T15:13:19 - [MESSAGE][PASSED] - Navigate to 'https://demoqa.com/automation-practice-form' successfully

15-06-2025T15:13:19 - [TEST_STEP][PASSED] - verifyElementPresent(findTestObject("Object Repository/Practice Form/Title Name - Practice Form"), 0): Object 'Object Repository/Practice Form/Title Name - Practice Form' is present

15-06-2025T15:13:19 - [MESSAGE][WARNING] - Timeout '0' is invalid. Using default page load timeout: '30'

15-06-2025T15:13:19 - [MESSAGE][PASSED] - Object 'Object Repository/Practice Form/Title Name - Practice Form' is present

15-06-2025T15:13:19 - [TEST_STEP][PASSED] - setText(findTestObject("Object Repository/Practice Form/txtfield - First name"), firstName): Text 'Maulana' is set on object 'Object Repository/Practice Form/txtfield - First name'

15-06-2025T15:13:19 - [MESSAGE][PASSED] - Text 'Maulana' is set on object 'Object Repository/Practice Form/txtfield - First name'

15-06-2025T15:13:19 - [TEST_STEP][PASSED] - setText(findTestObject("Object Repository/Practice Form/txtfield - Last name"), lastName): Text 'Alfan' is set on object 'Object Repository/Practice Form/txtfield - Last name'

15-06-2025T15:13:20 - [MESSAGE][PASSED] - Text 'Alfan' is set on object 'Object Repository/Practice Form/txtfield - Last name'

15-06-2025T15:13:20 - [TEST_STEP][PASSED] - setText(findTestObject("Object Repository/Practice Form/txtfield - User Email"), email): Text 'maulanaalfany@gmail.com' is set on object 'Object Repository/Practice Form/txtfield - User Email'

15-06-2025T15:13:20 - [MESSAGE][PASSED] - Text 'maulanaalfany@gmail.com' is set on object 'Object Repository/Practice Form/txtfield - User Email'

15-06-2025T15:13:20 - [TEST_STEP][PASSED] - scrollToElement(findTestObject("Object Repository/Practice Form/radiobox - Male"), 0): Scroll to object 'Object Repository/Practice Form/radiobox - Male' successfully

15-06-2025T15:13:20 - [MESSAGE][WARNING] - Timeout '0' is invalid. Using default page load timeout: '30'

15-06-2025T15:13:20 - [MESSAGE][PASSED] - Scroll to object 'Object Repository/Practice Form/radiobox - Male' successfully

15-06-2025T15:13:20 - [TEST_STEP][PASSED] - if (gender == "Male"): Object: 'Object Repository/Practice Form/radiobox - Male' is clicked on

15-06-2025T15:13:20 - [TEST_STEP][PASSED] - click(findTestObject("Object Repository/Practice Form/radiobox - Male")): Object: 'Object Repository/Practice Form/radiobox - Male' is clicked on

15-06-2025T15:13:20 - [MESSAGE][PASSED] - Object: 'Object Repository/Practice Form/radiobox - Male' is clicked on

15-06-2025T15:13:20 - [TEST_STEP][PASSED] - scrollToElement(findTestObject("Object Repository/Practice Form/txtfield - Mobile number"), 0): Scroll to object 'Object Repository/Practice Form/txtfield - Mobile number' successfully

15-06-2025T15:13:20 - [MESSAGE][WARNING] - Timeout '0' is invalid. Using default page load timeout: '30'

15-06-2025T15:13:21 - [MESSAGE][PASSED] - Scroll to object 'Object Repository/Practice Form/txtfield - Mobile number' successfully

15-06-2025T15:13:21 - [TEST_STEP][PASSED] - setText(findTestObject("Object Repository/Practice Form/txtfield - Mobile number"), mobile): Text '0812345678' is set on object 'Object Repository/Practice Form/txtfield - Mobile number'

15-06-2025T15:13:21 - [MESSAGE][PASSED] - Text '0812345678' is set on object 'Object Repository/Practice Form/txtfield - Mobile number'

15-06-2025T15:13:21 - [TEST_STEP][PASSED] - scrollToElement(findTestObject("Object Repository/Practice Form/txtfield - Birth date"), 0): Scroll to object 'Object Repository/Practice Form/txtfield - Birth date' successfully

15-06-2025T15:13:21 - [MESSAGE][WARNING] - Timeout '0' is invalid. Using default page load timeout: '30'

15-06-2025T15:13:21 - [MESSAGE][PASSED] - Scroll to object 'Object Repository/Practice Form/txtfield - Birth date' successfully

15-06-2025T15:13:21 - [TEST_STEP][PASSED] - click(findTestObject("Object Repository/Practice Form/txtfield - Birth date")): Object: 'Object Repository/Practice Form/txtfield - Birth date' is clicked on

15-06-2025T15:13:21 - [MESSAGE][PASSED] - Object: 'Object Repository/Practice Form/txtfield - Birth date' is clicked on

15-06-2025T15:13:21 - [TEST_STEP][PASSED] - click(findTestObject("Object Repository/Practice Form/specific date picker")): Object: 'Object Repository/Practice Form/specific date picker' is clicked on

15-06-2025T15:13:21 - [MESSAGE][PASSED] - Object: 'Object Repository/Practice Form/specific date picker' is clicked on

15-06-2025T15:13:21 - [TEST_STEP][PASSED] - scrollToElement(findTestObject("Object Repository/Practice Form/txtfield - Subjects"), 0): Scroll to object 'Object Repository/Practice Form/txtfield - Subjects' successfully

15-06-2025T15:13:21 - [MESSAGE][WARNING] - Timeout '0' is invalid. Using default page load timeout: '30'

15-06-2025T15:13:21 - [MESSAGE][PASSED] - Scroll to object 'Object Repository/Practice Form/txtfield - Subjects' successfully

15-06-2025T15:13:21 - [TEST_STEP][PASSED] - if (subjects != null): Text 'Maths' is set on object 'Object Repository/Practice Form/txtfield - Subjects'

15-06-2025T15:13:21 - [TEST_STEP][PASSED] - setText(findTestObject("Object Repository/Practice Form/txtfield - Subjects"), subjects): Text 'Maths' is set on object 'Object Repository/Practice Form/txtfield - Subjects'

15-06-2025T15:13:21 - [MESSAGE][PASSED] - Text 'Maths' is set on object 'Object Repository/Practice Form/txtfield - Subjects'

15-06-2025T15:13:21 - [TEST_STEP][PASSED] - sendKeys(findTestObject("Object Repository/Practice Form/txtfield - Subjects"), TAB.toString()): Keys 'TAB + ' sent to object: 'Object Repository/Practice Form/txtfield - Subjects'

15-06-2025T15:13:21 - [MESSAGE][PASSED] - Keys 'TAB + ' sent to object: 'Object Repository/Practice Form/txtfield - Subjects'

15-06-2025T15:13:21 - [TEST_STEP][PASSED] - scrollToElement(findTestObject("Object Repository/Practice Form/checkbox - Sports"), 0): Scroll to object 'Object Repository/Practice Form/checkbox - Sports' successfully

15-06-2025T15:13:21 - [MESSAGE][WARNING] - Timeout '0' is invalid. Using default page load timeout: '30'

15-06-2025T15:13:21 - [MESSAGE][PASSED] - Scroll to object 'Object Repository/Practice Form/checkbox - Sports' successfully

15-06-2025T15:13:21 - [TEST_STEP][PASSED] - if (hobbies == "Sports"): null

15-06-2025T15:13:21 - [TEST_STEP][PASSED] - else if (hobbies == "Reading"): Object: 'Object Repository/Practice Form/checkbox - Reading' is clicked on

15-06-2025T15:13:21 - [TEST_STEP][PASSED] - click(findTestObject("Object Repository/Practice Form/checkbox - Reading")): Object: 'Object Repository/Practice Form/checkbox - Reading' is clicked on

15-06-2025T15:13:22 - [MESSAGE][PASSED] - Object: 'Object Repository/Practice Form/checkbox - Reading' is clicked on

15-06-2025T15:13:22 - [TEST_STEP][PASSED] - imagePath = getProjectDir() + "/Include/image/gambarDummy.jpeg": null

15-06-2025T15:13:22 - [TEST_STEP][PASSED] - uploadFile(findTestObject("Object Repository/Practice Form/file - Picture"), imagePath): File 'C:/Users/M S I/Katalon Studio/web-maulana-afteroffice-katalon/Include/image/gambarDummy.jpeg' sent to object: 'Object Repository/Practice Form/file - Picture'

15-06-2025T15:13:22 - [MESSAGE][PASSED] - File 'C:/Users/M S I/Katalon Studio/web-maulana-afteroffice-katalon/Include/image/gambarDummy.jpeg' sent to object: 'Object Repository/Practice Form/file - Picture'

15-06-2025T15:13:22 - [TEST_STEP][PASSED] - scrollToElement(findTestObject("Object Repository/Practice Form/textarea - Current address"), 0): Scroll to object 'Object Repository/Practice Form/textarea - Current address' successfully

15-06-2025T15:13:22 - [MESSAGE][WARNING] - Timeout '0' is invalid. Using default page load timeout: '30'

15-06-2025T15:13:22 - [MESSAGE][PASSED] - Scroll to object 'Object Repository/Practice Form/textarea - Current address' successfully

15-06-2025T15:13:22 - [TEST_STEP][PASSED] - setText(findTestObject("Object Repository/Practice Form/textarea - Current address"), currentAddress): Text 'Jl. Mangga murah nomor 23 Malang Jawa Timur' is set on object 'Object Repository/Practice Form/textarea - Current address'

15-06-2025T15:13:22 - [MESSAGE][PASSED] - Text 'Jl. Mangga murah nomor 23 Malang Jawa Timur' is set on object 'Object Repository/Practice Form/textarea - Current address'

15-06-2025T15:13:22 - [TEST_STEP][PASSED] - scrollToElement(findTestObject("Object Repository/Practice Form/txtfield - State"), 0): Scroll to object 'Object Repository/Practice Form/txtfield - State' successfully

15-06-2025T15:13:22 - [MESSAGE][WARNING] - Timeout '0' is invalid. Using default page load timeout: '30'

15-06-2025T15:13:22 - [MESSAGE][PASSED] - Scroll to object 'Object Repository/Practice Form/txtfield - State' successfully

15-06-2025T15:13:22 - [TEST_STEP][PASSED] - if (state != null && state != ""): Keys 'TAB + ' sent to object: 'Object Repository/Practice Form/txtfield - State'

15-06-2025T15:13:22 - [TEST_STEP][PASSED] - setText(findTestObject("Object Repository/Practice Form/txtfield - State"), state): Text 'Haryana' is set on object 'Object Repository/Practice Form/txtfield - State'

15-06-2025T15:13:22 - [MESSAGE][PASSED] - Text 'Haryana' is set on object 'Object Repository/Practice Form/txtfield - State'

15-06-2025T15:13:22 - [TEST_STEP][PASSED] - delay(1): Delayed 1 second(s)

15-06-2025T15:13:23 - [MESSAGE][PASSED] - Delayed 1 second(s)

15-06-2025T15:13:23 - [TEST_STEP][PASSED] - sendKeys(findTestObject("Object Repository/Practice Form/txtfield - State"), TAB.toString()): Keys 'TAB + ' sent to object: 'Object Repository/Practice Form/txtfield - State'

15-06-2025T15:13:23 - [MESSAGE][PASSED] - Keys 'TAB + ' sent to object: 'Object Repository/Practice Form/txtfield - State'

15-06-2025T15:13:23 - [TEST_STEP][PASSED] - if (city != null && city != ""): Keys 'DOWN + ENTER + ' sent to object: 'Object Repository/Practice Form/txtfield - City'

15-06-2025T15:13:23 - [TEST_STEP][PASSED] - setText(findTestObject("Object Repository/Practice Form/txtfield - City"), city): Text 'Karnal' is set on object 'Object Repository/Practice Form/txtfield - City'

15-06-2025T15:13:24 - [MESSAGE][PASSED] - Text 'Karnal' is set on object 'Object Repository/Practice Form/txtfield - City'

15-06-2025T15:13:24 - [TEST_STEP][PASSED] - delay(1): Delayed 1 second(s)

15-06-2025T15:13:25 - [MESSAGE][PASSED] - Delayed 1 second(s)

15-06-2025T15:13:25 - [TEST_STEP][PASSED] - sendKeys(findTestObject("Object Repository/Practice Form/txtfield - City"), Keys.chord(ARROW_DOWN, ENTER)): Keys 'DOWN + ENTER + ' sent to object: 'Object Repository/Practice Form/txtfield - City'

15-06-2025T15:13:25 - [MESSAGE][PASSED] - Keys 'DOWN + ENTER + ' sent to object: 'Object Repository/Practice Form/txtfield - City'

15-06-2025T15:13:25 - [TEST_STEP][PASSED] - scrollToElement(findTestObject("Object Repository/Practice Form/button - Submit"), 0): Scroll to object 'Object Repository/Practice Form/button - Submit' successfully

15-06-2025T15:13:25 - [MESSAGE][WARNING] - Timeout '0' is invalid. Using default page load timeout: '30'

15-06-2025T15:13:25 - [MESSAGE][PASSED] - Scroll to object 'Object Repository/Practice Form/button - Submit' successfully

15-06-2025T15:13:25 - [TEST_STEP][PASSED] - click(findTestObject("Object Repository/Practice Form/button - Submit")): Object: 'Object Repository/Practice Form/button - Submit' is clicked on

15-06-2025T15:13:25 - [MESSAGE][PASSED] - Object: 'Object Repository/Practice Form/button - Submit' is clicked on

15-06-2025T15:13:25 - [TEST_STEP][PASSED] - verifyElementPresent(findTestObject("Object Repository/Modal/txt - Modal title"), 2, CONTINUE_ON_FAILURE): Object 'Object Repository/Modal/txt - Modal title' is present

15-06-2025T15:13:25 - [MESSAGE][PASSED] - Object 'Object Repository/Modal/txt - Modal title' is present

15-06-2025T15:13:25 - [TEST_STEP][PASSED] - markPassed("Validation case : " + testNote): Validation case : input complete data

15-06-2025T15:13:25 - [MESSAGE][PASSED] - Validation case : input complete data

15-06-2025T15:13:25 - [TEST_STEP][PASSED] - closeBrowser(): Browser is closed

15-06-2025T15:13:25 - [MESSAGE][PASSED] - Browser is closed]]></system-out>
         <system-err><![CDATA[]]></system-err>
      </testcase>
      <testcase name="Test Cases/2. Normal Input/INP 1 - Valid data input to form" time="21.99" classname="Test Cases/2. Normal Input/INP 1 - Valid data input to form" status="PASSED">
         <system-out><![CDATA[15-06-2025T15:13:26 - [TEST_CASE][PASSED] - Test Cases/2. Normal Input/INP 1 - Valid data input to form: Test Cases/2. Normal Input/INP 1 - Valid data input to form

15-06-2025T15:13:26 - [TEST_STEP][PASSED] - openBrowser(""): Browser is opened with url: ''

15-06-2025T15:13:26 - [MESSAGE][INFO] - Starting 'Chrome' driver

15-06-2025T15:13:26 - [MESSAGE][INFO] - Action delay is set to 0 milliseconds

15-06-2025T15:13:27 - [MESSAGE][WARNING] - FFmpeg was not installed! Browser Recording will be disabled. Please follow this document to install FFmpeg first: https://docs.katalon.com/katalon-studio/docs/screenshots-videos.html#browser-based-recorder

15-06-2025T15:13:27 - [MESSAGE][PASSED] - Browser is opened with url: ''

15-06-2025T15:13:27 - [TEST_STEP][PASSED] - navigateToUrl(baseUrl): Navigate to 'https://demoqa.com/automation-practice-form' successfully

15-06-2025T15:13:41 - [MESSAGE][PASSED] - Navigate to 'https://demoqa.com/automation-practice-form' successfully

15-06-2025T15:13:41 - [TEST_STEP][PASSED] - verifyElementPresent(findTestObject("Object Repository/Practice Form/Title Name - Practice Form"), 0): Object 'Object Repository/Practice Form/Title Name - Practice Form' is present

15-06-2025T15:13:41 - [MESSAGE][WARNING] - Timeout '0' is invalid. Using default page load timeout: '30'

15-06-2025T15:13:41 - [MESSAGE][PASSED] - Object 'Object Repository/Practice Form/Title Name - Practice Form' is present

15-06-2025T15:13:41 - [TEST_STEP][PASSED] - setText(findTestObject("Object Repository/Practice Form/txtfield - First name"), firstName): Text 'Don' is set on object 'Object Repository/Practice Form/txtfield - First name'

15-06-2025T15:13:42 - [MESSAGE][PASSED] - Text 'Don' is set on object 'Object Repository/Practice Form/txtfield - First name'

15-06-2025T15:13:42 - [TEST_STEP][PASSED] - setText(findTestObject("Object Repository/Practice Form/txtfield - Last name"), lastName): Text 'Andres' is set on object 'Object Repository/Practice Form/txtfield - Last name'

15-06-2025T15:13:42 - [MESSAGE][PASSED] - Text 'Andres' is set on object 'Object Repository/Practice Form/txtfield - Last name'

15-06-2025T15:13:42 - [TEST_STEP][PASSED] - setText(findTestObject("Object Repository/Practice Form/txtfield - User Email"), email): Text '' is set on object 'Object Repository/Practice Form/txtfield - User Email'

15-06-2025T15:13:42 - [MESSAGE][PASSED] - Text '' is set on object 'Object Repository/Practice Form/txtfield - User Email'

15-06-2025T15:13:42 - [TEST_STEP][PASSED] - scrollToElement(findTestObject("Object Repository/Practice Form/radiobox - Male"), 0): Scroll to object 'Object Repository/Practice Form/radiobox - Male' successfully

15-06-2025T15:13:42 - [MESSAGE][WARNING] - Timeout '0' is invalid. Using default page load timeout: '30'

15-06-2025T15:13:42 - [MESSAGE][PASSED] - Scroll to object 'Object Repository/Practice Form/radiobox - Male' successfully

15-06-2025T15:13:42 - [TEST_STEP][PASSED] - if (gender == "Male"): null

15-06-2025T15:13:42 - [TEST_STEP][PASSED] - else if (gender == "Female"): Object: 'Object Repository/Practice Form/radiobox - Female' is clicked on

15-06-2025T15:13:42 - [TEST_STEP][PASSED] - click(findTestObject("Object Repository/Practice Form/radiobox - Female")): Object: 'Object Repository/Practice Form/radiobox - Female' is clicked on

15-06-2025T15:13:43 - [MESSAGE][PASSED] - Object: 'Object Repository/Practice Form/radiobox - Female' is clicked on

15-06-2025T15:13:43 - [TEST_STEP][PASSED] - scrollToElement(findTestObject("Object Repository/Practice Form/txtfield - Mobile number"), 0): Scroll to object 'Object Repository/Practice Form/txtfield - Mobile number' successfully

15-06-2025T15:13:43 - [MESSAGE][WARNING] - Timeout '0' is invalid. Using default page load timeout: '30'

15-06-2025T15:13:43 - [MESSAGE][PASSED] - Scroll to object 'Object Repository/Practice Form/txtfield - Mobile number' successfully

15-06-2025T15:13:43 - [TEST_STEP][PASSED] - setText(findTestObject("Object Repository/Practice Form/txtfield - Mobile number"), mobile): Text '0839402981' is set on object 'Object Repository/Practice Form/txtfield - Mobile number'

15-06-2025T15:13:43 - [MESSAGE][PASSED] - Text '0839402981' is set on object 'Object Repository/Practice Form/txtfield - Mobile number'

15-06-2025T15:13:43 - [TEST_STEP][PASSED] - scrollToElement(findTestObject("Object Repository/Practice Form/txtfield - Birth date"), 0): Scroll to object 'Object Repository/Practice Form/txtfield - Birth date' successfully

15-06-2025T15:13:43 - [MESSAGE][WARNING] - Timeout '0' is invalid. Using default page load timeout: '30'

15-06-2025T15:13:43 - [MESSAGE][PASSED] - Scroll to object 'Object Repository/Practice Form/txtfield - Birth date' successfully

15-06-2025T15:13:43 - [TEST_STEP][PASSED] - click(findTestObject("Object Repository/Practice Form/txtfield - Birth date")): Object: 'Object Repository/Practice Form/txtfield - Birth date' is clicked on

15-06-2025T15:13:43 - [MESSAGE][PASSED] - Object: 'Object Repository/Practice Form/txtfield - Birth date' is clicked on

15-06-2025T15:13:43 - [TEST_STEP][PASSED] - click(findTestObject("Object Repository/Practice Form/specific date picker")): Object: 'Object Repository/Practice Form/specific date picker' is clicked on

15-06-2025T15:13:43 - [MESSAGE][PASSED] - Object: 'Object Repository/Practice Form/specific date picker' is clicked on

15-06-2025T15:13:43 - [TEST_STEP][PASSED] - scrollToElement(findTestObject("Object Repository/Practice Form/txtfield - Subjects"), 0): Scroll to object 'Object Repository/Practice Form/txtfield - Subjects' successfully

15-06-2025T15:13:43 - [MESSAGE][WARNING] - Timeout '0' is invalid. Using default page load timeout: '30'

15-06-2025T15:13:44 - [MESSAGE][PASSED] - Scroll to object 'Object Repository/Practice Form/txtfield - Subjects' successfully

15-06-2025T15:13:44 - [TEST_STEP][PASSED] - if (subjects != null): Text 'English' is set on object 'Object Repository/Practice Form/txtfield - Subjects'

15-06-2025T15:13:44 - [TEST_STEP][PASSED] - setText(findTestObject("Object Repository/Practice Form/txtfield - Subjects"), subjects): Text 'English' is set on object 'Object Repository/Practice Form/txtfield - Subjects'

15-06-2025T15:13:44 - [MESSAGE][PASSED] - Text 'English' is set on object 'Object Repository/Practice Form/txtfield - Subjects'

15-06-2025T15:13:44 - [TEST_STEP][PASSED] - sendKeys(findTestObject("Object Repository/Practice Form/txtfield - Subjects"), TAB.toString()): Keys 'TAB + ' sent to object: 'Object Repository/Practice Form/txtfield - Subjects'

15-06-2025T15:13:44 - [MESSAGE][PASSED] - Keys 'TAB + ' sent to object: 'Object Repository/Practice Form/txtfield - Subjects'

15-06-2025T15:13:44 - [TEST_STEP][PASSED] - scrollToElement(findTestObject("Object Repository/Practice Form/checkbox - Sports"), 0): Scroll to object 'Object Repository/Practice Form/checkbox - Sports' successfully

15-06-2025T15:13:44 - [MESSAGE][WARNING] - Timeout '0' is invalid. Using default page load timeout: '30'

15-06-2025T15:13:44 - [MESSAGE][PASSED] - Scroll to object 'Object Repository/Practice Form/checkbox - Sports' successfully

15-06-2025T15:13:44 - [TEST_STEP][PASSED] - if (hobbies == "Sports"): Object: 'Object Repository/Practice Form/checkbox - Sports' is clicked on

15-06-2025T15:13:44 - [TEST_STEP][PASSED] - click(findTestObject("Object Repository/Practice Form/checkbox - Sports")): Object: 'Object Repository/Practice Form/checkbox - Sports' is clicked on

15-06-2025T15:13:44 - [MESSAGE][PASSED] - Object: 'Object Repository/Practice Form/checkbox - Sports' is clicked on

15-06-2025T15:13:44 - [TEST_STEP][PASSED] - imagePath = getProjectDir() + "/Include/image/gambarDummy.jpeg": null

15-06-2025T15:13:44 - [TEST_STEP][PASSED] - uploadFile(findTestObject("Object Repository/Practice Form/file - Picture"), imagePath): File 'C:/Users/M S I/Katalon Studio/web-maulana-afteroffice-katalon/Include/image/gambarDummy.jpeg' sent to object: 'Object Repository/Practice Form/file - Picture'

15-06-2025T15:13:44 - [MESSAGE][PASSED] - File 'C:/Users/M S I/Katalon Studio/web-maulana-afteroffice-katalon/Include/image/gambarDummy.jpeg' sent to object: 'Object Repository/Practice Form/file - Picture'

15-06-2025T15:13:44 - [TEST_STEP][PASSED] - scrollToElement(findTestObject("Object Repository/Practice Form/textarea - Current address"), 0): Scroll to object 'Object Repository/Practice Form/textarea - Current address' successfully

15-06-2025T15:13:44 - [MESSAGE][WARNING] - Timeout '0' is invalid. Using default page load timeout: '30'

15-06-2025T15:13:44 - [MESSAGE][PASSED] - Scroll to object 'Object Repository/Practice Form/textarea - Current address' successfully

15-06-2025T15:13:44 - [TEST_STEP][PASSED] - setText(findTestObject("Object Repository/Practice Form/textarea - Current address"), currentAddress): Text 'Jl. Bernabeu utara 56 Madrid' is set on object 'Object Repository/Practice Form/textarea - Current address'

15-06-2025T15:13:44 - [MESSAGE][PASSED] - Text 'Jl. Bernabeu utara 56 Madrid' is set on object 'Object Repository/Practice Form/textarea - Current address'

15-06-2025T15:13:44 - [TEST_STEP][PASSED] - scrollToElement(findTestObject("Object Repository/Practice Form/txtfield - State"), 0): Scroll to object 'Object Repository/Practice Form/txtfield - State' successfully

15-06-2025T15:13:44 - [MESSAGE][WARNING] - Timeout '0' is invalid. Using default page load timeout: '30'

15-06-2025T15:13:44 - [MESSAGE][PASSED] - Scroll to object 'Object Repository/Practice Form/txtfield - State' successfully

15-06-2025T15:13:44 - [TEST_STEP][PASSED] - if (state != null && state != ""): Keys 'TAB + ' sent to object: 'Object Repository/Practice Form/txtfield - State'

15-06-2025T15:13:44 - [TEST_STEP][PASSED] - setText(findTestObject("Object Repository/Practice Form/txtfield - State"), state): Text 'NCR' is set on object 'Object Repository/Practice Form/txtfield - State'

15-06-2025T15:13:44 - [MESSAGE][PASSED] - Text 'NCR' is set on object 'Object Repository/Practice Form/txtfield - State'

15-06-2025T15:13:44 - [TEST_STEP][PASSED] - delay(1): Delayed 1 second(s)

15-06-2025T15:13:45 - [MESSAGE][PASSED] - Delayed 1 second(s)

15-06-2025T15:13:45 - [TEST_STEP][PASSED] - sendKeys(findTestObject("Object Repository/Practice Form/txtfield - State"), TAB.toString()): Keys 'TAB + ' sent to object: 'Object Repository/Practice Form/txtfield - State'

15-06-2025T15:13:46 - [MESSAGE][PASSED] - Keys 'TAB + ' sent to object: 'Object Repository/Practice Form/txtfield - State'

15-06-2025T15:13:46 - [TEST_STEP][PASSED] - if (city != null && city != ""): Keys 'DOWN + ENTER + ' sent to object: 'Object Repository/Practice Form/txtfield - City'

15-06-2025T15:13:46 - [TEST_STEP][PASSED] - setText(findTestObject("Object Repository/Practice Form/txtfield - City"), city): Text 'Delhi' is set on object 'Object Repository/Practice Form/txtfield - City'

15-06-2025T15:13:46 - [MESSAGE][PASSED] - Text 'Delhi' is set on object 'Object Repository/Practice Form/txtfield - City'

15-06-2025T15:13:46 - [TEST_STEP][PASSED] - delay(1): Delayed 1 second(s)

15-06-2025T15:13:47 - [MESSAGE][PASSED] - Delayed 1 second(s)

15-06-2025T15:13:47 - [TEST_STEP][PASSED] - sendKeys(findTestObject("Object Repository/Practice Form/txtfield - City"), Keys.chord(ARROW_DOWN, ENTER)): Keys 'DOWN + ENTER + ' sent to object: 'Object Repository/Practice Form/txtfield - City'

15-06-2025T15:13:47 - [MESSAGE][PASSED] - Keys 'DOWN + ENTER + ' sent to object: 'Object Repository/Practice Form/txtfield - City'

15-06-2025T15:13:47 - [TEST_STEP][PASSED] - scrollToElement(findTestObject("Object Repository/Practice Form/button - Submit"), 0): Scroll to object 'Object Repository/Practice Form/button - Submit' successfully

15-06-2025T15:13:47 - [MESSAGE][WARNING] - Timeout '0' is invalid. Using default page load timeout: '30'

15-06-2025T15:13:47 - [MESSAGE][PASSED] - Scroll to object 'Object Repository/Practice Form/button - Submit' successfully

15-06-2025T15:13:47 - [TEST_STEP][PASSED] - click(findTestObject("Object Repository/Practice Form/button - Submit")): Object: 'Object Repository/Practice Form/button - Submit' is clicked on

15-06-2025T15:13:47 - [MESSAGE][PASSED] - Object: 'Object Repository/Practice Form/button - Submit' is clicked on

15-06-2025T15:13:47 - [TEST_STEP][PASSED] - verifyElementPresent(findTestObject("Object Repository/Modal/txt - Modal title"), 2, CONTINUE_ON_FAILURE): Object 'Object Repository/Modal/txt - Modal title' is present

15-06-2025T15:13:47 - [MESSAGE][PASSED] - Object 'Object Repository/Modal/txt - Modal title' is present

15-06-2025T15:13:47 - [TEST_STEP][PASSED] - markPassed("Validation case : " + testNote): Validation case : input without email (optional)

15-06-2025T15:13:47 - [MESSAGE][PASSED] - Validation case : input without email (optional)

15-06-2025T15:13:47 - [TEST_STEP][PASSED] - closeBrowser(): Browser is closed

15-06-2025T15:13:48 - [MESSAGE][PASSED] - Browser is closed]]></system-out>
         <system-err><![CDATA[]]></system-err>
      </testcase>
      <testcase name="Test Cases/2. Normal Input/INP 1 - Valid data input to form" time="20.171" classname="Test Cases/2. Normal Input/INP 1 - Valid data input to form" status="PASSED">
         <system-out><![CDATA[15-06-2025T15:13:48 - [TEST_CASE][PASSED] - Test Cases/2. Normal Input/INP 1 - Valid data input to form: Test Cases/2. Normal Input/INP 1 - Valid data input to form

15-06-2025T15:13:48 - [TEST_STEP][PASSED] - openBrowser(""): Browser is opened with url: ''

15-06-2025T15:13:48 - [MESSAGE][INFO] - Starting 'Chrome' driver

15-06-2025T15:13:48 - [MESSAGE][INFO] - Action delay is set to 0 milliseconds

15-06-2025T15:13:48 - [MESSAGE][WARNING] - FFmpeg was not installed! Browser Recording will be disabled. Please follow this document to install FFmpeg first: https://docs.katalon.com/katalon-studio/docs/screenshots-videos.html#browser-based-recorder

15-06-2025T15:13:48 - [MESSAGE][PASSED] - Browser is opened with url: ''

15-06-2025T15:13:48 - [TEST_STEP][PASSED] - navigateToUrl(baseUrl): Navigate to 'https://demoqa.com/automation-practice-form' successfully

15-06-2025T15:14:02 - [MESSAGE][PASSED] - Navigate to 'https://demoqa.com/automation-practice-form' successfully

15-06-2025T15:14:02 - [TEST_STEP][PASSED] - verifyElementPresent(findTestObject("Object Repository/Practice Form/Title Name - Practice Form"), 0): Object 'Object Repository/Practice Form/Title Name - Practice Form' is present

15-06-2025T15:14:02 - [MESSAGE][WARNING] - Timeout '0' is invalid. Using default page load timeout: '30'

15-06-2025T15:14:02 - [MESSAGE][PASSED] - Object 'Object Repository/Practice Form/Title Name - Practice Form' is present

15-06-2025T15:14:02 - [TEST_STEP][PASSED] - setText(findTestObject("Object Repository/Practice Form/txtfield - First name"), firstName): Text 'Daje' is set on object 'Object Repository/Practice Form/txtfield - First name'

15-06-2025T15:14:03 - [MESSAGE][PASSED] - Text 'Daje' is set on object 'Object Repository/Practice Form/txtfield - First name'

15-06-2025T15:14:03 - [TEST_STEP][PASSED] - setText(findTestObject("Object Repository/Practice Form/txtfield - Last name"), lastName): Text 'Roma' is set on object 'Object Repository/Practice Form/txtfield - Last name'

15-06-2025T15:14:03 - [MESSAGE][PASSED] - Text 'Roma' is set on object 'Object Repository/Practice Form/txtfield - Last name'

15-06-2025T15:14:03 - [TEST_STEP][PASSED] - setText(findTestObject("Object Repository/Practice Form/txtfield - User Email"), email): Text 'romadaje@mail.com' is set on object 'Object Repository/Practice Form/txtfield - User Email'

15-06-2025T15:14:03 - [MESSAGE][PASSED] - Text 'romadaje@mail.com' is set on object 'Object Repository/Practice Form/txtfield - User Email'

15-06-2025T15:14:03 - [TEST_STEP][PASSED] - scrollToElement(findTestObject("Object Repository/Practice Form/radiobox - Male"), 0): Scroll to object 'Object Repository/Practice Form/radiobox - Male' successfully

15-06-2025T15:14:03 - [MESSAGE][WARNING] - Timeout '0' is invalid. Using default page load timeout: '30'

15-06-2025T15:14:03 - [MESSAGE][PASSED] - Scroll to object 'Object Repository/Practice Form/radiobox - Male' successfully

15-06-2025T15:14:03 - [TEST_STEP][PASSED] - if (gender == "Male"): Object: 'Object Repository/Practice Form/radiobox - Male' is clicked on

15-06-2025T15:14:03 - [TEST_STEP][PASSED] - click(findTestObject("Object Repository/Practice Form/radiobox - Male")): Object: 'Object Repository/Practice Form/radiobox - Male' is clicked on

15-06-2025T15:14:03 - [MESSAGE][PASSED] - Object: 'Object Repository/Practice Form/radiobox - Male' is clicked on

15-06-2025T15:14:03 - [TEST_STEP][PASSED] - scrollToElement(findTestObject("Object Repository/Practice Form/txtfield - Mobile number"), 0): Scroll to object 'Object Repository/Practice Form/txtfield - Mobile number' successfully

15-06-2025T15:14:03 - [MESSAGE][WARNING] - Timeout '0' is invalid. Using default page load timeout: '30'

15-06-2025T15:14:03 - [MESSAGE][PASSED] - Scroll to object 'Object Repository/Practice Form/txtfield - Mobile number' successfully

15-06-2025T15:14:03 - [TEST_STEP][PASSED] - setText(findTestObject("Object Repository/Practice Form/txtfield - Mobile number"), mobile): Text '0839273645' is set on object 'Object Repository/Practice Form/txtfield - Mobile number'

15-06-2025T15:14:04 - [MESSAGE][PASSED] - Text '0839273645' is set on object 'Object Repository/Practice Form/txtfield - Mobile number'

15-06-2025T15:14:04 - [TEST_STEP][PASSED] - scrollToElement(findTestObject("Object Repository/Practice Form/txtfield - Birth date"), 0): Scroll to object 'Object Repository/Practice Form/txtfield - Birth date' successfully

15-06-2025T15:14:04 - [MESSAGE][WARNING] - Timeout '0' is invalid. Using default page load timeout: '30'

15-06-2025T15:14:04 - [MESSAGE][PASSED] - Scroll to object 'Object Repository/Practice Form/txtfield - Birth date' successfully

15-06-2025T15:14:04 - [TEST_STEP][PASSED] - click(findTestObject("Object Repository/Practice Form/txtfield - Birth date")): Object: 'Object Repository/Practice Form/txtfield - Birth date' is clicked on

15-06-2025T15:14:04 - [MESSAGE][PASSED] - Object: 'Object Repository/Practice Form/txtfield - Birth date' is clicked on

15-06-2025T15:14:04 - [TEST_STEP][PASSED] - click(findTestObject("Object Repository/Practice Form/specific date picker")): Object: 'Object Repository/Practice Form/specific date picker' is clicked on

15-06-2025T15:14:04 - [MESSAGE][PASSED] - Object: 'Object Repository/Practice Form/specific date picker' is clicked on

15-06-2025T15:14:04 - [TEST_STEP][PASSED] - scrollToElement(findTestObject("Object Repository/Practice Form/txtfield - Subjects"), 0): Scroll to object 'Object Repository/Practice Form/txtfield - Subjects' successfully

15-06-2025T15:14:04 - [MESSAGE][WARNING] - Timeout '0' is invalid. Using default page load timeout: '30'

15-06-2025T15:14:04 - [MESSAGE][PASSED] - Scroll to object 'Object Repository/Practice Form/txtfield - Subjects' successfully

15-06-2025T15:14:04 - [TEST_STEP][PASSED] - if (subjects != null): Text '' is set on object 'Object Repository/Practice Form/txtfield - Subjects'

15-06-2025T15:14:04 - [TEST_STEP][PASSED] - setText(findTestObject("Object Repository/Practice Form/txtfield - Subjects"), subjects): Text '' is set on object 'Object Repository/Practice Form/txtfield - Subjects'

15-06-2025T15:14:04 - [MESSAGE][PASSED] - Text '' is set on object 'Object Repository/Practice Form/txtfield - Subjects'

15-06-2025T15:14:04 - [TEST_STEP][PASSED] - sendKeys(findTestObject("Object Repository/Practice Form/txtfield - Subjects"), TAB.toString()): Keys 'TAB + ' sent to object: 'Object Repository/Practice Form/txtfield - Subjects'

15-06-2025T15:14:04 - [MESSAGE][PASSED] - Keys 'TAB + ' sent to object: 'Object Repository/Practice Form/txtfield - Subjects'

15-06-2025T15:14:04 - [TEST_STEP][PASSED] - scrollToElement(findTestObject("Object Repository/Practice Form/checkbox - Sports"), 0): Scroll to object 'Object Repository/Practice Form/checkbox - Sports' successfully

15-06-2025T15:14:04 - [MESSAGE][WARNING] - Timeout '0' is invalid. Using default page load timeout: '30'

15-06-2025T15:14:04 - [MESSAGE][PASSED] - Scroll to object 'Object Repository/Practice Form/checkbox - Sports' successfully

15-06-2025T15:14:04 - [TEST_STEP][PASSED] - if (hobbies == "Sports"): null

15-06-2025T15:14:04 - [TEST_STEP][PASSED] - else if (hobbies == "Reading"): null

15-06-2025T15:14:04 - [TEST_STEP][PASSED] - else if (hobbies == "Music"): Object: 'Object Repository/Practice Form/checkbox - Music' is clicked on

15-06-2025T15:14:04 - [TEST_STEP][PASSED] - click(findTestObject("Object Repository/Practice Form/checkbox - Music")): Object: 'Object Repository/Practice Form/checkbox - Music' is clicked on

15-06-2025T15:14:05 - [MESSAGE][PASSED] - Object: 'Object Repository/Practice Form/checkbox - Music' is clicked on

15-06-2025T15:14:05 - [TEST_STEP][PASSED] - imagePath = getProjectDir() + "/Include/image/gambarDummy.jpeg": null

15-06-2025T15:14:05 - [TEST_STEP][PASSED] - uploadFile(findTestObject("Object Repository/Practice Form/file - Picture"), imagePath): File 'C:/Users/M S I/Katalon Studio/web-maulana-afteroffice-katalon/Include/image/gambarDummy.jpeg' sent to object: 'Object Repository/Practice Form/file - Picture'

15-06-2025T15:14:05 - [MESSAGE][PASSED] - File 'C:/Users/M S I/Katalon Studio/web-maulana-afteroffice-katalon/Include/image/gambarDummy.jpeg' sent to object: 'Object Repository/Practice Form/file - Picture'

15-06-2025T15:14:05 - [TEST_STEP][PASSED] - scrollToElement(findTestObject("Object Repository/Practice Form/textarea - Current address"), 0): Scroll to object 'Object Repository/Practice Form/textarea - Current address' successfully

15-06-2025T15:14:05 - [MESSAGE][WARNING] - Timeout '0' is invalid. Using default page load timeout: '30'

15-06-2025T15:14:05 - [MESSAGE][PASSED] - Scroll to object 'Object Repository/Practice Form/textarea - Current address' successfully

15-06-2025T15:14:05 - [TEST_STEP][PASSED] - setText(findTestObject("Object Repository/Practice Form/textarea - Current address"), currentAddress): Text 'Jl. Bernabeu utara 56 Madrid' is set on object 'Object Repository/Practice Form/textarea - Current address'

15-06-2025T15:14:05 - [MESSAGE][PASSED] - Text 'Jl. Bernabeu utara 56 Madrid' is set on object 'Object Repository/Practice Form/textarea - Current address'

15-06-2025T15:14:05 - [TEST_STEP][PASSED] - scrollToElement(findTestObject("Object Repository/Practice Form/txtfield - State"), 0): Scroll to object 'Object Repository/Practice Form/txtfield - State' successfully

15-06-2025T15:14:05 - [MESSAGE][WARNING] - Timeout '0' is invalid. Using default page load timeout: '30'

15-06-2025T15:14:05 - [MESSAGE][PASSED] - Scroll to object 'Object Repository/Practice Form/txtfield - State' successfully

15-06-2025T15:14:05 - [TEST_STEP][PASSED] - if (state != null && state != ""): Keys 'TAB + ' sent to object: 'Object Repository/Practice Form/txtfield - State'

15-06-2025T15:14:05 - [TEST_STEP][PASSED] - setText(findTestObject("Object Repository/Practice Form/txtfield - State"), state): Text 'Haryana' is set on object 'Object Repository/Practice Form/txtfield - State'

15-06-2025T15:14:05 - [MESSAGE][PASSED] - Text 'Haryana' is set on object 'Object Repository/Practice Form/txtfield - State'

15-06-2025T15:14:05 - [TEST_STEP][PASSED] - delay(1): Delayed 1 second(s)

15-06-2025T15:14:06 - [MESSAGE][PASSED] - Delayed 1 second(s)

15-06-2025T15:14:06 - [TEST_STEP][PASSED] - sendKeys(findTestObject("Object Repository/Practice Form/txtfield - State"), TAB.toString()): Keys 'TAB + ' sent to object: 'Object Repository/Practice Form/txtfield - State'

15-06-2025T15:14:06 - [MESSAGE][PASSED] - Keys 'TAB + ' sent to object: 'Object Repository/Practice Form/txtfield - State'

15-06-2025T15:14:06 - [TEST_STEP][PASSED] - if (city != null && city != ""): Keys 'DOWN + ENTER + ' sent to object: 'Object Repository/Practice Form/txtfield - City'

15-06-2025T15:14:06 - [TEST_STEP][PASSED] - setText(findTestObject("Object Repository/Practice Form/txtfield - City"), city): Text 'Karnal' is set on object 'Object Repository/Practice Form/txtfield - City'

15-06-2025T15:14:06 - [MESSAGE][PASSED] - Text 'Karnal' is set on object 'Object Repository/Practice Form/txtfield - City'

15-06-2025T15:14:06 - [TEST_STEP][PASSED] - delay(1): Delayed 1 second(s)

15-06-2025T15:14:07 - [MESSAGE][PASSED] - Delayed 1 second(s)

15-06-2025T15:14:07 - [TEST_STEP][PASSED] - sendKeys(findTestObject("Object Repository/Practice Form/txtfield - City"), Keys.chord(ARROW_DOWN, ENTER)): Keys 'DOWN + ENTER + ' sent to object: 'Object Repository/Practice Form/txtfield - City'

15-06-2025T15:14:07 - [MESSAGE][PASSED] - Keys 'DOWN + ENTER + ' sent to object: 'Object Repository/Practice Form/txtfield - City'

15-06-2025T15:14:07 - [TEST_STEP][PASSED] - scrollToElement(findTestObject("Object Repository/Practice Form/button - Submit"), 0): Scroll to object 'Object Repository/Practice Form/button - Submit' successfully

15-06-2025T15:14:07 - [MESSAGE][WARNING] - Timeout '0' is invalid. Using default page load timeout: '30'

15-06-2025T15:14:07 - [MESSAGE][PASSED] - Scroll to object 'Object Repository/Practice Form/button - Submit' successfully

15-06-2025T15:14:07 - [TEST_STEP][PASSED] - click(findTestObject("Object Repository/Practice Form/button - Submit")): Object: 'Object Repository/Practice Form/button - Submit' is clicked on

15-06-2025T15:14:07 - [MESSAGE][PASSED] - Object: 'Object Repository/Practice Form/button - Submit' is clicked on

15-06-2025T15:14:07 - [TEST_STEP][PASSED] - verifyElementPresent(findTestObject("Object Repository/Modal/txt - Modal title"), 2, CONTINUE_ON_FAILURE): Object 'Object Repository/Modal/txt - Modal title' is present

15-06-2025T15:14:07 - [MESSAGE][PASSED] - Object 'Object Repository/Modal/txt - Modal title' is present

15-06-2025T15:14:07 - [TEST_STEP][PASSED] - markPassed("Validation case : " + testNote): Validation case : input without subjects (optional)

15-06-2025T15:14:07 - [MESSAGE][PASSED] - Validation case : input without subjects (optional)

15-06-2025T15:14:07 - [TEST_STEP][PASSED] - closeBrowser(): Browser is closed

15-06-2025T15:14:08 - [MESSAGE][PASSED] - Browser is closed]]></system-out>
         <system-err><![CDATA[]]></system-err>
      </testcase>
      <testcase name="Test Cases/2. Normal Input/INP 1 - Valid data input to form" time="20.337" classname="Test Cases/2. Normal Input/INP 1 - Valid data input to form" status="PASSED">
         <system-out><![CDATA[15-06-2025T15:14:08 - [TEST_CASE][PASSED] - Test Cases/2. Normal Input/INP 1 - Valid data input to form: Test Cases/2. Normal Input/INP 1 - Valid data input to form

15-06-2025T15:14:08 - [TEST_STEP][PASSED] - openBrowser(""): Browser is opened with url: ''

15-06-2025T15:14:08 - [MESSAGE][INFO] - Starting 'Chrome' driver

15-06-2025T15:14:08 - [MESSAGE][INFO] - Action delay is set to 0 milliseconds

15-06-2025T15:14:09 - [MESSAGE][WARNING] - FFmpeg was not installed! Browser Recording will be disabled. Please follow this document to install FFmpeg first: https://docs.katalon.com/katalon-studio/docs/screenshots-videos.html#browser-based-recorder

15-06-2025T15:14:09 - [MESSAGE][PASSED] - Browser is opened with url: ''

15-06-2025T15:14:09 - [TEST_STEP][PASSED] - navigateToUrl(baseUrl): Navigate to 'https://demoqa.com/automation-practice-form' successfully

15-06-2025T15:14:10 - [MESSAGE][PASSED] - Navigate to 'https://demoqa.com/automation-practice-form' successfully

15-06-2025T15:14:10 - [TEST_STEP][PASSED] - verifyElementPresent(findTestObject("Object Repository/Practice Form/Title Name - Practice Form"), 0): Object 'Object Repository/Practice Form/Title Name - Practice Form' is present

15-06-2025T15:14:10 - [MESSAGE][WARNING] - Timeout '0' is invalid. Using default page load timeout: '30'

15-06-2025T15:14:24 - [MESSAGE][PASSED] - Object 'Object Repository/Practice Form/Title Name - Practice Form' is present

15-06-2025T15:14:24 - [TEST_STEP][PASSED] - setText(findTestObject("Object Repository/Practice Form/txtfield - First name"), firstName): Text 'Visca' is set on object 'Object Repository/Practice Form/txtfield - First name'

15-06-2025T15:14:24 - [MESSAGE][PASSED] - Text 'Visca' is set on object 'Object Repository/Practice Form/txtfield - First name'

15-06-2025T15:14:24 - [TEST_STEP][PASSED] - setText(findTestObject("Object Repository/Practice Form/txtfield - Last name"), lastName): Text 'Barca' is set on object 'Object Repository/Practice Form/txtfield - Last name'

15-06-2025T15:14:24 - [MESSAGE][PASSED] - Text 'Barca' is set on object 'Object Repository/Practice Form/txtfield - Last name'

15-06-2025T15:14:24 - [TEST_STEP][PASSED] - setText(findTestObject("Object Repository/Practice Form/txtfield - User Email"), email): Text 'barcavisca@camp.com' is set on object 'Object Repository/Practice Form/txtfield - User Email'

15-06-2025T15:14:24 - [MESSAGE][PASSED] - Text 'barcavisca@camp.com' is set on object 'Object Repository/Practice Form/txtfield - User Email'

15-06-2025T15:14:24 - [TEST_STEP][PASSED] - scrollToElement(findTestObject("Object Repository/Practice Form/radiobox - Male"), 0): Scroll to object 'Object Repository/Practice Form/radiobox - Male' successfully

15-06-2025T15:14:24 - [MESSAGE][WARNING] - Timeout '0' is invalid. Using default page load timeout: '30'

15-06-2025T15:14:24 - [MESSAGE][PASSED] - Scroll to object 'Object Repository/Practice Form/radiobox - Male' successfully

15-06-2025T15:14:24 - [TEST_STEP][PASSED] - if (gender == "Male"): Object: 'Object Repository/Practice Form/radiobox - Male' is clicked on

15-06-2025T15:14:24 - [TEST_STEP][PASSED] - click(findTestObject("Object Repository/Practice Form/radiobox - Male")): Object: 'Object Repository/Practice Form/radiobox - Male' is clicked on

15-06-2025T15:14:24 - [MESSAGE][PASSED] - Object: 'Object Repository/Practice Form/radiobox - Male' is clicked on

15-06-2025T15:14:24 - [TEST_STEP][PASSED] - scrollToElement(findTestObject("Object Repository/Practice Form/txtfield - Mobile number"), 0): Scroll to object 'Object Repository/Practice Form/txtfield - Mobile number' successfully

15-06-2025T15:14:24 - [MESSAGE][WARNING] - Timeout '0' is invalid. Using default page load timeout: '30'

15-06-2025T15:14:24 - [MESSAGE][PASSED] - Scroll to object 'Object Repository/Practice Form/txtfield - Mobile number' successfully

15-06-2025T15:14:24 - [TEST_STEP][PASSED] - setText(findTestObject("Object Repository/Practice Form/txtfield - Mobile number"), mobile): Text '0392812387' is set on object 'Object Repository/Practice Form/txtfield - Mobile number'

15-06-2025T15:14:24 - [MESSAGE][PASSED] - Text '0392812387' is set on object 'Object Repository/Practice Form/txtfield - Mobile number'

15-06-2025T15:14:24 - [TEST_STEP][PASSED] - scrollToElement(findTestObject("Object Repository/Practice Form/txtfield - Birth date"), 0): Scroll to object 'Object Repository/Practice Form/txtfield - Birth date' successfully

15-06-2025T15:14:24 - [MESSAGE][WARNING] - Timeout '0' is invalid. Using default page load timeout: '30'

15-06-2025T15:14:24 - [MESSAGE][PASSED] - Scroll to object 'Object Repository/Practice Form/txtfield - Birth date' successfully

15-06-2025T15:14:24 - [TEST_STEP][PASSED] - click(findTestObject("Object Repository/Practice Form/txtfield - Birth date")): Object: 'Object Repository/Practice Form/txtfield - Birth date' is clicked on

15-06-2025T15:14:25 - [MESSAGE][PASSED] - Object: 'Object Repository/Practice Form/txtfield - Birth date' is clicked on

15-06-2025T15:14:25 - [TEST_STEP][PASSED] - click(findTestObject("Object Repository/Practice Form/specific date picker")): Object: 'Object Repository/Practice Form/specific date picker' is clicked on

15-06-2025T15:14:25 - [MESSAGE][PASSED] - Object: 'Object Repository/Practice Form/specific date picker' is clicked on

15-06-2025T15:14:25 - [TEST_STEP][PASSED] - scrollToElement(findTestObject("Object Repository/Practice Form/txtfield - Subjects"), 0): Scroll to object 'Object Repository/Practice Form/txtfield - Subjects' successfully

15-06-2025T15:14:25 - [MESSAGE][WARNING] - Timeout '0' is invalid. Using default page load timeout: '30'

15-06-2025T15:14:25 - [MESSAGE][PASSED] - Scroll to object 'Object Repository/Practice Form/txtfield - Subjects' successfully

15-06-2025T15:14:25 - [TEST_STEP][PASSED] - if (subjects != null): Text 'Maths' is set on object 'Object Repository/Practice Form/txtfield - Subjects'

15-06-2025T15:14:25 - [TEST_STEP][PASSED] - setText(findTestObject("Object Repository/Practice Form/txtfield - Subjects"), subjects): Text 'Maths' is set on object 'Object Repository/Practice Form/txtfield - Subjects'

15-06-2025T15:14:25 - [MESSAGE][PASSED] - Text 'Maths' is set on object 'Object Repository/Practice Form/txtfield - Subjects'

15-06-2025T15:14:25 - [TEST_STEP][PASSED] - sendKeys(findTestObject("Object Repository/Practice Form/txtfield - Subjects"), TAB.toString()): Keys 'TAB + ' sent to object: 'Object Repository/Practice Form/txtfield - Subjects'

15-06-2025T15:14:25 - [MESSAGE][PASSED] - Keys 'TAB + ' sent to object: 'Object Repository/Practice Form/txtfield - Subjects'

15-06-2025T15:14:25 - [TEST_STEP][PASSED] - scrollToElement(findTestObject("Object Repository/Practice Form/checkbox - Sports"), 0): Scroll to object 'Object Repository/Practice Form/checkbox - Sports' successfully

15-06-2025T15:14:25 - [MESSAGE][WARNING] - Timeout '0' is invalid. Using default page load timeout: '30'

15-06-2025T15:14:25 - [MESSAGE][PASSED] - Scroll to object 'Object Repository/Practice Form/checkbox - Sports' successfully

15-06-2025T15:14:25 - [TEST_STEP][PASSED] - if (hobbies == "Sports"): null

15-06-2025T15:14:25 - [TEST_STEP][PASSED] - else if (hobbies == "Reading"): null

15-06-2025T15:14:25 - [TEST_STEP][PASSED] - else if (hobbies == "Music"): null

15-06-2025T15:14:25 - [TEST_STEP][PASSED] - else if (hobbies == ""): User not choosing hobbies section

15-06-2025T15:14:25 - [TEST_STEP][PASSED] - markPassed("User not choosing hobbies section"): User not choosing hobbies section

15-06-2025T15:14:25 - [MESSAGE][PASSED] - User not choosing hobbies section

15-06-2025T15:14:25 - [TEST_STEP][PASSED] - imagePath = getProjectDir() + "/Include/image/gambarDummy.jpeg": null

15-06-2025T15:14:25 - [TEST_STEP][PASSED] - uploadFile(findTestObject("Object Repository/Practice Form/file - Picture"), imagePath): File 'C:/Users/M S I/Katalon Studio/web-maulana-afteroffice-katalon/Include/image/gambarDummy.jpeg' sent to object: 'Object Repository/Practice Form/file - Picture'

15-06-2025T15:14:25 - [MESSAGE][PASSED] - File 'C:/Users/M S I/Katalon Studio/web-maulana-afteroffice-katalon/Include/image/gambarDummy.jpeg' sent to object: 'Object Repository/Practice Form/file - Picture'

15-06-2025T15:14:25 - [TEST_STEP][PASSED] - scrollToElement(findTestObject("Object Repository/Practice Form/textarea - Current address"), 0): Scroll to object 'Object Repository/Practice Form/textarea - Current address' successfully

15-06-2025T15:14:25 - [MESSAGE][WARNING] - Timeout '0' is invalid. Using default page load timeout: '30'

15-06-2025T15:14:25 - [MESSAGE][PASSED] - Scroll to object 'Object Repository/Practice Form/textarea - Current address' successfully

15-06-2025T15:14:25 - [TEST_STEP][PASSED] - setText(findTestObject("Object Repository/Practice Form/textarea - Current address"), currentAddress): Text 'Jl. Camp Nou 23 Spain' is set on object 'Object Repository/Practice Form/textarea - Current address'

15-06-2025T15:14:25 - [MESSAGE][PASSED] - Text 'Jl. Camp Nou 23 Spain' is set on object 'Object Repository/Practice Form/textarea - Current address'

15-06-2025T15:14:25 - [TEST_STEP][PASSED] - scrollToElement(findTestObject("Object Repository/Practice Form/txtfield - State"), 0): Scroll to object 'Object Repository/Practice Form/txtfield - State' successfully

15-06-2025T15:14:25 - [MESSAGE][WARNING] - Timeout '0' is invalid. Using default page load timeout: '30'

15-06-2025T15:14:25 - [MESSAGE][PASSED] - Scroll to object 'Object Repository/Practice Form/txtfield - State' successfully

15-06-2025T15:14:25 - [TEST_STEP][PASSED] - if (state != null && state != ""): Keys 'TAB + ' sent to object: 'Object Repository/Practice Form/txtfield - State'

15-06-2025T15:14:25 - [TEST_STEP][PASSED] - setText(findTestObject("Object Repository/Practice Form/txtfield - State"), state): Text 'Haryana' is set on object 'Object Repository/Practice Form/txtfield - State'

15-06-2025T15:14:25 - [MESSAGE][PASSED] - Text 'Haryana' is set on object 'Object Repository/Practice Form/txtfield - State'

15-06-2025T15:14:25 - [TEST_STEP][PASSED] - delay(1): Delayed 1 second(s)

15-06-2025T15:14:26 - [MESSAGE][PASSED] - Delayed 1 second(s)

15-06-2025T15:14:26 - [TEST_STEP][PASSED] - sendKeys(findTestObject("Object Repository/Practice Form/txtfield - State"), TAB.toString()): Keys 'TAB + ' sent to object: 'Object Repository/Practice Form/txtfield - State'

15-06-2025T15:14:26 - [MESSAGE][PASSED] - Keys 'TAB + ' sent to object: 'Object Repository/Practice Form/txtfield - State'

15-06-2025T15:14:26 - [TEST_STEP][PASSED] - if (city != null && city != ""): Keys 'DOWN + ENTER + ' sent to object: 'Object Repository/Practice Form/txtfield - City'

15-06-2025T15:14:26 - [TEST_STEP][PASSED] - setText(findTestObject("Object Repository/Practice Form/txtfield - City"), city): Text 'Karnal' is set on object 'Object Repository/Practice Form/txtfield - City'

15-06-2025T15:14:27 - [MESSAGE][PASSED] - Text 'Karnal' is set on object 'Object Repository/Practice Form/txtfield - City'

15-06-2025T15:14:27 - [TEST_STEP][PASSED] - delay(1): Delayed 1 second(s)

15-06-2025T15:14:28 - [MESSAGE][PASSED] - Delayed 1 second(s)

15-06-2025T15:14:28 - [TEST_STEP][PASSED] - sendKeys(findTestObject("Object Repository/Practice Form/txtfield - City"), Keys.chord(ARROW_DOWN, ENTER)): Keys 'DOWN + ENTER + ' sent to object: 'Object Repository/Practice Form/txtfield - City'

15-06-2025T15:14:28 - [MESSAGE][PASSED] - Keys 'DOWN + ENTER + ' sent to object: 'Object Repository/Practice Form/txtfield - City'

15-06-2025T15:14:28 - [TEST_STEP][PASSED] - scrollToElement(findTestObject("Object Repository/Practice Form/button - Submit"), 0): Scroll to object 'Object Repository/Practice Form/button - Submit' successfully

15-06-2025T15:14:28 - [MESSAGE][WARNING] - Timeout '0' is invalid. Using default page load timeout: '30'

15-06-2025T15:14:28 - [MESSAGE][PASSED] - Scroll to object 'Object Repository/Practice Form/button - Submit' successfully

15-06-2025T15:14:28 - [TEST_STEP][PASSED] - click(findTestObject("Object Repository/Practice Form/button - Submit")): Object: 'Object Repository/Practice Form/button - Submit' is clicked on

15-06-2025T15:14:28 - [MESSAGE][PASSED] - Object: 'Object Repository/Practice Form/button - Submit' is clicked on

15-06-2025T15:14:28 - [TEST_STEP][PASSED] - verifyElementPresent(findTestObject("Object Repository/Modal/txt - Modal title"), 2, CONTINUE_ON_FAILURE): Object 'Object Repository/Modal/txt - Modal title' is present

15-06-2025T15:14:28 - [MESSAGE][PASSED] - Object 'Object Repository/Modal/txt - Modal title' is present

15-06-2025T15:14:28 - [TEST_STEP][PASSED] - markPassed("Validation case : " + testNote): Validation case : input without hobbies (optional)

15-06-2025T15:14:28 - [MESSAGE][PASSED] - Validation case : input without hobbies (optional)

15-06-2025T15:14:28 - [TEST_STEP][PASSED] - closeBrowser(): Browser is closed

15-06-2025T15:14:28 - [MESSAGE][PASSED] - Browser is closed]]></system-out>
         <system-err><![CDATA[]]></system-err>
      </testcase>
      <testcase name="Test Cases/2. Normal Input/INP 1 - Valid data input to form" time="23.786" classname="Test Cases/2. Normal Input/INP 1 - Valid data input to form" status="PASSED">
         <system-out><![CDATA[15-06-2025T15:14:28 - [TEST_CASE][PASSED] - Test Cases/2. Normal Input/INP 1 - Valid data input to form: Test Cases/2. Normal Input/INP 1 - Valid data input to form

15-06-2025T15:14:28 - [TEST_STEP][PASSED] - openBrowser(""): Browser is opened with url: ''

15-06-2025T15:14:28 - [MESSAGE][INFO] - Starting 'Chrome' driver

15-06-2025T15:14:28 - [MESSAGE][INFO] - Action delay is set to 0 milliseconds

15-06-2025T15:14:29 - [MESSAGE][WARNING] - FFmpeg was not installed! Browser Recording will be disabled. Please follow this document to install FFmpeg first: https://docs.katalon.com/katalon-studio/docs/screenshots-videos.html#browser-based-recorder

15-06-2025T15:14:29 - [MESSAGE][PASSED] - Browser is opened with url: ''

15-06-2025T15:14:29 - [TEST_STEP][PASSED] - navigateToUrl(baseUrl): Navigate to 'https://demoqa.com/automation-practice-form' successfully

15-06-2025T15:14:47 - [MESSAGE][PASSED] - Navigate to 'https://demoqa.com/automation-practice-form' successfully

15-06-2025T15:14:47 - [TEST_STEP][PASSED] - verifyElementPresent(findTestObject("Object Repository/Practice Form/Title Name - Practice Form"), 0): Object 'Object Repository/Practice Form/Title Name - Practice Form' is present

15-06-2025T15:14:47 - [MESSAGE][WARNING] - Timeout '0' is invalid. Using default page load timeout: '30'

15-06-2025T15:14:47 - [MESSAGE][PASSED] - Object 'Object Repository/Practice Form/Title Name - Practice Form' is present

15-06-2025T15:14:47 - [TEST_STEP][PASSED] - setText(findTestObject("Object Repository/Practice Form/txtfield - First name"), firstName): Text 'Forza' is set on object 'Object Repository/Practice Form/txtfield - First name'

15-06-2025T15:14:47 - [MESSAGE][PASSED] - Text 'Forza' is set on object 'Object Repository/Practice Form/txtfield - First name'

15-06-2025T15:14:47 - [TEST_STEP][PASSED] - setText(findTestObject("Object Repository/Practice Form/txtfield - Last name"), lastName): Text 'Milan' is set on object 'Object Repository/Practice Form/txtfield - Last name'

15-06-2025T15:14:47 - [MESSAGE][PASSED] - Text 'Milan' is set on object 'Object Repository/Practice Form/txtfield - Last name'

15-06-2025T15:14:47 - [TEST_STEP][PASSED] - setText(findTestObject("Object Repository/Practice Form/txtfield - User Email"), email): Text 'milanforza@sansiro.com' is set on object 'Object Repository/Practice Form/txtfield - User Email'

15-06-2025T15:14:47 - [MESSAGE][PASSED] - Text 'milanforza@sansiro.com' is set on object 'Object Repository/Practice Form/txtfield - User Email'

15-06-2025T15:14:47 - [TEST_STEP][PASSED] - scrollToElement(findTestObject("Object Repository/Practice Form/radiobox - Male"), 0): Scroll to object 'Object Repository/Practice Form/radiobox - Male' successfully

15-06-2025T15:14:47 - [MESSAGE][WARNING] - Timeout '0' is invalid. Using default page load timeout: '30'

15-06-2025T15:14:47 - [MESSAGE][PASSED] - Scroll to object 'Object Repository/Practice Form/radiobox - Male' successfully

15-06-2025T15:14:47 - [TEST_STEP][PASSED] - if (gender == "Male"): Object: 'Object Repository/Practice Form/radiobox - Male' is clicked on

15-06-2025T15:14:47 - [TEST_STEP][PASSED] - click(findTestObject("Object Repository/Practice Form/radiobox - Male")): Object: 'Object Repository/Practice Form/radiobox - Male' is clicked on

15-06-2025T15:14:47 - [MESSAGE][PASSED] - Object: 'Object Repository/Practice Form/radiobox - Male' is clicked on

15-06-2025T15:14:47 - [TEST_STEP][PASSED] - scrollToElement(findTestObject("Object Repository/Practice Form/txtfield - Mobile number"), 0): Scroll to object 'Object Repository/Practice Form/txtfield - Mobile number' successfully

15-06-2025T15:14:47 - [MESSAGE][WARNING] - Timeout '0' is invalid. Using default page load timeout: '30'

15-06-2025T15:14:47 - [MESSAGE][PASSED] - Scroll to object 'Object Repository/Practice Form/txtfield - Mobile number' successfully

15-06-2025T15:14:47 - [TEST_STEP][PASSED] - setText(findTestObject("Object Repository/Practice Form/txtfield - Mobile number"), mobile): Text '0382938291' is set on object 'Object Repository/Practice Form/txtfield - Mobile number'

15-06-2025T15:14:48 - [MESSAGE][PASSED] - Text '0382938291' is set on object 'Object Repository/Practice Form/txtfield - Mobile number'

15-06-2025T15:14:48 - [TEST_STEP][PASSED] - scrollToElement(findTestObject("Object Repository/Practice Form/txtfield - Birth date"), 0): Scroll to object 'Object Repository/Practice Form/txtfield - Birth date' successfully

15-06-2025T15:14:48 - [MESSAGE][WARNING] - Timeout '0' is invalid. Using default page load timeout: '30'

15-06-2025T15:14:48 - [MESSAGE][PASSED] - Scroll to object 'Object Repository/Practice Form/txtfield - Birth date' successfully

15-06-2025T15:14:48 - [TEST_STEP][PASSED] - click(findTestObject("Object Repository/Practice Form/txtfield - Birth date")): Object: 'Object Repository/Practice Form/txtfield - Birth date' is clicked on

15-06-2025T15:14:48 - [MESSAGE][PASSED] - Object: 'Object Repository/Practice Form/txtfield - Birth date' is clicked on

15-06-2025T15:14:48 - [TEST_STEP][PASSED] - click(findTestObject("Object Repository/Practice Form/specific date picker")): Object: 'Object Repository/Practice Form/specific date picker' is clicked on

15-06-2025T15:14:48 - [MESSAGE][PASSED] - Object: 'Object Repository/Practice Form/specific date picker' is clicked on

15-06-2025T15:14:48 - [TEST_STEP][PASSED] - scrollToElement(findTestObject("Object Repository/Practice Form/txtfield - Subjects"), 0): Scroll to object 'Object Repository/Practice Form/txtfield - Subjects' successfully

15-06-2025T15:14:48 - [MESSAGE][WARNING] - Timeout '0' is invalid. Using default page load timeout: '30'

15-06-2025T15:14:48 - [MESSAGE][PASSED] - Scroll to object 'Object Repository/Practice Form/txtfield - Subjects' successfully

15-06-2025T15:14:48 - [TEST_STEP][PASSED] - if (subjects != null): Text 'English' is set on object 'Object Repository/Practice Form/txtfield - Subjects'

15-06-2025T15:14:48 - [TEST_STEP][PASSED] - setText(findTestObject("Object Repository/Practice Form/txtfield - Subjects"), subjects): Text 'English' is set on object 'Object Repository/Practice Form/txtfield - Subjects'

15-06-2025T15:14:48 - [MESSAGE][PASSED] - Text 'English' is set on object 'Object Repository/Practice Form/txtfield - Subjects'

15-06-2025T15:14:48 - [TEST_STEP][PASSED] - sendKeys(findTestObject("Object Repository/Practice Form/txtfield - Subjects"), TAB.toString()): Keys 'TAB + ' sent to object: 'Object Repository/Practice Form/txtfield - Subjects'

15-06-2025T15:14:48 - [MESSAGE][PASSED] - Keys 'TAB + ' sent to object: 'Object Repository/Practice Form/txtfield - Subjects'

15-06-2025T15:14:48 - [TEST_STEP][PASSED] - scrollToElement(findTestObject("Object Repository/Practice Form/checkbox - Sports"), 0): Scroll to object 'Object Repository/Practice Form/checkbox - Sports' successfully

15-06-2025T15:14:48 - [MESSAGE][WARNING] - Timeout '0' is invalid. Using default page load timeout: '30'

15-06-2025T15:14:48 - [MESSAGE][PASSED] - Scroll to object 'Object Repository/Practice Form/checkbox - Sports' successfully

15-06-2025T15:14:48 - [TEST_STEP][PASSED] - if (hobbies == "Sports"): Object: 'Object Repository/Practice Form/checkbox - Sports' is clicked on

15-06-2025T15:14:48 - [TEST_STEP][PASSED] - click(findTestObject("Object Repository/Practice Form/checkbox - Sports")): Object: 'Object Repository/Practice Form/checkbox - Sports' is clicked on

15-06-2025T15:14:48 - [MESSAGE][PASSED] - Object: 'Object Repository/Practice Form/checkbox - Sports' is clicked on

15-06-2025T15:14:49 - [TEST_STEP][PASSED] - imagePath = getProjectDir() + "/Include/image/gambarDummy.jpeg": null

15-06-2025T15:14:49 - [TEST_STEP][PASSED] - uploadFile(findTestObject("Object Repository/Practice Form/file - Picture"), imagePath): File 'C:/Users/M S I/Katalon Studio/web-maulana-afteroffice-katalon/Include/image/gambarDummy.jpeg' sent to object: 'Object Repository/Practice Form/file - Picture'

15-06-2025T15:14:49 - [MESSAGE][PASSED] - File 'C:/Users/M S I/Katalon Studio/web-maulana-afteroffice-katalon/Include/image/gambarDummy.jpeg' sent to object: 'Object Repository/Practice Form/file - Picture'

15-06-2025T15:14:49 - [TEST_STEP][PASSED] - scrollToElement(findTestObject("Object Repository/Practice Form/textarea - Current address"), 0): Scroll to object 'Object Repository/Practice Form/textarea - Current address' successfully

15-06-2025T15:14:49 - [MESSAGE][WARNING] - Timeout '0' is invalid. Using default page load timeout: '30'

15-06-2025T15:14:49 - [MESSAGE][PASSED] - Scroll to object 'Object Repository/Practice Form/textarea - Current address' successfully

15-06-2025T15:14:49 - [TEST_STEP][PASSED] - setText(findTestObject("Object Repository/Practice Form/textarea - Current address"), currentAddress): Text '' is set on object 'Object Repository/Practice Form/textarea - Current address'

15-06-2025T15:14:49 - [MESSAGE][PASSED] - Text '' is set on object 'Object Repository/Practice Form/textarea - Current address'

15-06-2025T15:14:49 - [TEST_STEP][PASSED] - scrollToElement(findTestObject("Object Repository/Practice Form/txtfield - State"), 0): Scroll to object 'Object Repository/Practice Form/txtfield - State' successfully

15-06-2025T15:14:49 - [MESSAGE][WARNING] - Timeout '0' is invalid. Using default page load timeout: '30'

15-06-2025T15:14:49 - [MESSAGE][PASSED] - Scroll to object 'Object Repository/Practice Form/txtfield - State' successfully

15-06-2025T15:14:49 - [TEST_STEP][PASSED] - if (state != null && state != ""): Keys 'TAB + ' sent to object: 'Object Repository/Practice Form/txtfield - State'

15-06-2025T15:14:49 - [TEST_STEP][PASSED] - setText(findTestObject("Object Repository/Practice Form/txtfield - State"), state): Text 'NCR' is set on object 'Object Repository/Practice Form/txtfield - State'

15-06-2025T15:14:49 - [MESSAGE][PASSED] - Text 'NCR' is set on object 'Object Repository/Practice Form/txtfield - State'

15-06-2025T15:14:49 - [TEST_STEP][PASSED] - delay(1): Delayed 1 second(s)

15-06-2025T15:14:50 - [MESSAGE][PASSED] - Delayed 1 second(s)

15-06-2025T15:14:50 - [TEST_STEP][PASSED] - sendKeys(findTestObject("Object Repository/Practice Form/txtfield - State"), TAB.toString()): Keys 'TAB + ' sent to object: 'Object Repository/Practice Form/txtfield - State'

15-06-2025T15:14:50 - [MESSAGE][PASSED] - Keys 'TAB + ' sent to object: 'Object Repository/Practice Form/txtfield - State'

15-06-2025T15:14:50 - [TEST_STEP][PASSED] - if (city != null && city != ""): Keys 'DOWN + ENTER + ' sent to object: 'Object Repository/Practice Form/txtfield - City'

15-06-2025T15:14:50 - [TEST_STEP][PASSED] - setText(findTestObject("Object Repository/Practice Form/txtfield - City"), city): Text 'Delhi' is set on object 'Object Repository/Practice Form/txtfield - City'

15-06-2025T15:14:50 - [MESSAGE][PASSED] - Text 'Delhi' is set on object 'Object Repository/Practice Form/txtfield - City'

15-06-2025T15:14:50 - [TEST_STEP][PASSED] - delay(1): Delayed 1 second(s)

15-06-2025T15:14:51 - [MESSAGE][PASSED] - Delayed 1 second(s)

15-06-2025T15:14:51 - [TEST_STEP][PASSED] - sendKeys(findTestObject("Object Repository/Practice Form/txtfield - City"), Keys.chord(ARROW_DOWN, ENTER)): Keys 'DOWN + ENTER + ' sent to object: 'Object Repository/Practice Form/txtfield - City'

15-06-2025T15:14:51 - [MESSAGE][PASSED] - Keys 'DOWN + ENTER + ' sent to object: 'Object Repository/Practice Form/txtfield - City'

15-06-2025T15:14:51 - [TEST_STEP][PASSED] - scrollToElement(findTestObject("Object Repository/Practice Form/button - Submit"), 0): Scroll to object 'Object Repository/Practice Form/button - Submit' successfully

15-06-2025T15:14:51 - [MESSAGE][WARNING] - Timeout '0' is invalid. Using default page load timeout: '30'

15-06-2025T15:14:51 - [MESSAGE][PASSED] - Scroll to object 'Object Repository/Practice Form/button - Submit' successfully

15-06-2025T15:14:51 - [TEST_STEP][PASSED] - click(findTestObject("Object Repository/Practice Form/button - Submit")): Object: 'Object Repository/Practice Form/button - Submit' is clicked on

15-06-2025T15:14:51 - [MESSAGE][PASSED] - Object: 'Object Repository/Practice Form/button - Submit' is clicked on

15-06-2025T15:14:51 - [TEST_STEP][PASSED] - verifyElementPresent(findTestObject("Object Repository/Modal/txt - Modal title"), 2, CONTINUE_ON_FAILURE): Object 'Object Repository/Modal/txt - Modal title' is present

15-06-2025T15:14:51 - [MESSAGE][PASSED] - Object 'Object Repository/Modal/txt - Modal title' is present

15-06-2025T15:14:51 - [TEST_STEP][PASSED] - markPassed("Validation case : " + testNote): Validation case : input without address (optional)

15-06-2025T15:14:51 - [MESSAGE][PASSED] - Validation case : input without address (optional)

15-06-2025T15:14:51 - [TEST_STEP][PASSED] - closeBrowser(): Browser is closed

15-06-2025T15:14:52 - [MESSAGE][PASSED] - Browser is closed]]></system-out>
         <system-err><![CDATA[]]></system-err>
      </testcase>
      <testcase name="Test Cases/2. Normal Input/INP 1 - Valid data input to form" time="23.265" classname="Test Cases/2. Normal Input/INP 1 - Valid data input to form" status="PASSED">
         <system-out><![CDATA[15-06-2025T15:14:52 - [TEST_CASE][PASSED] - Test Cases/2. Normal Input/INP 1 - Valid data input to form: Test Cases/2. Normal Input/INP 1 - Valid data input to form

15-06-2025T15:14:52 - [TEST_STEP][PASSED] - openBrowser(""): Browser is opened with url: ''

15-06-2025T15:14:52 - [MESSAGE][INFO] - Starting 'Chrome' driver

15-06-2025T15:14:52 - [MESSAGE][INFO] - Action delay is set to 0 milliseconds

15-06-2025T15:14:53 - [MESSAGE][WARNING] - FFmpeg was not installed! Browser Recording will be disabled. Please follow this document to install FFmpeg first: https://docs.katalon.com/katalon-studio/docs/screenshots-videos.html#browser-based-recorder

15-06-2025T15:14:53 - [MESSAGE][PASSED] - Browser is opened with url: ''

15-06-2025T15:14:53 - [TEST_STEP][PASSED] - navigateToUrl(baseUrl): Navigate to 'https://demoqa.com/automation-practice-form' successfully

15-06-2025T15:15:12 - [MESSAGE][PASSED] - Navigate to 'https://demoqa.com/automation-practice-form' successfully

15-06-2025T15:15:12 - [TEST_STEP][PASSED] - verifyElementPresent(findTestObject("Object Repository/Practice Form/Title Name - Practice Form"), 0): Object 'Object Repository/Practice Form/Title Name - Practice Form' is present

15-06-2025T15:15:12 - [MESSAGE][WARNING] - Timeout '0' is invalid. Using default page load timeout: '30'

15-06-2025T15:15:12 - [MESSAGE][PASSED] - Object 'Object Repository/Practice Form/Title Name - Practice Form' is present

15-06-2025T15:15:12 - [TEST_STEP][PASSED] - setText(findTestObject("Object Repository/Practice Form/txtfield - First name"), firstName): Text 'Bravo' is set on object 'Object Repository/Practice Form/txtfield - First name'

15-06-2025T15:15:13 - [MESSAGE][PASSED] - Text 'Bravo' is set on object 'Object Repository/Practice Form/txtfield - First name'

15-06-2025T15:15:13 - [TEST_STEP][PASSED] - setText(findTestObject("Object Repository/Practice Form/txtfield - Last name"), lastName): Text 'TNI' is set on object 'Object Repository/Practice Form/txtfield - Last name'

15-06-2025T15:15:13 - [MESSAGE][PASSED] - Text 'TNI' is set on object 'Object Repository/Practice Form/txtfield - Last name'

15-06-2025T15:15:13 - [TEST_STEP][PASSED] - setText(findTestObject("Object Repository/Practice Form/txtfield - User Email"), email): Text 'tnibravo@military.com' is set on object 'Object Repository/Practice Form/txtfield - User Email'

15-06-2025T15:15:13 - [MESSAGE][PASSED] - Text 'tnibravo@military.com' is set on object 'Object Repository/Practice Form/txtfield - User Email'

15-06-2025T15:15:13 - [TEST_STEP][PASSED] - scrollToElement(findTestObject("Object Repository/Practice Form/radiobox - Male"), 0): Scroll to object 'Object Repository/Practice Form/radiobox - Male' successfully

15-06-2025T15:15:13 - [MESSAGE][WARNING] - Timeout '0' is invalid. Using default page load timeout: '30'

15-06-2025T15:15:13 - [MESSAGE][PASSED] - Scroll to object 'Object Repository/Practice Form/radiobox - Male' successfully

15-06-2025T15:15:13 - [TEST_STEP][PASSED] - if (gender == "Male"): Object: 'Object Repository/Practice Form/radiobox - Male' is clicked on

15-06-2025T15:15:13 - [TEST_STEP][PASSED] - click(findTestObject("Object Repository/Practice Form/radiobox - Male")): Object: 'Object Repository/Practice Form/radiobox - Male' is clicked on

15-06-2025T15:15:13 - [MESSAGE][PASSED] - Object: 'Object Repository/Practice Form/radiobox - Male' is clicked on

15-06-2025T15:15:13 - [TEST_STEP][PASSED] - scrollToElement(findTestObject("Object Repository/Practice Form/txtfield - Mobile number"), 0): Scroll to object 'Object Repository/Practice Form/txtfield - Mobile number' successfully

15-06-2025T15:15:13 - [MESSAGE][WARNING] - Timeout '0' is invalid. Using default page load timeout: '30'

15-06-2025T15:15:13 - [MESSAGE][PASSED] - Scroll to object 'Object Repository/Practice Form/txtfield - Mobile number' successfully

15-06-2025T15:15:13 - [TEST_STEP][PASSED] - setText(findTestObject("Object Repository/Practice Form/txtfield - Mobile number"), mobile): Text '0341034123' is set on object 'Object Repository/Practice Form/txtfield - Mobile number'

15-06-2025T15:15:13 - [MESSAGE][PASSED] - Text '0341034123' is set on object 'Object Repository/Practice Form/txtfield - Mobile number'

15-06-2025T15:15:13 - [TEST_STEP][PASSED] - scrollToElement(findTestObject("Object Repository/Practice Form/txtfield - Birth date"), 0): Scroll to object 'Object Repository/Practice Form/txtfield - Birth date' successfully

15-06-2025T15:15:13 - [MESSAGE][WARNING] - Timeout '0' is invalid. Using default page load timeout: '30'

15-06-2025T15:15:13 - [MESSAGE][PASSED] - Scroll to object 'Object Repository/Practice Form/txtfield - Birth date' successfully

15-06-2025T15:15:13 - [TEST_STEP][PASSED] - click(findTestObject("Object Repository/Practice Form/txtfield - Birth date")): Object: 'Object Repository/Practice Form/txtfield - Birth date' is clicked on

15-06-2025T15:15:14 - [MESSAGE][PASSED] - Object: 'Object Repository/Practice Form/txtfield - Birth date' is clicked on

15-06-2025T15:15:14 - [TEST_STEP][PASSED] - click(findTestObject("Object Repository/Practice Form/specific date picker")): Object: 'Object Repository/Practice Form/specific date picker' is clicked on

15-06-2025T15:15:14 - [MESSAGE][PASSED] - Object: 'Object Repository/Practice Form/specific date picker' is clicked on

15-06-2025T15:15:14 - [TEST_STEP][PASSED] - scrollToElement(findTestObject("Object Repository/Practice Form/txtfield - Subjects"), 0): Scroll to object 'Object Repository/Practice Form/txtfield - Subjects' successfully

15-06-2025T15:15:14 - [MESSAGE][WARNING] - Timeout '0' is invalid. Using default page load timeout: '30'

15-06-2025T15:15:14 - [MESSAGE][PASSED] - Scroll to object 'Object Repository/Practice Form/txtfield - Subjects' successfully

15-06-2025T15:15:14 - [TEST_STEP][PASSED] - if (subjects != null): Text 'Economics' is set on object 'Object Repository/Practice Form/txtfield - Subjects'

15-06-2025T15:15:14 - [TEST_STEP][PASSED] - setText(findTestObject("Object Repository/Practice Form/txtfield - Subjects"), subjects): Text 'Economics' is set on object 'Object Repository/Practice Form/txtfield - Subjects'

15-06-2025T15:15:14 - [MESSAGE][PASSED] - Text 'Economics' is set on object 'Object Repository/Practice Form/txtfield - Subjects'

15-06-2025T15:15:14 - [TEST_STEP][PASSED] - sendKeys(findTestObject("Object Repository/Practice Form/txtfield - Subjects"), TAB.toString()): Keys 'TAB + ' sent to object: 'Object Repository/Practice Form/txtfield - Subjects'

15-06-2025T15:15:14 - [MESSAGE][PASSED] - Keys 'TAB + ' sent to object: 'Object Repository/Practice Form/txtfield - Subjects'

15-06-2025T15:15:14 - [TEST_STEP][PASSED] - scrollToElement(findTestObject("Object Repository/Practice Form/checkbox - Sports"), 0): Scroll to object 'Object Repository/Practice Form/checkbox - Sports' successfully

15-06-2025T15:15:14 - [MESSAGE][WARNING] - Timeout '0' is invalid. Using default page load timeout: '30'

15-06-2025T15:15:14 - [MESSAGE][PASSED] - Scroll to object 'Object Repository/Practice Form/checkbox - Sports' successfully

15-06-2025T15:15:14 - [TEST_STEP][PASSED] - if (hobbies == "Sports"): null

15-06-2025T15:15:14 - [TEST_STEP][PASSED] - else if (hobbies == "Reading"): Object: 'Object Repository/Practice Form/checkbox - Reading' is clicked on

15-06-2025T15:15:14 - [TEST_STEP][PASSED] - click(findTestObject("Object Repository/Practice Form/checkbox - Reading")): Object: 'Object Repository/Practice Form/checkbox - Reading' is clicked on

15-06-2025T15:15:14 - [MESSAGE][PASSED] - Object: 'Object Repository/Practice Form/checkbox - Reading' is clicked on

15-06-2025T15:15:14 - [TEST_STEP][PASSED] - imagePath = getProjectDir() + "/Include/image/gambarDummy.jpeg": null

15-06-2025T15:15:14 - [TEST_STEP][PASSED] - uploadFile(findTestObject("Object Repository/Practice Form/file - Picture"), imagePath): File 'C:/Users/M S I/Katalon Studio/web-maulana-afteroffice-katalon/Include/image/gambarDummy.jpeg' sent to object: 'Object Repository/Practice Form/file - Picture'

15-06-2025T15:15:14 - [MESSAGE][PASSED] - File 'C:/Users/M S I/Katalon Studio/web-maulana-afteroffice-katalon/Include/image/gambarDummy.jpeg' sent to object: 'Object Repository/Practice Form/file - Picture'

15-06-2025T15:15:14 - [TEST_STEP][PASSED] - scrollToElement(findTestObject("Object Repository/Practice Form/textarea - Current address"), 0): Scroll to object 'Object Repository/Practice Form/textarea - Current address' successfully

15-06-2025T15:15:14 - [MESSAGE][WARNING] - Timeout '0' is invalid. Using default page load timeout: '30'

15-06-2025T15:15:14 - [MESSAGE][PASSED] - Scroll to object 'Object Repository/Practice Form/textarea - Current address' successfully

15-06-2025T15:15:14 - [TEST_STEP][PASSED] - setText(findTestObject("Object Repository/Practice Form/textarea - Current address"), currentAddress): Text 'Jl. Camp Nou 23 Spain' is set on object 'Object Repository/Practice Form/textarea - Current address'

15-06-2025T15:15:14 - [MESSAGE][PASSED] - Text 'Jl. Camp Nou 23 Spain' is set on object 'Object Repository/Practice Form/textarea - Current address'

15-06-2025T15:15:14 - [TEST_STEP][PASSED] - scrollToElement(findTestObject("Object Repository/Practice Form/txtfield - State"), 0): Scroll to object 'Object Repository/Practice Form/txtfield - State' successfully

15-06-2025T15:15:14 - [MESSAGE][WARNING] - Timeout '0' is invalid. Using default page load timeout: '30'

15-06-2025T15:15:14 - [MESSAGE][PASSED] - Scroll to object 'Object Repository/Practice Form/txtfield - State' successfully

15-06-2025T15:15:14 - [TEST_STEP][PASSED] - if (state != null && state != ""): null

15-06-2025T15:15:14 - [TEST_STEP][PASSED] - else: data state is null

15-06-2025T15:15:14 - [TEST_STEP][PASSED] - comment("data state is null"): data state is null

15-06-2025T15:15:15 - [MESSAGE][INFO] - data state is null

15-06-2025T15:15:15 - [TEST_STEP][PASSED] - if (city != null && city != ""): null

15-06-2025T15:15:15 - [TEST_STEP][PASSED] - else: data city is null

15-06-2025T15:15:15 - [TEST_STEP][PASSED] - comment("data city is null"): data city is null

15-06-2025T15:15:15 - [MESSAGE][INFO] - data city is null

15-06-2025T15:15:15 - [TEST_STEP][PASSED] - scrollToElement(findTestObject("Object Repository/Practice Form/button - Submit"), 0): Scroll to object 'Object Repository/Practice Form/button - Submit' successfully

15-06-2025T15:15:15 - [MESSAGE][WARNING] - Timeout '0' is invalid. Using default page load timeout: '30'

15-06-2025T15:15:15 - [MESSAGE][PASSED] - Scroll to object 'Object Repository/Practice Form/button - Submit' successfully

15-06-2025T15:15:15 - [TEST_STEP][PASSED] - click(findTestObject("Object Repository/Practice Form/button - Submit")): Object: 'Object Repository/Practice Form/button - Submit' is clicked on

15-06-2025T15:15:15 - [MESSAGE][PASSED] - Object: 'Object Repository/Practice Form/button - Submit' is clicked on

15-06-2025T15:15:15 - [TEST_STEP][PASSED] - verifyElementPresent(findTestObject("Object Repository/Modal/txt - Modal title"), 2, CONTINUE_ON_FAILURE): Object 'Object Repository/Modal/txt - Modal title' is present

15-06-2025T15:15:15 - [MESSAGE][PASSED] - Object 'Object Repository/Modal/txt - Modal title' is present

15-06-2025T15:15:15 - [TEST_STEP][PASSED] - markPassed("Validation case : " + testNote): Validation case : input without state (optional)

15-06-2025T15:15:15 - [MESSAGE][PASSED] - Validation case : input without state (optional)

15-06-2025T15:15:15 - [TEST_STEP][PASSED] - closeBrowser(): Browser is closed

15-06-2025T15:15:15 - [MESSAGE][PASSED] - Browser is closed]]></system-out>
         <system-err><![CDATA[]]></system-err>
      </testcase>
      <testcase name="Test Cases/2. Normal Input/INP 1 - Valid data input to form" time="22.999" classname="Test Cases/2. Normal Input/INP 1 - Valid data input to form" status="PASSED">
         <system-out><![CDATA[15-06-2025T15:15:16 - [TEST_CASE][PASSED] - Test Cases/2. Normal Input/INP 1 - Valid data input to form: Test Cases/2. Normal Input/INP 1 - Valid data input to form

15-06-2025T15:15:16 - [TEST_STEP][PASSED] - openBrowser(""): Browser is opened with url: ''

15-06-2025T15:15:16 - [MESSAGE][INFO] - Starting 'Chrome' driver

15-06-2025T15:15:16 - [MESSAGE][INFO] - Action delay is set to 0 milliseconds

15-06-2025T15:15:17 - [MESSAGE][WARNING] - FFmpeg was not installed! Browser Recording will be disabled. Please follow this document to install FFmpeg first: https://docs.katalon.com/katalon-studio/docs/screenshots-videos.html#browser-based-recorder

15-06-2025T15:15:17 - [MESSAGE][PASSED] - Browser is opened with url: ''

15-06-2025T15:15:17 - [TEST_STEP][PASSED] - navigateToUrl(baseUrl): Navigate to 'https://demoqa.com/automation-practice-form' successfully

15-06-2025T15:15:35 - [MESSAGE][PASSED] - Navigate to 'https://demoqa.com/automation-practice-form' successfully

15-06-2025T15:15:35 - [TEST_STEP][PASSED] - verifyElementPresent(findTestObject("Object Repository/Practice Form/Title Name - Practice Form"), 0): Object 'Object Repository/Practice Form/Title Name - Practice Form' is present

15-06-2025T15:15:35 - [MESSAGE][WARNING] - Timeout '0' is invalid. Using default page load timeout: '30'

15-06-2025T15:15:35 - [MESSAGE][PASSED] - Object 'Object Repository/Practice Form/Title Name - Practice Form' is present

15-06-2025T15:15:35 - [TEST_STEP][PASSED] - setText(findTestObject("Object Repository/Practice Form/txtfield - First name"), firstName): Text 'Presisi' is set on object 'Object Repository/Practice Form/txtfield - First name'

15-06-2025T15:15:35 - [MESSAGE][PASSED] - Text 'Presisi' is set on object 'Object Repository/Practice Form/txtfield - First name'

15-06-2025T15:15:35 - [TEST_STEP][PASSED] - setText(findTestObject("Object Repository/Practice Form/txtfield - Last name"), lastName): Text 'Polri' is set on object 'Object Repository/Practice Form/txtfield - Last name'

15-06-2025T15:15:35 - [MESSAGE][PASSED] - Text 'Polri' is set on object 'Object Repository/Practice Form/txtfield - Last name'

15-06-2025T15:15:35 - [TEST_STEP][PASSED] - setText(findTestObject("Object Repository/Practice Form/txtfield - User Email"), email): Text 'polrihehe@kocak.com' is set on object 'Object Repository/Practice Form/txtfield - User Email'

15-06-2025T15:15:35 - [MESSAGE][PASSED] - Text 'polrihehe@kocak.com' is set on object 'Object Repository/Practice Form/txtfield - User Email'

15-06-2025T15:15:35 - [TEST_STEP][PASSED] - scrollToElement(findTestObject("Object Repository/Practice Form/radiobox - Male"), 0): Scroll to object 'Object Repository/Practice Form/radiobox - Male' successfully

15-06-2025T15:15:35 - [MESSAGE][WARNING] - Timeout '0' is invalid. Using default page load timeout: '30'

15-06-2025T15:15:35 - [MESSAGE][PASSED] - Scroll to object 'Object Repository/Practice Form/radiobox - Male' successfully

15-06-2025T15:15:35 - [TEST_STEP][PASSED] - if (gender == "Male"): Object: 'Object Repository/Practice Form/radiobox - Male' is clicked on

15-06-2025T15:15:35 - [TEST_STEP][PASSED] - click(findTestObject("Object Repository/Practice Form/radiobox - Male")): Object: 'Object Repository/Practice Form/radiobox - Male' is clicked on

15-06-2025T15:15:35 - [MESSAGE][PASSED] - Object: 'Object Repository/Practice Form/radiobox - Male' is clicked on

15-06-2025T15:15:35 - [TEST_STEP][PASSED] - scrollToElement(findTestObject("Object Repository/Practice Form/txtfield - Mobile number"), 0): Scroll to object 'Object Repository/Practice Form/txtfield - Mobile number' successfully

15-06-2025T15:15:35 - [MESSAGE][WARNING] - Timeout '0' is invalid. Using default page load timeout: '30'

15-06-2025T15:15:35 - [MESSAGE][PASSED] - Scroll to object 'Object Repository/Practice Form/txtfield - Mobile number' successfully

15-06-2025T15:15:35 - [TEST_STEP][PASSED] - setText(findTestObject("Object Repository/Practice Form/txtfield - Mobile number"), mobile): Text '0372837182' is set on object 'Object Repository/Practice Form/txtfield - Mobile number'

15-06-2025T15:15:36 - [MESSAGE][PASSED] - Text '0372837182' is set on object 'Object Repository/Practice Form/txtfield - Mobile number'

15-06-2025T15:15:36 - [TEST_STEP][PASSED] - scrollToElement(findTestObject("Object Repository/Practice Form/txtfield - Birth date"), 0): Scroll to object 'Object Repository/Practice Form/txtfield - Birth date' successfully

15-06-2025T15:15:36 - [MESSAGE][WARNING] - Timeout '0' is invalid. Using default page load timeout: '30'

15-06-2025T15:15:36 - [MESSAGE][PASSED] - Scroll to object 'Object Repository/Practice Form/txtfield - Birth date' successfully

15-06-2025T15:15:36 - [TEST_STEP][PASSED] - click(findTestObject("Object Repository/Practice Form/txtfield - Birth date")): Object: 'Object Repository/Practice Form/txtfield - Birth date' is clicked on

15-06-2025T15:15:36 - [MESSAGE][PASSED] - Object: 'Object Repository/Practice Form/txtfield - Birth date' is clicked on

15-06-2025T15:15:36 - [TEST_STEP][PASSED] - click(findTestObject("Object Repository/Practice Form/specific date picker")): Object: 'Object Repository/Practice Form/specific date picker' is clicked on

15-06-2025T15:15:36 - [MESSAGE][PASSED] - Object: 'Object Repository/Practice Form/specific date picker' is clicked on

15-06-2025T15:15:36 - [TEST_STEP][PASSED] - scrollToElement(findTestObject("Object Repository/Practice Form/txtfield - Subjects"), 0): Scroll to object 'Object Repository/Practice Form/txtfield - Subjects' successfully

15-06-2025T15:15:36 - [MESSAGE][WARNING] - Timeout '0' is invalid. Using default page load timeout: '30'

15-06-2025T15:15:36 - [MESSAGE][PASSED] - Scroll to object 'Object Repository/Practice Form/txtfield - Subjects' successfully

15-06-2025T15:15:36 - [TEST_STEP][PASSED] - if (subjects != null): Text 'Economics' is set on object 'Object Repository/Practice Form/txtfield - Subjects'

15-06-2025T15:15:36 - [TEST_STEP][PASSED] - setText(findTestObject("Object Repository/Practice Form/txtfield - Subjects"), subjects): Text 'Economics' is set on object 'Object Repository/Practice Form/txtfield - Subjects'

15-06-2025T15:15:36 - [MESSAGE][PASSED] - Text 'Economics' is set on object 'Object Repository/Practice Form/txtfield - Subjects'

15-06-2025T15:15:36 - [TEST_STEP][PASSED] - sendKeys(findTestObject("Object Repository/Practice Form/txtfield - Subjects"), TAB.toString()): Keys 'TAB + ' sent to object: 'Object Repository/Practice Form/txtfield - Subjects'

15-06-2025T15:15:36 - [MESSAGE][PASSED] - Keys 'TAB + ' sent to object: 'Object Repository/Practice Form/txtfield - Subjects'

15-06-2025T15:15:36 - [TEST_STEP][PASSED] - scrollToElement(findTestObject("Object Repository/Practice Form/checkbox - Sports"), 0): Scroll to object 'Object Repository/Practice Form/checkbox - Sports' successfully

15-06-2025T15:15:36 - [MESSAGE][WARNING] - Timeout '0' is invalid. Using default page load timeout: '30'

15-06-2025T15:15:36 - [MESSAGE][PASSED] - Scroll to object 'Object Repository/Practice Form/checkbox - Sports' successfully

15-06-2025T15:15:36 - [TEST_STEP][PASSED] - if (hobbies == "Sports"): null

15-06-2025T15:15:36 - [TEST_STEP][PASSED] - else if (hobbies == "Reading"): Object: 'Object Repository/Practice Form/checkbox - Reading' is clicked on

15-06-2025T15:15:36 - [TEST_STEP][PASSED] - click(findTestObject("Object Repository/Practice Form/checkbox - Reading")): Object: 'Object Repository/Practice Form/checkbox - Reading' is clicked on

15-06-2025T15:15:36 - [MESSAGE][PASSED] - Object: 'Object Repository/Practice Form/checkbox - Reading' is clicked on

15-06-2025T15:15:36 - [TEST_STEP][PASSED] - imagePath = getProjectDir() + "/Include/image/gambarDummy.jpeg": null

15-06-2025T15:15:36 - [TEST_STEP][PASSED] - uploadFile(findTestObject("Object Repository/Practice Form/file - Picture"), imagePath): File 'C:/Users/M S I/Katalon Studio/web-maulana-afteroffice-katalon/Include/image/gambarDummy.jpeg' sent to object: 'Object Repository/Practice Form/file - Picture'

15-06-2025T15:15:37 - [MESSAGE][PASSED] - File 'C:/Users/M S I/Katalon Studio/web-maulana-afteroffice-katalon/Include/image/gambarDummy.jpeg' sent to object: 'Object Repository/Practice Form/file - Picture'

15-06-2025T15:15:37 - [TEST_STEP][PASSED] - scrollToElement(findTestObject("Object Repository/Practice Form/textarea - Current address"), 0): Scroll to object 'Object Repository/Practice Form/textarea - Current address' successfully

15-06-2025T15:15:37 - [MESSAGE][WARNING] - Timeout '0' is invalid. Using default page load timeout: '30'

15-06-2025T15:15:37 - [MESSAGE][PASSED] - Scroll to object 'Object Repository/Practice Form/textarea - Current address' successfully

15-06-2025T15:15:37 - [TEST_STEP][PASSED] - setText(findTestObject("Object Repository/Practice Form/textarea - Current address"), currentAddress): Text 'Jl. Camp Nou 23 Spain' is set on object 'Object Repository/Practice Form/textarea - Current address'

15-06-2025T15:15:37 - [MESSAGE][PASSED] - Text 'Jl. Camp Nou 23 Spain' is set on object 'Object Repository/Practice Form/textarea - Current address'

15-06-2025T15:15:37 - [TEST_STEP][PASSED] - scrollToElement(findTestObject("Object Repository/Practice Form/txtfield - State"), 0): Scroll to object 'Object Repository/Practice Form/txtfield - State' successfully

15-06-2025T15:15:37 - [MESSAGE][WARNING] - Timeout '0' is invalid. Using default page load timeout: '30'

15-06-2025T15:15:37 - [MESSAGE][PASSED] - Scroll to object 'Object Repository/Practice Form/txtfield - State' successfully

15-06-2025T15:15:37 - [TEST_STEP][PASSED] - if (state != null && state != ""): Keys 'TAB + ' sent to object: 'Object Repository/Practice Form/txtfield - State'

15-06-2025T15:15:37 - [TEST_STEP][PASSED] - setText(findTestObject("Object Repository/Practice Form/txtfield - State"), state): Text 'Haryana ' is set on object 'Object Repository/Practice Form/txtfield - State'

15-06-2025T15:15:37 - [MESSAGE][PASSED] - Text 'Haryana ' is set on object 'Object Repository/Practice Form/txtfield - State'

15-06-2025T15:15:37 - [TEST_STEP][PASSED] - delay(1): Delayed 1 second(s)

15-06-2025T15:15:38 - [MESSAGE][PASSED] - Delayed 1 second(s)

15-06-2025T15:15:38 - [TEST_STEP][PASSED] - sendKeys(findTestObject("Object Repository/Practice Form/txtfield - State"), TAB.toString()): Keys 'TAB + ' sent to object: 'Object Repository/Practice Form/txtfield - State'

15-06-2025T15:15:38 - [MESSAGE][PASSED] - Keys 'TAB + ' sent to object: 'Object Repository/Practice Form/txtfield - State'

15-06-2025T15:15:38 - [TEST_STEP][PASSED] - if (city != null && city != ""): null

15-06-2025T15:15:38 - [TEST_STEP][PASSED] - else: data city is null

15-06-2025T15:15:38 - [TEST_STEP][PASSED] - comment("data city is null"): data city is null

15-06-2025T15:15:38 - [MESSAGE][INFO] - data city is null

15-06-2025T15:15:38 - [TEST_STEP][PASSED] - scrollToElement(findTestObject("Object Repository/Practice Form/button - Submit"), 0): Scroll to object 'Object Repository/Practice Form/button - Submit' successfully

15-06-2025T15:15:38 - [MESSAGE][WARNING] - Timeout '0' is invalid. Using default page load timeout: '30'

15-06-2025T15:15:38 - [MESSAGE][PASSED] - Scroll to object 'Object Repository/Practice Form/button - Submit' successfully

15-06-2025T15:15:38 - [TEST_STEP][PASSED] - click(findTestObject("Object Repository/Practice Form/button - Submit")): Object: 'Object Repository/Practice Form/button - Submit' is clicked on

15-06-2025T15:15:38 - [MESSAGE][PASSED] - Object: 'Object Repository/Practice Form/button - Submit' is clicked on

15-06-2025T15:15:38 - [TEST_STEP][PASSED] - verifyElementPresent(findTestObject("Object Repository/Modal/txt - Modal title"), 2, CONTINUE_ON_FAILURE): Object 'Object Repository/Modal/txt - Modal title' is present

15-06-2025T15:15:38 - [MESSAGE][PASSED] - Object 'Object Repository/Modal/txt - Modal title' is present

15-06-2025T15:15:38 - [TEST_STEP][PASSED] - markPassed("Validation case : " + testNote): Validation case : input without city (optional) output null

15-06-2025T15:15:38 - [MESSAGE][PASSED] - Validation case : input without city (optional) output null

15-06-2025T15:15:38 - [TEST_STEP][PASSED] - closeBrowser(): Browser is closed

15-06-2025T15:15:39 - [MESSAGE][PASSED] - Browser is closed]]></system-out>
         <system-err><![CDATA[]]></system-err>
      </testcase>
      <testcase name="Test Cases/2. Normal Input/INP 2 - Validate modal closed" time="23.528" classname="Test Cases/2. Normal Input/INP 2 - Validate modal closed" status="PASSED">
         <system-out><![CDATA[15-06-2025T15:15:39 - [TEST_CASE][PASSED] - Test Cases/2. Normal Input/INP 2 - Validate modal closed: Test Cases/2. Normal Input/INP 2 - Validate modal closed

15-06-2025T15:15:39 - [TEST_STEP][PASSED] - openBrowser(""): Browser is opened with url: ''

15-06-2025T15:15:39 - [MESSAGE][INFO] - Starting 'Chrome' driver

15-06-2025T15:15:39 - [MESSAGE][INFO] - Action delay is set to 0 milliseconds

15-06-2025T15:15:40 - [MESSAGE][WARNING] - FFmpeg was not installed! Browser Recording will be disabled. Please follow this document to install FFmpeg first: https://docs.katalon.com/katalon-studio/docs/screenshots-videos.html#browser-based-recorder

15-06-2025T15:15:40 - [MESSAGE][PASSED] - Browser is opened with url: ''

15-06-2025T15:15:40 - [TEST_STEP][PASSED] - navigateToUrl(baseUrl): Navigate to 'https://demoqa.com/automation-practice-form' successfully

15-06-2025T15:15:55 - [MESSAGE][PASSED] - Navigate to 'https://demoqa.com/automation-practice-form' successfully

15-06-2025T15:15:55 - [TEST_STEP][PASSED] - verifyElementPresent(findTestObject("Object Repository/Practice Form/Title Name - Practice Form"), 0): Object 'Object Repository/Practice Form/Title Name - Practice Form' is present

15-06-2025T15:15:55 - [MESSAGE][WARNING] - Timeout '0' is invalid. Using default page load timeout: '30'

15-06-2025T15:15:55 - [MESSAGE][PASSED] - Object 'Object Repository/Practice Form/Title Name - Practice Form' is present

15-06-2025T15:15:55 - [TEST_STEP][PASSED] - setText(findTestObject("Object Repository/Practice Form/txtfield - First name"), firstName): Text 'Alejandro' is set on object 'Object Repository/Practice Form/txtfield - First name'

15-06-2025T15:15:55 - [MESSAGE][PASSED] - Text 'Alejandro' is set on object 'Object Repository/Practice Form/txtfield - First name'

15-06-2025T15:15:55 - [TEST_STEP][PASSED] - setText(findTestObject("Object Repository/Practice Form/txtfield - Last name"), lastName): Text 'Balde' is set on object 'Object Repository/Practice Form/txtfield - Last name'

15-06-2025T15:15:55 - [MESSAGE][PASSED] - Text 'Balde' is set on object 'Object Repository/Practice Form/txtfield - Last name'

15-06-2025T15:15:55 - [TEST_STEP][PASSED] - setText(findTestObject("Object Repository/Practice Form/txtfield - User Email"), email): Text 'alenesta@milan.com' is set on object 'Object Repository/Practice Form/txtfield - User Email'

15-06-2025T15:15:56 - [MESSAGE][PASSED] - Text 'alenesta@milan.com' is set on object 'Object Repository/Practice Form/txtfield - User Email'

15-06-2025T15:15:56 - [TEST_STEP][PASSED] - scrollToElement(findTestObject("Object Repository/Practice Form/radiobox - Male"), 0): Scroll to object 'Object Repository/Practice Form/radiobox - Male' successfully

15-06-2025T15:15:56 - [MESSAGE][WARNING] - Timeout '0' is invalid. Using default page load timeout: '30'

15-06-2025T15:15:56 - [MESSAGE][PASSED] - Scroll to object 'Object Repository/Practice Form/radiobox - Male' successfully

15-06-2025T15:15:56 - [TEST_STEP][PASSED] - if (gender == "Male"): Object: 'Object Repository/Practice Form/radiobox - Male' is clicked on

15-06-2025T15:15:56 - [TEST_STEP][PASSED] - click(findTestObject("Object Repository/Practice Form/radiobox - Male")): Object: 'Object Repository/Practice Form/radiobox - Male' is clicked on

15-06-2025T15:15:56 - [MESSAGE][PASSED] - Object: 'Object Repository/Practice Form/radiobox - Male' is clicked on

15-06-2025T15:15:56 - [TEST_STEP][PASSED] - scrollToElement(findTestObject("Object Repository/Practice Form/txtfield - Mobile number"), 0): Scroll to object 'Object Repository/Practice Form/txtfield - Mobile number' successfully

15-06-2025T15:15:56 - [MESSAGE][WARNING] - Timeout '0' is invalid. Using default page load timeout: '30'

15-06-2025T15:15:56 - [MESSAGE][PASSED] - Scroll to object 'Object Repository/Practice Form/txtfield - Mobile number' successfully

15-06-2025T15:15:56 - [TEST_STEP][PASSED] - setText(findTestObject("Object Repository/Practice Form/txtfield - Mobile number"), mobile): Text '0839283982' is set on object 'Object Repository/Practice Form/txtfield - Mobile number'

15-06-2025T15:15:56 - [MESSAGE][PASSED] - Text '0839283982' is set on object 'Object Repository/Practice Form/txtfield - Mobile number'

15-06-2025T15:15:56 - [TEST_STEP][PASSED] - scrollToElement(findTestObject("Object Repository/Practice Form/txtfield - Birth date"), 0): Scroll to object 'Object Repository/Practice Form/txtfield - Birth date' successfully

15-06-2025T15:15:56 - [MESSAGE][WARNING] - Timeout '0' is invalid. Using default page load timeout: '30'

15-06-2025T15:15:56 - [MESSAGE][PASSED] - Scroll to object 'Object Repository/Practice Form/txtfield - Birth date' successfully

15-06-2025T15:15:56 - [TEST_STEP][PASSED] - click(findTestObject("Object Repository/Practice Form/txtfield - Birth date")): Object: 'Object Repository/Practice Form/txtfield - Birth date' is clicked on

15-06-2025T15:15:56 - [MESSAGE][PASSED] - Object: 'Object Repository/Practice Form/txtfield - Birth date' is clicked on

15-06-2025T15:15:56 - [TEST_STEP][PASSED] - click(findTestObject("Object Repository/Practice Form/specific date picker")): Object: 'Object Repository/Practice Form/specific date picker' is clicked on

15-06-2025T15:15:56 - [MESSAGE][PASSED] - Object: 'Object Repository/Practice Form/specific date picker' is clicked on

15-06-2025T15:15:56 - [TEST_STEP][PASSED] - scrollToElement(findTestObject("Object Repository/Practice Form/txtfield - Subjects"), 0): Scroll to object 'Object Repository/Practice Form/txtfield - Subjects' successfully

15-06-2025T15:15:56 - [MESSAGE][WARNING] - Timeout '0' is invalid. Using default page load timeout: '30'

15-06-2025T15:15:56 - [MESSAGE][PASSED] - Scroll to object 'Object Repository/Practice Form/txtfield - Subjects' successfully

15-06-2025T15:15:56 - [TEST_STEP][PASSED] - if (subjects != null): Keys 'TAB + ' sent to object: 'Object Repository/Practice Form/txtfield - Subjects'

15-06-2025T15:15:56 - [TEST_STEP][PASSED] - setText(findTestObject("Object Repository/Practice Form/txtfield - Subjects"), subjects): Text 'Maths' is set on object 'Object Repository/Practice Form/txtfield - Subjects'

15-06-2025T15:15:57 - [MESSAGE][PASSED] - Text 'Maths' is set on object 'Object Repository/Practice Form/txtfield - Subjects'

15-06-2025T15:15:57 - [TEST_STEP][PASSED] - sendKeys(findTestObject("Object Repository/Practice Form/txtfield - Subjects"), TAB.toString()): Keys 'TAB + ' sent to object: 'Object Repository/Practice Form/txtfield - Subjects'

15-06-2025T15:15:57 - [MESSAGE][PASSED] - Keys 'TAB + ' sent to object: 'Object Repository/Practice Form/txtfield - Subjects'

15-06-2025T15:15:57 - [TEST_STEP][PASSED] - scrollToElement(findTestObject("Object Repository/Practice Form/checkbox - Sports"), 0): Scroll to object 'Object Repository/Practice Form/checkbox - Sports' successfully

15-06-2025T15:15:57 - [MESSAGE][WARNING] - Timeout '0' is invalid. Using default page load timeout: '30'

15-06-2025T15:15:57 - [MESSAGE][PASSED] - Scroll to object 'Object Repository/Practice Form/checkbox - Sports' successfully

15-06-2025T15:15:57 - [TEST_STEP][PASSED] - if (hobbies == "Sports"): null

15-06-2025T15:15:57 - [TEST_STEP][PASSED] - else if (hobbies == "Reading"): Object: 'Object Repository/Practice Form/checkbox - Reading' is clicked on

15-06-2025T15:15:57 - [TEST_STEP][PASSED] - click(findTestObject("Object Repository/Practice Form/checkbox - Reading")): Object: 'Object Repository/Practice Form/checkbox - Reading' is clicked on

15-06-2025T15:15:57 - [MESSAGE][PASSED] - Object: 'Object Repository/Practice Form/checkbox - Reading' is clicked on

15-06-2025T15:15:57 - [TEST_STEP][PASSED] - imagePath = getProjectDir() + "/Include/image/gambarDummy.jpeg": null

15-06-2025T15:15:57 - [TEST_STEP][PASSED] - uploadFile(findTestObject("Object Repository/Practice Form/file - Picture"), imagePath): File 'C:/Users/M S I/Katalon Studio/web-maulana-afteroffice-katalon/Include/image/gambarDummy.jpeg' sent to object: 'Object Repository/Practice Form/file - Picture'

15-06-2025T15:15:57 - [MESSAGE][PASSED] - File 'C:/Users/M S I/Katalon Studio/web-maulana-afteroffice-katalon/Include/image/gambarDummy.jpeg' sent to object: 'Object Repository/Practice Form/file - Picture'

15-06-2025T15:15:57 - [TEST_STEP][PASSED] - scrollToElement(findTestObject("Object Repository/Practice Form/textarea - Current address"), 0): Scroll to object 'Object Repository/Practice Form/textarea - Current address' successfully

15-06-2025T15:15:57 - [MESSAGE][WARNING] - Timeout '0' is invalid. Using default page load timeout: '30'

15-06-2025T15:15:57 - [MESSAGE][PASSED] - Scroll to object 'Object Repository/Practice Form/textarea - Current address' successfully

15-06-2025T15:15:57 - [TEST_STEP][PASSED] - setText(findTestObject("Object Repository/Practice Form/textarea - Current address"), currentAddress): Text 'Jl. kemana mana asal ada uang' is set on object 'Object Repository/Practice Form/textarea - Current address'

15-06-2025T15:15:57 - [MESSAGE][PASSED] - Text 'Jl. kemana mana asal ada uang' is set on object 'Object Repository/Practice Form/textarea - Current address'

15-06-2025T15:15:57 - [TEST_STEP][PASSED] - scrollToElement(findTestObject("Object Repository/Practice Form/txtfield - State"), 0): Scroll to object 'Object Repository/Practice Form/txtfield - State' successfully

15-06-2025T15:15:57 - [MESSAGE][WARNING] - Timeout '0' is invalid. Using default page load timeout: '30'

15-06-2025T15:15:57 - [MESSAGE][PASSED] - Scroll to object 'Object Repository/Practice Form/txtfield - State' successfully

15-06-2025T15:15:57 - [TEST_STEP][PASSED] - if (state != null && state != ""): Keys 'TAB + ' sent to object: 'Object Repository/Practice Form/txtfield - State'

15-06-2025T15:15:57 - [TEST_STEP][PASSED] - setText(findTestObject("Object Repository/Practice Form/txtfield - State"), state): Text 'Haryana' is set on object 'Object Repository/Practice Form/txtfield - State'

15-06-2025T15:15:57 - [MESSAGE][PASSED] - Text 'Haryana' is set on object 'Object Repository/Practice Form/txtfield - State'

15-06-2025T15:15:57 - [TEST_STEP][PASSED] - delay(1): Delayed 1 second(s)

15-06-2025T15:15:58 - [MESSAGE][PASSED] - Delayed 1 second(s)

15-06-2025T15:15:58 - [TEST_STEP][PASSED] - sendKeys(findTestObject("Object Repository/Practice Form/txtfield - State"), TAB.toString()): Keys 'TAB + ' sent to object: 'Object Repository/Practice Form/txtfield - State'

15-06-2025T15:15:58 - [MESSAGE][PASSED] - Keys 'TAB + ' sent to object: 'Object Repository/Practice Form/txtfield - State'

15-06-2025T15:15:58 - [TEST_STEP][PASSED] - if (city != null && city != ""): null

15-06-2025T15:15:58 - [TEST_STEP][PASSED] - else: data city is null

15-06-2025T15:15:58 - [TEST_STEP][PASSED] - comment("data city is null"): data city is null

15-06-2025T15:15:58 - [MESSAGE][INFO] - data city is null

15-06-2025T15:15:58 - [TEST_STEP][PASSED] - scrollToElement(findTestObject("Object Repository/Practice Form/button - Submit"), 0): Scroll to object 'Object Repository/Practice Form/button - Submit' successfully

15-06-2025T15:15:58 - [MESSAGE][WARNING] - Timeout '0' is invalid. Using default page load timeout: '30'

15-06-2025T15:15:58 - [MESSAGE][PASSED] - Scroll to object 'Object Repository/Practice Form/button - Submit' successfully

15-06-2025T15:15:58 - [TEST_STEP][PASSED] - click(findTestObject("Object Repository/Practice Form/button - Submit")): Object: 'Object Repository/Practice Form/button - Submit' is clicked on

15-06-2025T15:15:59 - [MESSAGE][PASSED] - Object: 'Object Repository/Practice Form/button - Submit' is clicked on

15-06-2025T15:15:59 - [TEST_STEP][PASSED] - executeJavaScript("document.getElementById('fixedban')?.remove();", null): Execute JavaScript 'document.getElementById('fixedban')?.remove();' successfully

15-06-2025T15:15:59 - [MESSAGE][PASSED] - Execute JavaScript 'document.getElementById('fixedban')?.remove();' successfully

15-06-2025T15:15:59 - [TEST_STEP][PASSED] - verifyElementPresent(findTestObject("Object Repository/Modal/txt - Modal title"), 2, CONTINUE_ON_FAILURE): Object 'Object Repository/Modal/txt - Modal title' is present

15-06-2025T15:15:59 - [MESSAGE][PASSED] - Object 'Object Repository/Modal/txt - Modal title' is present

15-06-2025T15:15:59 - [TEST_STEP][PASSED] - click(findTestObject("Object Repository/Modal/btn - Modal close")): Object: 'Object Repository/Modal/btn - Modal close' is clicked on

15-06-2025T15:16:01 - [MESSAGE][PASSED] - Object: 'Object Repository/Modal/btn - Modal close' is clicked on

15-06-2025T15:16:01 - [TEST_STEP][PASSED] - verifyElementNotPresent(findTestObject("Object Repository/Modal/txt - Modal title"), 2, CONTINUE_ON_FAILURE): Web element with id: 'Object Repository/Modal/txt - Modal title' located by 'By.xpath: //div[@id='example-modal-sizes-title-lg']' is not present after '2' second(s)

15-06-2025T15:16:02 - [MESSAGE][PASSED] - Web element with id: 'Object Repository/Modal/txt - Modal title' located by 'By.xpath: //div[@id='example-modal-sizes-title-lg']' is not present after '2' second(s)

15-06-2025T15:16:02 - [TEST_STEP][PASSED] - verifyElementPresent(findTestObject("Object Repository/Practice Form/Title Name - Practice Form"), 0): Object 'Object Repository/Practice Form/Title Name - Practice Form' is present

15-06-2025T15:16:02 - [MESSAGE][WARNING] - Timeout '0' is invalid. Using default page load timeout: '30'

15-06-2025T15:16:02 - [MESSAGE][PASSED] - Object 'Object Repository/Practice Form/Title Name - Practice Form' is present

15-06-2025T15:16:02 - [TEST_STEP][PASSED] - closeBrowser(): Browser is closed

15-06-2025T15:16:02 - [MESSAGE][PASSED] - Browser is closed]]></system-out>
         <system-err><![CDATA[]]></system-err>
      </testcase>
      <testcase name="Test Cases/2. Normal Input/INP 3 - Verify match text input to output modal" time="21.623" classname="Test Cases/2. Normal Input/INP 3 - Verify match text input to output modal" status="PASSED">
         <system-out><![CDATA[15-06-2025T15:16:02 - [TEST_CASE][PASSED] - Test Cases/2. Normal Input/INP 3 - Verify match text input to output modal: Test Cases/2. Normal Input/INP 3 - Verify match text input to output modal

15-06-2025T15:16:02 - [TEST_STEP][PASSED] - openBrowser(""): Browser is opened with url: ''

15-06-2025T15:16:02 - [MESSAGE][INFO] - Starting 'Chrome' driver

15-06-2025T15:16:02 - [MESSAGE][INFO] - Action delay is set to 0 milliseconds

15-06-2025T15:16:03 - [MESSAGE][WARNING] - FFmpeg was not installed! Browser Recording will be disabled. Please follow this document to install FFmpeg first: https://docs.katalon.com/katalon-studio/docs/screenshots-videos.html#browser-based-recorder

15-06-2025T15:16:03 - [MESSAGE][PASSED] - Browser is opened with url: ''

15-06-2025T15:16:03 - [TEST_STEP][PASSED] - navigateToUrl(baseUrl): Navigate to 'https://demoqa.com/automation-practice-form' successfully

15-06-2025T15:16:04 - [MESSAGE][PASSED] - Navigate to 'https://demoqa.com/automation-practice-form' successfully

15-06-2025T15:16:04 - [TEST_STEP][PASSED] - verifyElementPresent(findTestObject("Object Repository/Practice Form/Title Name - Practice Form"), 0): Object 'Object Repository/Practice Form/Title Name - Practice Form' is present

15-06-2025T15:16:04 - [MESSAGE][WARNING] - Timeout '0' is invalid. Using default page load timeout: '30'

15-06-2025T15:16:17 - [MESSAGE][PASSED] - Object 'Object Repository/Practice Form/Title Name - Practice Form' is present

15-06-2025T15:16:17 - [TEST_STEP][PASSED] - setText(findTestObject("Object Repository/Practice Form/txtfield - First name"), firstName): Text 'Maulana' is set on object 'Object Repository/Practice Form/txtfield - First name'

15-06-2025T15:16:17 - [MESSAGE][PASSED] - Text 'Maulana' is set on object 'Object Repository/Practice Form/txtfield - First name'

15-06-2025T15:16:17 - [TEST_STEP][PASSED] - setText(findTestObject("Object Repository/Practice Form/txtfield - Last name"), lastName): Text 'Alfan' is set on object 'Object Repository/Practice Form/txtfield - Last name'

15-06-2025T15:16:17 - [MESSAGE][PASSED] - Text 'Alfan' is set on object 'Object Repository/Practice Form/txtfield - Last name'

15-06-2025T15:16:17 - [TEST_STEP][PASSED] - setText(findTestObject("Object Repository/Practice Form/txtfield - User Email"), email): Text 'maulanaalfany@gmail.com' is set on object 'Object Repository/Practice Form/txtfield - User Email'

15-06-2025T15:16:18 - [MESSAGE][PASSED] - Text 'maulanaalfany@gmail.com' is set on object 'Object Repository/Practice Form/txtfield - User Email'

15-06-2025T15:16:18 - [TEST_STEP][PASSED] - scrollToElement(findTestObject("Object Repository/Practice Form/radiobox - Male"), 0): Scroll to object 'Object Repository/Practice Form/radiobox - Male' successfully

15-06-2025T15:16:18 - [MESSAGE][WARNING] - Timeout '0' is invalid. Using default page load timeout: '30'

15-06-2025T15:16:18 - [MESSAGE][PASSED] - Scroll to object 'Object Repository/Practice Form/radiobox - Male' successfully

15-06-2025T15:16:18 - [TEST_STEP][PASSED] - if (gender == "Male"): Object: 'Object Repository/Practice Form/radiobox - Male' is clicked on

15-06-2025T15:16:18 - [TEST_STEP][PASSED] - click(findTestObject("Object Repository/Practice Form/radiobox - Male")): Object: 'Object Repository/Practice Form/radiobox - Male' is clicked on

15-06-2025T15:16:18 - [MESSAGE][PASSED] - Object: 'Object Repository/Practice Form/radiobox - Male' is clicked on

15-06-2025T15:16:18 - [TEST_STEP][PASSED] - scrollToElement(findTestObject("Object Repository/Practice Form/txtfield - Mobile number"), 0): Scroll to object 'Object Repository/Practice Form/txtfield - Mobile number' successfully

15-06-2025T15:16:18 - [MESSAGE][WARNING] - Timeout '0' is invalid. Using default page load timeout: '30'

15-06-2025T15:16:18 - [MESSAGE][PASSED] - Scroll to object 'Object Repository/Practice Form/txtfield - Mobile number' successfully

15-06-2025T15:16:18 - [TEST_STEP][PASSED] - setText(findTestObject("Object Repository/Practice Form/txtfield - Mobile number"), mobile): Text '0812345678' is set on object 'Object Repository/Practice Form/txtfield - Mobile number'

15-06-2025T15:16:18 - [MESSAGE][PASSED] - Text '0812345678' is set on object 'Object Repository/Practice Form/txtfield - Mobile number'

15-06-2025T15:16:18 - [TEST_STEP][PASSED] - scrollToElement(findTestObject("Object Repository/Practice Form/txtfield - Birth date"), 0): Scroll to object 'Object Repository/Practice Form/txtfield - Birth date' successfully

15-06-2025T15:16:18 - [MESSAGE][WARNING] - Timeout '0' is invalid. Using default page load timeout: '30'

15-06-2025T15:16:18 - [MESSAGE][PASSED] - Scroll to object 'Object Repository/Practice Form/txtfield - Birth date' successfully

15-06-2025T15:16:18 - [TEST_STEP][PASSED] - click(findTestObject("Object Repository/Practice Form/txtfield - Birth date")): Object: 'Object Repository/Practice Form/txtfield - Birth date' is clicked on

15-06-2025T15:16:19 - [MESSAGE][PASSED] - Object: 'Object Repository/Practice Form/txtfield - Birth date' is clicked on

15-06-2025T15:16:19 - [TEST_STEP][PASSED] - click(findTestObject("Object Repository/Practice Form/specific date picker")): Object: 'Object Repository/Practice Form/specific date picker' is clicked on

15-06-2025T15:16:19 - [MESSAGE][PASSED] - Object: 'Object Repository/Practice Form/specific date picker' is clicked on

15-06-2025T15:16:19 - [TEST_STEP][PASSED] - scrollToElement(findTestObject("Object Repository/Practice Form/txtfield - Subjects"), 0): Scroll to object 'Object Repository/Practice Form/txtfield - Subjects' successfully

15-06-2025T15:16:19 - [MESSAGE][WARNING] - Timeout '0' is invalid. Using default page load timeout: '30'

15-06-2025T15:16:19 - [MESSAGE][PASSED] - Scroll to object 'Object Repository/Practice Form/txtfield - Subjects' successfully

15-06-2025T15:16:19 - [TEST_STEP][PASSED] - if (subjects != null): Keys 'TAB + ' sent to object: 'Object Repository/Practice Form/txtfield - Subjects'

15-06-2025T15:16:19 - [TEST_STEP][PASSED] - setText(findTestObject("Object Repository/Practice Form/txtfield - Subjects"), subjects): Text 'Maths' is set on object 'Object Repository/Practice Form/txtfield - Subjects'

15-06-2025T15:16:19 - [MESSAGE][PASSED] - Text 'Maths' is set on object 'Object Repository/Practice Form/txtfield - Subjects'

15-06-2025T15:16:19 - [TEST_STEP][PASSED] - sendKeys(findTestObject("Object Repository/Practice Form/txtfield - Subjects"), TAB.toString()): Keys 'TAB + ' sent to object: 'Object Repository/Practice Form/txtfield - Subjects'

15-06-2025T15:16:19 - [MESSAGE][PASSED] - Keys 'TAB + ' sent to object: 'Object Repository/Practice Form/txtfield - Subjects'

15-06-2025T15:16:19 - [TEST_STEP][PASSED] - scrollToElement(findTestObject("Object Repository/Practice Form/checkbox - Sports"), 0): Scroll to object 'Object Repository/Practice Form/checkbox - Sports' successfully

15-06-2025T15:16:19 - [MESSAGE][WARNING] - Timeout '0' is invalid. Using default page load timeout: '30'

15-06-2025T15:16:19 - [MESSAGE][PASSED] - Scroll to object 'Object Repository/Practice Form/checkbox - Sports' successfully

15-06-2025T15:16:19 - [TEST_STEP][PASSED] - if (hobbies == "Sports"): null

15-06-2025T15:16:19 - [TEST_STEP][PASSED] - else if (hobbies == "Reading"): Object: 'Object Repository/Practice Form/checkbox - Reading' is clicked on

15-06-2025T15:16:19 - [TEST_STEP][PASSED] - click(findTestObject("Object Repository/Practice Form/checkbox - Reading")): Object: 'Object Repository/Practice Form/checkbox - Reading' is clicked on

15-06-2025T15:16:20 - [MESSAGE][PASSED] - Object: 'Object Repository/Practice Form/checkbox - Reading' is clicked on

15-06-2025T15:16:20 - [TEST_STEP][PASSED] - imagePath = getProjectDir() + "/Include/image/gambarDummy.jpeg": null

15-06-2025T15:16:20 - [TEST_STEP][PASSED] - uploadFile(findTestObject("Object Repository/Practice Form/file - Picture"), imagePath): File 'C:/Users/M S I/Katalon Studio/web-maulana-afteroffice-katalon/Include/image/gambarDummy.jpeg' sent to object: 'Object Repository/Practice Form/file - Picture'

15-06-2025T15:16:20 - [MESSAGE][PASSED] - File 'C:/Users/M S I/Katalon Studio/web-maulana-afteroffice-katalon/Include/image/gambarDummy.jpeg' sent to object: 'Object Repository/Practice Form/file - Picture'

15-06-2025T15:16:20 - [TEST_STEP][PASSED] - scrollToElement(findTestObject("Object Repository/Practice Form/textarea - Current address"), 0): Scroll to object 'Object Repository/Practice Form/textarea - Current address' successfully

15-06-2025T15:16:20 - [MESSAGE][WARNING] - Timeout '0' is invalid. Using default page load timeout: '30'

15-06-2025T15:16:20 - [MESSAGE][PASSED] - Scroll to object 'Object Repository/Practice Form/textarea - Current address' successfully

15-06-2025T15:16:20 - [TEST_STEP][PASSED] - setText(findTestObject("Object Repository/Practice Form/textarea - Current address"), currentAddress): Text 'Jl. Mangga murah nomor 23 Malang Jawa Timur' is set on object 'Object Repository/Practice Form/textarea - Current address'

15-06-2025T15:16:20 - [MESSAGE][PASSED] - Text 'Jl. Mangga murah nomor 23 Malang Jawa Timur' is set on object 'Object Repository/Practice Form/textarea - Current address'

15-06-2025T15:16:20 - [TEST_STEP][PASSED] - scrollToElement(findTestObject("Object Repository/Practice Form/txtfield - State"), 0): Scroll to object 'Object Repository/Practice Form/txtfield - State' successfully

15-06-2025T15:16:20 - [MESSAGE][WARNING] - Timeout '0' is invalid. Using default page load timeout: '30'

15-06-2025T15:16:20 - [MESSAGE][PASSED] - Scroll to object 'Object Repository/Practice Form/txtfield - State' successfully

15-06-2025T15:16:20 - [TEST_STEP][PASSED] - if (state != null && state != ""): Keys 'TAB + ' sent to object: 'Object Repository/Practice Form/txtfield - State'

15-06-2025T15:16:20 - [TEST_STEP][PASSED] - setText(findTestObject("Object Repository/Practice Form/txtfield - State"), state): Text 'Haryana' is set on object 'Object Repository/Practice Form/txtfield - State'

15-06-2025T15:16:20 - [MESSAGE][PASSED] - Text 'Haryana' is set on object 'Object Repository/Practice Form/txtfield - State'

15-06-2025T15:16:20 - [TEST_STEP][PASSED] - delay(1): Delayed 1 second(s)

15-06-2025T15:16:21 - [MESSAGE][PASSED] - Delayed 1 second(s)

15-06-2025T15:16:21 - [TEST_STEP][PASSED] - sendKeys(findTestObject("Object Repository/Practice Form/txtfield - State"), TAB.toString()): Keys 'TAB + ' sent to object: 'Object Repository/Practice Form/txtfield - State'

15-06-2025T15:16:21 - [MESSAGE][PASSED] - Keys 'TAB + ' sent to object: 'Object Repository/Practice Form/txtfield - State'

15-06-2025T15:16:21 - [TEST_STEP][PASSED] - if (city != null && city != ""): Keys 'DOWN + ENTER + ' sent to object: 'Object Repository/Practice Form/txtfield - City'

15-06-2025T15:16:21 - [TEST_STEP][PASSED] - setText(findTestObject("Object Repository/Practice Form/txtfield - City"), city): Text 'Karnal' is set on object 'Object Repository/Practice Form/txtfield - City'

15-06-2025T15:16:21 - [MESSAGE][PASSED] - Text 'Karnal' is set on object 'Object Repository/Practice Form/txtfield - City'

15-06-2025T15:16:21 - [TEST_STEP][PASSED] - delay(1): Delayed 1 second(s)

15-06-2025T15:16:22 - [MESSAGE][PASSED] - Delayed 1 second(s)

15-06-2025T15:16:22 - [TEST_STEP][PASSED] - sendKeys(findTestObject("Object Repository/Practice Form/txtfield - City"), Keys.chord(ARROW_DOWN, ENTER)): Keys 'DOWN + ENTER + ' sent to object: 'Object Repository/Practice Form/txtfield - City'

15-06-2025T15:16:22 - [MESSAGE][PASSED] - Keys 'DOWN + ENTER + ' sent to object: 'Object Repository/Practice Form/txtfield - City'

15-06-2025T15:16:22 - [TEST_STEP][PASSED] - scrollToElement(findTestObject("Object Repository/Practice Form/button - Submit"), 0): Scroll to object 'Object Repository/Practice Form/button - Submit' successfully

15-06-2025T15:16:22 - [MESSAGE][WARNING] - Timeout '0' is invalid. Using default page load timeout: '30'

15-06-2025T15:16:22 - [MESSAGE][PASSED] - Scroll to object 'Object Repository/Practice Form/button - Submit' successfully

15-06-2025T15:16:22 - [TEST_STEP][PASSED] - click(findTestObject("Object Repository/Practice Form/button - Submit")): Object: 'Object Repository/Practice Form/button - Submit' is clicked on

15-06-2025T15:16:22 - [MESSAGE][PASSED] - Object: 'Object Repository/Practice Form/button - Submit' is clicked on

15-06-2025T15:16:22 - [TEST_STEP][PASSED] - executeJavaScript("document.getElementById('fixedban')?.remove();", null, CONTINUE_ON_FAILURE): Execute JavaScript 'document.getElementById('fixedban')?.remove();' successfully

15-06-2025T15:16:22 - [MESSAGE][PASSED] - Execute JavaScript 'document.getElementById('fixedban')?.remove();' successfully

15-06-2025T15:16:22 - [TEST_STEP][PASSED] - verifyElementPresent(findTestObject("Object Repository/Modal/txt - Modal title"), 2, CONTINUE_ON_FAILURE): Object 'Object Repository/Modal/txt - Modal title' is present

15-06-2025T15:16:22 - [MESSAGE][PASSED] - Object 'Object Repository/Modal/txt - Modal title' is present

15-06-2025T15:16:22 - [TEST_STEP][PASSED] - data_studentName = getText(findTestObject("Object Repository/Modal/data - Student name")): Text of object 'Object Repository/Modal/data - Student name' is: 'Maulana Alfan'

15-06-2025T15:16:23 - [MESSAGE][PASSED] - Text of object 'Object Repository/Modal/data - Student name' is: 'Maulana Alfan'

15-06-2025T15:16:23 - [TEST_STEP][PASSED] - studentName = firstName + " " + lastName: null

15-06-2025T15:16:23 - [TEST_STEP][PASSED] - verifyMatch(studentName, data_studentName, false): Actual text 'Maulana Alfan' and expected text 'Maulana Alfan' are matched 

15-06-2025T15:16:23 - [MESSAGE][PASSED] - Actual text 'Maulana Alfan' and expected text 'Maulana Alfan' are matched 

15-06-2025T15:16:23 - [TEST_STEP][PASSED] - data_studentEmail = getText(findTestObject("Object Repository/Modal/data - Student email")): Text of object 'Object Repository/Modal/data - Student email' is: 'maulanaalfany@gmail.com'

15-06-2025T15:16:23 - [MESSAGE][PASSED] - Text of object 'Object Repository/Modal/data - Student email' is: 'maulanaalfany@gmail.com'

15-06-2025T15:16:23 - [TEST_STEP][PASSED] - verifyMatch(email, data_studentEmail, false): Actual text 'maulanaalfany@gmail.com' and expected text 'maulanaalfany@gmail.com' are matched 

15-06-2025T15:16:23 - [MESSAGE][PASSED] - Actual text 'maulanaalfany@gmail.com' and expected text 'maulanaalfany@gmail.com' are matched 

15-06-2025T15:16:23 - [TEST_STEP][PASSED] - data_studentGender = getText(findTestObject("Object Repository/Modal/data - Student gender")): Text of object 'Object Repository/Modal/data - Student gender' is: 'Male'

15-06-2025T15:16:23 - [MESSAGE][PASSED] - Text of object 'Object Repository/Modal/data - Student gender' is: 'Male'

15-06-2025T15:16:23 - [TEST_STEP][PASSED] - verifyMatch(gender, data_studentGender, false): Actual text 'Male' and expected text 'Male' are matched 

15-06-2025T15:16:23 - [MESSAGE][PASSED] - Actual text 'Male' and expected text 'Male' are matched 

15-06-2025T15:16:23 - [TEST_STEP][PASSED] - data_studentMobile = getText(findTestObject("Object Repository/Modal/data - Student mobile")): Text of object 'Object Repository/Modal/data - Student mobile' is: '0812345678'

15-06-2025T15:16:23 - [MESSAGE][PASSED] - Text of object 'Object Repository/Modal/data - Student mobile' is: '0812345678'

15-06-2025T15:16:23 - [TEST_STEP][PASSED] - verifyMatch(mobile, data_studentMobile, false): Actual text '0812345678' and expected text '0812345678' are matched 

15-06-2025T15:16:23 - [MESSAGE][PASSED] - Actual text '0812345678' and expected text '0812345678' are matched 

15-06-2025T15:16:23 - [TEST_STEP][PASSED] - studentBirthDate = getAttribute(findTestObject("Object Repository/Practice Form/txtfield - Birth date"), "value"): Attribute 'value' of object 'Object Repository/Practice Form/txtfield - Birth date' is: '03 Jun 2025'

15-06-2025T15:16:23 - [MESSAGE][PASSED] - Attribute 'value' of object 'Object Repository/Practice Form/txtfield - Birth date' is: '03 Jun 2025'

15-06-2025T15:16:23 - [TEST_STEP][PASSED] - parts = studentBirthDate.split(" "): null

15-06-2025T15:16:23 - [TEST_STEP][PASSED] - month = $parts[1]: null

15-06-2025T15:16:23 - [TEST_STEP][PASSED] - longMonth = "": null

15-06-2025T15:16:23 - [TEST_STEP][PASSED] - switch (month): null

15-06-2025T15:16:23 - [TEST_STEP][PASSED] - case "Jun":: null

15-06-2025T15:16:23 - [TEST_STEP][PASSED] - longMonth = "June": null

15-06-2025T15:16:23 - [TEST_STEP][PASSED] - break: null

15-06-2025T15:16:23 - [TEST_STEP][PASSED] - result_studentBirthDate = $parts[0]  + longMonth + ,$parts[2]: null

15-06-2025T15:16:23 - [TEST_STEP][PASSED] - data_studentBirthDate = getText(findTestObject("Object Repository/Modal/data - Student date of birth")): Text of object 'Object Repository/Modal/data - Student date of birth' is: '03 June,2025'

15-06-2025T15:16:23 - [MESSAGE][PASSED] - Text of object 'Object Repository/Modal/data - Student date of birth' is: '03 June,2025'

15-06-2025T15:16:23 - [TEST_STEP][PASSED] - verifyMatch(result_studentBirthDate, data_studentBirthDate, false): Actual text '03 June,2025' and expected text '03 June,2025' are matched 

15-06-2025T15:16:23 - [MESSAGE][PASSED] - Actual text '03 June,2025' and expected text '03 June,2025' are matched 

15-06-2025T15:16:23 - [TEST_STEP][PASSED] - data_studentSubjects = getText(findTestObject("Object Repository/Modal/data - Student subjects")): Text of object 'Object Repository/Modal/data - Student subjects' is: 'Maths'

15-06-2025T15:16:23 - [MESSAGE][PASSED] - Text of object 'Object Repository/Modal/data - Student subjects' is: 'Maths'

15-06-2025T15:16:23 - [TEST_STEP][PASSED] - verifyMatch(subjects, data_studentSubjects, false): Actual text 'Maths' and expected text 'Maths' are matched 

15-06-2025T15:16:23 - [MESSAGE][PASSED] - Actual text 'Maths' and expected text 'Maths' are matched 

15-06-2025T15:16:23 - [TEST_STEP][PASSED] - data_studentHobbies = getText(findTestObject("Object Repository/Modal/data - Student hobbies")): Text of object 'Object Repository/Modal/data - Student hobbies' is: 'Reading'

15-06-2025T15:16:23 - [MESSAGE][PASSED] - Text of object 'Object Repository/Modal/data - Student hobbies' is: 'Reading'

15-06-2025T15:16:23 - [TEST_STEP][PASSED] - verifyMatch(hobbies, data_studentHobbies, false): Actual text 'Reading' and expected text 'Reading' are matched 

15-06-2025T15:16:23 - [MESSAGE][PASSED] - Actual text 'Reading' and expected text 'Reading' are matched 

15-06-2025T15:16:23 - [TEST_STEP][PASSED] - data_studentPicture = getText(findTestObject("Object Repository/Modal/data - Student picture")): Text of object 'Object Repository/Modal/data - Student picture' is: 'gambarDummy.jpeg'

15-06-2025T15:16:23 - [MESSAGE][PASSED] - Text of object 'Object Repository/Modal/data - Student picture' is: 'gambarDummy.jpeg'

15-06-2025T15:16:23 - [TEST_STEP][PASSED] - verifyMatch("gambarDummy.jpeg", data_studentPicture, false): Actual text 'gambarDummy.jpeg' and expected text 'gambarDummy.jpeg' are matched 

15-06-2025T15:16:23 - [MESSAGE][PASSED] - Actual text 'gambarDummy.jpeg' and expected text 'gambarDummy.jpeg' are matched 

15-06-2025T15:16:23 - [TEST_STEP][PASSED] - data_studentAddress = getText(findTestObject("Object Repository/Modal/data - Student address")): Text of object 'Object Repository/Modal/data - Student address' is: 'Jl. Mangga murah nomor 23 Malang Jawa Timur'

15-06-2025T15:16:23 - [MESSAGE][PASSED] - Text of object 'Object Repository/Modal/data - Student address' is: 'Jl. Mangga murah nomor 23 Malang Jawa Timur'

15-06-2025T15:16:23 - [TEST_STEP][PASSED] - verifyMatch(currentAddress, data_studentAddress, false): Actual text 'Jl. Mangga murah nomor 23 Malang Jawa Timur' and expected text 'Jl. Mangga murah nomor 23 Malang Jawa Timur' are matched 

15-06-2025T15:16:23 - [MESSAGE][PASSED] - Actual text 'Jl. Mangga murah nomor 23 Malang Jawa Timur' and expected text 'Jl. Mangga murah nomor 23 Malang Jawa Timur' are matched 

15-06-2025T15:16:23 - [TEST_STEP][PASSED] - studentStateCity = "": null

15-06-2025T15:16:23 - [TEST_STEP][PASSED] - if (state != "" && city == ""): null

15-06-2025T15:16:23 - [TEST_STEP][PASSED] - else if (state == ""): null

15-06-2025T15:16:23 - [TEST_STEP][PASSED] - else if (state != "" && city != ""): null

15-06-2025T15:16:23 - [TEST_STEP][PASSED] - studentStateCity = state + " " + city: null

15-06-2025T15:16:23 - [TEST_STEP][PASSED] - data_studentStateCity = getText(findTestObject("Object Repository/Modal/data - Student state and city")): Text of object 'Object Repository/Modal/data - Student state and city' is: 'Haryana Karnal'

15-06-2025T15:16:23 - [MESSAGE][PASSED] - Text of object 'Object Repository/Modal/data - Student state and city' is: 'Haryana Karnal'

15-06-2025T15:16:23 - [TEST_STEP][PASSED] - verifyMatch(studentStateCity, data_studentStateCity, false): Actual text 'Haryana Karnal' and expected text 'Haryana Karnal' are matched 

15-06-2025T15:16:23 - [MESSAGE][PASSED] - Actual text 'Haryana Karnal' and expected text 'Haryana Karnal' are matched 

15-06-2025T15:16:23 - [TEST_STEP][PASSED] - closeBrowser(): Browser is closed

15-06-2025T15:16:24 - [MESSAGE][PASSED] - Browser is closed]]></system-out>
         <system-err><![CDATA[]]></system-err>
      </testcase>
      <testcase name="Test Cases/2. Normal Input/INP 3 - Verify match text input to output modal" time="18.288" classname="Test Cases/2. Normal Input/INP 3 - Verify match text input to output modal" status="PASSED">
         <system-out><![CDATA[15-06-2025T15:16:24 - [TEST_CASE][PASSED] - Test Cases/2. Normal Input/INP 3 - Verify match text input to output modal: Test Cases/2. Normal Input/INP 3 - Verify match text input to output modal

15-06-2025T15:16:24 - [TEST_STEP][PASSED] - openBrowser(""): Browser is opened with url: ''

15-06-2025T15:16:24 - [MESSAGE][INFO] - Starting 'Chrome' driver

15-06-2025T15:16:24 - [MESSAGE][INFO] - Action delay is set to 0 milliseconds

15-06-2025T15:16:25 - [MESSAGE][WARNING] - FFmpeg was not installed! Browser Recording will be disabled. Please follow this document to install FFmpeg first: https://docs.katalon.com/katalon-studio/docs/screenshots-videos.html#browser-based-recorder

15-06-2025T15:16:25 - [MESSAGE][PASSED] - Browser is opened with url: ''

15-06-2025T15:16:25 - [TEST_STEP][PASSED] - navigateToUrl(baseUrl): Navigate to 'https://demoqa.com/automation-practice-form' successfully

15-06-2025T15:16:37 - [MESSAGE][PASSED] - Navigate to 'https://demoqa.com/automation-practice-form' successfully

15-06-2025T15:16:37 - [TEST_STEP][PASSED] - verifyElementPresent(findTestObject("Object Repository/Practice Form/Title Name - Practice Form"), 0): Object 'Object Repository/Practice Form/Title Name - Practice Form' is present

15-06-2025T15:16:37 - [MESSAGE][WARNING] - Timeout '0' is invalid. Using default page load timeout: '30'

15-06-2025T15:16:37 - [MESSAGE][PASSED] - Object 'Object Repository/Practice Form/Title Name - Practice Form' is present

15-06-2025T15:16:37 - [TEST_STEP][PASSED] - setText(findTestObject("Object Repository/Practice Form/txtfield - First name"), firstName): Text 'Don' is set on object 'Object Repository/Practice Form/txtfield - First name'

15-06-2025T15:16:37 - [MESSAGE][PASSED] - Text 'Don' is set on object 'Object Repository/Practice Form/txtfield - First name'

15-06-2025T15:16:37 - [TEST_STEP][PASSED] - setText(findTestObject("Object Repository/Practice Form/txtfield - Last name"), lastName): Text 'Andres' is set on object 'Object Repository/Practice Form/txtfield - Last name'

15-06-2025T15:16:37 - [MESSAGE][PASSED] - Text 'Andres' is set on object 'Object Repository/Practice Form/txtfield - Last name'

15-06-2025T15:16:37 - [TEST_STEP][PASSED] - setText(findTestObject("Object Repository/Practice Form/txtfield - User Email"), email): Text '' is set on object 'Object Repository/Practice Form/txtfield - User Email'

15-06-2025T15:16:37 - [MESSAGE][PASSED] - Text '' is set on object 'Object Repository/Practice Form/txtfield - User Email'

15-06-2025T15:16:37 - [TEST_STEP][PASSED] - scrollToElement(findTestObject("Object Repository/Practice Form/radiobox - Male"), 0): Scroll to object 'Object Repository/Practice Form/radiobox - Male' successfully

15-06-2025T15:16:37 - [MESSAGE][WARNING] - Timeout '0' is invalid. Using default page load timeout: '30'

15-06-2025T15:16:37 - [MESSAGE][PASSED] - Scroll to object 'Object Repository/Practice Form/radiobox - Male' successfully

15-06-2025T15:16:37 - [TEST_STEP][PASSED] - if (gender == "Male"): null

15-06-2025T15:16:37 - [TEST_STEP][PASSED] - else if (gender == "Female"): Object: 'Object Repository/Practice Form/radiobox - Female' is clicked on

15-06-2025T15:16:37 - [TEST_STEP][PASSED] - click(findTestObject("Object Repository/Practice Form/radiobox - Female")): Object: 'Object Repository/Practice Form/radiobox - Female' is clicked on

15-06-2025T15:16:37 - [MESSAGE][PASSED] - Object: 'Object Repository/Practice Form/radiobox - Female' is clicked on

15-06-2025T15:16:37 - [TEST_STEP][PASSED] - scrollToElement(findTestObject("Object Repository/Practice Form/txtfield - Mobile number"), 0): Scroll to object 'Object Repository/Practice Form/txtfield - Mobile number' successfully

15-06-2025T15:16:37 - [MESSAGE][WARNING] - Timeout '0' is invalid. Using default page load timeout: '30'

15-06-2025T15:16:37 - [MESSAGE][PASSED] - Scroll to object 'Object Repository/Practice Form/txtfield - Mobile number' successfully

15-06-2025T15:16:37 - [TEST_STEP][PASSED] - setText(findTestObject("Object Repository/Practice Form/txtfield - Mobile number"), mobile): Text '0839402981' is set on object 'Object Repository/Practice Form/txtfield - Mobile number'

15-06-2025T15:16:38 - [MESSAGE][PASSED] - Text '0839402981' is set on object 'Object Repository/Practice Form/txtfield - Mobile number'

15-06-2025T15:16:38 - [TEST_STEP][PASSED] - scrollToElement(findTestObject("Object Repository/Practice Form/txtfield - Birth date"), 0): Scroll to object 'Object Repository/Practice Form/txtfield - Birth date' successfully

15-06-2025T15:16:38 - [MESSAGE][WARNING] - Timeout '0' is invalid. Using default page load timeout: '30'

15-06-2025T15:16:38 - [MESSAGE][PASSED] - Scroll to object 'Object Repository/Practice Form/txtfield - Birth date' successfully

15-06-2025T15:16:38 - [TEST_STEP][PASSED] - click(findTestObject("Object Repository/Practice Form/txtfield - Birth date")): Object: 'Object Repository/Practice Form/txtfield - Birth date' is clicked on

15-06-2025T15:16:38 - [MESSAGE][PASSED] - Object: 'Object Repository/Practice Form/txtfield - Birth date' is clicked on

15-06-2025T15:16:38 - [TEST_STEP][PASSED] - click(findTestObject("Object Repository/Practice Form/specific date picker")): Object: 'Object Repository/Practice Form/specific date picker' is clicked on

15-06-2025T15:16:38 - [MESSAGE][PASSED] - Object: 'Object Repository/Practice Form/specific date picker' is clicked on

15-06-2025T15:16:38 - [TEST_STEP][PASSED] - scrollToElement(findTestObject("Object Repository/Practice Form/txtfield - Subjects"), 0): Scroll to object 'Object Repository/Practice Form/txtfield - Subjects' successfully

15-06-2025T15:16:38 - [MESSAGE][WARNING] - Timeout '0' is invalid. Using default page load timeout: '30'

15-06-2025T15:16:38 - [MESSAGE][PASSED] - Scroll to object 'Object Repository/Practice Form/txtfield - Subjects' successfully

15-06-2025T15:16:38 - [TEST_STEP][PASSED] - if (subjects != null): Keys 'TAB + ' sent to object: 'Object Repository/Practice Form/txtfield - Subjects'

15-06-2025T15:16:38 - [TEST_STEP][PASSED] - setText(findTestObject("Object Repository/Practice Form/txtfield - Subjects"), subjects): Text 'English' is set on object 'Object Repository/Practice Form/txtfield - Subjects'

15-06-2025T15:16:38 - [MESSAGE][PASSED] - Text 'English' is set on object 'Object Repository/Practice Form/txtfield - Subjects'

15-06-2025T15:16:38 - [TEST_STEP][PASSED] - sendKeys(findTestObject("Object Repository/Practice Form/txtfield - Subjects"), TAB.toString()): Keys 'TAB + ' sent to object: 'Object Repository/Practice Form/txtfield - Subjects'

15-06-2025T15:16:38 - [MESSAGE][PASSED] - Keys 'TAB + ' sent to object: 'Object Repository/Practice Form/txtfield - Subjects'

15-06-2025T15:16:38 - [TEST_STEP][PASSED] - scrollToElement(findTestObject("Object Repository/Practice Form/checkbox - Sports"), 0): Scroll to object 'Object Repository/Practice Form/checkbox - Sports' successfully

15-06-2025T15:16:38 - [MESSAGE][WARNING] - Timeout '0' is invalid. Using default page load timeout: '30'

15-06-2025T15:16:38 - [MESSAGE][PASSED] - Scroll to object 'Object Repository/Practice Form/checkbox - Sports' successfully

15-06-2025T15:16:38 - [TEST_STEP][PASSED] - if (hobbies == "Sports"): Object: 'Object Repository/Practice Form/checkbox - Sports' is clicked on

15-06-2025T15:16:38 - [TEST_STEP][PASSED] - click(findTestObject("Object Repository/Practice Form/checkbox - Sports")): Object: 'Object Repository/Practice Form/checkbox - Sports' is clicked on

15-06-2025T15:16:38 - [MESSAGE][PASSED] - Object: 'Object Repository/Practice Form/checkbox - Sports' is clicked on

15-06-2025T15:16:38 - [TEST_STEP][PASSED] - imagePath = getProjectDir() + "/Include/image/gambarDummy.jpeg": null

15-06-2025T15:16:38 - [TEST_STEP][PASSED] - uploadFile(findTestObject("Object Repository/Practice Form/file - Picture"), imagePath): File 'C:/Users/M S I/Katalon Studio/web-maulana-afteroffice-katalon/Include/image/gambarDummy.jpeg' sent to object: 'Object Repository/Practice Form/file - Picture'

15-06-2025T15:16:38 - [MESSAGE][PASSED] - File 'C:/Users/M S I/Katalon Studio/web-maulana-afteroffice-katalon/Include/image/gambarDummy.jpeg' sent to object: 'Object Repository/Practice Form/file - Picture'

15-06-2025T15:16:38 - [TEST_STEP][PASSED] - scrollToElement(findTestObject("Object Repository/Practice Form/textarea - Current address"), 0): Scroll to object 'Object Repository/Practice Form/textarea - Current address' successfully

15-06-2025T15:16:38 - [MESSAGE][WARNING] - Timeout '0' is invalid. Using default page load timeout: '30'

15-06-2025T15:16:38 - [MESSAGE][PASSED] - Scroll to object 'Object Repository/Practice Form/textarea - Current address' successfully

15-06-2025T15:16:38 - [TEST_STEP][PASSED] - setText(findTestObject("Object Repository/Practice Form/textarea - Current address"), currentAddress): Text 'Jl. Bernabeu utara 56 Madrid' is set on object 'Object Repository/Practice Form/textarea - Current address'

15-06-2025T15:16:39 - [MESSAGE][PASSED] - Text 'Jl. Bernabeu utara 56 Madrid' is set on object 'Object Repository/Practice Form/textarea - Current address'

15-06-2025T15:16:39 - [TEST_STEP][PASSED] - scrollToElement(findTestObject("Object Repository/Practice Form/txtfield - State"), 0): Scroll to object 'Object Repository/Practice Form/txtfield - State' successfully

15-06-2025T15:16:39 - [MESSAGE][WARNING] - Timeout '0' is invalid. Using default page load timeout: '30'

15-06-2025T15:16:39 - [MESSAGE][PASSED] - Scroll to object 'Object Repository/Practice Form/txtfield - State' successfully

15-06-2025T15:16:39 - [TEST_STEP][PASSED] - if (state != null && state != ""): Keys 'TAB + ' sent to object: 'Object Repository/Practice Form/txtfield - State'

15-06-2025T15:16:39 - [TEST_STEP][PASSED] - setText(findTestObject("Object Repository/Practice Form/txtfield - State"), state): Text 'NCR' is set on object 'Object Repository/Practice Form/txtfield - State'

15-06-2025T15:16:39 - [MESSAGE][PASSED] - Text 'NCR' is set on object 'Object Repository/Practice Form/txtfield - State'

15-06-2025T15:16:39 - [TEST_STEP][PASSED] - delay(1): Delayed 1 second(s)

15-06-2025T15:16:40 - [MESSAGE][PASSED] - Delayed 1 second(s)

15-06-2025T15:16:40 - [TEST_STEP][PASSED] - sendKeys(findTestObject("Object Repository/Practice Form/txtfield - State"), TAB.toString()): Keys 'TAB + ' sent to object: 'Object Repository/Practice Form/txtfield - State'

15-06-2025T15:16:40 - [MESSAGE][PASSED] - Keys 'TAB + ' sent to object: 'Object Repository/Practice Form/txtfield - State'

15-06-2025T15:16:40 - [TEST_STEP][PASSED] - if (city != null && city != ""): Keys 'DOWN + ENTER + ' sent to object: 'Object Repository/Practice Form/txtfield - City'

15-06-2025T15:16:40 - [TEST_STEP][PASSED] - setText(findTestObject("Object Repository/Practice Form/txtfield - City"), city): Text 'Delhi' is set on object 'Object Repository/Practice Form/txtfield - City'

15-06-2025T15:16:40 - [MESSAGE][PASSED] - Text 'Delhi' is set on object 'Object Repository/Practice Form/txtfield - City'

15-06-2025T15:16:40 - [TEST_STEP][PASSED] - delay(1): Delayed 1 second(s)

15-06-2025T15:16:41 - [MESSAGE][PASSED] - Delayed 1 second(s)

15-06-2025T15:16:41 - [TEST_STEP][PASSED] - sendKeys(findTestObject("Object Repository/Practice Form/txtfield - City"), Keys.chord(ARROW_DOWN, ENTER)): Keys 'DOWN + ENTER + ' sent to object: 'Object Repository/Practice Form/txtfield - City'

15-06-2025T15:16:41 - [MESSAGE][PASSED] - Keys 'DOWN + ENTER + ' sent to object: 'Object Repository/Practice Form/txtfield - City'

15-06-2025T15:16:41 - [TEST_STEP][PASSED] - scrollToElement(findTestObject("Object Repository/Practice Form/button - Submit"), 0): Scroll to object 'Object Repository/Practice Form/button - Submit' successfully

15-06-2025T15:16:41 - [MESSAGE][WARNING] - Timeout '0' is invalid. Using default page load timeout: '30'

15-06-2025T15:16:41 - [MESSAGE][PASSED] - Scroll to object 'Object Repository/Practice Form/button - Submit' successfully

15-06-2025T15:16:41 - [TEST_STEP][PASSED] - click(findTestObject("Object Repository/Practice Form/button - Submit")): Object: 'Object Repository/Practice Form/button - Submit' is clicked on

15-06-2025T15:16:41 - [MESSAGE][PASSED] - Object: 'Object Repository/Practice Form/button - Submit' is clicked on

15-06-2025T15:16:41 - [TEST_STEP][PASSED] - executeJavaScript("document.getElementById('fixedban')?.remove();", null, CONTINUE_ON_FAILURE): Execute JavaScript 'document.getElementById('fixedban')?.remove();' successfully

15-06-2025T15:16:41 - [MESSAGE][PASSED] - Execute JavaScript 'document.getElementById('fixedban')?.remove();' successfully

15-06-2025T15:16:41 - [TEST_STEP][PASSED] - verifyElementPresent(findTestObject("Object Repository/Modal/txt - Modal title"), 2, CONTINUE_ON_FAILURE): Object 'Object Repository/Modal/txt - Modal title' is present

15-06-2025T15:16:41 - [MESSAGE][PASSED] - Object 'Object Repository/Modal/txt - Modal title' is present

15-06-2025T15:16:41 - [TEST_STEP][PASSED] - data_studentName = getText(findTestObject("Object Repository/Modal/data - Student name")): Text of object 'Object Repository/Modal/data - Student name' is: 'Don Andres'

15-06-2025T15:16:41 - [MESSAGE][PASSED] - Text of object 'Object Repository/Modal/data - Student name' is: 'Don Andres'

15-06-2025T15:16:41 - [TEST_STEP][PASSED] - studentName = firstName + " " + lastName: null

15-06-2025T15:16:41 - [TEST_STEP][PASSED] - verifyMatch(studentName, data_studentName, false): Actual text 'Don Andres' and expected text 'Don Andres' are matched 

15-06-2025T15:16:41 - [MESSAGE][PASSED] - Actual text 'Don Andres' and expected text 'Don Andres' are matched 

15-06-2025T15:16:41 - [TEST_STEP][PASSED] - data_studentEmail = getText(findTestObject("Object Repository/Modal/data - Student email")): Text of object 'Object Repository/Modal/data - Student email' is: ''

15-06-2025T15:16:41 - [MESSAGE][PASSED] - Text of object 'Object Repository/Modal/data - Student email' is: ''

15-06-2025T15:16:41 - [TEST_STEP][PASSED] - verifyMatch(email, data_studentEmail, false): Actual text '' and expected text '' are matched 

15-06-2025T15:16:41 - [MESSAGE][PASSED] - Actual text '' and expected text '' are matched 

15-06-2025T15:16:41 - [TEST_STEP][PASSED] - data_studentGender = getText(findTestObject("Object Repository/Modal/data - Student gender")): Text of object 'Object Repository/Modal/data - Student gender' is: 'Female'

15-06-2025T15:16:41 - [MESSAGE][PASSED] - Text of object 'Object Repository/Modal/data - Student gender' is: 'Female'

15-06-2025T15:16:41 - [TEST_STEP][PASSED] - verifyMatch(gender, data_studentGender, false): Actual text 'Female' and expected text 'Female' are matched 

15-06-2025T15:16:41 - [MESSAGE][PASSED] - Actual text 'Female' and expected text 'Female' are matched 

15-06-2025T15:16:41 - [TEST_STEP][PASSED] - data_studentMobile = getText(findTestObject("Object Repository/Modal/data - Student mobile")): Text of object 'Object Repository/Modal/data - Student mobile' is: '0839402981'

15-06-2025T15:16:41 - [MESSAGE][PASSED] - Text of object 'Object Repository/Modal/data - Student mobile' is: '0839402981'

15-06-2025T15:16:41 - [TEST_STEP][PASSED] - verifyMatch(mobile, data_studentMobile, false): Actual text '0839402981' and expected text '0839402981' are matched 

15-06-2025T15:16:41 - [MESSAGE][PASSED] - Actual text '0839402981' and expected text '0839402981' are matched 

15-06-2025T15:16:41 - [TEST_STEP][PASSED] - studentBirthDate = getAttribute(findTestObject("Object Repository/Practice Form/txtfield - Birth date"), "value"): Attribute 'value' of object 'Object Repository/Practice Form/txtfield - Birth date' is: '03 Jun 2025'

15-06-2025T15:16:41 - [MESSAGE][PASSED] - Attribute 'value' of object 'Object Repository/Practice Form/txtfield - Birth date' is: '03 Jun 2025'

15-06-2025T15:16:41 - [TEST_STEP][PASSED] - parts = studentBirthDate.split(" "): null

15-06-2025T15:16:41 - [TEST_STEP][PASSED] - month = $parts[1]: null

15-06-2025T15:16:41 - [TEST_STEP][PASSED] - longMonth = "": null

15-06-2025T15:16:41 - [TEST_STEP][PASSED] - switch (month): null

15-06-2025T15:16:41 - [TEST_STEP][PASSED] - case "Jun":: null

15-06-2025T15:16:41 - [TEST_STEP][PASSED] - longMonth = "June": null

15-06-2025T15:16:41 - [TEST_STEP][PASSED] - break: null

15-06-2025T15:16:41 - [TEST_STEP][PASSED] - result_studentBirthDate = $parts[0]  + longMonth + ,$parts[2]: null

15-06-2025T15:16:41 - [TEST_STEP][PASSED] - data_studentBirthDate = getText(findTestObject("Object Repository/Modal/data - Student date of birth")): Text of object 'Object Repository/Modal/data - Student date of birth' is: '03 June,2025'

15-06-2025T15:16:41 - [MESSAGE][PASSED] - Text of object 'Object Repository/Modal/data - Student date of birth' is: '03 June,2025'

15-06-2025T15:16:41 - [TEST_STEP][PASSED] - verifyMatch(result_studentBirthDate, data_studentBirthDate, false): Actual text '03 June,2025' and expected text '03 June,2025' are matched 

15-06-2025T15:16:41 - [MESSAGE][PASSED] - Actual text '03 June,2025' and expected text '03 June,2025' are matched 

15-06-2025T15:16:41 - [TEST_STEP][PASSED] - data_studentSubjects = getText(findTestObject("Object Repository/Modal/data - Student subjects")): Text of object 'Object Repository/Modal/data - Student subjects' is: 'English'

15-06-2025T15:16:41 - [MESSAGE][PASSED] - Text of object 'Object Repository/Modal/data - Student subjects' is: 'English'

15-06-2025T15:16:41 - [TEST_STEP][PASSED] - verifyMatch(subjects, data_studentSubjects, false): Actual text 'English' and expected text 'English' are matched 

15-06-2025T15:16:41 - [MESSAGE][PASSED] - Actual text 'English' and expected text 'English' are matched 

15-06-2025T15:16:41 - [TEST_STEP][PASSED] - data_studentHobbies = getText(findTestObject("Object Repository/Modal/data - Student hobbies")): Text of object 'Object Repository/Modal/data - Student hobbies' is: 'Sports'

15-06-2025T15:16:41 - [MESSAGE][PASSED] - Text of object 'Object Repository/Modal/data - Student hobbies' is: 'Sports'

15-06-2025T15:16:41 - [TEST_STEP][PASSED] - verifyMatch(hobbies, data_studentHobbies, false): Actual text 'Sports' and expected text 'Sports' are matched 

15-06-2025T15:16:41 - [MESSAGE][PASSED] - Actual text 'Sports' and expected text 'Sports' are matched 

15-06-2025T15:16:41 - [TEST_STEP][PASSED] - data_studentPicture = getText(findTestObject("Object Repository/Modal/data - Student picture")): Text of object 'Object Repository/Modal/data - Student picture' is: 'gambarDummy.jpeg'

15-06-2025T15:16:42 - [MESSAGE][PASSED] - Text of object 'Object Repository/Modal/data - Student picture' is: 'gambarDummy.jpeg'

15-06-2025T15:16:42 - [TEST_STEP][PASSED] - verifyMatch("gambarDummy.jpeg", data_studentPicture, false): Actual text 'gambarDummy.jpeg' and expected text 'gambarDummy.jpeg' are matched 

15-06-2025T15:16:42 - [MESSAGE][PASSED] - Actual text 'gambarDummy.jpeg' and expected text 'gambarDummy.jpeg' are matched 

15-06-2025T15:16:42 - [TEST_STEP][PASSED] - data_studentAddress = getText(findTestObject("Object Repository/Modal/data - Student address")): Text of object 'Object Repository/Modal/data - Student address' is: 'Jl. Bernabeu utara 56 Madrid'

15-06-2025T15:16:42 - [MESSAGE][PASSED] - Text of object 'Object Repository/Modal/data - Student address' is: 'Jl. Bernabeu utara 56 Madrid'

15-06-2025T15:16:42 - [TEST_STEP][PASSED] - verifyMatch(currentAddress, data_studentAddress, false): Actual text 'Jl. Bernabeu utara 56 Madrid' and expected text 'Jl. Bernabeu utara 56 Madrid' are matched 

15-06-2025T15:16:42 - [MESSAGE][PASSED] - Actual text 'Jl. Bernabeu utara 56 Madrid' and expected text 'Jl. Bernabeu utara 56 Madrid' are matched 

15-06-2025T15:16:42 - [TEST_STEP][PASSED] - studentStateCity = "": null

15-06-2025T15:16:42 - [TEST_STEP][PASSED] - if (state != "" && city == ""): null

15-06-2025T15:16:42 - [TEST_STEP][PASSED] - else if (state == ""): null

15-06-2025T15:16:42 - [TEST_STEP][PASSED] - else if (state != "" && city != ""): null

15-06-2025T15:16:42 - [TEST_STEP][PASSED] - studentStateCity = state + " " + city: null

15-06-2025T15:16:42 - [TEST_STEP][PASSED] - data_studentStateCity = getText(findTestObject("Object Repository/Modal/data - Student state and city")): Text of object 'Object Repository/Modal/data - Student state and city' is: 'NCR Delhi'

15-06-2025T15:16:42 - [MESSAGE][PASSED] - Text of object 'Object Repository/Modal/data - Student state and city' is: 'NCR Delhi'

15-06-2025T15:16:42 - [TEST_STEP][PASSED] - verifyMatch(studentStateCity, data_studentStateCity, false): Actual text 'NCR Delhi' and expected text 'NCR Delhi' are matched 

15-06-2025T15:16:42 - [MESSAGE][PASSED] - Actual text 'NCR Delhi' and expected text 'NCR Delhi' are matched 

15-06-2025T15:16:42 - [TEST_STEP][PASSED] - closeBrowser(): Browser is closed

15-06-2025T15:16:42 - [MESSAGE][PASSED] - Browser is closed]]></system-out>
         <system-err><![CDATA[]]></system-err>
      </testcase>
      <testcase name="Test Cases/2. Normal Input/INP 3 - Verify match text input to output modal" time="18.475" classname="Test Cases/2. Normal Input/INP 3 - Verify match text input to output modal" status="PASSED">
         <system-out><![CDATA[15-06-2025T15:16:42 - [TEST_CASE][PASSED] - Test Cases/2. Normal Input/INP 3 - Verify match text input to output modal: Test Cases/2. Normal Input/INP 3 - Verify match text input to output modal

15-06-2025T15:16:42 - [TEST_STEP][PASSED] - openBrowser(""): Browser is opened with url: ''

15-06-2025T15:16:42 - [MESSAGE][INFO] - Starting 'Chrome' driver

15-06-2025T15:16:42 - [MESSAGE][INFO] - Action delay is set to 0 milliseconds

15-06-2025T15:16:43 - [MESSAGE][WARNING] - FFmpeg was not installed! Browser Recording will be disabled. Please follow this document to install FFmpeg first: https://docs.katalon.com/katalon-studio/docs/screenshots-videos.html#browser-based-recorder

15-06-2025T15:16:43 - [MESSAGE][PASSED] - Browser is opened with url: ''

15-06-2025T15:16:43 - [TEST_STEP][PASSED] - navigateToUrl(baseUrl): Navigate to 'https://demoqa.com/automation-practice-form' successfully

15-06-2025T15:16:55 - [MESSAGE][PASSED] - Navigate to 'https://demoqa.com/automation-practice-form' successfully

15-06-2025T15:16:55 - [TEST_STEP][PASSED] - verifyElementPresent(findTestObject("Object Repository/Practice Form/Title Name - Practice Form"), 0): Object 'Object Repository/Practice Form/Title Name - Practice Form' is present

15-06-2025T15:16:55 - [MESSAGE][WARNING] - Timeout '0' is invalid. Using default page load timeout: '30'

15-06-2025T15:16:55 - [MESSAGE][PASSED] - Object 'Object Repository/Practice Form/Title Name - Practice Form' is present

15-06-2025T15:16:55 - [TEST_STEP][PASSED] - setText(findTestObject("Object Repository/Practice Form/txtfield - First name"), firstName): Text 'Daje' is set on object 'Object Repository/Practice Form/txtfield - First name'

15-06-2025T15:16:55 - [MESSAGE][PASSED] - Text 'Daje' is set on object 'Object Repository/Practice Form/txtfield - First name'

15-06-2025T15:16:55 - [TEST_STEP][PASSED] - setText(findTestObject("Object Repository/Practice Form/txtfield - Last name"), lastName): Text 'Roma' is set on object 'Object Repository/Practice Form/txtfield - Last name'

15-06-2025T15:16:55 - [MESSAGE][PASSED] - Text 'Roma' is set on object 'Object Repository/Practice Form/txtfield - Last name'

15-06-2025T15:16:55 - [TEST_STEP][PASSED] - setText(findTestObject("Object Repository/Practice Form/txtfield - User Email"), email): Text 'romadaje@mail.com' is set on object 'Object Repository/Practice Form/txtfield - User Email'

15-06-2025T15:16:55 - [MESSAGE][PASSED] - Text 'romadaje@mail.com' is set on object 'Object Repository/Practice Form/txtfield - User Email'

15-06-2025T15:16:55 - [TEST_STEP][PASSED] - scrollToElement(findTestObject("Object Repository/Practice Form/radiobox - Male"), 0): Scroll to object 'Object Repository/Practice Form/radiobox - Male' successfully

15-06-2025T15:16:55 - [MESSAGE][WARNING] - Timeout '0' is invalid. Using default page load timeout: '30'

15-06-2025T15:16:55 - [MESSAGE][PASSED] - Scroll to object 'Object Repository/Practice Form/radiobox - Male' successfully

15-06-2025T15:16:55 - [TEST_STEP][PASSED] - if (gender == "Male"): Object: 'Object Repository/Practice Form/radiobox - Male' is clicked on

15-06-2025T15:16:55 - [TEST_STEP][PASSED] - click(findTestObject("Object Repository/Practice Form/radiobox - Male")): Object: 'Object Repository/Practice Form/radiobox - Male' is clicked on

15-06-2025T15:16:55 - [MESSAGE][PASSED] - Object: 'Object Repository/Practice Form/radiobox - Male' is clicked on

15-06-2025T15:16:55 - [TEST_STEP][PASSED] - scrollToElement(findTestObject("Object Repository/Practice Form/txtfield - Mobile number"), 0): Scroll to object 'Object Repository/Practice Form/txtfield - Mobile number' successfully

15-06-2025T15:16:55 - [MESSAGE][WARNING] - Timeout '0' is invalid. Using default page load timeout: '30'

15-06-2025T15:16:55 - [MESSAGE][PASSED] - Scroll to object 'Object Repository/Practice Form/txtfield - Mobile number' successfully

15-06-2025T15:16:55 - [TEST_STEP][PASSED] - setText(findTestObject("Object Repository/Practice Form/txtfield - Mobile number"), mobile): Text '0839273645' is set on object 'Object Repository/Practice Form/txtfield - Mobile number'

15-06-2025T15:16:56 - [MESSAGE][PASSED] - Text '0839273645' is set on object 'Object Repository/Practice Form/txtfield - Mobile number'

15-06-2025T15:16:56 - [TEST_STEP][PASSED] - scrollToElement(findTestObject("Object Repository/Practice Form/txtfield - Birth date"), 0): Scroll to object 'Object Repository/Practice Form/txtfield - Birth date' successfully

15-06-2025T15:16:56 - [MESSAGE][WARNING] - Timeout '0' is invalid. Using default page load timeout: '30'

15-06-2025T15:16:56 - [MESSAGE][PASSED] - Scroll to object 'Object Repository/Practice Form/txtfield - Birth date' successfully

15-06-2025T15:16:56 - [TEST_STEP][PASSED] - click(findTestObject("Object Repository/Practice Form/txtfield - Birth date")): Object: 'Object Repository/Practice Form/txtfield - Birth date' is clicked on

15-06-2025T15:16:56 - [MESSAGE][PASSED] - Object: 'Object Repository/Practice Form/txtfield - Birth date' is clicked on

15-06-2025T15:16:56 - [TEST_STEP][PASSED] - click(findTestObject("Object Repository/Practice Form/specific date picker")): Object: 'Object Repository/Practice Form/specific date picker' is clicked on

15-06-2025T15:16:56 - [MESSAGE][PASSED] - Object: 'Object Repository/Practice Form/specific date picker' is clicked on

15-06-2025T15:16:56 - [TEST_STEP][PASSED] - scrollToElement(findTestObject("Object Repository/Practice Form/txtfield - Subjects"), 0): Scroll to object 'Object Repository/Practice Form/txtfield - Subjects' successfully

15-06-2025T15:16:56 - [MESSAGE][WARNING] - Timeout '0' is invalid. Using default page load timeout: '30'

15-06-2025T15:16:56 - [MESSAGE][PASSED] - Scroll to object 'Object Repository/Practice Form/txtfield - Subjects' successfully

15-06-2025T15:16:56 - [TEST_STEP][PASSED] - if (subjects != null): Keys 'TAB + ' sent to object: 'Object Repository/Practice Form/txtfield - Subjects'

15-06-2025T15:16:56 - [TEST_STEP][PASSED] - setText(findTestObject("Object Repository/Practice Form/txtfield - Subjects"), subjects): Text '' is set on object 'Object Repository/Practice Form/txtfield - Subjects'

15-06-2025T15:16:56 - [MESSAGE][PASSED] - Text '' is set on object 'Object Repository/Practice Form/txtfield - Subjects'

15-06-2025T15:16:56 - [TEST_STEP][PASSED] - sendKeys(findTestObject("Object Repository/Practice Form/txtfield - Subjects"), TAB.toString()): Keys 'TAB + ' sent to object: 'Object Repository/Practice Form/txtfield - Subjects'

15-06-2025T15:16:56 - [MESSAGE][PASSED] - Keys 'TAB + ' sent to object: 'Object Repository/Practice Form/txtfield - Subjects'

15-06-2025T15:16:56 - [TEST_STEP][PASSED] - scrollToElement(findTestObject("Object Repository/Practice Form/checkbox - Sports"), 0): Scroll to object 'Object Repository/Practice Form/checkbox - Sports' successfully

15-06-2025T15:16:56 - [MESSAGE][WARNING] - Timeout '0' is invalid. Using default page load timeout: '30'

15-06-2025T15:16:56 - [MESSAGE][PASSED] - Scroll to object 'Object Repository/Practice Form/checkbox - Sports' successfully

15-06-2025T15:16:56 - [TEST_STEP][PASSED] - if (hobbies == "Sports"): null

15-06-2025T15:16:56 - [TEST_STEP][PASSED] - else if (hobbies == "Reading"): null

15-06-2025T15:16:56 - [TEST_STEP][PASSED] - else if (hobbies == "Music"): Object: 'Object Repository/Practice Form/checkbox - Music' is clicked on

15-06-2025T15:16:56 - [TEST_STEP][PASSED] - click(findTestObject("Object Repository/Practice Form/checkbox - Music")): Object: 'Object Repository/Practice Form/checkbox - Music' is clicked on

15-06-2025T15:16:56 - [MESSAGE][PASSED] - Object: 'Object Repository/Practice Form/checkbox - Music' is clicked on

15-06-2025T15:16:56 - [TEST_STEP][PASSED] - imagePath = getProjectDir() + "/Include/image/gambarDummy.jpeg": null

15-06-2025T15:16:56 - [TEST_STEP][PASSED] - uploadFile(findTestObject("Object Repository/Practice Form/file - Picture"), imagePath): File 'C:/Users/M S I/Katalon Studio/web-maulana-afteroffice-katalon/Include/image/gambarDummy.jpeg' sent to object: 'Object Repository/Practice Form/file - Picture'

15-06-2025T15:16:57 - [MESSAGE][PASSED] - File 'C:/Users/M S I/Katalon Studio/web-maulana-afteroffice-katalon/Include/image/gambarDummy.jpeg' sent to object: 'Object Repository/Practice Form/file - Picture'

15-06-2025T15:16:57 - [TEST_STEP][PASSED] - scrollToElement(findTestObject("Object Repository/Practice Form/textarea - Current address"), 0): Scroll to object 'Object Repository/Practice Form/textarea - Current address' successfully

15-06-2025T15:16:57 - [MESSAGE][WARNING] - Timeout '0' is invalid. Using default page load timeout: '30'

15-06-2025T15:16:57 - [MESSAGE][PASSED] - Scroll to object 'Object Repository/Practice Form/textarea - Current address' successfully

15-06-2025T15:16:57 - [TEST_STEP][PASSED] - setText(findTestObject("Object Repository/Practice Form/textarea - Current address"), currentAddress): Text 'Jl. Bernabeu utara 56 Madrid' is set on object 'Object Repository/Practice Form/textarea - Current address'

15-06-2025T15:16:57 - [MESSAGE][PASSED] - Text 'Jl. Bernabeu utara 56 Madrid' is set on object 'Object Repository/Practice Form/textarea - Current address'

15-06-2025T15:16:57 - [TEST_STEP][PASSED] - scrollToElement(findTestObject("Object Repository/Practice Form/txtfield - State"), 0): Scroll to object 'Object Repository/Practice Form/txtfield - State' successfully

15-06-2025T15:16:57 - [MESSAGE][WARNING] - Timeout '0' is invalid. Using default page load timeout: '30'

15-06-2025T15:16:57 - [MESSAGE][PASSED] - Scroll to object 'Object Repository/Practice Form/txtfield - State' successfully

15-06-2025T15:16:57 - [TEST_STEP][PASSED] - if (state != null && state != ""): Keys 'TAB + ' sent to object: 'Object Repository/Practice Form/txtfield - State'

15-06-2025T15:16:57 - [TEST_STEP][PASSED] - setText(findTestObject("Object Repository/Practice Form/txtfield - State"), state): Text 'Haryana' is set on object 'Object Repository/Practice Form/txtfield - State'

15-06-2025T15:16:57 - [MESSAGE][PASSED] - Text 'Haryana' is set on object 'Object Repository/Practice Form/txtfield - State'

15-06-2025T15:16:57 - [TEST_STEP][PASSED] - delay(1): Delayed 1 second(s)

15-06-2025T15:16:58 - [MESSAGE][PASSED] - Delayed 1 second(s)

15-06-2025T15:16:58 - [TEST_STEP][PASSED] - sendKeys(findTestObject("Object Repository/Practice Form/txtfield - State"), TAB.toString()): Keys 'TAB + ' sent to object: 'Object Repository/Practice Form/txtfield - State'

15-06-2025T15:16:58 - [MESSAGE][PASSED] - Keys 'TAB + ' sent to object: 'Object Repository/Practice Form/txtfield - State'

15-06-2025T15:16:58 - [TEST_STEP][PASSED] - if (city != null && city != ""): Keys 'DOWN + ENTER + ' sent to object: 'Object Repository/Practice Form/txtfield - City'

15-06-2025T15:16:58 - [TEST_STEP][PASSED] - setText(findTestObject("Object Repository/Practice Form/txtfield - City"), city): Text 'Karnal' is set on object 'Object Repository/Practice Form/txtfield - City'

15-06-2025T15:16:58 - [MESSAGE][PASSED] - Text 'Karnal' is set on object 'Object Repository/Practice Form/txtfield - City'

15-06-2025T15:16:58 - [TEST_STEP][PASSED] - delay(1): Delayed 1 second(s)

15-06-2025T15:16:59 - [MESSAGE][PASSED] - Delayed 1 second(s)

15-06-2025T15:16:59 - [TEST_STEP][PASSED] - sendKeys(findTestObject("Object Repository/Practice Form/txtfield - City"), Keys.chord(ARROW_DOWN, ENTER)): Keys 'DOWN + ENTER + ' sent to object: 'Object Repository/Practice Form/txtfield - City'

15-06-2025T15:16:59 - [MESSAGE][PASSED] - Keys 'DOWN + ENTER + ' sent to object: 'Object Repository/Practice Form/txtfield - City'

15-06-2025T15:16:59 - [TEST_STEP][PASSED] - scrollToElement(findTestObject("Object Repository/Practice Form/button - Submit"), 0): Scroll to object 'Object Repository/Practice Form/button - Submit' successfully

15-06-2025T15:16:59 - [MESSAGE][WARNING] - Timeout '0' is invalid. Using default page load timeout: '30'

15-06-2025T15:16:59 - [MESSAGE][PASSED] - Scroll to object 'Object Repository/Practice Form/button - Submit' successfully

15-06-2025T15:16:59 - [TEST_STEP][PASSED] - click(findTestObject("Object Repository/Practice Form/button - Submit")): Object: 'Object Repository/Practice Form/button - Submit' is clicked on

15-06-2025T15:16:59 - [MESSAGE][PASSED] - Object: 'Object Repository/Practice Form/button - Submit' is clicked on

15-06-2025T15:16:59 - [TEST_STEP][PASSED] - executeJavaScript("document.getElementById('fixedban')?.remove();", null, CONTINUE_ON_FAILURE): Execute JavaScript 'document.getElementById('fixedban')?.remove();' successfully

15-06-2025T15:16:59 - [MESSAGE][PASSED] - Execute JavaScript 'document.getElementById('fixedban')?.remove();' successfully

15-06-2025T15:16:59 - [TEST_STEP][PASSED] - verifyElementPresent(findTestObject("Object Repository/Modal/txt - Modal title"), 2, CONTINUE_ON_FAILURE): Object 'Object Repository/Modal/txt - Modal title' is present

15-06-2025T15:17:00 - [MESSAGE][PASSED] - Object 'Object Repository/Modal/txt - Modal title' is present

15-06-2025T15:17:00 - [TEST_STEP][PASSED] - data_studentName = getText(findTestObject("Object Repository/Modal/data - Student name")): Text of object 'Object Repository/Modal/data - Student name' is: 'Daje Roma'

15-06-2025T15:17:00 - [MESSAGE][PASSED] - Text of object 'Object Repository/Modal/data - Student name' is: 'Daje Roma'

15-06-2025T15:17:00 - [TEST_STEP][PASSED] - studentName = firstName + " " + lastName: null

15-06-2025T15:17:00 - [TEST_STEP][PASSED] - verifyMatch(studentName, data_studentName, false): Actual text 'Daje Roma' and expected text 'Daje Roma' are matched 

15-06-2025T15:17:00 - [MESSAGE][PASSED] - Actual text 'Daje Roma' and expected text 'Daje Roma' are matched 

15-06-2025T15:17:00 - [TEST_STEP][PASSED] - data_studentEmail = getText(findTestObject("Object Repository/Modal/data - Student email")): Text of object 'Object Repository/Modal/data - Student email' is: 'romadaje@mail.com'

15-06-2025T15:17:00 - [MESSAGE][PASSED] - Text of object 'Object Repository/Modal/data - Student email' is: 'romadaje@mail.com'

15-06-2025T15:17:00 - [TEST_STEP][PASSED] - verifyMatch(email, data_studentEmail, false): Actual text 'romadaje@mail.com' and expected text 'romadaje@mail.com' are matched 

15-06-2025T15:17:00 - [MESSAGE][PASSED] - Actual text 'romadaje@mail.com' and expected text 'romadaje@mail.com' are matched 

15-06-2025T15:17:00 - [TEST_STEP][PASSED] - data_studentGender = getText(findTestObject("Object Repository/Modal/data - Student gender")): Text of object 'Object Repository/Modal/data - Student gender' is: 'Male'

15-06-2025T15:17:00 - [MESSAGE][PASSED] - Text of object 'Object Repository/Modal/data - Student gender' is: 'Male'

15-06-2025T15:17:00 - [TEST_STEP][PASSED] - verifyMatch(gender, data_studentGender, false): Actual text 'Male' and expected text 'Male' are matched 

15-06-2025T15:17:00 - [MESSAGE][PASSED] - Actual text 'Male' and expected text 'Male' are matched 

15-06-2025T15:17:00 - [TEST_STEP][PASSED] - data_studentMobile = getText(findTestObject("Object Repository/Modal/data - Student mobile")): Text of object 'Object Repository/Modal/data - Student mobile' is: '0839273645'

15-06-2025T15:17:00 - [MESSAGE][PASSED] - Text of object 'Object Repository/Modal/data - Student mobile' is: '0839273645'

15-06-2025T15:17:00 - [TEST_STEP][PASSED] - verifyMatch(mobile, data_studentMobile, false): Actual text '0839273645' and expected text '0839273645' are matched 

15-06-2025T15:17:00 - [MESSAGE][PASSED] - Actual text '0839273645' and expected text '0839273645' are matched 

15-06-2025T15:17:00 - [TEST_STEP][PASSED] - studentBirthDate = getAttribute(findTestObject("Object Repository/Practice Form/txtfield - Birth date"), "value"): Attribute 'value' of object 'Object Repository/Practice Form/txtfield - Birth date' is: '03 Jun 2025'

15-06-2025T15:17:00 - [MESSAGE][PASSED] - Attribute 'value' of object 'Object Repository/Practice Form/txtfield - Birth date' is: '03 Jun 2025'

15-06-2025T15:17:00 - [TEST_STEP][PASSED] - parts = studentBirthDate.split(" "): null

15-06-2025T15:17:00 - [TEST_STEP][PASSED] - month = $parts[1]: null

15-06-2025T15:17:00 - [TEST_STEP][PASSED] - longMonth = "": null

15-06-2025T15:17:00 - [TEST_STEP][PASSED] - switch (month): null

15-06-2025T15:17:00 - [TEST_STEP][PASSED] - case "Jun":: null

15-06-2025T15:17:00 - [TEST_STEP][PASSED] - longMonth = "June": null

15-06-2025T15:17:00 - [TEST_STEP][PASSED] - break: null

15-06-2025T15:17:00 - [TEST_STEP][PASSED] - result_studentBirthDate = $parts[0]  + longMonth + ,$parts[2]: null

15-06-2025T15:17:00 - [TEST_STEP][PASSED] - data_studentBirthDate = getText(findTestObject("Object Repository/Modal/data - Student date of birth")): Text of object 'Object Repository/Modal/data - Student date of birth' is: '03 June,2025'

15-06-2025T15:17:00 - [MESSAGE][PASSED] - Text of object 'Object Repository/Modal/data - Student date of birth' is: '03 June,2025'

15-06-2025T15:17:00 - [TEST_STEP][PASSED] - verifyMatch(result_studentBirthDate, data_studentBirthDate, false): Actual text '03 June,2025' and expected text '03 June,2025' are matched 

15-06-2025T15:17:00 - [MESSAGE][PASSED] - Actual text '03 June,2025' and expected text '03 June,2025' are matched 

15-06-2025T15:17:00 - [TEST_STEP][PASSED] - data_studentSubjects = getText(findTestObject("Object Repository/Modal/data - Student subjects")): Text of object 'Object Repository/Modal/data - Student subjects' is: ''

15-06-2025T15:17:00 - [MESSAGE][PASSED] - Text of object 'Object Repository/Modal/data - Student subjects' is: ''

15-06-2025T15:17:00 - [TEST_STEP][PASSED] - verifyMatch(subjects, data_studentSubjects, false): Actual text '' and expected text '' are matched 

15-06-2025T15:17:00 - [MESSAGE][PASSED] - Actual text '' and expected text '' are matched 

15-06-2025T15:17:00 - [TEST_STEP][PASSED] - data_studentHobbies = getText(findTestObject("Object Repository/Modal/data - Student hobbies")): Text of object 'Object Repository/Modal/data - Student hobbies' is: 'Music'

15-06-2025T15:17:00 - [MESSAGE][PASSED] - Text of object 'Object Repository/Modal/data - Student hobbies' is: 'Music'

15-06-2025T15:17:00 - [TEST_STEP][PASSED] - verifyMatch(hobbies, data_studentHobbies, false): Actual text 'Music' and expected text 'Music' are matched 

15-06-2025T15:17:00 - [MESSAGE][PASSED] - Actual text 'Music' and expected text 'Music' are matched 

15-06-2025T15:17:00 - [TEST_STEP][PASSED] - data_studentPicture = getText(findTestObject("Object Repository/Modal/data - Student picture")): Text of object 'Object Repository/Modal/data - Student picture' is: 'gambarDummy.jpeg'

15-06-2025T15:17:00 - [MESSAGE][PASSED] - Text of object 'Object Repository/Modal/data - Student picture' is: 'gambarDummy.jpeg'

15-06-2025T15:17:00 - [TEST_STEP][PASSED] - verifyMatch("gambarDummy.jpeg", data_studentPicture, false): Actual text 'gambarDummy.jpeg' and expected text 'gambarDummy.jpeg' are matched 

15-06-2025T15:17:00 - [MESSAGE][PASSED] - Actual text 'gambarDummy.jpeg' and expected text 'gambarDummy.jpeg' are matched 

15-06-2025T15:17:00 - [TEST_STEP][PASSED] - data_studentAddress = getText(findTestObject("Object Repository/Modal/data - Student address")): Text of object 'Object Repository/Modal/data - Student address' is: 'Jl. Bernabeu utara 56 Madrid'

15-06-2025T15:17:00 - [MESSAGE][PASSED] - Text of object 'Object Repository/Modal/data - Student address' is: 'Jl. Bernabeu utara 56 Madrid'

15-06-2025T15:17:00 - [TEST_STEP][PASSED] - verifyMatch(currentAddress, data_studentAddress, false): Actual text 'Jl. Bernabeu utara 56 Madrid' and expected text 'Jl. Bernabeu utara 56 Madrid' are matched 

15-06-2025T15:17:00 - [MESSAGE][PASSED] - Actual text 'Jl. Bernabeu utara 56 Madrid' and expected text 'Jl. Bernabeu utara 56 Madrid' are matched 

15-06-2025T15:17:00 - [TEST_STEP][PASSED] - studentStateCity = "": null

15-06-2025T15:17:00 - [TEST_STEP][PASSED] - if (state != "" && city == ""): null

15-06-2025T15:17:00 - [TEST_STEP][PASSED] - else if (state == ""): null

15-06-2025T15:17:00 - [TEST_STEP][PASSED] - else if (state != "" && city != ""): null

15-06-2025T15:17:00 - [TEST_STEP][PASSED] - studentStateCity = state + " " + city: null

15-06-2025T15:17:00 - [TEST_STEP][PASSED] - data_studentStateCity = getText(findTestObject("Object Repository/Modal/data - Student state and city")): Text of object 'Object Repository/Modal/data - Student state and city' is: 'Haryana Karnal'

15-06-2025T15:17:00 - [MESSAGE][PASSED] - Text of object 'Object Repository/Modal/data - Student state and city' is: 'Haryana Karnal'

15-06-2025T15:17:00 - [TEST_STEP][PASSED] - verifyMatch(studentStateCity, data_studentStateCity, false): Actual text 'Haryana Karnal' and expected text 'Haryana Karnal' are matched 

15-06-2025T15:17:00 - [MESSAGE][PASSED] - Actual text 'Haryana Karnal' and expected text 'Haryana Karnal' are matched 

15-06-2025T15:17:00 - [TEST_STEP][PASSED] - closeBrowser(): Browser is closed

15-06-2025T15:17:00 - [MESSAGE][PASSED] - Browser is closed]]></system-out>
         <system-err><![CDATA[]]></system-err>
      </testcase>
      <testcase name="Test Cases/2. Normal Input/INP 3 - Verify match text input to output modal" time="19.224" classname="Test Cases/2. Normal Input/INP 3 - Verify match text input to output modal" status="PASSED">
         <system-out><![CDATA[15-06-2025T15:17:00 - [TEST_CASE][PASSED] - Test Cases/2. Normal Input/INP 3 - Verify match text input to output modal: Test Cases/2. Normal Input/INP 3 - Verify match text input to output modal

15-06-2025T15:17:00 - [TEST_STEP][PASSED] - openBrowser(""): Browser is opened with url: ''

15-06-2025T15:17:00 - [MESSAGE][INFO] - Starting 'Chrome' driver

15-06-2025T15:17:00 - [MESSAGE][INFO] - Action delay is set to 0 milliseconds

15-06-2025T15:17:01 - [MESSAGE][WARNING] - FFmpeg was not installed! Browser Recording will be disabled. Please follow this document to install FFmpeg first: https://docs.katalon.com/katalon-studio/docs/screenshots-videos.html#browser-based-recorder

15-06-2025T15:17:01 - [MESSAGE][PASSED] - Browser is opened with url: ''

15-06-2025T15:17:01 - [TEST_STEP][PASSED] - navigateToUrl(baseUrl): Navigate to 'https://demoqa.com/automation-practice-form' successfully

15-06-2025T15:17:15 - [MESSAGE][PASSED] - Navigate to 'https://demoqa.com/automation-practice-form' successfully

15-06-2025T15:17:15 - [TEST_STEP][PASSED] - verifyElementPresent(findTestObject("Object Repository/Practice Form/Title Name - Practice Form"), 0): Object 'Object Repository/Practice Form/Title Name - Practice Form' is present

15-06-2025T15:17:15 - [MESSAGE][WARNING] - Timeout '0' is invalid. Using default page load timeout: '30'

15-06-2025T15:17:15 - [MESSAGE][PASSED] - Object 'Object Repository/Practice Form/Title Name - Practice Form' is present

15-06-2025T15:17:15 - [TEST_STEP][PASSED] - setText(findTestObject("Object Repository/Practice Form/txtfield - First name"), firstName): Text 'Visca' is set on object 'Object Repository/Practice Form/txtfield - First name'

15-06-2025T15:17:15 - [MESSAGE][PASSED] - Text 'Visca' is set on object 'Object Repository/Practice Form/txtfield - First name'

15-06-2025T15:17:15 - [TEST_STEP][PASSED] - setText(findTestObject("Object Repository/Practice Form/txtfield - Last name"), lastName): Text 'Barca' is set on object 'Object Repository/Practice Form/txtfield - Last name'

15-06-2025T15:17:15 - [MESSAGE][PASSED] - Text 'Barca' is set on object 'Object Repository/Practice Form/txtfield - Last name'

15-06-2025T15:17:15 - [TEST_STEP][PASSED] - setText(findTestObject("Object Repository/Practice Form/txtfield - User Email"), email): Text 'barcavisca@camp.com' is set on object 'Object Repository/Practice Form/txtfield - User Email'

15-06-2025T15:17:15 - [MESSAGE][PASSED] - Text 'barcavisca@camp.com' is set on object 'Object Repository/Practice Form/txtfield - User Email'

15-06-2025T15:17:15 - [TEST_STEP][PASSED] - scrollToElement(findTestObject("Object Repository/Practice Form/radiobox - Male"), 0): Scroll to object 'Object Repository/Practice Form/radiobox - Male' successfully

15-06-2025T15:17:15 - [MESSAGE][WARNING] - Timeout '0' is invalid. Using default page load timeout: '30'

15-06-2025T15:17:15 - [MESSAGE][PASSED] - Scroll to object 'Object Repository/Practice Form/radiobox - Male' successfully

15-06-2025T15:17:15 - [TEST_STEP][PASSED] - if (gender == "Male"): Object: 'Object Repository/Practice Form/radiobox - Male' is clicked on

15-06-2025T15:17:15 - [TEST_STEP][PASSED] - click(findTestObject("Object Repository/Practice Form/radiobox - Male")): Object: 'Object Repository/Practice Form/radiobox - Male' is clicked on

15-06-2025T15:17:15 - [MESSAGE][PASSED] - Object: 'Object Repository/Practice Form/radiobox - Male' is clicked on

15-06-2025T15:17:15 - [TEST_STEP][PASSED] - scrollToElement(findTestObject("Object Repository/Practice Form/txtfield - Mobile number"), 0): Scroll to object 'Object Repository/Practice Form/txtfield - Mobile number' successfully

15-06-2025T15:17:15 - [MESSAGE][WARNING] - Timeout '0' is invalid. Using default page load timeout: '30'

15-06-2025T15:17:15 - [MESSAGE][PASSED] - Scroll to object 'Object Repository/Practice Form/txtfield - Mobile number' successfully

15-06-2025T15:17:15 - [TEST_STEP][PASSED] - setText(findTestObject("Object Repository/Practice Form/txtfield - Mobile number"), mobile): Text '0392812387' is set on object 'Object Repository/Practice Form/txtfield - Mobile number'

15-06-2025T15:17:15 - [MESSAGE][PASSED] - Text '0392812387' is set on object 'Object Repository/Practice Form/txtfield - Mobile number'

15-06-2025T15:17:15 - [TEST_STEP][PASSED] - scrollToElement(findTestObject("Object Repository/Practice Form/txtfield - Birth date"), 0): Scroll to object 'Object Repository/Practice Form/txtfield - Birth date' successfully

15-06-2025T15:17:15 - [MESSAGE][WARNING] - Timeout '0' is invalid. Using default page load timeout: '30'

15-06-2025T15:17:15 - [MESSAGE][PASSED] - Scroll to object 'Object Repository/Practice Form/txtfield - Birth date' successfully

15-06-2025T15:17:15 - [TEST_STEP][PASSED] - click(findTestObject("Object Repository/Practice Form/txtfield - Birth date")): Object: 'Object Repository/Practice Form/txtfield - Birth date' is clicked on

15-06-2025T15:17:16 - [MESSAGE][PASSED] - Object: 'Object Repository/Practice Form/txtfield - Birth date' is clicked on

15-06-2025T15:17:16 - [TEST_STEP][PASSED] - click(findTestObject("Object Repository/Practice Form/specific date picker")): Object: 'Object Repository/Practice Form/specific date picker' is clicked on

15-06-2025T15:17:16 - [MESSAGE][PASSED] - Object: 'Object Repository/Practice Form/specific date picker' is clicked on

15-06-2025T15:17:16 - [TEST_STEP][PASSED] - scrollToElement(findTestObject("Object Repository/Practice Form/txtfield - Subjects"), 0): Scroll to object 'Object Repository/Practice Form/txtfield - Subjects' successfully

15-06-2025T15:17:16 - [MESSAGE][WARNING] - Timeout '0' is invalid. Using default page load timeout: '30'

15-06-2025T15:17:16 - [MESSAGE][PASSED] - Scroll to object 'Object Repository/Practice Form/txtfield - Subjects' successfully

15-06-2025T15:17:16 - [TEST_STEP][PASSED] - if (subjects != null): Keys 'TAB + ' sent to object: 'Object Repository/Practice Form/txtfield - Subjects'

15-06-2025T15:17:16 - [TEST_STEP][PASSED] - setText(findTestObject("Object Repository/Practice Form/txtfield - Subjects"), subjects): Text 'Maths' is set on object 'Object Repository/Practice Form/txtfield - Subjects'

15-06-2025T15:17:16 - [MESSAGE][PASSED] - Text 'Maths' is set on object 'Object Repository/Practice Form/txtfield - Subjects'

15-06-2025T15:17:16 - [TEST_STEP][PASSED] - sendKeys(findTestObject("Object Repository/Practice Form/txtfield - Subjects"), TAB.toString()): Keys 'TAB + ' sent to object: 'Object Repository/Practice Form/txtfield - Subjects'

15-06-2025T15:17:16 - [MESSAGE][PASSED] - Keys 'TAB + ' sent to object: 'Object Repository/Practice Form/txtfield - Subjects'

15-06-2025T15:17:16 - [TEST_STEP][PASSED] - scrollToElement(findTestObject("Object Repository/Practice Form/checkbox - Sports"), 0): Scroll to object 'Object Repository/Practice Form/checkbox - Sports' successfully

15-06-2025T15:17:16 - [MESSAGE][WARNING] - Timeout '0' is invalid. Using default page load timeout: '30'

15-06-2025T15:17:16 - [MESSAGE][PASSED] - Scroll to object 'Object Repository/Practice Form/checkbox - Sports' successfully

15-06-2025T15:17:16 - [TEST_STEP][PASSED] - if (hobbies == "Sports"): null

15-06-2025T15:17:16 - [TEST_STEP][PASSED] - else if (hobbies == "Reading"): null

15-06-2025T15:17:16 - [TEST_STEP][PASSED] - else if (hobbies == "Music"): null

15-06-2025T15:17:16 - [TEST_STEP][PASSED] - else if (hobbies == ""): User not choosing hobbies section

15-06-2025T15:17:16 - [TEST_STEP][PASSED] - markPassed("User not choosing hobbies section"): User not choosing hobbies section

15-06-2025T15:17:16 - [MESSAGE][PASSED] - User not choosing hobbies section

15-06-2025T15:17:16 - [TEST_STEP][PASSED] - imagePath = getProjectDir() + "/Include/image/gambarDummy.jpeg": null

15-06-2025T15:17:16 - [TEST_STEP][PASSED] - uploadFile(findTestObject("Object Repository/Practice Form/file - Picture"), imagePath): File 'C:/Users/M S I/Katalon Studio/web-maulana-afteroffice-katalon/Include/image/gambarDummy.jpeg' sent to object: 'Object Repository/Practice Form/file - Picture'

15-06-2025T15:17:16 - [MESSAGE][PASSED] - File 'C:/Users/M S I/Katalon Studio/web-maulana-afteroffice-katalon/Include/image/gambarDummy.jpeg' sent to object: 'Object Repository/Practice Form/file - Picture'

15-06-2025T15:17:16 - [TEST_STEP][PASSED] - scrollToElement(findTestObject("Object Repository/Practice Form/textarea - Current address"), 0): Scroll to object 'Object Repository/Practice Form/textarea - Current address' successfully

15-06-2025T15:17:16 - [MESSAGE][WARNING] - Timeout '0' is invalid. Using default page load timeout: '30'

15-06-2025T15:17:16 - [MESSAGE][PASSED] - Scroll to object 'Object Repository/Practice Form/textarea - Current address' successfully

15-06-2025T15:17:16 - [TEST_STEP][PASSED] - setText(findTestObject("Object Repository/Practice Form/textarea - Current address"), currentAddress): Text 'Jl. Camp Nou 23 Spain' is set on object 'Object Repository/Practice Form/textarea - Current address'

15-06-2025T15:17:16 - [MESSAGE][PASSED] - Text 'Jl. Camp Nou 23 Spain' is set on object 'Object Repository/Practice Form/textarea - Current address'

15-06-2025T15:17:16 - [TEST_STEP][PASSED] - scrollToElement(findTestObject("Object Repository/Practice Form/txtfield - State"), 0): Scroll to object 'Object Repository/Practice Form/txtfield - State' successfully

15-06-2025T15:17:16 - [MESSAGE][WARNING] - Timeout '0' is invalid. Using default page load timeout: '30'

15-06-2025T15:17:16 - [MESSAGE][PASSED] - Scroll to object 'Object Repository/Practice Form/txtfield - State' successfully

15-06-2025T15:17:16 - [TEST_STEP][PASSED] - if (state != null && state != ""): Keys 'TAB + ' sent to object: 'Object Repository/Practice Form/txtfield - State'

15-06-2025T15:17:16 - [TEST_STEP][PASSED] - setText(findTestObject("Object Repository/Practice Form/txtfield - State"), state): Text 'Haryana' is set on object 'Object Repository/Practice Form/txtfield - State'

15-06-2025T15:17:16 - [MESSAGE][PASSED] - Text 'Haryana' is set on object 'Object Repository/Practice Form/txtfield - State'

15-06-2025T15:17:16 - [TEST_STEP][PASSED] - delay(1): Delayed 1 second(s)

15-06-2025T15:17:17 - [MESSAGE][PASSED] - Delayed 1 second(s)

15-06-2025T15:17:17 - [TEST_STEP][PASSED] - sendKeys(findTestObject("Object Repository/Practice Form/txtfield - State"), TAB.toString()): Keys 'TAB + ' sent to object: 'Object Repository/Practice Form/txtfield - State'

15-06-2025T15:17:17 - [MESSAGE][PASSED] - Keys 'TAB + ' sent to object: 'Object Repository/Practice Form/txtfield - State'

15-06-2025T15:17:17 - [TEST_STEP][PASSED] - if (city != null && city != ""): Keys 'DOWN + ENTER + ' sent to object: 'Object Repository/Practice Form/txtfield - City'

15-06-2025T15:17:17 - [TEST_STEP][PASSED] - setText(findTestObject("Object Repository/Practice Form/txtfield - City"), city): Text 'Karnal' is set on object 'Object Repository/Practice Form/txtfield - City'

15-06-2025T15:17:18 - [MESSAGE][PASSED] - Text 'Karnal' is set on object 'Object Repository/Practice Form/txtfield - City'

15-06-2025T15:17:18 - [TEST_STEP][PASSED] - delay(1): Delayed 1 second(s)

15-06-2025T15:17:19 - [MESSAGE][PASSED] - Delayed 1 second(s)

15-06-2025T15:17:19 - [TEST_STEP][PASSED] - sendKeys(findTestObject("Object Repository/Practice Form/txtfield - City"), Keys.chord(ARROW_DOWN, ENTER)): Keys 'DOWN + ENTER + ' sent to object: 'Object Repository/Practice Form/txtfield - City'

15-06-2025T15:17:19 - [MESSAGE][PASSED] - Keys 'DOWN + ENTER + ' sent to object: 'Object Repository/Practice Form/txtfield - City'

15-06-2025T15:17:19 - [TEST_STEP][PASSED] - scrollToElement(findTestObject("Object Repository/Practice Form/button - Submit"), 0): Scroll to object 'Object Repository/Practice Form/button - Submit' successfully

15-06-2025T15:17:19 - [MESSAGE][WARNING] - Timeout '0' is invalid. Using default page load timeout: '30'

15-06-2025T15:17:19 - [MESSAGE][PASSED] - Scroll to object 'Object Repository/Practice Form/button - Submit' successfully

15-06-2025T15:17:19 - [TEST_STEP][PASSED] - click(findTestObject("Object Repository/Practice Form/button - Submit")): Object: 'Object Repository/Practice Form/button - Submit' is clicked on

15-06-2025T15:17:19 - [MESSAGE][PASSED] - Object: 'Object Repository/Practice Form/button - Submit' is clicked on

15-06-2025T15:17:19 - [TEST_STEP][PASSED] - executeJavaScript("document.getElementById('fixedban')?.remove();", null, CONTINUE_ON_FAILURE): Execute JavaScript 'document.getElementById('fixedban')?.remove();' successfully

15-06-2025T15:17:19 - [MESSAGE][PASSED] - Execute JavaScript 'document.getElementById('fixedban')?.remove();' successfully

15-06-2025T15:17:19 - [TEST_STEP][PASSED] - verifyElementPresent(findTestObject("Object Repository/Modal/txt - Modal title"), 2, CONTINUE_ON_FAILURE): Object 'Object Repository/Modal/txt - Modal title' is present

15-06-2025T15:17:19 - [MESSAGE][PASSED] - Object 'Object Repository/Modal/txt - Modal title' is present

15-06-2025T15:17:19 - [TEST_STEP][PASSED] - data_studentName = getText(findTestObject("Object Repository/Modal/data - Student name")): Text of object 'Object Repository/Modal/data - Student name' is: 'Visca Barca'

15-06-2025T15:17:19 - [MESSAGE][PASSED] - Text of object 'Object Repository/Modal/data - Student name' is: 'Visca Barca'

15-06-2025T15:17:19 - [TEST_STEP][PASSED] - studentName = firstName + " " + lastName: null

15-06-2025T15:17:19 - [TEST_STEP][PASSED] - verifyMatch(studentName, data_studentName, false): Actual text 'Visca Barca' and expected text 'Visca Barca' are matched 

15-06-2025T15:17:19 - [MESSAGE][PASSED] - Actual text 'Visca Barca' and expected text 'Visca Barca' are matched 

15-06-2025T15:17:19 - [TEST_STEP][PASSED] - data_studentEmail = getText(findTestObject("Object Repository/Modal/data - Student email")): Text of object 'Object Repository/Modal/data - Student email' is: 'barcavisca@camp.com'

15-06-2025T15:17:19 - [MESSAGE][PASSED] - Text of object 'Object Repository/Modal/data - Student email' is: 'barcavisca@camp.com'

15-06-2025T15:17:19 - [TEST_STEP][PASSED] - verifyMatch(email, data_studentEmail, false): Actual text 'barcavisca@camp.com' and expected text 'barcavisca@camp.com' are matched 

15-06-2025T15:17:19 - [MESSAGE][PASSED] - Actual text 'barcavisca@camp.com' and expected text 'barcavisca@camp.com' are matched 

15-06-2025T15:17:19 - [TEST_STEP][PASSED] - data_studentGender = getText(findTestObject("Object Repository/Modal/data - Student gender")): Text of object 'Object Repository/Modal/data - Student gender' is: 'Male'

15-06-2025T15:17:19 - [MESSAGE][PASSED] - Text of object 'Object Repository/Modal/data - Student gender' is: 'Male'

15-06-2025T15:17:19 - [TEST_STEP][PASSED] - verifyMatch(gender, data_studentGender, false): Actual text 'Male' and expected text 'Male' are matched 

15-06-2025T15:17:19 - [MESSAGE][PASSED] - Actual text 'Male' and expected text 'Male' are matched 

15-06-2025T15:17:19 - [TEST_STEP][PASSED] - data_studentMobile = getText(findTestObject("Object Repository/Modal/data - Student mobile")): Text of object 'Object Repository/Modal/data - Student mobile' is: '0392812387'

15-06-2025T15:17:19 - [MESSAGE][PASSED] - Text of object 'Object Repository/Modal/data - Student mobile' is: '0392812387'

15-06-2025T15:17:19 - [TEST_STEP][PASSED] - verifyMatch(mobile, data_studentMobile, false): Actual text '0392812387' and expected text '0392812387' are matched 

15-06-2025T15:17:19 - [MESSAGE][PASSED] - Actual text '0392812387' and expected text '0392812387' are matched 

15-06-2025T15:17:19 - [TEST_STEP][PASSED] - studentBirthDate = getAttribute(findTestObject("Object Repository/Practice Form/txtfield - Birth date"), "value"): Attribute 'value' of object 'Object Repository/Practice Form/txtfield - Birth date' is: '03 Jun 2025'

15-06-2025T15:17:19 - [MESSAGE][PASSED] - Attribute 'value' of object 'Object Repository/Practice Form/txtfield - Birth date' is: '03 Jun 2025'

15-06-2025T15:17:19 - [TEST_STEP][PASSED] - parts = studentBirthDate.split(" "): null

15-06-2025T15:17:19 - [TEST_STEP][PASSED] - month = $parts[1]: null

15-06-2025T15:17:19 - [TEST_STEP][PASSED] - longMonth = "": null

15-06-2025T15:17:19 - [TEST_STEP][PASSED] - switch (month): null

15-06-2025T15:17:19 - [TEST_STEP][PASSED] - case "Jun":: null

15-06-2025T15:17:19 - [TEST_STEP][PASSED] - longMonth = "June": null

15-06-2025T15:17:19 - [TEST_STEP][PASSED] - break: null

15-06-2025T15:17:19 - [TEST_STEP][PASSED] - result_studentBirthDate = $parts[0]  + longMonth + ,$parts[2]: null

15-06-2025T15:17:19 - [TEST_STEP][PASSED] - data_studentBirthDate = getText(findTestObject("Object Repository/Modal/data - Student date of birth")): Text of object 'Object Repository/Modal/data - Student date of birth' is: '03 June,2025'

15-06-2025T15:17:19 - [MESSAGE][PASSED] - Text of object 'Object Repository/Modal/data - Student date of birth' is: '03 June,2025'

15-06-2025T15:17:19 - [TEST_STEP][PASSED] - verifyMatch(result_studentBirthDate, data_studentBirthDate, false): Actual text '03 June,2025' and expected text '03 June,2025' are matched 

15-06-2025T15:17:19 - [MESSAGE][PASSED] - Actual text '03 June,2025' and expected text '03 June,2025' are matched 

15-06-2025T15:17:19 - [TEST_STEP][PASSED] - data_studentSubjects = getText(findTestObject("Object Repository/Modal/data - Student subjects")): Text of object 'Object Repository/Modal/data - Student subjects' is: 'Maths'

15-06-2025T15:17:19 - [MESSAGE][PASSED] - Text of object 'Object Repository/Modal/data - Student subjects' is: 'Maths'

15-06-2025T15:17:19 - [TEST_STEP][PASSED] - verifyMatch(subjects, data_studentSubjects, false): Actual text 'Maths' and expected text 'Maths' are matched 

15-06-2025T15:17:19 - [MESSAGE][PASSED] - Actual text 'Maths' and expected text 'Maths' are matched 

15-06-2025T15:17:19 - [TEST_STEP][PASSED] - data_studentHobbies = getText(findTestObject("Object Repository/Modal/data - Student hobbies")): Text of object 'Object Repository/Modal/data - Student hobbies' is: ''

15-06-2025T15:17:19 - [MESSAGE][PASSED] - Text of object 'Object Repository/Modal/data - Student hobbies' is: ''

15-06-2025T15:17:19 - [TEST_STEP][PASSED] - verifyMatch(hobbies, data_studentHobbies, false): Actual text '' and expected text '' are matched 

15-06-2025T15:17:19 - [MESSAGE][PASSED] - Actual text '' and expected text '' are matched 

15-06-2025T15:17:19 - [TEST_STEP][PASSED] - data_studentPicture = getText(findTestObject("Object Repository/Modal/data - Student picture")): Text of object 'Object Repository/Modal/data - Student picture' is: 'gambarDummy.jpeg'

15-06-2025T15:17:19 - [MESSAGE][PASSED] - Text of object 'Object Repository/Modal/data - Student picture' is: 'gambarDummy.jpeg'

15-06-2025T15:17:19 - [TEST_STEP][PASSED] - verifyMatch("gambarDummy.jpeg", data_studentPicture, false): Actual text 'gambarDummy.jpeg' and expected text 'gambarDummy.jpeg' are matched 

15-06-2025T15:17:19 - [MESSAGE][PASSED] - Actual text 'gambarDummy.jpeg' and expected text 'gambarDummy.jpeg' are matched 

15-06-2025T15:17:19 - [TEST_STEP][PASSED] - data_studentAddress = getText(findTestObject("Object Repository/Modal/data - Student address")): Text of object 'Object Repository/Modal/data - Student address' is: 'Jl. Camp Nou 23 Spain'

15-06-2025T15:17:19 - [MESSAGE][PASSED] - Text of object 'Object Repository/Modal/data - Student address' is: 'Jl. Camp Nou 23 Spain'

15-06-2025T15:17:19 - [TEST_STEP][PASSED] - verifyMatch(currentAddress, data_studentAddress, false): Actual text 'Jl. Camp Nou 23 Spain' and expected text 'Jl. Camp Nou 23 Spain' are matched 

15-06-2025T15:17:19 - [MESSAGE][PASSED] - Actual text 'Jl. Camp Nou 23 Spain' and expected text 'Jl. Camp Nou 23 Spain' are matched 

15-06-2025T15:17:19 - [TEST_STEP][PASSED] - studentStateCity = "": null

15-06-2025T15:17:19 - [TEST_STEP][PASSED] - if (state != "" && city == ""): null

15-06-2025T15:17:19 - [TEST_STEP][PASSED] - else if (state == ""): null

15-06-2025T15:17:19 - [TEST_STEP][PASSED] - else if (state != "" && city != ""): null

15-06-2025T15:17:19 - [TEST_STEP][PASSED] - studentStateCity = state + " " + city: null

15-06-2025T15:17:19 - [TEST_STEP][PASSED] - data_studentStateCity = getText(findTestObject("Object Repository/Modal/data - Student state and city")): Text of object 'Object Repository/Modal/data - Student state and city' is: 'Haryana Karnal'

15-06-2025T15:17:19 - [MESSAGE][PASSED] - Text of object 'Object Repository/Modal/data - Student state and city' is: 'Haryana Karnal'

15-06-2025T15:17:19 - [TEST_STEP][PASSED] - verifyMatch(studentStateCity, data_studentStateCity, false): Actual text 'Haryana Karnal' and expected text 'Haryana Karnal' are matched 

15-06-2025T15:17:19 - [MESSAGE][PASSED] - Actual text 'Haryana Karnal' and expected text 'Haryana Karnal' are matched 

15-06-2025T15:17:19 - [TEST_STEP][PASSED] - closeBrowser(): Browser is closed

15-06-2025T15:17:20 - [MESSAGE][PASSED] - Browser is closed]]></system-out>
         <system-err><![CDATA[]]></system-err>
      </testcase>
      <testcase name="Test Cases/2. Normal Input/INP 3 - Verify match text input to output modal" time="27.17" classname="Test Cases/2. Normal Input/INP 3 - Verify match text input to output modal" status="PASSED">
         <system-out><![CDATA[15-06-2025T15:17:20 - [TEST_CASE][PASSED] - Test Cases/2. Normal Input/INP 3 - Verify match text input to output modal: Test Cases/2. Normal Input/INP 3 - Verify match text input to output modal

15-06-2025T15:17:20 - [TEST_STEP][PASSED] - openBrowser(""): Browser is opened with url: ''

15-06-2025T15:17:20 - [MESSAGE][INFO] - Starting 'Chrome' driver

15-06-2025T15:17:20 - [MESSAGE][INFO] - Action delay is set to 0 milliseconds

15-06-2025T15:17:21 - [MESSAGE][WARNING] - FFmpeg was not installed! Browser Recording will be disabled. Please follow this document to install FFmpeg first: https://docs.katalon.com/katalon-studio/docs/screenshots-videos.html#browser-based-recorder

15-06-2025T15:17:21 - [MESSAGE][PASSED] - Browser is opened with url: ''

15-06-2025T15:17:21 - [TEST_STEP][PASSED] - navigateToUrl(baseUrl): Navigate to 'https://demoqa.com/automation-practice-form' successfully

15-06-2025T15:17:41 - [MESSAGE][PASSED] - Navigate to 'https://demoqa.com/automation-practice-form' successfully

15-06-2025T15:17:41 - [TEST_STEP][PASSED] - verifyElementPresent(findTestObject("Object Repository/Practice Form/Title Name - Practice Form"), 0): Object 'Object Repository/Practice Form/Title Name - Practice Form' is present

15-06-2025T15:17:41 - [MESSAGE][WARNING] - Timeout '0' is invalid. Using default page load timeout: '30'

15-06-2025T15:17:41 - [MESSAGE][PASSED] - Object 'Object Repository/Practice Form/Title Name - Practice Form' is present

15-06-2025T15:17:41 - [TEST_STEP][PASSED] - setText(findTestObject("Object Repository/Practice Form/txtfield - First name"), firstName): Text 'Forza' is set on object 'Object Repository/Practice Form/txtfield - First name'

15-06-2025T15:17:41 - [MESSAGE][PASSED] - Text 'Forza' is set on object 'Object Repository/Practice Form/txtfield - First name'

15-06-2025T15:17:41 - [TEST_STEP][PASSED] - setText(findTestObject("Object Repository/Practice Form/txtfield - Last name"), lastName): Text 'Milan' is set on object 'Object Repository/Practice Form/txtfield - Last name'

15-06-2025T15:17:42 - [MESSAGE][PASSED] - Text 'Milan' is set on object 'Object Repository/Practice Form/txtfield - Last name'

15-06-2025T15:17:42 - [TEST_STEP][PASSED] - setText(findTestObject("Object Repository/Practice Form/txtfield - User Email"), email): Text 'milanforza@sansiro.com' is set on object 'Object Repository/Practice Form/txtfield - User Email'

15-06-2025T15:17:42 - [MESSAGE][PASSED] - Text 'milanforza@sansiro.com' is set on object 'Object Repository/Practice Form/txtfield - User Email'

15-06-2025T15:17:42 - [TEST_STEP][PASSED] - scrollToElement(findTestObject("Object Repository/Practice Form/radiobox - Male"), 0): Scroll to object 'Object Repository/Practice Form/radiobox - Male' successfully

15-06-2025T15:17:42 - [MESSAGE][WARNING] - Timeout '0' is invalid. Using default page load timeout: '30'

15-06-2025T15:17:42 - [MESSAGE][PASSED] - Scroll to object 'Object Repository/Practice Form/radiobox - Male' successfully

15-06-2025T15:17:42 - [TEST_STEP][PASSED] - if (gender == "Male"): Object: 'Object Repository/Practice Form/radiobox - Male' is clicked on

15-06-2025T15:17:42 - [TEST_STEP][PASSED] - click(findTestObject("Object Repository/Practice Form/radiobox - Male")): Object: 'Object Repository/Practice Form/radiobox - Male' is clicked on

15-06-2025T15:17:42 - [MESSAGE][PASSED] - Object: 'Object Repository/Practice Form/radiobox - Male' is clicked on

15-06-2025T15:17:42 - [TEST_STEP][PASSED] - scrollToElement(findTestObject("Object Repository/Practice Form/txtfield - Mobile number"), 0): Scroll to object 'Object Repository/Practice Form/txtfield - Mobile number' successfully

15-06-2025T15:17:42 - [MESSAGE][WARNING] - Timeout '0' is invalid. Using default page load timeout: '30'

15-06-2025T15:17:42 - [MESSAGE][PASSED] - Scroll to object 'Object Repository/Practice Form/txtfield - Mobile number' successfully

15-06-2025T15:17:42 - [TEST_STEP][PASSED] - setText(findTestObject("Object Repository/Practice Form/txtfield - Mobile number"), mobile): Text '0382938291' is set on object 'Object Repository/Practice Form/txtfield - Mobile number'

15-06-2025T15:17:42 - [MESSAGE][PASSED] - Text '0382938291' is set on object 'Object Repository/Practice Form/txtfield - Mobile number'

15-06-2025T15:17:42 - [TEST_STEP][PASSED] - scrollToElement(findTestObject("Object Repository/Practice Form/txtfield - Birth date"), 0): Scroll to object 'Object Repository/Practice Form/txtfield - Birth date' successfully

15-06-2025T15:17:42 - [MESSAGE][WARNING] - Timeout '0' is invalid. Using default page load timeout: '30'

15-06-2025T15:17:42 - [MESSAGE][PASSED] - Scroll to object 'Object Repository/Practice Form/txtfield - Birth date' successfully

15-06-2025T15:17:42 - [TEST_STEP][PASSED] - click(findTestObject("Object Repository/Practice Form/txtfield - Birth date")): Object: 'Object Repository/Practice Form/txtfield - Birth date' is clicked on

15-06-2025T15:17:43 - [MESSAGE][PASSED] - Object: 'Object Repository/Practice Form/txtfield - Birth date' is clicked on

15-06-2025T15:17:43 - [TEST_STEP][PASSED] - click(findTestObject("Object Repository/Practice Form/specific date picker")): Object: 'Object Repository/Practice Form/specific date picker' is clicked on

15-06-2025T15:17:43 - [MESSAGE][PASSED] - Object: 'Object Repository/Practice Form/specific date picker' is clicked on

15-06-2025T15:17:43 - [TEST_STEP][PASSED] - scrollToElement(findTestObject("Object Repository/Practice Form/txtfield - Subjects"), 0): Scroll to object 'Object Repository/Practice Form/txtfield - Subjects' successfully

15-06-2025T15:17:43 - [MESSAGE][WARNING] - Timeout '0' is invalid. Using default page load timeout: '30'

15-06-2025T15:17:43 - [MESSAGE][PASSED] - Scroll to object 'Object Repository/Practice Form/txtfield - Subjects' successfully

15-06-2025T15:17:43 - [TEST_STEP][PASSED] - if (subjects != null): Keys 'TAB + ' sent to object: 'Object Repository/Practice Form/txtfield - Subjects'

15-06-2025T15:17:43 - [TEST_STEP][PASSED] - setText(findTestObject("Object Repository/Practice Form/txtfield - Subjects"), subjects): Text 'English' is set on object 'Object Repository/Practice Form/txtfield - Subjects'

15-06-2025T15:17:43 - [MESSAGE][PASSED] - Text 'English' is set on object 'Object Repository/Practice Form/txtfield - Subjects'

15-06-2025T15:17:43 - [TEST_STEP][PASSED] - sendKeys(findTestObject("Object Repository/Practice Form/txtfield - Subjects"), TAB.toString()): Keys 'TAB + ' sent to object: 'Object Repository/Practice Form/txtfield - Subjects'

15-06-2025T15:17:43 - [MESSAGE][PASSED] - Keys 'TAB + ' sent to object: 'Object Repository/Practice Form/txtfield - Subjects'

15-06-2025T15:17:43 - [TEST_STEP][PASSED] - scrollToElement(findTestObject("Object Repository/Practice Form/checkbox - Sports"), 0): Scroll to object 'Object Repository/Practice Form/checkbox - Sports' successfully

15-06-2025T15:17:43 - [MESSAGE][WARNING] - Timeout '0' is invalid. Using default page load timeout: '30'

15-06-2025T15:17:43 - [MESSAGE][PASSED] - Scroll to object 'Object Repository/Practice Form/checkbox - Sports' successfully

15-06-2025T15:17:43 - [TEST_STEP][PASSED] - if (hobbies == "Sports"): Object: 'Object Repository/Practice Form/checkbox - Sports' is clicked on

15-06-2025T15:17:43 - [TEST_STEP][PASSED] - click(findTestObject("Object Repository/Practice Form/checkbox - Sports")): Object: 'Object Repository/Practice Form/checkbox - Sports' is clicked on

15-06-2025T15:17:43 - [MESSAGE][PASSED] - Object: 'Object Repository/Practice Form/checkbox - Sports' is clicked on

15-06-2025T15:17:43 - [TEST_STEP][PASSED] - imagePath = getProjectDir() + "/Include/image/gambarDummy.jpeg": null

15-06-2025T15:17:43 - [TEST_STEP][PASSED] - uploadFile(findTestObject("Object Repository/Practice Form/file - Picture"), imagePath): File 'C:/Users/M S I/Katalon Studio/web-maulana-afteroffice-katalon/Include/image/gambarDummy.jpeg' sent to object: 'Object Repository/Practice Form/file - Picture'

15-06-2025T15:17:43 - [MESSAGE][PASSED] - File 'C:/Users/M S I/Katalon Studio/web-maulana-afteroffice-katalon/Include/image/gambarDummy.jpeg' sent to object: 'Object Repository/Practice Form/file - Picture'

15-06-2025T15:17:43 - [TEST_STEP][PASSED] - scrollToElement(findTestObject("Object Repository/Practice Form/textarea - Current address"), 0): Scroll to object 'Object Repository/Practice Form/textarea - Current address' successfully

15-06-2025T15:17:43 - [MESSAGE][WARNING] - Timeout '0' is invalid. Using default page load timeout: '30'

15-06-2025T15:17:43 - [MESSAGE][PASSED] - Scroll to object 'Object Repository/Practice Form/textarea - Current address' successfully

15-06-2025T15:17:43 - [TEST_STEP][PASSED] - setText(findTestObject("Object Repository/Practice Form/textarea - Current address"), currentAddress): Text '' is set on object 'Object Repository/Practice Form/textarea - Current address'

15-06-2025T15:17:43 - [MESSAGE][PASSED] - Text '' is set on object 'Object Repository/Practice Form/textarea - Current address'

15-06-2025T15:17:43 - [TEST_STEP][PASSED] - scrollToElement(findTestObject("Object Repository/Practice Form/txtfield - State"), 0): Scroll to object 'Object Repository/Practice Form/txtfield - State' successfully

15-06-2025T15:17:43 - [MESSAGE][WARNING] - Timeout '0' is invalid. Using default page load timeout: '30'

15-06-2025T15:17:44 - [MESSAGE][PASSED] - Scroll to object 'Object Repository/Practice Form/txtfield - State' successfully

15-06-2025T15:17:44 - [TEST_STEP][PASSED] - if (state != null && state != ""): Keys 'TAB + ' sent to object: 'Object Repository/Practice Form/txtfield - State'

15-06-2025T15:17:44 - [TEST_STEP][PASSED] - setText(findTestObject("Object Repository/Practice Form/txtfield - State"), state): Text 'NCR' is set on object 'Object Repository/Practice Form/txtfield - State'

15-06-2025T15:17:44 - [MESSAGE][PASSED] - Text 'NCR' is set on object 'Object Repository/Practice Form/txtfield - State'

15-06-2025T15:17:44 - [TEST_STEP][PASSED] - delay(1): Delayed 1 second(s)

15-06-2025T15:17:45 - [MESSAGE][PASSED] - Delayed 1 second(s)

15-06-2025T15:17:45 - [TEST_STEP][PASSED] - sendKeys(findTestObject("Object Repository/Practice Form/txtfield - State"), TAB.toString()): Keys 'TAB + ' sent to object: 'Object Repository/Practice Form/txtfield - State'

15-06-2025T15:17:45 - [MESSAGE][PASSED] - Keys 'TAB + ' sent to object: 'Object Repository/Practice Form/txtfield - State'

15-06-2025T15:17:45 - [TEST_STEP][PASSED] - if (city != null && city != ""): Keys 'DOWN + ENTER + ' sent to object: 'Object Repository/Practice Form/txtfield - City'

15-06-2025T15:17:45 - [TEST_STEP][PASSED] - setText(findTestObject("Object Repository/Practice Form/txtfield - City"), city): Text 'Delhi' is set on object 'Object Repository/Practice Form/txtfield - City'

15-06-2025T15:17:45 - [MESSAGE][PASSED] - Text 'Delhi' is set on object 'Object Repository/Practice Form/txtfield - City'

15-06-2025T15:17:45 - [TEST_STEP][PASSED] - delay(1): Delayed 1 second(s)

15-06-2025T15:17:46 - [MESSAGE][PASSED] - Delayed 1 second(s)

15-06-2025T15:17:46 - [TEST_STEP][PASSED] - sendKeys(findTestObject("Object Repository/Practice Form/txtfield - City"), Keys.chord(ARROW_DOWN, ENTER)): Keys 'DOWN + ENTER + ' sent to object: 'Object Repository/Practice Form/txtfield - City'

15-06-2025T15:17:46 - [MESSAGE][PASSED] - Keys 'DOWN + ENTER + ' sent to object: 'Object Repository/Practice Form/txtfield - City'

15-06-2025T15:17:46 - [TEST_STEP][PASSED] - scrollToElement(findTestObject("Object Repository/Practice Form/button - Submit"), 0): Scroll to object 'Object Repository/Practice Form/button - Submit' successfully

15-06-2025T15:17:46 - [MESSAGE][WARNING] - Timeout '0' is invalid. Using default page load timeout: '30'

15-06-2025T15:17:46 - [MESSAGE][PASSED] - Scroll to object 'Object Repository/Practice Form/button - Submit' successfully

15-06-2025T15:17:46 - [TEST_STEP][PASSED] - click(findTestObject("Object Repository/Practice Form/button - Submit")): Object: 'Object Repository/Practice Form/button - Submit' is clicked on

15-06-2025T15:17:46 - [MESSAGE][PASSED] - Object: 'Object Repository/Practice Form/button - Submit' is clicked on

15-06-2025T15:17:46 - [TEST_STEP][PASSED] - executeJavaScript("document.getElementById('fixedban')?.remove();", null, CONTINUE_ON_FAILURE): Execute JavaScript 'document.getElementById('fixedban')?.remove();' successfully

15-06-2025T15:17:46 - [MESSAGE][PASSED] - Execute JavaScript 'document.getElementById('fixedban')?.remove();' successfully

15-06-2025T15:17:46 - [TEST_STEP][PASSED] - verifyElementPresent(findTestObject("Object Repository/Modal/txt - Modal title"), 2, CONTINUE_ON_FAILURE): Object 'Object Repository/Modal/txt - Modal title' is present

15-06-2025T15:17:46 - [MESSAGE][PASSED] - Object 'Object Repository/Modal/txt - Modal title' is present

15-06-2025T15:17:46 - [TEST_STEP][PASSED] - data_studentName = getText(findTestObject("Object Repository/Modal/data - Student name")): Text of object 'Object Repository/Modal/data - Student name' is: 'Forza Milan'

15-06-2025T15:17:46 - [MESSAGE][PASSED] - Text of object 'Object Repository/Modal/data - Student name' is: 'Forza Milan'

15-06-2025T15:17:46 - [TEST_STEP][PASSED] - studentName = firstName + " " + lastName: null

15-06-2025T15:17:46 - [TEST_STEP][PASSED] - verifyMatch(studentName, data_studentName, false): Actual text 'Forza Milan' and expected text 'Forza Milan' are matched 

15-06-2025T15:17:46 - [MESSAGE][PASSED] - Actual text 'Forza Milan' and expected text 'Forza Milan' are matched 

15-06-2025T15:17:46 - [TEST_STEP][PASSED] - data_studentEmail = getText(findTestObject("Object Repository/Modal/data - Student email")): Text of object 'Object Repository/Modal/data - Student email' is: 'milanforza@sansiro.com'

15-06-2025T15:17:46 - [MESSAGE][PASSED] - Text of object 'Object Repository/Modal/data - Student email' is: 'milanforza@sansiro.com'

15-06-2025T15:17:46 - [TEST_STEP][PASSED] - verifyMatch(email, data_studentEmail, false): Actual text 'milanforza@sansiro.com' and expected text 'milanforza@sansiro.com' are matched 

15-06-2025T15:17:46 - [MESSAGE][PASSED] - Actual text 'milanforza@sansiro.com' and expected text 'milanforza@sansiro.com' are matched 

15-06-2025T15:17:46 - [TEST_STEP][PASSED] - data_studentGender = getText(findTestObject("Object Repository/Modal/data - Student gender")): Text of object 'Object Repository/Modal/data - Student gender' is: 'Male'

15-06-2025T15:17:46 - [MESSAGE][PASSED] - Text of object 'Object Repository/Modal/data - Student gender' is: 'Male'

15-06-2025T15:17:46 - [TEST_STEP][PASSED] - verifyMatch(gender, data_studentGender, false): Actual text 'Male' and expected text 'Male' are matched 

15-06-2025T15:17:46 - [MESSAGE][PASSED] - Actual text 'Male' and expected text 'Male' are matched 

15-06-2025T15:17:46 - [TEST_STEP][PASSED] - data_studentMobile = getText(findTestObject("Object Repository/Modal/data - Student mobile")): Text of object 'Object Repository/Modal/data - Student mobile' is: '0382938291'

15-06-2025T15:17:46 - [MESSAGE][PASSED] - Text of object 'Object Repository/Modal/data - Student mobile' is: '0382938291'

15-06-2025T15:17:46 - [TEST_STEP][PASSED] - verifyMatch(mobile, data_studentMobile, false): Actual text '0382938291' and expected text '0382938291' are matched 

15-06-2025T15:17:46 - [MESSAGE][PASSED] - Actual text '0382938291' and expected text '0382938291' are matched 

15-06-2025T15:17:46 - [TEST_STEP][PASSED] - studentBirthDate = getAttribute(findTestObject("Object Repository/Practice Form/txtfield - Birth date"), "value"): Attribute 'value' of object 'Object Repository/Practice Form/txtfield - Birth date' is: '03 Jun 2025'

15-06-2025T15:17:46 - [MESSAGE][PASSED] - Attribute 'value' of object 'Object Repository/Practice Form/txtfield - Birth date' is: '03 Jun 2025'

15-06-2025T15:17:46 - [TEST_STEP][PASSED] - parts = studentBirthDate.split(" "): null

15-06-2025T15:17:46 - [TEST_STEP][PASSED] - month = $parts[1]: null

15-06-2025T15:17:46 - [TEST_STEP][PASSED] - longMonth = "": null

15-06-2025T15:17:46 - [TEST_STEP][PASSED] - switch (month): null

15-06-2025T15:17:46 - [TEST_STEP][PASSED] - case "Jun":: null

15-06-2025T15:17:46 - [TEST_STEP][PASSED] - longMonth = "June": null

15-06-2025T15:17:46 - [TEST_STEP][PASSED] - break: null

15-06-2025T15:17:46 - [TEST_STEP][PASSED] - result_studentBirthDate = $parts[0]  + longMonth + ,$parts[2]: null

15-06-2025T15:17:46 - [TEST_STEP][PASSED] - data_studentBirthDate = getText(findTestObject("Object Repository/Modal/data - Student date of birth")): Text of object 'Object Repository/Modal/data - Student date of birth' is: '03 June,2025'

15-06-2025T15:17:46 - [MESSAGE][PASSED] - Text of object 'Object Repository/Modal/data - Student date of birth' is: '03 June,2025'

15-06-2025T15:17:46 - [TEST_STEP][PASSED] - verifyMatch(result_studentBirthDate, data_studentBirthDate, false): Actual text '03 June,2025' and expected text '03 June,2025' are matched 

15-06-2025T15:17:46 - [MESSAGE][PASSED] - Actual text '03 June,2025' and expected text '03 June,2025' are matched 

15-06-2025T15:17:46 - [TEST_STEP][PASSED] - data_studentSubjects = getText(findTestObject("Object Repository/Modal/data - Student subjects")): Text of object 'Object Repository/Modal/data - Student subjects' is: 'English'

15-06-2025T15:17:46 - [MESSAGE][PASSED] - Text of object 'Object Repository/Modal/data - Student subjects' is: 'English'

15-06-2025T15:17:46 - [TEST_STEP][PASSED] - verifyMatch(subjects, data_studentSubjects, false): Actual text 'English' and expected text 'English' are matched 

15-06-2025T15:17:46 - [MESSAGE][PASSED] - Actual text 'English' and expected text 'English' are matched 

15-06-2025T15:17:46 - [TEST_STEP][PASSED] - data_studentHobbies = getText(findTestObject("Object Repository/Modal/data - Student hobbies")): Text of object 'Object Repository/Modal/data - Student hobbies' is: 'Sports'

15-06-2025T15:17:46 - [MESSAGE][PASSED] - Text of object 'Object Repository/Modal/data - Student hobbies' is: 'Sports'

15-06-2025T15:17:46 - [TEST_STEP][PASSED] - verifyMatch(hobbies, data_studentHobbies, false): Actual text 'Sports' and expected text 'Sports' are matched 

15-06-2025T15:17:46 - [MESSAGE][PASSED] - Actual text 'Sports' and expected text 'Sports' are matched 

15-06-2025T15:17:46 - [TEST_STEP][PASSED] - data_studentPicture = getText(findTestObject("Object Repository/Modal/data - Student picture")): Text of object 'Object Repository/Modal/data - Student picture' is: 'gambarDummy.jpeg'

15-06-2025T15:17:46 - [MESSAGE][PASSED] - Text of object 'Object Repository/Modal/data - Student picture' is: 'gambarDummy.jpeg'

15-06-2025T15:17:46 - [TEST_STEP][PASSED] - verifyMatch("gambarDummy.jpeg", data_studentPicture, false): Actual text 'gambarDummy.jpeg' and expected text 'gambarDummy.jpeg' are matched 

15-06-2025T15:17:46 - [MESSAGE][PASSED] - Actual text 'gambarDummy.jpeg' and expected text 'gambarDummy.jpeg' are matched 

15-06-2025T15:17:46 - [TEST_STEP][PASSED] - data_studentAddress = getText(findTestObject("Object Repository/Modal/data - Student address")): Text of object 'Object Repository/Modal/data - Student address' is: ''

15-06-2025T15:17:46 - [MESSAGE][PASSED] - Text of object 'Object Repository/Modal/data - Student address' is: ''

15-06-2025T15:17:46 - [TEST_STEP][PASSED] - verifyMatch(currentAddress, data_studentAddress, false): Actual text '' and expected text '' are matched 

15-06-2025T15:17:46 - [MESSAGE][PASSED] - Actual text '' and expected text '' are matched 

15-06-2025T15:17:46 - [TEST_STEP][PASSED] - studentStateCity = "": null

15-06-2025T15:17:46 - [TEST_STEP][PASSED] - if (state != "" && city == ""): null

15-06-2025T15:17:46 - [TEST_STEP][PASSED] - else if (state == ""): null

15-06-2025T15:17:46 - [TEST_STEP][PASSED] - else if (state != "" && city != ""): null

15-06-2025T15:17:46 - [TEST_STEP][PASSED] - studentStateCity = state + " " + city: null

15-06-2025T15:17:46 - [TEST_STEP][PASSED] - data_studentStateCity = getText(findTestObject("Object Repository/Modal/data - Student state and city")): Text of object 'Object Repository/Modal/data - Student state and city' is: 'NCR Delhi'

15-06-2025T15:17:46 - [MESSAGE][PASSED] - Text of object 'Object Repository/Modal/data - Student state and city' is: 'NCR Delhi'

15-06-2025T15:17:46 - [TEST_STEP][PASSED] - verifyMatch(studentStateCity, data_studentStateCity, false): Actual text 'NCR Delhi' and expected text 'NCR Delhi' are matched 

15-06-2025T15:17:46 - [MESSAGE][PASSED] - Actual text 'NCR Delhi' and expected text 'NCR Delhi' are matched 

15-06-2025T15:17:46 - [TEST_STEP][PASSED] - closeBrowser(): Browser is closed

15-06-2025T15:17:47 - [MESSAGE][PASSED] - Browser is closed]]></system-out>
         <system-err><![CDATA[]]></system-err>
      </testcase>
      <testcase name="Test Cases/2. Normal Input/INP 3 - Verify match text input to output modal" time="20.868" classname="Test Cases/2. Normal Input/INP 3 - Verify match text input to output modal" status="PASSED">
         <system-out><![CDATA[15-06-2025T15:17:47 - [TEST_CASE][PASSED] - Test Cases/2. Normal Input/INP 3 - Verify match text input to output modal: Test Cases/2. Normal Input/INP 3 - Verify match text input to output modal

15-06-2025T15:17:47 - [TEST_STEP][PASSED] - openBrowser(""): Browser is opened with url: ''

15-06-2025T15:17:47 - [MESSAGE][INFO] - Starting 'Chrome' driver

15-06-2025T15:17:47 - [MESSAGE][INFO] - Action delay is set to 0 milliseconds

15-06-2025T15:17:48 - [MESSAGE][WARNING] - FFmpeg was not installed! Browser Recording will be disabled. Please follow this document to install FFmpeg first: https://docs.katalon.com/katalon-studio/docs/screenshots-videos.html#browser-based-recorder

15-06-2025T15:17:48 - [MESSAGE][PASSED] - Browser is opened with url: ''

15-06-2025T15:17:48 - [TEST_STEP][PASSED] - navigateToUrl(baseUrl): Navigate to 'https://demoqa.com/automation-practice-form' successfully

15-06-2025T15:18:04 - [MESSAGE][PASSED] - Navigate to 'https://demoqa.com/automation-practice-form' successfully

15-06-2025T15:18:04 - [TEST_STEP][PASSED] - verifyElementPresent(findTestObject("Object Repository/Practice Form/Title Name - Practice Form"), 0): Object 'Object Repository/Practice Form/Title Name - Practice Form' is present

15-06-2025T15:18:04 - [MESSAGE][WARNING] - Timeout '0' is invalid. Using default page load timeout: '30'

15-06-2025T15:18:04 - [MESSAGE][PASSED] - Object 'Object Repository/Practice Form/Title Name - Practice Form' is present

15-06-2025T15:18:04 - [TEST_STEP][PASSED] - setText(findTestObject("Object Repository/Practice Form/txtfield - First name"), firstName): Text 'Bravo' is set on object 'Object Repository/Practice Form/txtfield - First name'

15-06-2025T15:18:04 - [MESSAGE][PASSED] - Text 'Bravo' is set on object 'Object Repository/Practice Form/txtfield - First name'

15-06-2025T15:18:04 - [TEST_STEP][PASSED] - setText(findTestObject("Object Repository/Practice Form/txtfield - Last name"), lastName): Text 'TNI' is set on object 'Object Repository/Practice Form/txtfield - Last name'

15-06-2025T15:18:05 - [MESSAGE][PASSED] - Text 'TNI' is set on object 'Object Repository/Practice Form/txtfield - Last name'

15-06-2025T15:18:05 - [TEST_STEP][PASSED] - setText(findTestObject("Object Repository/Practice Form/txtfield - User Email"), email): Text 'tnibravo@military.com' is set on object 'Object Repository/Practice Form/txtfield - User Email'

15-06-2025T15:18:05 - [MESSAGE][PASSED] - Text 'tnibravo@military.com' is set on object 'Object Repository/Practice Form/txtfield - User Email'

15-06-2025T15:18:05 - [TEST_STEP][PASSED] - scrollToElement(findTestObject("Object Repository/Practice Form/radiobox - Male"), 0): Scroll to object 'Object Repository/Practice Form/radiobox - Male' successfully

15-06-2025T15:18:05 - [MESSAGE][WARNING] - Timeout '0' is invalid. Using default page load timeout: '30'

15-06-2025T15:18:05 - [MESSAGE][PASSED] - Scroll to object 'Object Repository/Practice Form/radiobox - Male' successfully

15-06-2025T15:18:05 - [TEST_STEP][PASSED] - if (gender == "Male"): Object: 'Object Repository/Practice Form/radiobox - Male' is clicked on

15-06-2025T15:18:05 - [TEST_STEP][PASSED] - click(findTestObject("Object Repository/Practice Form/radiobox - Male")): Object: 'Object Repository/Practice Form/radiobox - Male' is clicked on

15-06-2025T15:18:05 - [MESSAGE][PASSED] - Object: 'Object Repository/Practice Form/radiobox - Male' is clicked on

15-06-2025T15:18:05 - [TEST_STEP][PASSED] - scrollToElement(findTestObject("Object Repository/Practice Form/txtfield - Mobile number"), 0): Scroll to object 'Object Repository/Practice Form/txtfield - Mobile number' successfully

15-06-2025T15:18:05 - [MESSAGE][WARNING] - Timeout '0' is invalid. Using default page load timeout: '30'

15-06-2025T15:18:05 - [MESSAGE][PASSED] - Scroll to object 'Object Repository/Practice Form/txtfield - Mobile number' successfully

15-06-2025T15:18:05 - [TEST_STEP][PASSED] - setText(findTestObject("Object Repository/Practice Form/txtfield - Mobile number"), mobile): Text '0341034123' is set on object 'Object Repository/Practice Form/txtfield - Mobile number'

15-06-2025T15:18:06 - [MESSAGE][PASSED] - Text '0341034123' is set on object 'Object Repository/Practice Form/txtfield - Mobile number'

15-06-2025T15:18:06 - [TEST_STEP][PASSED] - scrollToElement(findTestObject("Object Repository/Practice Form/txtfield - Birth date"), 0): Scroll to object 'Object Repository/Practice Form/txtfield - Birth date' successfully

15-06-2025T15:18:06 - [MESSAGE][WARNING] - Timeout '0' is invalid. Using default page load timeout: '30'

15-06-2025T15:18:06 - [MESSAGE][PASSED] - Scroll to object 'Object Repository/Practice Form/txtfield - Birth date' successfully

15-06-2025T15:18:06 - [TEST_STEP][PASSED] - click(findTestObject("Object Repository/Practice Form/txtfield - Birth date")): Object: 'Object Repository/Practice Form/txtfield - Birth date' is clicked on

15-06-2025T15:18:06 - [MESSAGE][PASSED] - Object: 'Object Repository/Practice Form/txtfield - Birth date' is clicked on

15-06-2025T15:18:06 - [TEST_STEP][PASSED] - click(findTestObject("Object Repository/Practice Form/specific date picker")): Object: 'Object Repository/Practice Form/specific date picker' is clicked on

15-06-2025T15:18:06 - [MESSAGE][PASSED] - Object: 'Object Repository/Practice Form/specific date picker' is clicked on

15-06-2025T15:18:06 - [TEST_STEP][PASSED] - scrollToElement(findTestObject("Object Repository/Practice Form/txtfield - Subjects"), 0): Scroll to object 'Object Repository/Practice Form/txtfield - Subjects' successfully

15-06-2025T15:18:06 - [MESSAGE][WARNING] - Timeout '0' is invalid. Using default page load timeout: '30'

15-06-2025T15:18:06 - [MESSAGE][PASSED] - Scroll to object 'Object Repository/Practice Form/txtfield - Subjects' successfully

15-06-2025T15:18:06 - [TEST_STEP][PASSED] - if (subjects != null): Keys 'TAB + ' sent to object: 'Object Repository/Practice Form/txtfield - Subjects'

15-06-2025T15:18:06 - [TEST_STEP][PASSED] - setText(findTestObject("Object Repository/Practice Form/txtfield - Subjects"), subjects): Text 'Economics' is set on object 'Object Repository/Practice Form/txtfield - Subjects'

15-06-2025T15:18:06 - [MESSAGE][PASSED] - Text 'Economics' is set on object 'Object Repository/Practice Form/txtfield - Subjects'

15-06-2025T15:18:06 - [TEST_STEP][PASSED] - sendKeys(findTestObject("Object Repository/Practice Form/txtfield - Subjects"), TAB.toString()): Keys 'TAB + ' sent to object: 'Object Repository/Practice Form/txtfield - Subjects'

15-06-2025T15:18:06 - [MESSAGE][PASSED] - Keys 'TAB + ' sent to object: 'Object Repository/Practice Form/txtfield - Subjects'

15-06-2025T15:18:06 - [TEST_STEP][PASSED] - scrollToElement(findTestObject("Object Repository/Practice Form/checkbox - Sports"), 0): Scroll to object 'Object Repository/Practice Form/checkbox - Sports' successfully

15-06-2025T15:18:06 - [MESSAGE][WARNING] - Timeout '0' is invalid. Using default page load timeout: '30'

15-06-2025T15:18:06 - [MESSAGE][PASSED] - Scroll to object 'Object Repository/Practice Form/checkbox - Sports' successfully

15-06-2025T15:18:06 - [TEST_STEP][PASSED] - if (hobbies == "Sports"): null

15-06-2025T15:18:06 - [TEST_STEP][PASSED] - else if (hobbies == "Reading"): Object: 'Object Repository/Practice Form/checkbox - Reading' is clicked on

15-06-2025T15:18:06 - [TEST_STEP][PASSED] - click(findTestObject("Object Repository/Practice Form/checkbox - Reading")): Object: 'Object Repository/Practice Form/checkbox - Reading' is clicked on

15-06-2025T15:18:06 - [MESSAGE][PASSED] - Object: 'Object Repository/Practice Form/checkbox - Reading' is clicked on

15-06-2025T15:18:06 - [TEST_STEP][PASSED] - imagePath = getProjectDir() + "/Include/image/gambarDummy.jpeg": null

15-06-2025T15:18:06 - [TEST_STEP][PASSED] - uploadFile(findTestObject("Object Repository/Practice Form/file - Picture"), imagePath): File 'C:/Users/M S I/Katalon Studio/web-maulana-afteroffice-katalon/Include/image/gambarDummy.jpeg' sent to object: 'Object Repository/Practice Form/file - Picture'

15-06-2025T15:18:06 - [MESSAGE][PASSED] - File 'C:/Users/M S I/Katalon Studio/web-maulana-afteroffice-katalon/Include/image/gambarDummy.jpeg' sent to object: 'Object Repository/Practice Form/file - Picture'

15-06-2025T15:18:06 - [TEST_STEP][PASSED] - scrollToElement(findTestObject("Object Repository/Practice Form/textarea - Current address"), 0): Scroll to object 'Object Repository/Practice Form/textarea - Current address' successfully

15-06-2025T15:18:06 - [MESSAGE][WARNING] - Timeout '0' is invalid. Using default page load timeout: '30'

15-06-2025T15:18:06 - [MESSAGE][PASSED] - Scroll to object 'Object Repository/Practice Form/textarea - Current address' successfully

15-06-2025T15:18:06 - [TEST_STEP][PASSED] - setText(findTestObject("Object Repository/Practice Form/textarea - Current address"), currentAddress): Text 'Jl. Camp Nou 23 Spain' is set on object 'Object Repository/Practice Form/textarea - Current address'

15-06-2025T15:18:07 - [MESSAGE][PASSED] - Text 'Jl. Camp Nou 23 Spain' is set on object 'Object Repository/Practice Form/textarea - Current address'

15-06-2025T15:18:07 - [TEST_STEP][PASSED] - scrollToElement(findTestObject("Object Repository/Practice Form/txtfield - State"), 0): Scroll to object 'Object Repository/Practice Form/txtfield - State' successfully

15-06-2025T15:18:07 - [MESSAGE][WARNING] - Timeout '0' is invalid. Using default page load timeout: '30'

15-06-2025T15:18:07 - [MESSAGE][PASSED] - Scroll to object 'Object Repository/Practice Form/txtfield - State' successfully

15-06-2025T15:18:07 - [TEST_STEP][PASSED] - if (state != null && state != ""): null

15-06-2025T15:18:07 - [TEST_STEP][PASSED] - else: data state is null

15-06-2025T15:18:07 - [TEST_STEP][PASSED] - comment("data state is null"): data state is null

15-06-2025T15:18:07 - [MESSAGE][INFO] - data state is null

15-06-2025T15:18:07 - [TEST_STEP][PASSED] - if (city != null && city != ""): null

15-06-2025T15:18:07 - [TEST_STEP][PASSED] - else: data city is null

15-06-2025T15:18:07 - [TEST_STEP][PASSED] - comment("data city is null"): data city is null

15-06-2025T15:18:07 - [MESSAGE][INFO] - data city is null

15-06-2025T15:18:07 - [TEST_STEP][PASSED] - scrollToElement(findTestObject("Object Repository/Practice Form/button - Submit"), 0): Scroll to object 'Object Repository/Practice Form/button - Submit' successfully

15-06-2025T15:18:07 - [MESSAGE][WARNING] - Timeout '0' is invalid. Using default page load timeout: '30'

15-06-2025T15:18:07 - [MESSAGE][PASSED] - Scroll to object 'Object Repository/Practice Form/button - Submit' successfully

15-06-2025T15:18:07 - [TEST_STEP][PASSED] - click(findTestObject("Object Repository/Practice Form/button - Submit")): Object: 'Object Repository/Practice Form/button - Submit' is clicked on

15-06-2025T15:18:07 - [MESSAGE][PASSED] - Object: 'Object Repository/Practice Form/button - Submit' is clicked on

15-06-2025T15:18:07 - [TEST_STEP][PASSED] - executeJavaScript("document.getElementById('fixedban')?.remove();", null, CONTINUE_ON_FAILURE): Execute JavaScript 'document.getElementById('fixedban')?.remove();' successfully

15-06-2025T15:18:07 - [MESSAGE][PASSED] - Execute JavaScript 'document.getElementById('fixedban')?.remove();' successfully

15-06-2025T15:18:07 - [TEST_STEP][PASSED] - verifyElementPresent(findTestObject("Object Repository/Modal/txt - Modal title"), 2, CONTINUE_ON_FAILURE): Object 'Object Repository/Modal/txt - Modal title' is present

15-06-2025T15:18:07 - [MESSAGE][PASSED] - Object 'Object Repository/Modal/txt - Modal title' is present

15-06-2025T15:18:07 - [TEST_STEP][PASSED] - data_studentName = getText(findTestObject("Object Repository/Modal/data - Student name")): Text of object 'Object Repository/Modal/data - Student name' is: 'Bravo TNI'

15-06-2025T15:18:07 - [MESSAGE][PASSED] - Text of object 'Object Repository/Modal/data - Student name' is: 'Bravo TNI'

15-06-2025T15:18:07 - [TEST_STEP][PASSED] - studentName = firstName + " " + lastName: null

15-06-2025T15:18:07 - [TEST_STEP][PASSED] - verifyMatch(studentName, data_studentName, false): Actual text 'Bravo TNI' and expected text 'Bravo TNI' are matched 

15-06-2025T15:18:07 - [MESSAGE][PASSED] - Actual text 'Bravo TNI' and expected text 'Bravo TNI' are matched 

15-06-2025T15:18:07 - [TEST_STEP][PASSED] - data_studentEmail = getText(findTestObject("Object Repository/Modal/data - Student email")): Text of object 'Object Repository/Modal/data - Student email' is: 'tnibravo@military.com'

15-06-2025T15:18:07 - [MESSAGE][PASSED] - Text of object 'Object Repository/Modal/data - Student email' is: 'tnibravo@military.com'

15-06-2025T15:18:07 - [TEST_STEP][PASSED] - verifyMatch(email, data_studentEmail, false): Actual text 'tnibravo@military.com' and expected text 'tnibravo@military.com' are matched 

15-06-2025T15:18:07 - [MESSAGE][PASSED] - Actual text 'tnibravo@military.com' and expected text 'tnibravo@military.com' are matched 

15-06-2025T15:18:07 - [TEST_STEP][PASSED] - data_studentGender = getText(findTestObject("Object Repository/Modal/data - Student gender")): Text of object 'Object Repository/Modal/data - Student gender' is: 'Male'

15-06-2025T15:18:07 - [MESSAGE][PASSED] - Text of object 'Object Repository/Modal/data - Student gender' is: 'Male'

15-06-2025T15:18:07 - [TEST_STEP][PASSED] - verifyMatch(gender, data_studentGender, false): Actual text 'Male' and expected text 'Male' are matched 

15-06-2025T15:18:07 - [MESSAGE][PASSED] - Actual text 'Male' and expected text 'Male' are matched 

15-06-2025T15:18:07 - [TEST_STEP][PASSED] - data_studentMobile = getText(findTestObject("Object Repository/Modal/data - Student mobile")): Text of object 'Object Repository/Modal/data - Student mobile' is: '0341034123'

15-06-2025T15:18:07 - [MESSAGE][PASSED] - Text of object 'Object Repository/Modal/data - Student mobile' is: '0341034123'

15-06-2025T15:18:07 - [TEST_STEP][PASSED] - verifyMatch(mobile, data_studentMobile, false): Actual text '0341034123' and expected text '0341034123' are matched 

15-06-2025T15:18:07 - [MESSAGE][PASSED] - Actual text '0341034123' and expected text '0341034123' are matched 

15-06-2025T15:18:07 - [TEST_STEP][PASSED] - studentBirthDate = getAttribute(findTestObject("Object Repository/Practice Form/txtfield - Birth date"), "value"): Attribute 'value' of object 'Object Repository/Practice Form/txtfield - Birth date' is: '03 Jun 2025'

15-06-2025T15:18:07 - [MESSAGE][PASSED] - Attribute 'value' of object 'Object Repository/Practice Form/txtfield - Birth date' is: '03 Jun 2025'

15-06-2025T15:18:07 - [TEST_STEP][PASSED] - parts = studentBirthDate.split(" "): null

15-06-2025T15:18:07 - [TEST_STEP][PASSED] - month = $parts[1]: null

15-06-2025T15:18:07 - [TEST_STEP][PASSED] - longMonth = "": null

15-06-2025T15:18:07 - [TEST_STEP][PASSED] - switch (month): null

15-06-2025T15:18:07 - [TEST_STEP][PASSED] - case "Jun":: null

15-06-2025T15:18:07 - [TEST_STEP][PASSED] - longMonth = "June": null

15-06-2025T15:18:07 - [TEST_STEP][PASSED] - break: null

15-06-2025T15:18:07 - [TEST_STEP][PASSED] - result_studentBirthDate = $parts[0]  + longMonth + ,$parts[2]: null

15-06-2025T15:18:07 - [TEST_STEP][PASSED] - data_studentBirthDate = getText(findTestObject("Object Repository/Modal/data - Student date of birth")): Text of object 'Object Repository/Modal/data - Student date of birth' is: '03 June,2025'

15-06-2025T15:18:07 - [MESSAGE][PASSED] - Text of object 'Object Repository/Modal/data - Student date of birth' is: '03 June,2025'

15-06-2025T15:18:07 - [TEST_STEP][PASSED] - verifyMatch(result_studentBirthDate, data_studentBirthDate, false): Actual text '03 June,2025' and expected text '03 June,2025' are matched 

15-06-2025T15:18:07 - [MESSAGE][PASSED] - Actual text '03 June,2025' and expected text '03 June,2025' are matched 

15-06-2025T15:18:07 - [TEST_STEP][PASSED] - data_studentSubjects = getText(findTestObject("Object Repository/Modal/data - Student subjects")): Text of object 'Object Repository/Modal/data - Student subjects' is: 'Economics'

15-06-2025T15:18:07 - [MESSAGE][PASSED] - Text of object 'Object Repository/Modal/data - Student subjects' is: 'Economics'

15-06-2025T15:18:07 - [TEST_STEP][PASSED] - verifyMatch(subjects, data_studentSubjects, false): Actual text 'Economics' and expected text 'Economics' are matched 

15-06-2025T15:18:07 - [MESSAGE][PASSED] - Actual text 'Economics' and expected text 'Economics' are matched 

15-06-2025T15:18:07 - [TEST_STEP][PASSED] - data_studentHobbies = getText(findTestObject("Object Repository/Modal/data - Student hobbies")): Text of object 'Object Repository/Modal/data - Student hobbies' is: 'Reading'

15-06-2025T15:18:07 - [MESSAGE][PASSED] - Text of object 'Object Repository/Modal/data - Student hobbies' is: 'Reading'

15-06-2025T15:18:07 - [TEST_STEP][PASSED] - verifyMatch(hobbies, data_studentHobbies, false): Actual text 'Reading' and expected text 'Reading' are matched 

15-06-2025T15:18:07 - [MESSAGE][PASSED] - Actual text 'Reading' and expected text 'Reading' are matched 

15-06-2025T15:18:07 - [TEST_STEP][PASSED] - data_studentPicture = getText(findTestObject("Object Repository/Modal/data - Student picture")): Text of object 'Object Repository/Modal/data - Student picture' is: 'gambarDummy.jpeg'

15-06-2025T15:18:07 - [MESSAGE][PASSED] - Text of object 'Object Repository/Modal/data - Student picture' is: 'gambarDummy.jpeg'

15-06-2025T15:18:07 - [TEST_STEP][PASSED] - verifyMatch("gambarDummy.jpeg", data_studentPicture, false): Actual text 'gambarDummy.jpeg' and expected text 'gambarDummy.jpeg' are matched 

15-06-2025T15:18:07 - [MESSAGE][PASSED] - Actual text 'gambarDummy.jpeg' and expected text 'gambarDummy.jpeg' are matched 

15-06-2025T15:18:07 - [TEST_STEP][PASSED] - data_studentAddress = getText(findTestObject("Object Repository/Modal/data - Student address")): Text of object 'Object Repository/Modal/data - Student address' is: 'Jl. Camp Nou 23 Spain'

15-06-2025T15:18:07 - [MESSAGE][PASSED] - Text of object 'Object Repository/Modal/data - Student address' is: 'Jl. Camp Nou 23 Spain'

15-06-2025T15:18:07 - [TEST_STEP][PASSED] - verifyMatch(currentAddress, data_studentAddress, false): Actual text 'Jl. Camp Nou 23 Spain' and expected text 'Jl. Camp Nou 23 Spain' are matched 

15-06-2025T15:18:07 - [MESSAGE][PASSED] - Actual text 'Jl. Camp Nou 23 Spain' and expected text 'Jl. Camp Nou 23 Spain' are matched 

15-06-2025T15:18:07 - [TEST_STEP][PASSED] - studentStateCity = "": null

15-06-2025T15:18:07 - [TEST_STEP][PASSED] - if (state != "" && city == ""): null

15-06-2025T15:18:07 - [TEST_STEP][PASSED] - else if (state == ""): null

15-06-2025T15:18:07 - [TEST_STEP][PASSED] - studentStateCity = "": null

15-06-2025T15:18:07 - [TEST_STEP][PASSED] - data_studentStateCity = getText(findTestObject("Object Repository/Modal/data - Student state and city")): Text of object 'Object Repository/Modal/data - Student state and city' is: ''

15-06-2025T15:18:07 - [MESSAGE][PASSED] - Text of object 'Object Repository/Modal/data - Student state and city' is: ''

15-06-2025T15:18:07 - [TEST_STEP][PASSED] - verifyMatch(studentStateCity, data_studentStateCity, false): Actual text '' and expected text '' are matched 

15-06-2025T15:18:07 - [MESSAGE][PASSED] - Actual text '' and expected text '' are matched 

15-06-2025T15:18:07 - [TEST_STEP][PASSED] - closeBrowser(): Browser is closed

15-06-2025T15:18:08 - [MESSAGE][PASSED] - Browser is closed]]></system-out>
         <system-err><![CDATA[]]></system-err>
      </testcase>
      <testcase name="Test Cases/2. Normal Input/INP 3 - Verify match text input to output modal" time="24.113" classname="Test Cases/2. Normal Input/INP 3 - Verify match text input to output modal" status="PASSED">
         <system-out><![CDATA[15-06-2025T15:18:08 - [TEST_CASE][PASSED] - Test Cases/2. Normal Input/INP 3 - Verify match text input to output modal: Test Cases/2. Normal Input/INP 3 - Verify match text input to output modal

15-06-2025T15:18:08 - [TEST_STEP][PASSED] - openBrowser(""): Browser is opened with url: ''

15-06-2025T15:18:08 - [MESSAGE][INFO] - Starting 'Chrome' driver

15-06-2025T15:18:08 - [MESSAGE][INFO] - Action delay is set to 0 milliseconds

15-06-2025T15:18:09 - [MESSAGE][WARNING] - FFmpeg was not installed! Browser Recording will be disabled. Please follow this document to install FFmpeg first: https://docs.katalon.com/katalon-studio/docs/screenshots-videos.html#browser-based-recorder

15-06-2025T15:18:09 - [MESSAGE][PASSED] - Browser is opened with url: ''

15-06-2025T15:18:09 - [TEST_STEP][PASSED] - navigateToUrl(baseUrl): Navigate to 'https://demoqa.com/automation-practice-form' successfully

15-06-2025T15:18:28 - [MESSAGE][PASSED] - Navigate to 'https://demoqa.com/automation-practice-form' successfully

15-06-2025T15:18:28 - [TEST_STEP][PASSED] - verifyElementPresent(findTestObject("Object Repository/Practice Form/Title Name - Practice Form"), 0): Object 'Object Repository/Practice Form/Title Name - Practice Form' is present

15-06-2025T15:18:28 - [MESSAGE][WARNING] - Timeout '0' is invalid. Using default page load timeout: '30'

15-06-2025T15:18:28 - [MESSAGE][PASSED] - Object 'Object Repository/Practice Form/Title Name - Practice Form' is present

15-06-2025T15:18:28 - [TEST_STEP][PASSED] - setText(findTestObject("Object Repository/Practice Form/txtfield - First name"), firstName): Text 'Presisi' is set on object 'Object Repository/Practice Form/txtfield - First name'

15-06-2025T15:18:28 - [MESSAGE][PASSED] - Text 'Presisi' is set on object 'Object Repository/Practice Form/txtfield - First name'

15-06-2025T15:18:28 - [TEST_STEP][PASSED] - setText(findTestObject("Object Repository/Practice Form/txtfield - Last name"), lastName): Text 'Polri' is set on object 'Object Repository/Practice Form/txtfield - Last name'

15-06-2025T15:18:28 - [MESSAGE][PASSED] - Text 'Polri' is set on object 'Object Repository/Practice Form/txtfield - Last name'

15-06-2025T15:18:28 - [TEST_STEP][PASSED] - setText(findTestObject("Object Repository/Practice Form/txtfield - User Email"), email): Text 'polrihehe@kocak.com' is set on object 'Object Repository/Practice Form/txtfield - User Email'

15-06-2025T15:18:28 - [MESSAGE][PASSED] - Text 'polrihehe@kocak.com' is set on object 'Object Repository/Practice Form/txtfield - User Email'

15-06-2025T15:18:28 - [TEST_STEP][PASSED] - scrollToElement(findTestObject("Object Repository/Practice Form/radiobox - Male"), 0): Scroll to object 'Object Repository/Practice Form/radiobox - Male' successfully

15-06-2025T15:18:28 - [MESSAGE][WARNING] - Timeout '0' is invalid. Using default page load timeout: '30'

15-06-2025T15:18:28 - [MESSAGE][PASSED] - Scroll to object 'Object Repository/Practice Form/radiobox - Male' successfully

15-06-2025T15:18:28 - [TEST_STEP][PASSED] - if (gender == "Male"): Object: 'Object Repository/Practice Form/radiobox - Male' is clicked on

15-06-2025T15:18:28 - [TEST_STEP][PASSED] - click(findTestObject("Object Repository/Practice Form/radiobox - Male")): Object: 'Object Repository/Practice Form/radiobox - Male' is clicked on

15-06-2025T15:18:28 - [MESSAGE][PASSED] - Object: 'Object Repository/Practice Form/radiobox - Male' is clicked on

15-06-2025T15:18:28 - [TEST_STEP][PASSED] - scrollToElement(findTestObject("Object Repository/Practice Form/txtfield - Mobile number"), 0): Scroll to object 'Object Repository/Practice Form/txtfield - Mobile number' successfully

15-06-2025T15:18:28 - [MESSAGE][WARNING] - Timeout '0' is invalid. Using default page load timeout: '30'

15-06-2025T15:18:28 - [MESSAGE][PASSED] - Scroll to object 'Object Repository/Practice Form/txtfield - Mobile number' successfully

15-06-2025T15:18:28 - [TEST_STEP][PASSED] - setText(findTestObject("Object Repository/Practice Form/txtfield - Mobile number"), mobile): Text '0372837182' is set on object 'Object Repository/Practice Form/txtfield - Mobile number'

15-06-2025T15:18:29 - [MESSAGE][PASSED] - Text '0372837182' is set on object 'Object Repository/Practice Form/txtfield - Mobile number'

15-06-2025T15:18:29 - [TEST_STEP][PASSED] - scrollToElement(findTestObject("Object Repository/Practice Form/txtfield - Birth date"), 0): Scroll to object 'Object Repository/Practice Form/txtfield - Birth date' successfully

15-06-2025T15:18:29 - [MESSAGE][WARNING] - Timeout '0' is invalid. Using default page load timeout: '30'

15-06-2025T15:18:29 - [MESSAGE][PASSED] - Scroll to object 'Object Repository/Practice Form/txtfield - Birth date' successfully

15-06-2025T15:18:29 - [TEST_STEP][PASSED] - click(findTestObject("Object Repository/Practice Form/txtfield - Birth date")): Object: 'Object Repository/Practice Form/txtfield - Birth date' is clicked on

15-06-2025T15:18:29 - [MESSAGE][PASSED] - Object: 'Object Repository/Practice Form/txtfield - Birth date' is clicked on

15-06-2025T15:18:29 - [TEST_STEP][PASSED] - click(findTestObject("Object Repository/Practice Form/specific date picker")): Object: 'Object Repository/Practice Form/specific date picker' is clicked on

15-06-2025T15:18:29 - [MESSAGE][PASSED] - Object: 'Object Repository/Practice Form/specific date picker' is clicked on

15-06-2025T15:18:29 - [TEST_STEP][PASSED] - scrollToElement(findTestObject("Object Repository/Practice Form/txtfield - Subjects"), 0): Scroll to object 'Object Repository/Practice Form/txtfield - Subjects' successfully

15-06-2025T15:18:29 - [MESSAGE][WARNING] - Timeout '0' is invalid. Using default page load timeout: '30'

15-06-2025T15:18:29 - [MESSAGE][PASSED] - Scroll to object 'Object Repository/Practice Form/txtfield - Subjects' successfully

15-06-2025T15:18:29 - [TEST_STEP][PASSED] - if (subjects != null): Keys 'TAB + ' sent to object: 'Object Repository/Practice Form/txtfield - Subjects'

15-06-2025T15:18:29 - [TEST_STEP][PASSED] - setText(findTestObject("Object Repository/Practice Form/txtfield - Subjects"), subjects): Text 'Economics' is set on object 'Object Repository/Practice Form/txtfield - Subjects'

15-06-2025T15:18:29 - [MESSAGE][PASSED] - Text 'Economics' is set on object 'Object Repository/Practice Form/txtfield - Subjects'

15-06-2025T15:18:29 - [TEST_STEP][PASSED] - sendKeys(findTestObject("Object Repository/Practice Form/txtfield - Subjects"), TAB.toString()): Keys 'TAB + ' sent to object: 'Object Repository/Practice Form/txtfield - Subjects'

15-06-2025T15:18:29 - [MESSAGE][PASSED] - Keys 'TAB + ' sent to object: 'Object Repository/Practice Form/txtfield - Subjects'

15-06-2025T15:18:29 - [TEST_STEP][PASSED] - scrollToElement(findTestObject("Object Repository/Practice Form/checkbox - Sports"), 0): Scroll to object 'Object Repository/Practice Form/checkbox - Sports' successfully

15-06-2025T15:18:29 - [MESSAGE][WARNING] - Timeout '0' is invalid. Using default page load timeout: '30'

15-06-2025T15:18:29 - [MESSAGE][PASSED] - Scroll to object 'Object Repository/Practice Form/checkbox - Sports' successfully

15-06-2025T15:18:29 - [TEST_STEP][PASSED] - if (hobbies == "Sports"): null

15-06-2025T15:18:29 - [TEST_STEP][PASSED] - else if (hobbies == "Reading"): Object: 'Object Repository/Practice Form/checkbox - Reading' is clicked on

15-06-2025T15:18:29 - [TEST_STEP][PASSED] - click(findTestObject("Object Repository/Practice Form/checkbox - Reading")): Object: 'Object Repository/Practice Form/checkbox - Reading' is clicked on

15-06-2025T15:18:29 - [MESSAGE][PASSED] - Object: 'Object Repository/Practice Form/checkbox - Reading' is clicked on

15-06-2025T15:18:29 - [TEST_STEP][PASSED] - imagePath = getProjectDir() + "/Include/image/gambarDummy.jpeg": null

15-06-2025T15:18:29 - [TEST_STEP][PASSED] - uploadFile(findTestObject("Object Repository/Practice Form/file - Picture"), imagePath): File 'C:/Users/M S I/Katalon Studio/web-maulana-afteroffice-katalon/Include/image/gambarDummy.jpeg' sent to object: 'Object Repository/Practice Form/file - Picture'

15-06-2025T15:18:29 - [MESSAGE][PASSED] - File 'C:/Users/M S I/Katalon Studio/web-maulana-afteroffice-katalon/Include/image/gambarDummy.jpeg' sent to object: 'Object Repository/Practice Form/file - Picture'

15-06-2025T15:18:29 - [TEST_STEP][PASSED] - scrollToElement(findTestObject("Object Repository/Practice Form/textarea - Current address"), 0): Scroll to object 'Object Repository/Practice Form/textarea - Current address' successfully

15-06-2025T15:18:29 - [MESSAGE][WARNING] - Timeout '0' is invalid. Using default page load timeout: '30'

15-06-2025T15:18:29 - [MESSAGE][PASSED] - Scroll to object 'Object Repository/Practice Form/textarea - Current address' successfully

15-06-2025T15:18:29 - [TEST_STEP][PASSED] - setText(findTestObject("Object Repository/Practice Form/textarea - Current address"), currentAddress): Text 'Jl. Camp Nou 23 Spain' is set on object 'Object Repository/Practice Form/textarea - Current address'

15-06-2025T15:18:30 - [MESSAGE][PASSED] - Text 'Jl. Camp Nou 23 Spain' is set on object 'Object Repository/Practice Form/textarea - Current address'

15-06-2025T15:18:30 - [TEST_STEP][PASSED] - scrollToElement(findTestObject("Object Repository/Practice Form/txtfield - State"), 0): Scroll to object 'Object Repository/Practice Form/txtfield - State' successfully

15-06-2025T15:18:30 - [MESSAGE][WARNING] - Timeout '0' is invalid. Using default page load timeout: '30'

15-06-2025T15:18:30 - [MESSAGE][PASSED] - Scroll to object 'Object Repository/Practice Form/txtfield - State' successfully

15-06-2025T15:18:30 - [TEST_STEP][PASSED] - if (state != null && state != ""): Keys 'TAB + ' sent to object: 'Object Repository/Practice Form/txtfield - State'

15-06-2025T15:18:30 - [TEST_STEP][PASSED] - setText(findTestObject("Object Repository/Practice Form/txtfield - State"), state): Text 'Haryana ' is set on object 'Object Repository/Practice Form/txtfield - State'

15-06-2025T15:18:30 - [MESSAGE][PASSED] - Text 'Haryana ' is set on object 'Object Repository/Practice Form/txtfield - State'

15-06-2025T15:18:30 - [TEST_STEP][PASSED] - delay(1): Delayed 1 second(s)

15-06-2025T15:18:31 - [MESSAGE][PASSED] - Delayed 1 second(s)

15-06-2025T15:18:31 - [TEST_STEP][PASSED] - sendKeys(findTestObject("Object Repository/Practice Form/txtfield - State"), TAB.toString()): Keys 'TAB + ' sent to object: 'Object Repository/Practice Form/txtfield - State'

15-06-2025T15:18:31 - [MESSAGE][PASSED] - Keys 'TAB + ' sent to object: 'Object Repository/Practice Form/txtfield - State'

15-06-2025T15:18:31 - [TEST_STEP][PASSED] - if (city != null && city != ""): null

15-06-2025T15:18:31 - [TEST_STEP][PASSED] - else: data city is null

15-06-2025T15:18:31 - [TEST_STEP][PASSED] - comment("data city is null"): data city is null

15-06-2025T15:18:31 - [MESSAGE][INFO] - data city is null

15-06-2025T15:18:31 - [TEST_STEP][PASSED] - scrollToElement(findTestObject("Object Repository/Practice Form/button - Submit"), 0): Scroll to object 'Object Repository/Practice Form/button - Submit' successfully

15-06-2025T15:18:31 - [MESSAGE][WARNING] - Timeout '0' is invalid. Using default page load timeout: '30'

15-06-2025T15:18:31 - [MESSAGE][PASSED] - Scroll to object 'Object Repository/Practice Form/button - Submit' successfully

15-06-2025T15:18:31 - [TEST_STEP][PASSED] - click(findTestObject("Object Repository/Practice Form/button - Submit")): Object: 'Object Repository/Practice Form/button - Submit' is clicked on

15-06-2025T15:18:31 - [MESSAGE][PASSED] - Object: 'Object Repository/Practice Form/button - Submit' is clicked on

15-06-2025T15:18:31 - [TEST_STEP][PASSED] - executeJavaScript("document.getElementById('fixedban')?.remove();", null, CONTINUE_ON_FAILURE): Execute JavaScript 'document.getElementById('fixedban')?.remove();' successfully

15-06-2025T15:18:31 - [MESSAGE][PASSED] - Execute JavaScript 'document.getElementById('fixedban')?.remove();' successfully

15-06-2025T15:18:31 - [TEST_STEP][PASSED] - verifyElementPresent(findTestObject("Object Repository/Modal/txt - Modal title"), 2, CONTINUE_ON_FAILURE): Object 'Object Repository/Modal/txt - Modal title' is present

15-06-2025T15:18:31 - [MESSAGE][PASSED] - Object 'Object Repository/Modal/txt - Modal title' is present

15-06-2025T15:18:31 - [TEST_STEP][PASSED] - data_studentName = getText(findTestObject("Object Repository/Modal/data - Student name")): Text of object 'Object Repository/Modal/data - Student name' is: 'Presisi Polri'

15-06-2025T15:18:31 - [MESSAGE][PASSED] - Text of object 'Object Repository/Modal/data - Student name' is: 'Presisi Polri'

15-06-2025T15:18:31 - [TEST_STEP][PASSED] - studentName = firstName + " " + lastName: null

15-06-2025T15:18:31 - [TEST_STEP][PASSED] - verifyMatch(studentName, data_studentName, false): Actual text 'Presisi Polri' and expected text 'Presisi Polri' are matched 

15-06-2025T15:18:31 - [MESSAGE][PASSED] - Actual text 'Presisi Polri' and expected text 'Presisi Polri' are matched 

15-06-2025T15:18:31 - [TEST_STEP][PASSED] - data_studentEmail = getText(findTestObject("Object Repository/Modal/data - Student email")): Text of object 'Object Repository/Modal/data - Student email' is: 'polrihehe@kocak.com'

15-06-2025T15:18:31 - [MESSAGE][PASSED] - Text of object 'Object Repository/Modal/data - Student email' is: 'polrihehe@kocak.com'

15-06-2025T15:18:31 - [TEST_STEP][PASSED] - verifyMatch(email, data_studentEmail, false): Actual text 'polrihehe@kocak.com' and expected text 'polrihehe@kocak.com' are matched 

15-06-2025T15:18:31 - [MESSAGE][PASSED] - Actual text 'polrihehe@kocak.com' and expected text 'polrihehe@kocak.com' are matched 

15-06-2025T15:18:31 - [TEST_STEP][PASSED] - data_studentGender = getText(findTestObject("Object Repository/Modal/data - Student gender")): Text of object 'Object Repository/Modal/data - Student gender' is: 'Male'

15-06-2025T15:18:31 - [MESSAGE][PASSED] - Text of object 'Object Repository/Modal/data - Student gender' is: 'Male'

15-06-2025T15:18:31 - [TEST_STEP][PASSED] - verifyMatch(gender, data_studentGender, false): Actual text 'Male' and expected text 'Male' are matched 

15-06-2025T15:18:31 - [MESSAGE][PASSED] - Actual text 'Male' and expected text 'Male' are matched 

15-06-2025T15:18:31 - [TEST_STEP][PASSED] - data_studentMobile = getText(findTestObject("Object Repository/Modal/data - Student mobile")): Text of object 'Object Repository/Modal/data - Student mobile' is: '0372837182'

15-06-2025T15:18:31 - [MESSAGE][PASSED] - Text of object 'Object Repository/Modal/data - Student mobile' is: '0372837182'

15-06-2025T15:18:31 - [TEST_STEP][PASSED] - verifyMatch(mobile, data_studentMobile, false): Actual text '0372837182' and expected text '0372837182' are matched 

15-06-2025T15:18:31 - [MESSAGE][PASSED] - Actual text '0372837182' and expected text '0372837182' are matched 

15-06-2025T15:18:31 - [TEST_STEP][PASSED] - studentBirthDate = getAttribute(findTestObject("Object Repository/Practice Form/txtfield - Birth date"), "value"): Attribute 'value' of object 'Object Repository/Practice Form/txtfield - Birth date' is: '03 Jun 2025'

15-06-2025T15:18:31 - [MESSAGE][PASSED] - Attribute 'value' of object 'Object Repository/Practice Form/txtfield - Birth date' is: '03 Jun 2025'

15-06-2025T15:18:31 - [TEST_STEP][PASSED] - parts = studentBirthDate.split(" "): null

15-06-2025T15:18:31 - [TEST_STEP][PASSED] - month = $parts[1]: null

15-06-2025T15:18:31 - [TEST_STEP][PASSED] - longMonth = "": null

15-06-2025T15:18:31 - [TEST_STEP][PASSED] - switch (month): null

15-06-2025T15:18:31 - [TEST_STEP][PASSED] - case "Jun":: null

15-06-2025T15:18:31 - [TEST_STEP][PASSED] - longMonth = "June": null

15-06-2025T15:18:31 - [TEST_STEP][PASSED] - break: null

15-06-2025T15:18:31 - [TEST_STEP][PASSED] - result_studentBirthDate = $parts[0]  + longMonth + ,$parts[2]: null

15-06-2025T15:18:31 - [TEST_STEP][PASSED] - data_studentBirthDate = getText(findTestObject("Object Repository/Modal/data - Student date of birth")): Text of object 'Object Repository/Modal/data - Student date of birth' is: '03 June,2025'

15-06-2025T15:18:31 - [MESSAGE][PASSED] - Text of object 'Object Repository/Modal/data - Student date of birth' is: '03 June,2025'

15-06-2025T15:18:31 - [TEST_STEP][PASSED] - verifyMatch(result_studentBirthDate, data_studentBirthDate, false): Actual text '03 June,2025' and expected text '03 June,2025' are matched 

15-06-2025T15:18:31 - [MESSAGE][PASSED] - Actual text '03 June,2025' and expected text '03 June,2025' are matched 

15-06-2025T15:18:31 - [TEST_STEP][PASSED] - data_studentSubjects = getText(findTestObject("Object Repository/Modal/data - Student subjects")): Text of object 'Object Repository/Modal/data - Student subjects' is: 'Economics'

15-06-2025T15:18:31 - [MESSAGE][PASSED] - Text of object 'Object Repository/Modal/data - Student subjects' is: 'Economics'

15-06-2025T15:18:31 - [TEST_STEP][PASSED] - verifyMatch(subjects, data_studentSubjects, false): Actual text 'Economics' and expected text 'Economics' are matched 

15-06-2025T15:18:31 - [MESSAGE][PASSED] - Actual text 'Economics' and expected text 'Economics' are matched 

15-06-2025T15:18:31 - [TEST_STEP][PASSED] - data_studentHobbies = getText(findTestObject("Object Repository/Modal/data - Student hobbies")): Text of object 'Object Repository/Modal/data - Student hobbies' is: 'Reading'

15-06-2025T15:18:31 - [MESSAGE][PASSED] - Text of object 'Object Repository/Modal/data - Student hobbies' is: 'Reading'

15-06-2025T15:18:31 - [TEST_STEP][PASSED] - verifyMatch(hobbies, data_studentHobbies, false): Actual text 'Reading' and expected text 'Reading' are matched 

15-06-2025T15:18:31 - [MESSAGE][PASSED] - Actual text 'Reading' and expected text 'Reading' are matched 

15-06-2025T15:18:31 - [TEST_STEP][PASSED] - data_studentPicture = getText(findTestObject("Object Repository/Modal/data - Student picture")): Text of object 'Object Repository/Modal/data - Student picture' is: 'gambarDummy.jpeg'

15-06-2025T15:18:31 - [MESSAGE][PASSED] - Text of object 'Object Repository/Modal/data - Student picture' is: 'gambarDummy.jpeg'

15-06-2025T15:18:31 - [TEST_STEP][PASSED] - verifyMatch("gambarDummy.jpeg", data_studentPicture, false): Actual text 'gambarDummy.jpeg' and expected text 'gambarDummy.jpeg' are matched 

15-06-2025T15:18:31 - [MESSAGE][PASSED] - Actual text 'gambarDummy.jpeg' and expected text 'gambarDummy.jpeg' are matched 

15-06-2025T15:18:31 - [TEST_STEP][PASSED] - data_studentAddress = getText(findTestObject("Object Repository/Modal/data - Student address")): Text of object 'Object Repository/Modal/data - Student address' is: 'Jl. Camp Nou 23 Spain'

15-06-2025T15:18:31 - [MESSAGE][PASSED] - Text of object 'Object Repository/Modal/data - Student address' is: 'Jl. Camp Nou 23 Spain'

15-06-2025T15:18:31 - [TEST_STEP][PASSED] - verifyMatch(currentAddress, data_studentAddress, false): Actual text 'Jl. Camp Nou 23 Spain' and expected text 'Jl. Camp Nou 23 Spain' are matched 

15-06-2025T15:18:31 - [MESSAGE][PASSED] - Actual text 'Jl. Camp Nou 23 Spain' and expected text 'Jl. Camp Nou 23 Spain' are matched 

15-06-2025T15:18:31 - [TEST_STEP][PASSED] - studentStateCity = "": null

15-06-2025T15:18:31 - [TEST_STEP][PASSED] - if (state != "" && city == ""): null

15-06-2025T15:18:31 - [TEST_STEP][PASSED] - studentStateCity = "": null

15-06-2025T15:18:31 - [TEST_STEP][PASSED] - data_studentStateCity = getText(findTestObject("Object Repository/Modal/data - Student state and city")): Text of object 'Object Repository/Modal/data - Student state and city' is: ''

15-06-2025T15:18:31 - [MESSAGE][PASSED] - Text of object 'Object Repository/Modal/data - Student state and city' is: ''

15-06-2025T15:18:31 - [TEST_STEP][PASSED] - verifyMatch(studentStateCity, data_studentStateCity, false): Actual text '' and expected text '' are matched 

15-06-2025T15:18:31 - [MESSAGE][PASSED] - Actual text '' and expected text '' are matched 

15-06-2025T15:18:31 - [TEST_STEP][PASSED] - closeBrowser(): Browser is closed

15-06-2025T15:18:32 - [MESSAGE][PASSED] - Browser is closed]]></system-out>
         <system-err><![CDATA[]]></system-err>
      </testcase>
      <system-out><![CDATA[15-06-2025T15:12:41 - [TEST_SUITE][PASSED] - Valid data form: Test Cases/2. Normal Input/INP 3 - Verify match text input to output modal]]></system-out>
      <system-err><![CDATA[]]></system-err>
   </testsuite>
   <testsuite name="Invalid data form" tests="9" failures="0" errors="0" time="172.644" skipped="0" timestamp="15-06-2025T15:18:47" hostname="Maulana - 192.168.0.126" id="Test Suites/Invalid data form">
      <properties>
         <property name="deviceName" value=""/>
         <property name="devicePlatform"/>
         <property name="logFolder" value="C:\\Users\\M S I\\Katalon Studio\\web-maulana-afteroffice-katalon\\Reports\\20250615_151229\\Invalid data form\\20250615_151232"/>
         <property name="logFiles" value="C:\\Users\\M S I\\Katalon Studio\\web-maulana-afteroffice-katalon\\Reports\\20250615_151229\\Invalid data form\\20250615_151232\\execution0.log"/>
         <property name="attachments" value=""/>
         <property name="hostName" value="Maulana - 192.168.0.126"/>
         <property name="os" value="Windows 11 64bit"/>
         <property name="katalonVersion" value="9.6.0.217"/>
         <property name="browser" value="Chrome 137.0.0.0"/>
         <property name="hostAddress" value="192.168.0.126"/>
         <property name="sessionId" value="b1afc3cd19a7009653d06f09211633ed"/>
         <property name="seleniumVersion" value="3.141.59"/>
         <property name="proxyInformation" value="ProxyInformation { proxyOption=NO_PROXY, proxyServerType=HTTP, username=, password=********, proxyServerAddress=, proxyServerPort=0, executionList=&quot;&quot;, isApplyToDesiredCapabilities=true }"/>
         <property name="platform" value="Windows 11"/>
      </properties>
      <testcase name="Test Cases/PF 1 - Load practice form" time="27.248" classname="Test Cases/PF 1 - Load practice form" status="PASSED">
         <system-out><![CDATA[15-06-2025T15:18:47 - [TEST_CASE][PASSED] - Test Cases/PF 1 - Load practice form: Test Cases/PF 1 - Load practice form

15-06-2025T15:18:47 - [TEST_STEP][PASSED] - openBrowser(""): Browser is opened with url: ''

15-06-2025T15:18:48 - [MESSAGE][INFO] - Starting 'Chrome' driver

15-06-2025T15:18:48 - [MESSAGE][INFO] - Action delay is set to 0 milliseconds

15-06-2025T15:18:49 - [MESSAGE][WARNING] - FFmpeg was not installed! Browser Recording will be disabled. Please follow this document to install FFmpeg first: https://docs.katalon.com/katalon-studio/docs/screenshots-videos.html#browser-based-recorder

15-06-2025T15:18:49 - [MESSAGE][PASSED] - Browser is opened with url: ''

15-06-2025T15:18:49 - [TEST_STEP][PASSED] - navigateToUrl("https://demoqa.com/automation-practice-form"): Navigate to 'https://demoqa.com/automation-practice-form' successfully

15-06-2025T15:18:50 - [MESSAGE][PASSED] - Navigate to 'https://demoqa.com/automation-practice-form' successfully

15-06-2025T15:18:50 - [TEST_STEP][PASSED] - verifyElementPresent(findTestObject("Object Repository/Practice Form/Title Name - Practice Form"), 0): Object 'Object Repository/Practice Form/Title Name - Practice Form' is present

15-06-2025T15:18:50 - [MESSAGE][WARNING] - Timeout '0' is invalid. Using default page load timeout: '30'

15-06-2025T15:19:14 - [MESSAGE][PASSED] - Object 'Object Repository/Practice Form/Title Name - Practice Form' is present

15-06-2025T15:19:14 - [TEST_STEP][PASSED] - closeBrowser(): Browser is closed

15-06-2025T15:19:14 - [MESSAGE][PASSED] - Browser is closed]]></system-out>
         <system-err><![CDATA[]]></system-err>
      </testcase>
      <testcase name="Test Cases/1. Validating Form/VLD 1 - Input blank form" time="21.739" classname="Test Cases/1. Validating Form/VLD 1 - Input blank form" status="PASSED">
         <system-out><![CDATA[15-06-2025T15:19:14 - [TEST_CASE][PASSED] - Test Cases/1. Validating Form/VLD 1 - Input blank form: Test Cases/1. Validating Form/VLD 1 - Input blank form

15-06-2025T15:19:14 - [TEST_STEP][PASSED] - openBrowser(""): Browser is opened with url: ''

15-06-2025T15:19:14 - [MESSAGE][INFO] - Starting 'Chrome' driver

15-06-2025T15:19:14 - [MESSAGE][INFO] - Action delay is set to 0 milliseconds

15-06-2025T15:19:16 - [MESSAGE][WARNING] - FFmpeg was not installed! Browser Recording will be disabled. Please follow this document to install FFmpeg first: https://docs.katalon.com/katalon-studio/docs/screenshots-videos.html#browser-based-recorder

15-06-2025T15:19:16 - [MESSAGE][PASSED] - Browser is opened with url: ''

15-06-2025T15:19:16 - [TEST_STEP][PASSED] - navigateToUrl(baseUrl): Navigate to 'https://demoqa.com/automation-practice-form' successfully

15-06-2025T15:19:36 - [MESSAGE][PASSED] - Navigate to 'https://demoqa.com/automation-practice-form' successfully

15-06-2025T15:19:36 - [TEST_STEP][PASSED] - verifyElementPresent(findTestObject("Object Repository/Practice Form/Title Name - Practice Form"), 0): Object 'Object Repository/Practice Form/Title Name - Practice Form' is present

15-06-2025T15:19:36 - [MESSAGE][WARNING] - Timeout '0' is invalid. Using default page load timeout: '30'

15-06-2025T15:19:36 - [MESSAGE][PASSED] - Object 'Object Repository/Practice Form/Title Name - Practice Form' is present

15-06-2025T15:19:36 - [TEST_STEP][PASSED] - scrollToElement(findTestObject("Object Repository/Practice Form/button - Submit"), 0): Scroll to object 'Object Repository/Practice Form/button - Submit' successfully

15-06-2025T15:19:36 - [MESSAGE][WARNING] - Timeout '0' is invalid. Using default page load timeout: '30'

15-06-2025T15:19:36 - [MESSAGE][PASSED] - Scroll to object 'Object Repository/Practice Form/button - Submit' successfully

15-06-2025T15:19:36 - [TEST_STEP][PASSED] - click(findTestObject("Object Repository/Practice Form/button - Submit")): Object: 'Object Repository/Practice Form/button - Submit' is clicked on

15-06-2025T15:19:36 - [MESSAGE][PASSED] - Object: 'Object Repository/Practice Form/button - Submit' is clicked on

15-06-2025T15:19:36 - [TEST_STEP][PASSED] - verifyElementNotPresent(findTestObject("Object Repository/Modal/txt - Modal title"), 0): Web element with id: 'Object Repository/Modal/txt - Modal title' located by 'By.xpath: //div[@id='example-modal-sizes-title-lg']' is not present after '30' second(s)

15-06-2025T15:19:36 - [MESSAGE][WARNING] - Timeout '0' is invalid. Using default page load timeout: '30'

15-06-2025T15:19:36 - [MESSAGE][PASSED] - Web element with id: 'Object Repository/Modal/txt - Modal title' located by 'By.xpath: //div[@id='example-modal-sizes-title-lg']' is not present after '30' second(s)]]></system-out>
         <system-err><![CDATA[]]></system-err>
      </testcase>
      <testcase name="Test Cases/1. Validating Form/VLD 2 - Mandatory field negative validation" time="21.828" classname="Test Cases/1. Validating Form/VLD 2 - Mandatory field negative validation" status="PASSED">
         <system-out><![CDATA[15-06-2025T15:19:36 - [TEST_CASE][PASSED] - Test Cases/1. Validating Form/VLD 2 - Mandatory field negative validation: Test Cases/1. Validating Form/VLD 2 - Mandatory field negative validation

15-06-2025T15:19:37 - [TEST_STEP][PASSED] - openBrowser(""): Browser is opened with url: ''

15-06-2025T15:19:37 - [MESSAGE][WARNING] - A browser is already opened. Closing browser and opening a new one

15-06-2025T15:19:37 - [MESSAGE][INFO] - Starting 'Chrome' driver

15-06-2025T15:19:37 - [MESSAGE][INFO] - Action delay is set to 0 milliseconds

15-06-2025T15:19:38 - [MESSAGE][WARNING] - FFmpeg was not installed! Browser Recording will be disabled. Please follow this document to install FFmpeg first: https://docs.katalon.com/katalon-studio/docs/screenshots-videos.html#browser-based-recorder

15-06-2025T15:19:38 - [MESSAGE][PASSED] - Browser is opened with url: ''

15-06-2025T15:19:38 - [TEST_STEP][PASSED] - navigateToUrl(baseUrl): Navigate to 'https://demoqa.com/automation-practice-form' successfully

15-06-2025T15:19:39 - [MESSAGE][PASSED] - Navigate to 'https://demoqa.com/automation-practice-form' successfully

15-06-2025T15:19:39 - [TEST_STEP][PASSED] - verifyElementPresent(findTestObject("Object Repository/Practice Form/Title Name - Practice Form"), 0): Object 'Object Repository/Practice Form/Title Name - Practice Form' is present

15-06-2025T15:19:39 - [MESSAGE][WARNING] - Timeout '0' is invalid. Using default page load timeout: '30'

15-06-2025T15:19:53 - [MESSAGE][PASSED] - Object 'Object Repository/Practice Form/Title Name - Practice Form' is present

15-06-2025T15:19:53 - [TEST_STEP][PASSED] - setText(findTestObject("Object Repository/Practice Form/txtfield - First name"), firstName): Text 'Maulana' is set on object 'Object Repository/Practice Form/txtfield - First name'

15-06-2025T15:19:53 - [MESSAGE][PASSED] - Text 'Maulana' is set on object 'Object Repository/Practice Form/txtfield - First name'

15-06-2025T15:19:53 - [TEST_STEP][PASSED] - setText(findTestObject("Object Repository/Practice Form/txtfield - Last name"), lastName): Text '' is set on object 'Object Repository/Practice Form/txtfield - Last name'

15-06-2025T15:19:53 - [MESSAGE][PASSED] - Text '' is set on object 'Object Repository/Practice Form/txtfield - Last name'

15-06-2025T15:19:53 - [TEST_STEP][PASSED] - setText(findTestObject("Object Repository/Practice Form/txtfield - User Email"), email): Text 'maulanaalfany@gmail.com' is set on object 'Object Repository/Practice Form/txtfield - User Email'

15-06-2025T15:19:54 - [MESSAGE][PASSED] - Text 'maulanaalfany@gmail.com' is set on object 'Object Repository/Practice Form/txtfield - User Email'

15-06-2025T15:19:54 - [TEST_STEP][PASSED] - scrollToElement(findTestObject("Object Repository/Practice Form/radiobox - Male"), 0): Scroll to object 'Object Repository/Practice Form/radiobox - Male' successfully

15-06-2025T15:19:54 - [MESSAGE][WARNING] - Timeout '0' is invalid. Using default page load timeout: '30'

15-06-2025T15:19:54 - [MESSAGE][PASSED] - Scroll to object 'Object Repository/Practice Form/radiobox - Male' successfully

15-06-2025T15:19:54 - [TEST_STEP][PASSED] - if (gender == "Male"): Object: 'Object Repository/Practice Form/radiobox - Male' is clicked on

15-06-2025T15:19:54 - [TEST_STEP][PASSED] - click(findTestObject("Object Repository/Practice Form/radiobox - Male")): Object: 'Object Repository/Practice Form/radiobox - Male' is clicked on

15-06-2025T15:19:54 - [MESSAGE][PASSED] - Object: 'Object Repository/Practice Form/radiobox - Male' is clicked on

15-06-2025T15:19:54 - [TEST_STEP][PASSED] - scrollToElement(findTestObject("Object Repository/Practice Form/txtfield - Mobile number"), 0): Scroll to object 'Object Repository/Practice Form/txtfield - Mobile number' successfully

15-06-2025T15:19:54 - [MESSAGE][WARNING] - Timeout '0' is invalid. Using default page load timeout: '30'

15-06-2025T15:19:54 - [MESSAGE][PASSED] - Scroll to object 'Object Repository/Practice Form/txtfield - Mobile number' successfully

15-06-2025T15:19:54 - [TEST_STEP][PASSED] - setText(findTestObject("Object Repository/Practice Form/txtfield - Mobile number"), mobile): Text '0812312398' is set on object 'Object Repository/Practice Form/txtfield - Mobile number'

15-06-2025T15:19:54 - [MESSAGE][PASSED] - Text '0812312398' is set on object 'Object Repository/Practice Form/txtfield - Mobile number'

15-06-2025T15:19:54 - [TEST_STEP][PASSED] - scrollToElement(findTestObject("Object Repository/Practice Form/txtfield - Birth date"), 0): Scroll to object 'Object Repository/Practice Form/txtfield - Birth date' successfully

15-06-2025T15:19:54 - [MESSAGE][WARNING] - Timeout '0' is invalid. Using default page load timeout: '30'

15-06-2025T15:19:54 - [MESSAGE][PASSED] - Scroll to object 'Object Repository/Practice Form/txtfield - Birth date' successfully

15-06-2025T15:19:54 - [TEST_STEP][PASSED] - click(findTestObject("Object Repository/Practice Form/txtfield - Birth date")): Object: 'Object Repository/Practice Form/txtfield - Birth date' is clicked on

15-06-2025T15:19:54 - [MESSAGE][PASSED] - Object: 'Object Repository/Practice Form/txtfield - Birth date' is clicked on

15-06-2025T15:19:54 - [TEST_STEP][PASSED] - click(findTestObject("Object Repository/Practice Form/specific date picker")): Object: 'Object Repository/Practice Form/specific date picker' is clicked on

15-06-2025T15:19:54 - [MESSAGE][PASSED] - Object: 'Object Repository/Practice Form/specific date picker' is clicked on

15-06-2025T15:19:54 - [TEST_STEP][PASSED] - scrollToElement(findTestObject("Object Repository/Practice Form/txtfield - Subjects"), 0): Scroll to object 'Object Repository/Practice Form/txtfield - Subjects' successfully

15-06-2025T15:19:54 - [MESSAGE][WARNING] - Timeout '0' is invalid. Using default page load timeout: '30'

15-06-2025T15:19:54 - [MESSAGE][PASSED] - Scroll to object 'Object Repository/Practice Form/txtfield - Subjects' successfully

15-06-2025T15:19:55 - [TEST_STEP][PASSED] - if (subjects != null): Text '' is set on object 'Object Repository/Practice Form/txtfield - Subjects'

15-06-2025T15:19:55 - [TEST_STEP][PASSED] - setText(findTestObject("Object Repository/Practice Form/txtfield - Subjects"), subjects): Text '' is set on object 'Object Repository/Practice Form/txtfield - Subjects'

15-06-2025T15:19:55 - [MESSAGE][PASSED] - Text '' is set on object 'Object Repository/Practice Form/txtfield - Subjects'

15-06-2025T15:19:55 - [TEST_STEP][PASSED] - sendKeys(findTestObject("Object Repository/Practice Form/txtfield - Subjects"), TAB.toString()): Keys 'TAB + ' sent to object: 'Object Repository/Practice Form/txtfield - Subjects'

15-06-2025T15:19:55 - [MESSAGE][PASSED] - Keys 'TAB + ' sent to object: 'Object Repository/Practice Form/txtfield - Subjects'

15-06-2025T15:19:55 - [TEST_STEP][PASSED] - scrollToElement(findTestObject("Object Repository/Practice Form/checkbox - Sports"), 0): Scroll to object 'Object Repository/Practice Form/checkbox - Sports' successfully

15-06-2025T15:19:55 - [MESSAGE][WARNING] - Timeout '0' is invalid. Using default page load timeout: '30'

15-06-2025T15:19:55 - [MESSAGE][PASSED] - Scroll to object 'Object Repository/Practice Form/checkbox - Sports' successfully

15-06-2025T15:19:55 - [TEST_STEP][PASSED] - if (hobbies == "Sports"): Object: 'Object Repository/Practice Form/checkbox - Sports' is clicked on

15-06-2025T15:19:55 - [TEST_STEP][PASSED] - click(findTestObject("Object Repository/Practice Form/checkbox - Sports")): Object: 'Object Repository/Practice Form/checkbox - Sports' is clicked on

15-06-2025T15:19:55 - [MESSAGE][PASSED] - Object: 'Object Repository/Practice Form/checkbox - Sports' is clicked on

15-06-2025T15:19:55 - [TEST_STEP][PASSED] - imagePath = getProjectDir() + "/Include/image/gambarDummy.jpeg": null

15-06-2025T15:19:55 - [TEST_STEP][PASSED] - uploadFile(findTestObject("Object Repository/Practice Form/file - Picture"), imagePath): File 'C:/Users/M S I/Katalon Studio/web-maulana-afteroffice-katalon/Include/image/gambarDummy.jpeg' sent to object: 'Object Repository/Practice Form/file - Picture'

15-06-2025T15:19:55 - [MESSAGE][PASSED] - File 'C:/Users/M S I/Katalon Studio/web-maulana-afteroffice-katalon/Include/image/gambarDummy.jpeg' sent to object: 'Object Repository/Practice Form/file - Picture'

15-06-2025T15:19:55 - [TEST_STEP][PASSED] - scrollToElement(findTestObject("Object Repository/Practice Form/textarea - Current address"), 0): Scroll to object 'Object Repository/Practice Form/textarea - Current address' successfully

15-06-2025T15:19:55 - [MESSAGE][WARNING] - Timeout '0' is invalid. Using default page load timeout: '30'

15-06-2025T15:19:55 - [MESSAGE][PASSED] - Scroll to object 'Object Repository/Practice Form/textarea - Current address' successfully

15-06-2025T15:19:55 - [TEST_STEP][PASSED] - setText(findTestObject("Object Repository/Practice Form/textarea - Current address"), currentAddress): Text 'Jl. Adi Sucipto Jakarta' is set on object 'Object Repository/Practice Form/textarea - Current address'

15-06-2025T15:19:55 - [MESSAGE][PASSED] - Text 'Jl. Adi Sucipto Jakarta' is set on object 'Object Repository/Practice Form/textarea - Current address'

15-06-2025T15:19:55 - [TEST_STEP][PASSED] - scrollToElement(findTestObject("Object Repository/Practice Form/txtfield - State"), 0): Scroll to object 'Object Repository/Practice Form/txtfield - State' successfully

15-06-2025T15:19:55 - [MESSAGE][WARNING] - Timeout '0' is invalid. Using default page load timeout: '30'

15-06-2025T15:19:55 - [MESSAGE][PASSED] - Scroll to object 'Object Repository/Practice Form/txtfield - State' successfully

15-06-2025T15:19:55 - [TEST_STEP][PASSED] - if (state != null && state != ""): Keys 'TAB + ' sent to object: 'Object Repository/Practice Form/txtfield - State'

15-06-2025T15:19:55 - [TEST_STEP][PASSED] - setText(findTestObject("Object Repository/Practice Form/txtfield - State"), state): Text 'NCR' is set on object 'Object Repository/Practice Form/txtfield - State'

15-06-2025T15:19:55 - [MESSAGE][PASSED] - Text 'NCR' is set on object 'Object Repository/Practice Form/txtfield - State'

15-06-2025T15:19:55 - [TEST_STEP][PASSED] - delay(1): Delayed 1 second(s)

15-06-2025T15:19:56 - [MESSAGE][PASSED] - Delayed 1 second(s)

15-06-2025T15:19:56 - [TEST_STEP][PASSED] - sendKeys(findTestObject("Object Repository/Practice Form/txtfield - State"), TAB.toString()): Keys 'TAB + ' sent to object: 'Object Repository/Practice Form/txtfield - State'

15-06-2025T15:19:56 - [MESSAGE][PASSED] - Keys 'TAB + ' sent to object: 'Object Repository/Practice Form/txtfield - State'

15-06-2025T15:19:56 - [TEST_STEP][PASSED] - if (city != null && city != ""): Keys 'DOWN + ENTER + ' sent to object: 'Object Repository/Practice Form/txtfield - City'

15-06-2025T15:19:56 - [TEST_STEP][PASSED] - setText(findTestObject("Object Repository/Practice Form/txtfield - City"), city): Text 'Delhi' is set on object 'Object Repository/Practice Form/txtfield - City'

15-06-2025T15:19:56 - [MESSAGE][PASSED] - Text 'Delhi' is set on object 'Object Repository/Practice Form/txtfield - City'

15-06-2025T15:19:56 - [TEST_STEP][PASSED] - delay(1): Delayed 1 second(s)

15-06-2025T15:19:57 - [MESSAGE][PASSED] - Delayed 1 second(s)

15-06-2025T15:19:57 - [TEST_STEP][PASSED] - sendKeys(findTestObject("Object Repository/Practice Form/txtfield - City"), Keys.chord(ARROW_DOWN, ENTER)): Keys 'DOWN + ENTER + ' sent to object: 'Object Repository/Practice Form/txtfield - City'

15-06-2025T15:19:57 - [MESSAGE][PASSED] - Keys 'DOWN + ENTER + ' sent to object: 'Object Repository/Practice Form/txtfield - City'

15-06-2025T15:19:57 - [TEST_STEP][PASSED] - scrollToElement(findTestObject("Object Repository/Practice Form/button - Submit"), 0): Scroll to object 'Object Repository/Practice Form/button - Submit' successfully

15-06-2025T15:19:58 - [MESSAGE][WARNING] - Timeout '0' is invalid. Using default page load timeout: '30'

15-06-2025T15:19:58 - [MESSAGE][PASSED] - Scroll to object 'Object Repository/Practice Form/button - Submit' successfully

15-06-2025T15:19:58 - [TEST_STEP][PASSED] - click(findTestObject("Object Repository/Practice Form/button - Submit")): Object: 'Object Repository/Practice Form/button - Submit' is clicked on

15-06-2025T15:19:58 - [MESSAGE][PASSED] - Object: 'Object Repository/Practice Form/button - Submit' is clicked on

15-06-2025T15:19:58 - [TEST_STEP][PASSED] - verifyElementNotPresent(findTestObject("Object Repository/Modal/txt - Modal title"), 2, CONTINUE_ON_FAILURE): Web element with id: 'Object Repository/Modal/txt - Modal title' located by 'By.xpath: //div[@id='example-modal-sizes-title-lg']' is not present after '2' second(s)

15-06-2025T15:19:58 - [MESSAGE][PASSED] - Web element with id: 'Object Repository/Modal/txt - Modal title' located by 'By.xpath: //div[@id='example-modal-sizes-title-lg']' is not present after '2' second(s)

15-06-2025T15:19:58 - [TEST_STEP][PASSED] - markPassed("Validation case : " + testNote): Validation case : input tanpa lastname

15-06-2025T15:19:58 - [MESSAGE][PASSED] - Validation case : input tanpa lastname

15-06-2025T15:19:58 - [TEST_STEP][PASSED] - closeBrowser(): Browser is closed

15-06-2025T15:19:58 - [MESSAGE][PASSED] - Browser is closed]]></system-out>
         <system-err><![CDATA[]]></system-err>
      </testcase>
      <testcase name="Test Cases/1. Validating Form/VLD 2 - Mandatory field negative validation" time="17.958" classname="Test Cases/1. Validating Form/VLD 2 - Mandatory field negative validation" status="PASSED">
         <system-out><![CDATA[15-06-2025T15:19:58 - [TEST_CASE][PASSED] - Test Cases/1. Validating Form/VLD 2 - Mandatory field negative validation: Test Cases/1. Validating Form/VLD 2 - Mandatory field negative validation

15-06-2025T15:19:58 - [TEST_STEP][PASSED] - openBrowser(""): Browser is opened with url: ''

15-06-2025T15:19:58 - [MESSAGE][INFO] - Starting 'Chrome' driver

15-06-2025T15:19:58 - [MESSAGE][INFO] - Action delay is set to 0 milliseconds

15-06-2025T15:19:59 - [MESSAGE][WARNING] - FFmpeg was not installed! Browser Recording will be disabled. Please follow this document to install FFmpeg first: https://docs.katalon.com/katalon-studio/docs/screenshots-videos.html#browser-based-recorder

15-06-2025T15:19:59 - [MESSAGE][PASSED] - Browser is opened with url: ''

15-06-2025T15:19:59 - [TEST_STEP][PASSED] - navigateToUrl(baseUrl): Navigate to 'https://demoqa.com/automation-practice-form' successfully

15-06-2025T15:20:00 - [MESSAGE][PASSED] - Navigate to 'https://demoqa.com/automation-practice-form' successfully

15-06-2025T15:20:00 - [TEST_STEP][PASSED] - verifyElementPresent(findTestObject("Object Repository/Practice Form/Title Name - Practice Form"), 0): Object 'Object Repository/Practice Form/Title Name - Practice Form' is present

15-06-2025T15:20:00 - [MESSAGE][WARNING] - Timeout '0' is invalid. Using default page load timeout: '30'

15-06-2025T15:20:14 - [MESSAGE][PASSED] - Object 'Object Repository/Practice Form/Title Name - Practice Form' is present

15-06-2025T15:20:14 - [TEST_STEP][PASSED] - setText(findTestObject("Object Repository/Practice Form/txtfield - First name"), firstName): Text '' is set on object 'Object Repository/Practice Form/txtfield - First name'

15-06-2025T15:20:14 - [MESSAGE][PASSED] - Text '' is set on object 'Object Repository/Practice Form/txtfield - First name'

15-06-2025T15:20:14 - [TEST_STEP][PASSED] - setText(findTestObject("Object Repository/Practice Form/txtfield - Last name"), lastName): Text 'Alfan' is set on object 'Object Repository/Practice Form/txtfield - Last name'

15-06-2025T15:20:14 - [MESSAGE][PASSED] - Text 'Alfan' is set on object 'Object Repository/Practice Form/txtfield - Last name'

15-06-2025T15:20:14 - [TEST_STEP][PASSED] - setText(findTestObject("Object Repository/Practice Form/txtfield - User Email"), email): Text 'maulanaalfany@gmail.com' is set on object 'Object Repository/Practice Form/txtfield - User Email'

15-06-2025T15:20:14 - [MESSAGE][PASSED] - Text 'maulanaalfany@gmail.com' is set on object 'Object Repository/Practice Form/txtfield - User Email'

15-06-2025T15:20:14 - [TEST_STEP][PASSED] - scrollToElement(findTestObject("Object Repository/Practice Form/radiobox - Male"), 0): Scroll to object 'Object Repository/Practice Form/radiobox - Male' successfully

15-06-2025T15:20:14 - [MESSAGE][WARNING] - Timeout '0' is invalid. Using default page load timeout: '30'

15-06-2025T15:20:14 - [MESSAGE][PASSED] - Scroll to object 'Object Repository/Practice Form/radiobox - Male' successfully

15-06-2025T15:20:14 - [TEST_STEP][PASSED] - if (gender == "Male"): Object: 'Object Repository/Practice Form/radiobox - Male' is clicked on

15-06-2025T15:20:14 - [TEST_STEP][PASSED] - click(findTestObject("Object Repository/Practice Form/radiobox - Male")): Object: 'Object Repository/Practice Form/radiobox - Male' is clicked on

15-06-2025T15:20:14 - [MESSAGE][PASSED] - Object: 'Object Repository/Practice Form/radiobox - Male' is clicked on

15-06-2025T15:20:14 - [TEST_STEP][PASSED] - scrollToElement(findTestObject("Object Repository/Practice Form/txtfield - Mobile number"), 0): Scroll to object 'Object Repository/Practice Form/txtfield - Mobile number' successfully

15-06-2025T15:20:14 - [MESSAGE][WARNING] - Timeout '0' is invalid. Using default page load timeout: '30'

15-06-2025T15:20:14 - [MESSAGE][PASSED] - Scroll to object 'Object Repository/Practice Form/txtfield - Mobile number' successfully

15-06-2025T15:20:14 - [TEST_STEP][PASSED] - setText(findTestObject("Object Repository/Practice Form/txtfield - Mobile number"), mobile): Text '0812312398' is set on object 'Object Repository/Practice Form/txtfield - Mobile number'

15-06-2025T15:20:14 - [MESSAGE][PASSED] - Text '0812312398' is set on object 'Object Repository/Practice Form/txtfield - Mobile number'

15-06-2025T15:20:14 - [TEST_STEP][PASSED] - scrollToElement(findTestObject("Object Repository/Practice Form/txtfield - Birth date"), 0): Scroll to object 'Object Repository/Practice Form/txtfield - Birth date' successfully

15-06-2025T15:20:14 - [MESSAGE][WARNING] - Timeout '0' is invalid. Using default page load timeout: '30'

15-06-2025T15:20:14 - [MESSAGE][PASSED] - Scroll to object 'Object Repository/Practice Form/txtfield - Birth date' successfully

15-06-2025T15:20:14 - [TEST_STEP][PASSED] - click(findTestObject("Object Repository/Practice Form/txtfield - Birth date")): Object: 'Object Repository/Practice Form/txtfield - Birth date' is clicked on

15-06-2025T15:20:15 - [MESSAGE][PASSED] - Object: 'Object Repository/Practice Form/txtfield - Birth date' is clicked on

15-06-2025T15:20:15 - [TEST_STEP][PASSED] - click(findTestObject("Object Repository/Practice Form/specific date picker")): Object: 'Object Repository/Practice Form/specific date picker' is clicked on

15-06-2025T15:20:15 - [MESSAGE][PASSED] - Object: 'Object Repository/Practice Form/specific date picker' is clicked on

15-06-2025T15:20:15 - [TEST_STEP][PASSED] - scrollToElement(findTestObject("Object Repository/Practice Form/txtfield - Subjects"), 0): Scroll to object 'Object Repository/Practice Form/txtfield - Subjects' successfully

15-06-2025T15:20:15 - [MESSAGE][WARNING] - Timeout '0' is invalid. Using default page load timeout: '30'

15-06-2025T15:20:15 - [MESSAGE][PASSED] - Scroll to object 'Object Repository/Practice Form/txtfield - Subjects' successfully

15-06-2025T15:20:15 - [TEST_STEP][PASSED] - if (subjects != null): Text '' is set on object 'Object Repository/Practice Form/txtfield - Subjects'

15-06-2025T15:20:15 - [TEST_STEP][PASSED] - setText(findTestObject("Object Repository/Practice Form/txtfield - Subjects"), subjects): Text '' is set on object 'Object Repository/Practice Form/txtfield - Subjects'

15-06-2025T15:20:15 - [MESSAGE][PASSED] - Text '' is set on object 'Object Repository/Practice Form/txtfield - Subjects'

15-06-2025T15:20:15 - [TEST_STEP][PASSED] - sendKeys(findTestObject("Object Repository/Practice Form/txtfield - Subjects"), TAB.toString()): Keys 'TAB + ' sent to object: 'Object Repository/Practice Form/txtfield - Subjects'

15-06-2025T15:20:15 - [MESSAGE][PASSED] - Keys 'TAB + ' sent to object: 'Object Repository/Practice Form/txtfield - Subjects'

15-06-2025T15:20:15 - [TEST_STEP][PASSED] - scrollToElement(findTestObject("Object Repository/Practice Form/checkbox - Sports"), 0): Scroll to object 'Object Repository/Practice Form/checkbox - Sports' successfully

15-06-2025T15:20:15 - [MESSAGE][WARNING] - Timeout '0' is invalid. Using default page load timeout: '30'

15-06-2025T15:20:15 - [MESSAGE][PASSED] - Scroll to object 'Object Repository/Practice Form/checkbox - Sports' successfully

15-06-2025T15:20:15 - [TEST_STEP][PASSED] - if (hobbies == "Sports"): null

15-06-2025T15:20:15 - [TEST_STEP][PASSED] - else if (hobbies == "Reading"): Object: 'Object Repository/Practice Form/checkbox - Reading' is clicked on

15-06-2025T15:20:15 - [TEST_STEP][PASSED] - click(findTestObject("Object Repository/Practice Form/checkbox - Reading")): Object: 'Object Repository/Practice Form/checkbox - Reading' is clicked on

15-06-2025T15:20:15 - [MESSAGE][PASSED] - Object: 'Object Repository/Practice Form/checkbox - Reading' is clicked on

15-06-2025T15:20:15 - [TEST_STEP][PASSED] - imagePath = getProjectDir() + "/Include/image/gambarDummy.jpeg": null

15-06-2025T15:20:15 - [TEST_STEP][PASSED] - uploadFile(findTestObject("Object Repository/Practice Form/file - Picture"), imagePath): File 'C:/Users/M S I/Katalon Studio/web-maulana-afteroffice-katalon/Include/image/gambarDummy.jpeg' sent to object: 'Object Repository/Practice Form/file - Picture'

15-06-2025T15:20:15 - [MESSAGE][PASSED] - File 'C:/Users/M S I/Katalon Studio/web-maulana-afteroffice-katalon/Include/image/gambarDummy.jpeg' sent to object: 'Object Repository/Practice Form/file - Picture'

15-06-2025T15:20:15 - [TEST_STEP][PASSED] - scrollToElement(findTestObject("Object Repository/Practice Form/textarea - Current address"), 0): Scroll to object 'Object Repository/Practice Form/textarea - Current address' successfully

15-06-2025T15:20:15 - [MESSAGE][WARNING] - Timeout '0' is invalid. Using default page load timeout: '30'

15-06-2025T15:20:15 - [MESSAGE][PASSED] - Scroll to object 'Object Repository/Practice Form/textarea - Current address' successfully

15-06-2025T15:20:15 - [TEST_STEP][PASSED] - setText(findTestObject("Object Repository/Practice Form/textarea - Current address"), currentAddress): Text '' is set on object 'Object Repository/Practice Form/textarea - Current address'

15-06-2025T15:20:15 - [MESSAGE][PASSED] - Text '' is set on object 'Object Repository/Practice Form/textarea - Current address'

15-06-2025T15:20:15 - [TEST_STEP][PASSED] - scrollToElement(findTestObject("Object Repository/Practice Form/txtfield - State"), 0): Scroll to object 'Object Repository/Practice Form/txtfield - State' successfully

15-06-2025T15:20:15 - [MESSAGE][WARNING] - Timeout '0' is invalid. Using default page load timeout: '30'

15-06-2025T15:20:15 - [MESSAGE][PASSED] - Scroll to object 'Object Repository/Practice Form/txtfield - State' successfully

15-06-2025T15:20:15 - [TEST_STEP][PASSED] - if (state != null && state != ""): null

15-06-2025T15:20:15 - [TEST_STEP][PASSED] - else: data state is null

15-06-2025T15:20:15 - [TEST_STEP][PASSED] - comment("data state is null"): data state is null

15-06-2025T15:20:15 - [MESSAGE][INFO] - data state is null

15-06-2025T15:20:15 - [TEST_STEP][PASSED] - if (city != null && city != ""): null

15-06-2025T15:20:15 - [TEST_STEP][PASSED] - else: data city is null

15-06-2025T15:20:15 - [TEST_STEP][PASSED] - comment("data city is null"): data city is null

15-06-2025T15:20:15 - [MESSAGE][INFO] - data city is null

15-06-2025T15:20:15 - [TEST_STEP][PASSED] - scrollToElement(findTestObject("Object Repository/Practice Form/button - Submit"), 0): Scroll to object 'Object Repository/Practice Form/button - Submit' successfully

15-06-2025T15:20:15 - [MESSAGE][WARNING] - Timeout '0' is invalid. Using default page load timeout: '30'

15-06-2025T15:20:15 - [MESSAGE][PASSED] - Scroll to object 'Object Repository/Practice Form/button - Submit' successfully

15-06-2025T15:20:15 - [TEST_STEP][PASSED] - click(findTestObject("Object Repository/Practice Form/button - Submit")): Object: 'Object Repository/Practice Form/button - Submit' is clicked on

15-06-2025T15:20:16 - [MESSAGE][PASSED] - Object: 'Object Repository/Practice Form/button - Submit' is clicked on

15-06-2025T15:20:16 - [TEST_STEP][PASSED] - verifyElementNotPresent(findTestObject("Object Repository/Modal/txt - Modal title"), 2, CONTINUE_ON_FAILURE): Web element with id: 'Object Repository/Modal/txt - Modal title' located by 'By.xpath: //div[@id='example-modal-sizes-title-lg']' is not present after '2' second(s)

15-06-2025T15:20:16 - [MESSAGE][PASSED] - Web element with id: 'Object Repository/Modal/txt - Modal title' located by 'By.xpath: //div[@id='example-modal-sizes-title-lg']' is not present after '2' second(s)

15-06-2025T15:20:16 - [TEST_STEP][PASSED] - markPassed("Validation case : " + testNote): Validation case : input tanpa firstname

15-06-2025T15:20:16 - [MESSAGE][PASSED] - Validation case : input tanpa firstname

15-06-2025T15:20:16 - [TEST_STEP][PASSED] - closeBrowser(): Browser is closed

15-06-2025T15:20:16 - [MESSAGE][PASSED] - Browser is closed]]></system-out>
         <system-err><![CDATA[]]></system-err>
      </testcase>
      <testcase name="Test Cases/1. Validating Form/VLD 2 - Mandatory field negative validation" time="17.809" classname="Test Cases/1. Validating Form/VLD 2 - Mandatory field negative validation" status="PASSED">
         <system-out><![CDATA[15-06-2025T15:20:16 - [TEST_CASE][PASSED] - Test Cases/1. Validating Form/VLD 2 - Mandatory field negative validation: Test Cases/1. Validating Form/VLD 2 - Mandatory field negative validation

15-06-2025T15:20:16 - [TEST_STEP][PASSED] - openBrowser(""): Browser is opened with url: ''

15-06-2025T15:20:16 - [MESSAGE][INFO] - Starting 'Chrome' driver

15-06-2025T15:20:16 - [MESSAGE][INFO] - Action delay is set to 0 milliseconds

15-06-2025T15:20:17 - [MESSAGE][WARNING] - FFmpeg was not installed! Browser Recording will be disabled. Please follow this document to install FFmpeg first: https://docs.katalon.com/katalon-studio/docs/screenshots-videos.html#browser-based-recorder

15-06-2025T15:20:17 - [MESSAGE][PASSED] - Browser is opened with url: ''

15-06-2025T15:20:17 - [TEST_STEP][PASSED] - navigateToUrl(baseUrl): Navigate to 'https://demoqa.com/automation-practice-form' successfully

15-06-2025T15:20:18 - [MESSAGE][PASSED] - Navigate to 'https://demoqa.com/automation-practice-form' successfully

15-06-2025T15:20:18 - [TEST_STEP][PASSED] - verifyElementPresent(findTestObject("Object Repository/Practice Form/Title Name - Practice Form"), 0): Object 'Object Repository/Practice Form/Title Name - Practice Form' is present

15-06-2025T15:20:18 - [MESSAGE][WARNING] - Timeout '0' is invalid. Using default page load timeout: '30'

15-06-2025T15:20:30 - [MESSAGE][PASSED] - Object 'Object Repository/Practice Form/Title Name - Practice Form' is present

15-06-2025T15:20:30 - [TEST_STEP][PASSED] - setText(findTestObject("Object Repository/Practice Form/txtfield - First name"), firstName): Text '' is set on object 'Object Repository/Practice Form/txtfield - First name'

15-06-2025T15:20:31 - [MESSAGE][PASSED] - Text '' is set on object 'Object Repository/Practice Form/txtfield - First name'

15-06-2025T15:20:31 - [TEST_STEP][PASSED] - setText(findTestObject("Object Repository/Practice Form/txtfield - Last name"), lastName): Text '' is set on object 'Object Repository/Practice Form/txtfield - Last name'

15-06-2025T15:20:31 - [MESSAGE][PASSED] - Text '' is set on object 'Object Repository/Practice Form/txtfield - Last name'

15-06-2025T15:20:31 - [TEST_STEP][PASSED] - setText(findTestObject("Object Repository/Practice Form/txtfield - User Email"), email): Text 'maulanaalfany@gmail.com' is set on object 'Object Repository/Practice Form/txtfield - User Email'

15-06-2025T15:20:31 - [MESSAGE][PASSED] - Text 'maulanaalfany@gmail.com' is set on object 'Object Repository/Practice Form/txtfield - User Email'

15-06-2025T15:20:31 - [TEST_STEP][PASSED] - scrollToElement(findTestObject("Object Repository/Practice Form/radiobox - Male"), 0): Scroll to object 'Object Repository/Practice Form/radiobox - Male' successfully

15-06-2025T15:20:31 - [MESSAGE][WARNING] - Timeout '0' is invalid. Using default page load timeout: '30'

15-06-2025T15:20:31 - [MESSAGE][PASSED] - Scroll to object 'Object Repository/Practice Form/radiobox - Male' successfully

15-06-2025T15:20:31 - [TEST_STEP][PASSED] - if (gender == "Male"): Object: 'Object Repository/Practice Form/radiobox - Male' is clicked on

15-06-2025T15:20:31 - [TEST_STEP][PASSED] - click(findTestObject("Object Repository/Practice Form/radiobox - Male")): Object: 'Object Repository/Practice Form/radiobox - Male' is clicked on

15-06-2025T15:20:31 - [MESSAGE][PASSED] - Object: 'Object Repository/Practice Form/radiobox - Male' is clicked on

15-06-2025T15:20:31 - [TEST_STEP][PASSED] - scrollToElement(findTestObject("Object Repository/Practice Form/txtfield - Mobile number"), 0): Scroll to object 'Object Repository/Practice Form/txtfield - Mobile number' successfully

15-06-2025T15:20:31 - [MESSAGE][WARNING] - Timeout '0' is invalid. Using default page load timeout: '30'

15-06-2025T15:20:31 - [MESSAGE][PASSED] - Scroll to object 'Object Repository/Practice Form/txtfield - Mobile number' successfully

15-06-2025T15:20:31 - [TEST_STEP][PASSED] - setText(findTestObject("Object Repository/Practice Form/txtfield - Mobile number"), mobile): Text '0812312398' is set on object 'Object Repository/Practice Form/txtfield - Mobile number'

15-06-2025T15:20:31 - [MESSAGE][PASSED] - Text '0812312398' is set on object 'Object Repository/Practice Form/txtfield - Mobile number'

15-06-2025T15:20:31 - [TEST_STEP][PASSED] - scrollToElement(findTestObject("Object Repository/Practice Form/txtfield - Birth date"), 0): Scroll to object 'Object Repository/Practice Form/txtfield - Birth date' successfully

15-06-2025T15:20:31 - [MESSAGE][WARNING] - Timeout '0' is invalid. Using default page load timeout: '30'

15-06-2025T15:20:31 - [MESSAGE][PASSED] - Scroll to object 'Object Repository/Practice Form/txtfield - Birth date' successfully

15-06-2025T15:20:31 - [TEST_STEP][PASSED] - click(findTestObject("Object Repository/Practice Form/txtfield - Birth date")): Object: 'Object Repository/Practice Form/txtfield - Birth date' is clicked on

15-06-2025T15:20:31 - [MESSAGE][PASSED] - Object: 'Object Repository/Practice Form/txtfield - Birth date' is clicked on

15-06-2025T15:20:31 - [TEST_STEP][PASSED] - click(findTestObject("Object Repository/Practice Form/specific date picker")): Object: 'Object Repository/Practice Form/specific date picker' is clicked on

15-06-2025T15:20:32 - [MESSAGE][PASSED] - Object: 'Object Repository/Practice Form/specific date picker' is clicked on

15-06-2025T15:20:32 - [TEST_STEP][PASSED] - scrollToElement(findTestObject("Object Repository/Practice Form/txtfield - Subjects"), 0): Scroll to object 'Object Repository/Practice Form/txtfield - Subjects' successfully

15-06-2025T15:20:32 - [MESSAGE][WARNING] - Timeout '0' is invalid. Using default page load timeout: '30'

15-06-2025T15:20:32 - [MESSAGE][PASSED] - Scroll to object 'Object Repository/Practice Form/txtfield - Subjects' successfully

15-06-2025T15:20:32 - [TEST_STEP][PASSED] - if (subjects != null): Text '' is set on object 'Object Repository/Practice Form/txtfield - Subjects'

15-06-2025T15:20:32 - [TEST_STEP][PASSED] - setText(findTestObject("Object Repository/Practice Form/txtfield - Subjects"), subjects): Text '' is set on object 'Object Repository/Practice Form/txtfield - Subjects'

15-06-2025T15:20:32 - [MESSAGE][PASSED] - Text '' is set on object 'Object Repository/Practice Form/txtfield - Subjects'

15-06-2025T15:20:32 - [TEST_STEP][PASSED] - sendKeys(findTestObject("Object Repository/Practice Form/txtfield - Subjects"), TAB.toString()): Keys 'TAB + ' sent to object: 'Object Repository/Practice Form/txtfield - Subjects'

15-06-2025T15:20:32 - [MESSAGE][PASSED] - Keys 'TAB + ' sent to object: 'Object Repository/Practice Form/txtfield - Subjects'

15-06-2025T15:20:32 - [TEST_STEP][PASSED] - scrollToElement(findTestObject("Object Repository/Practice Form/checkbox - Sports"), 0): Scroll to object 'Object Repository/Practice Form/checkbox - Sports' successfully

15-06-2025T15:20:32 - [MESSAGE][WARNING] - Timeout '0' is invalid. Using default page load timeout: '30'

15-06-2025T15:20:32 - [MESSAGE][PASSED] - Scroll to object 'Object Repository/Practice Form/checkbox - Sports' successfully

15-06-2025T15:20:32 - [TEST_STEP][PASSED] - if (hobbies == "Sports"): null

15-06-2025T15:20:32 - [TEST_STEP][PASSED] - else if (hobbies == "Reading"): null

15-06-2025T15:20:32 - [TEST_STEP][PASSED] - else if (hobbies == "Music"): Object: 'Object Repository/Practice Form/checkbox - Music' is clicked on

15-06-2025T15:20:32 - [TEST_STEP][PASSED] - click(findTestObject("Object Repository/Practice Form/checkbox - Music")): Object: 'Object Repository/Practice Form/checkbox - Music' is clicked on

15-06-2025T15:20:32 - [MESSAGE][PASSED] - Object: 'Object Repository/Practice Form/checkbox - Music' is clicked on

15-06-2025T15:20:32 - [TEST_STEP][PASSED] - imagePath = getProjectDir() + "/Include/image/gambarDummy.jpeg": null

15-06-2025T15:20:32 - [TEST_STEP][PASSED] - uploadFile(findTestObject("Object Repository/Practice Form/file - Picture"), imagePath): File 'C:/Users/M S I/Katalon Studio/web-maulana-afteroffice-katalon/Include/image/gambarDummy.jpeg' sent to object: 'Object Repository/Practice Form/file - Picture'

15-06-2025T15:20:32 - [MESSAGE][PASSED] - File 'C:/Users/M S I/Katalon Studio/web-maulana-afteroffice-katalon/Include/image/gambarDummy.jpeg' sent to object: 'Object Repository/Practice Form/file - Picture'

15-06-2025T15:20:32 - [TEST_STEP][PASSED] - scrollToElement(findTestObject("Object Repository/Practice Form/textarea - Current address"), 0): Scroll to object 'Object Repository/Practice Form/textarea - Current address' successfully

15-06-2025T15:20:32 - [MESSAGE][WARNING] - Timeout '0' is invalid. Using default page load timeout: '30'

15-06-2025T15:20:32 - [MESSAGE][PASSED] - Scroll to object 'Object Repository/Practice Form/textarea - Current address' successfully

15-06-2025T15:20:32 - [TEST_STEP][PASSED] - setText(findTestObject("Object Repository/Practice Form/textarea - Current address"), currentAddress): Text '' is set on object 'Object Repository/Practice Form/textarea - Current address'

15-06-2025T15:20:32 - [MESSAGE][PASSED] - Text '' is set on object 'Object Repository/Practice Form/textarea - Current address'

15-06-2025T15:20:32 - [TEST_STEP][PASSED] - scrollToElement(findTestObject("Object Repository/Practice Form/txtfield - State"), 0): Scroll to object 'Object Repository/Practice Form/txtfield - State' successfully

15-06-2025T15:20:32 - [MESSAGE][WARNING] - Timeout '0' is invalid. Using default page load timeout: '30'

15-06-2025T15:20:32 - [MESSAGE][PASSED] - Scroll to object 'Object Repository/Practice Form/txtfield - State' successfully

15-06-2025T15:20:32 - [TEST_STEP][PASSED] - if (state != null && state != ""): Keys 'TAB + ' sent to object: 'Object Repository/Practice Form/txtfield - State'

15-06-2025T15:20:32 - [TEST_STEP][PASSED] - setText(findTestObject("Object Repository/Practice Form/txtfield - State"), state): Text 'NCR' is set on object 'Object Repository/Practice Form/txtfield - State'

15-06-2025T15:20:32 - [MESSAGE][PASSED] - Text 'NCR' is set on object 'Object Repository/Practice Form/txtfield - State'

15-06-2025T15:20:32 - [TEST_STEP][PASSED] - delay(1): Delayed 1 second(s)

15-06-2025T15:20:33 - [MESSAGE][PASSED] - Delayed 1 second(s)

15-06-2025T15:20:33 - [TEST_STEP][PASSED] - sendKeys(findTestObject("Object Repository/Practice Form/txtfield - State"), TAB.toString()): Keys 'TAB + ' sent to object: 'Object Repository/Practice Form/txtfield - State'

15-06-2025T15:20:33 - [MESSAGE][PASSED] - Keys 'TAB + ' sent to object: 'Object Repository/Practice Form/txtfield - State'

15-06-2025T15:20:33 - [TEST_STEP][PASSED] - if (city != null && city != ""): null

15-06-2025T15:20:33 - [TEST_STEP][PASSED] - else: data city is null

15-06-2025T15:20:33 - [TEST_STEP][PASSED] - comment("data city is null"): data city is null

15-06-2025T15:20:33 - [MESSAGE][INFO] - data city is null

15-06-2025T15:20:33 - [TEST_STEP][PASSED] - scrollToElement(findTestObject("Object Repository/Practice Form/button - Submit"), 0): Scroll to object 'Object Repository/Practice Form/button - Submit' successfully

15-06-2025T15:20:33 - [MESSAGE][WARNING] - Timeout '0' is invalid. Using default page load timeout: '30'

15-06-2025T15:20:33 - [MESSAGE][PASSED] - Scroll to object 'Object Repository/Practice Form/button - Submit' successfully

15-06-2025T15:20:33 - [TEST_STEP][PASSED] - click(findTestObject("Object Repository/Practice Form/button - Submit")): Object: 'Object Repository/Practice Form/button - Submit' is clicked on

15-06-2025T15:20:33 - [MESSAGE][PASSED] - Object: 'Object Repository/Practice Form/button - Submit' is clicked on

15-06-2025T15:20:33 - [TEST_STEP][PASSED] - verifyElementNotPresent(findTestObject("Object Repository/Modal/txt - Modal title"), 2, CONTINUE_ON_FAILURE): Web element with id: 'Object Repository/Modal/txt - Modal title' located by 'By.xpath: //div[@id='example-modal-sizes-title-lg']' is not present after '2' second(s)

15-06-2025T15:20:33 - [MESSAGE][PASSED] - Web element with id: 'Object Repository/Modal/txt - Modal title' located by 'By.xpath: //div[@id='example-modal-sizes-title-lg']' is not present after '2' second(s)

15-06-2025T15:20:33 - [TEST_STEP][PASSED] - markPassed("Validation case : " + testNote): Validation case : input tanpa name

15-06-2025T15:20:33 - [MESSAGE][PASSED] - Validation case : input tanpa name

15-06-2025T15:20:33 - [TEST_STEP][PASSED] - closeBrowser(): Browser is closed

15-06-2025T15:20:34 - [MESSAGE][PASSED] - Browser is closed]]></system-out>
         <system-err><![CDATA[]]></system-err>
      </testcase>
      <testcase name="Test Cases/1. Validating Form/VLD 2 - Mandatory field negative validation" time="16.05" classname="Test Cases/1. Validating Form/VLD 2 - Mandatory field negative validation" status="PASSED">
         <system-out><![CDATA[15-06-2025T15:20:34 - [TEST_CASE][PASSED] - Test Cases/1. Validating Form/VLD 2 - Mandatory field negative validation: Test Cases/1. Validating Form/VLD 2 - Mandatory field negative validation

15-06-2025T15:20:34 - [TEST_STEP][PASSED] - openBrowser(""): Browser is opened with url: ''

15-06-2025T15:20:34 - [MESSAGE][INFO] - Starting 'Chrome' driver

15-06-2025T15:20:34 - [MESSAGE][INFO] - Action delay is set to 0 milliseconds

15-06-2025T15:20:35 - [MESSAGE][WARNING] - FFmpeg was not installed! Browser Recording will be disabled. Please follow this document to install FFmpeg first: https://docs.katalon.com/katalon-studio/docs/screenshots-videos.html#browser-based-recorder

15-06-2025T15:20:35 - [MESSAGE][PASSED] - Browser is opened with url: ''

15-06-2025T15:20:35 - [TEST_STEP][PASSED] - navigateToUrl(baseUrl): Navigate to 'https://demoqa.com/automation-practice-form' successfully

15-06-2025T15:20:48 - [MESSAGE][PASSED] - Navigate to 'https://demoqa.com/automation-practice-form' successfully

15-06-2025T15:20:48 - [TEST_STEP][PASSED] - verifyElementPresent(findTestObject("Object Repository/Practice Form/Title Name - Practice Form"), 0): Object 'Object Repository/Practice Form/Title Name - Practice Form' is present

15-06-2025T15:20:48 - [MESSAGE][WARNING] - Timeout '0' is invalid. Using default page load timeout: '30'

15-06-2025T15:20:48 - [MESSAGE][PASSED] - Object 'Object Repository/Practice Form/Title Name - Practice Form' is present

15-06-2025T15:20:48 - [TEST_STEP][PASSED] - setText(findTestObject("Object Repository/Practice Form/txtfield - First name"), firstName): Text 'Maulana' is set on object 'Object Repository/Practice Form/txtfield - First name'

15-06-2025T15:20:48 - [MESSAGE][PASSED] - Text 'Maulana' is set on object 'Object Repository/Practice Form/txtfield - First name'

15-06-2025T15:20:48 - [TEST_STEP][PASSED] - setText(findTestObject("Object Repository/Practice Form/txtfield - Last name"), lastName): Text 'Alfan' is set on object 'Object Repository/Practice Form/txtfield - Last name'

15-06-2025T15:20:48 - [MESSAGE][PASSED] - Text 'Alfan' is set on object 'Object Repository/Practice Form/txtfield - Last name'

15-06-2025T15:20:48 - [TEST_STEP][PASSED] - setText(findTestObject("Object Repository/Practice Form/txtfield - User Email"), email): Text 'maulana' is set on object 'Object Repository/Practice Form/txtfield - User Email'

15-06-2025T15:20:48 - [MESSAGE][PASSED] - Text 'maulana' is set on object 'Object Repository/Practice Form/txtfield - User Email'

15-06-2025T15:20:48 - [TEST_STEP][PASSED] - scrollToElement(findTestObject("Object Repository/Practice Form/radiobox - Male"), 0): Scroll to object 'Object Repository/Practice Form/radiobox - Male' successfully

15-06-2025T15:20:48 - [MESSAGE][WARNING] - Timeout '0' is invalid. Using default page load timeout: '30'

15-06-2025T15:20:48 - [MESSAGE][PASSED] - Scroll to object 'Object Repository/Practice Form/radiobox - Male' successfully

15-06-2025T15:20:48 - [TEST_STEP][PASSED] - if (gender == "Male"): Object: 'Object Repository/Practice Form/radiobox - Male' is clicked on

15-06-2025T15:20:48 - [TEST_STEP][PASSED] - click(findTestObject("Object Repository/Practice Form/radiobox - Male")): Object: 'Object Repository/Practice Form/radiobox - Male' is clicked on

15-06-2025T15:20:48 - [MESSAGE][PASSED] - Object: 'Object Repository/Practice Form/radiobox - Male' is clicked on

15-06-2025T15:20:48 - [TEST_STEP][PASSED] - scrollToElement(findTestObject("Object Repository/Practice Form/txtfield - Mobile number"), 0): Scroll to object 'Object Repository/Practice Form/txtfield - Mobile number' successfully

15-06-2025T15:20:48 - [MESSAGE][WARNING] - Timeout '0' is invalid. Using default page load timeout: '30'

15-06-2025T15:20:48 - [MESSAGE][PASSED] - Scroll to object 'Object Repository/Practice Form/txtfield - Mobile number' successfully

15-06-2025T15:20:48 - [TEST_STEP][PASSED] - setText(findTestObject("Object Repository/Practice Form/txtfield - Mobile number"), mobile): Text '0812312398' is set on object 'Object Repository/Practice Form/txtfield - Mobile number'

15-06-2025T15:20:49 - [MESSAGE][PASSED] - Text '0812312398' is set on object 'Object Repository/Practice Form/txtfield - Mobile number'

15-06-2025T15:20:49 - [TEST_STEP][PASSED] - scrollToElement(findTestObject("Object Repository/Practice Form/txtfield - Birth date"), 0): Scroll to object 'Object Repository/Practice Form/txtfield - Birth date' successfully

15-06-2025T15:20:49 - [MESSAGE][WARNING] - Timeout '0' is invalid. Using default page load timeout: '30'

15-06-2025T15:20:49 - [MESSAGE][PASSED] - Scroll to object 'Object Repository/Practice Form/txtfield - Birth date' successfully

15-06-2025T15:20:49 - [TEST_STEP][PASSED] - click(findTestObject("Object Repository/Practice Form/txtfield - Birth date")): Object: 'Object Repository/Practice Form/txtfield - Birth date' is clicked on

15-06-2025T15:20:49 - [MESSAGE][PASSED] - Object: 'Object Repository/Practice Form/txtfield - Birth date' is clicked on

15-06-2025T15:20:49 - [TEST_STEP][PASSED] - click(findTestObject("Object Repository/Practice Form/specific date picker")): Object: 'Object Repository/Practice Form/specific date picker' is clicked on

15-06-2025T15:20:49 - [MESSAGE][PASSED] - Object: 'Object Repository/Practice Form/specific date picker' is clicked on

15-06-2025T15:20:49 - [TEST_STEP][PASSED] - scrollToElement(findTestObject("Object Repository/Practice Form/txtfield - Subjects"), 0): Scroll to object 'Object Repository/Practice Form/txtfield - Subjects' successfully

15-06-2025T15:20:49 - [MESSAGE][WARNING] - Timeout '0' is invalid. Using default page load timeout: '30'

15-06-2025T15:20:49 - [MESSAGE][PASSED] - Scroll to object 'Object Repository/Practice Form/txtfield - Subjects' successfully

15-06-2025T15:20:49 - [TEST_STEP][PASSED] - if (subjects != null): Text 'Maths' is set on object 'Object Repository/Practice Form/txtfield - Subjects'

15-06-2025T15:20:49 - [TEST_STEP][PASSED] - setText(findTestObject("Object Repository/Practice Form/txtfield - Subjects"), subjects): Text 'Maths' is set on object 'Object Repository/Practice Form/txtfield - Subjects'

15-06-2025T15:20:49 - [MESSAGE][PASSED] - Text 'Maths' is set on object 'Object Repository/Practice Form/txtfield - Subjects'

15-06-2025T15:20:49 - [TEST_STEP][PASSED] - sendKeys(findTestObject("Object Repository/Practice Form/txtfield - Subjects"), TAB.toString()): Keys 'TAB + ' sent to object: 'Object Repository/Practice Form/txtfield - Subjects'

15-06-2025T15:20:49 - [MESSAGE][PASSED] - Keys 'TAB + ' sent to object: 'Object Repository/Practice Form/txtfield - Subjects'

15-06-2025T15:20:49 - [TEST_STEP][PASSED] - scrollToElement(findTestObject("Object Repository/Practice Form/checkbox - Sports"), 0): Scroll to object 'Object Repository/Practice Form/checkbox - Sports' successfully

15-06-2025T15:20:49 - [MESSAGE][WARNING] - Timeout '0' is invalid. Using default page load timeout: '30'

15-06-2025T15:20:49 - [MESSAGE][PASSED] - Scroll to object 'Object Repository/Practice Form/checkbox - Sports' successfully

15-06-2025T15:20:49 - [TEST_STEP][PASSED] - if (hobbies == "Sports"): null

15-06-2025T15:20:49 - [TEST_STEP][PASSED] - else if (hobbies == "Reading"): Object: 'Object Repository/Practice Form/checkbox - Reading' is clicked on

15-06-2025T15:20:49 - [TEST_STEP][PASSED] - click(findTestObject("Object Repository/Practice Form/checkbox - Reading")): Object: 'Object Repository/Practice Form/checkbox - Reading' is clicked on

15-06-2025T15:20:49 - [MESSAGE][PASSED] - Object: 'Object Repository/Practice Form/checkbox - Reading' is clicked on

15-06-2025T15:20:49 - [TEST_STEP][PASSED] - imagePath = getProjectDir() + "/Include/image/gambarDummy.jpeg": null

15-06-2025T15:20:49 - [TEST_STEP][PASSED] - uploadFile(findTestObject("Object Repository/Practice Form/file - Picture"), imagePath): File 'C:/Users/M S I/Katalon Studio/web-maulana-afteroffice-katalon/Include/image/gambarDummy.jpeg' sent to object: 'Object Repository/Practice Form/file - Picture'

15-06-2025T15:20:49 - [MESSAGE][PASSED] - File 'C:/Users/M S I/Katalon Studio/web-maulana-afteroffice-katalon/Include/image/gambarDummy.jpeg' sent to object: 'Object Repository/Practice Form/file - Picture'

15-06-2025T15:20:49 - [TEST_STEP][PASSED] - scrollToElement(findTestObject("Object Repository/Practice Form/textarea - Current address"), 0): Scroll to object 'Object Repository/Practice Form/textarea - Current address' successfully

15-06-2025T15:20:49 - [MESSAGE][WARNING] - Timeout '0' is invalid. Using default page load timeout: '30'

15-06-2025T15:20:49 - [MESSAGE][PASSED] - Scroll to object 'Object Repository/Practice Form/textarea - Current address' successfully

15-06-2025T15:20:49 - [TEST_STEP][PASSED] - setText(findTestObject("Object Repository/Practice Form/textarea - Current address"), currentAddress): Text '' is set on object 'Object Repository/Practice Form/textarea - Current address'

15-06-2025T15:20:49 - [MESSAGE][PASSED] - Text '' is set on object 'Object Repository/Practice Form/textarea - Current address'

15-06-2025T15:20:49 - [TEST_STEP][PASSED] - scrollToElement(findTestObject("Object Repository/Practice Form/txtfield - State"), 0): Scroll to object 'Object Repository/Practice Form/txtfield - State' successfully

15-06-2025T15:20:49 - [MESSAGE][WARNING] - Timeout '0' is invalid. Using default page load timeout: '30'

15-06-2025T15:20:49 - [MESSAGE][PASSED] - Scroll to object 'Object Repository/Practice Form/txtfield - State' successfully

15-06-2025T15:20:49 - [TEST_STEP][PASSED] - if (state != null && state != ""): null

15-06-2025T15:20:49 - [TEST_STEP][PASSED] - else: data state is null

15-06-2025T15:20:49 - [TEST_STEP][PASSED] - comment("data state is null"): data state is null

15-06-2025T15:20:49 - [MESSAGE][INFO] - data state is null

15-06-2025T15:20:49 - [TEST_STEP][PASSED] - if (city != null && city != ""): null

15-06-2025T15:20:49 - [TEST_STEP][PASSED] - else: data city is null

15-06-2025T15:20:49 - [TEST_STEP][PASSED] - comment("data city is null"): data city is null

15-06-2025T15:20:49 - [MESSAGE][INFO] - data city is null

15-06-2025T15:20:49 - [TEST_STEP][PASSED] - scrollToElement(findTestObject("Object Repository/Practice Form/button - Submit"), 0): Scroll to object 'Object Repository/Practice Form/button - Submit' successfully

15-06-2025T15:20:49 - [MESSAGE][WARNING] - Timeout '0' is invalid. Using default page load timeout: '30'

15-06-2025T15:20:50 - [MESSAGE][PASSED] - Scroll to object 'Object Repository/Practice Form/button - Submit' successfully

15-06-2025T15:20:50 - [TEST_STEP][PASSED] - click(findTestObject("Object Repository/Practice Form/button - Submit")): Object: 'Object Repository/Practice Form/button - Submit' is clicked on

15-06-2025T15:20:50 - [MESSAGE][PASSED] - Object: 'Object Repository/Practice Form/button - Submit' is clicked on

15-06-2025T15:20:50 - [TEST_STEP][PASSED] - verifyElementNotPresent(findTestObject("Object Repository/Modal/txt - Modal title"), 2, CONTINUE_ON_FAILURE): Web element with id: 'Object Repository/Modal/txt - Modal title' located by 'By.xpath: //div[@id='example-modal-sizes-title-lg']' is not present after '2' second(s)

15-06-2025T15:20:50 - [MESSAGE][PASSED] - Web element with id: 'Object Repository/Modal/txt - Modal title' located by 'By.xpath: //div[@id='example-modal-sizes-title-lg']' is not present after '2' second(s)

15-06-2025T15:20:50 - [TEST_STEP][PASSED] - markPassed("Validation case : " + testNote): Validation case : input invalid email format

15-06-2025T15:20:50 - [MESSAGE][PASSED] - Validation case : input invalid email format

15-06-2025T15:20:50 - [TEST_STEP][PASSED] - closeBrowser(): Browser is closed

15-06-2025T15:20:50 - [MESSAGE][PASSED] - Browser is closed]]></system-out>
         <system-err><![CDATA[]]></system-err>
      </testcase>
      <testcase name="Test Cases/1. Validating Form/VLD 2 - Mandatory field negative validation" time="18.357" classname="Test Cases/1. Validating Form/VLD 2 - Mandatory field negative validation" status="PASSED">
         <system-out><![CDATA[15-06-2025T15:20:50 - [TEST_CASE][PASSED] - Test Cases/1. Validating Form/VLD 2 - Mandatory field negative validation: Test Cases/1. Validating Form/VLD 2 - Mandatory field negative validation

15-06-2025T15:20:50 - [TEST_STEP][PASSED] - openBrowser(""): Browser is opened with url: ''

15-06-2025T15:20:50 - [MESSAGE][INFO] - Starting 'Chrome' driver

15-06-2025T15:20:50 - [MESSAGE][INFO] - Action delay is set to 0 milliseconds

15-06-2025T15:20:51 - [MESSAGE][WARNING] - FFmpeg was not installed! Browser Recording will be disabled. Please follow this document to install FFmpeg first: https://docs.katalon.com/katalon-studio/docs/screenshots-videos.html#browser-based-recorder

15-06-2025T15:20:51 - [MESSAGE][PASSED] - Browser is opened with url: ''

15-06-2025T15:20:51 - [TEST_STEP][PASSED] - navigateToUrl(baseUrl): Navigate to 'https://demoqa.com/automation-practice-form' successfully

15-06-2025T15:21:06 - [MESSAGE][PASSED] - Navigate to 'https://demoqa.com/automation-practice-form' successfully

15-06-2025T15:21:06 - [TEST_STEP][PASSED] - verifyElementPresent(findTestObject("Object Repository/Practice Form/Title Name - Practice Form"), 0): Object 'Object Repository/Practice Form/Title Name - Practice Form' is present

15-06-2025T15:21:06 - [MESSAGE][WARNING] - Timeout '0' is invalid. Using default page load timeout: '30'

15-06-2025T15:21:06 - [MESSAGE][PASSED] - Object 'Object Repository/Practice Form/Title Name - Practice Form' is present

15-06-2025T15:21:06 - [TEST_STEP][PASSED] - setText(findTestObject("Object Repository/Practice Form/txtfield - First name"), firstName): Text 'Lucinta' is set on object 'Object Repository/Practice Form/txtfield - First name'

15-06-2025T15:21:06 - [MESSAGE][PASSED] - Text 'Lucinta' is set on object 'Object Repository/Practice Form/txtfield - First name'

15-06-2025T15:21:06 - [TEST_STEP][PASSED] - setText(findTestObject("Object Repository/Practice Form/txtfield - Last name"), lastName): Text 'Luna' is set on object 'Object Repository/Practice Form/txtfield - Last name'

15-06-2025T15:21:07 - [MESSAGE][PASSED] - Text 'Luna' is set on object 'Object Repository/Practice Form/txtfield - Last name'

15-06-2025T15:21:07 - [TEST_STEP][PASSED] - setText(findTestObject("Object Repository/Practice Form/txtfield - User Email"), email): Text 'lucina@mail.com' is set on object 'Object Repository/Practice Form/txtfield - User Email'

15-06-2025T15:21:07 - [MESSAGE][PASSED] - Text 'lucina@mail.com' is set on object 'Object Repository/Practice Form/txtfield - User Email'

15-06-2025T15:21:07 - [TEST_STEP][PASSED] - scrollToElement(findTestObject("Object Repository/Practice Form/radiobox - Male"), 0): Scroll to object 'Object Repository/Practice Form/radiobox - Male' successfully

15-06-2025T15:21:07 - [MESSAGE][WARNING] - Timeout '0' is invalid. Using default page load timeout: '30'

15-06-2025T15:21:07 - [MESSAGE][PASSED] - Scroll to object 'Object Repository/Practice Form/radiobox - Male' successfully

15-06-2025T15:21:07 - [TEST_STEP][PASSED] - if (gender == "Male"): null

15-06-2025T15:21:07 - [TEST_STEP][PASSED] - else if (gender == "Female"): null

15-06-2025T15:21:07 - [TEST_STEP][PASSED] - else if (gender == "Other"): Object: 'Object Repository/Practice Form/radiobox - Other' is clicked on

15-06-2025T15:21:07 - [TEST_STEP][PASSED] - click(findTestObject("Object Repository/Practice Form/radiobox - Other")): Object: 'Object Repository/Practice Form/radiobox - Other' is clicked on

15-06-2025T15:21:07 - [MESSAGE][PASSED] - Object: 'Object Repository/Practice Form/radiobox - Other' is clicked on

15-06-2025T15:21:07 - [TEST_STEP][PASSED] - scrollToElement(findTestObject("Object Repository/Practice Form/txtfield - Mobile number"), 0): Scroll to object 'Object Repository/Practice Form/txtfield - Mobile number' successfully

15-06-2025T15:21:07 - [MESSAGE][WARNING] - Timeout '0' is invalid. Using default page load timeout: '30'

15-06-2025T15:21:07 - [MESSAGE][PASSED] - Scroll to object 'Object Repository/Practice Form/txtfield - Mobile number' successfully

15-06-2025T15:21:07 - [TEST_STEP][PASSED] - setText(findTestObject("Object Repository/Practice Form/txtfield - Mobile number"), mobile): Text '' is set on object 'Object Repository/Practice Form/txtfield - Mobile number'

15-06-2025T15:21:07 - [MESSAGE][PASSED] - Text '' is set on object 'Object Repository/Practice Form/txtfield - Mobile number'

15-06-2025T15:21:07 - [TEST_STEP][PASSED] - scrollToElement(findTestObject("Object Repository/Practice Form/txtfield - Birth date"), 0): Scroll to object 'Object Repository/Practice Form/txtfield - Birth date' successfully

15-06-2025T15:21:07 - [MESSAGE][WARNING] - Timeout '0' is invalid. Using default page load timeout: '30'

15-06-2025T15:21:07 - [MESSAGE][PASSED] - Scroll to object 'Object Repository/Practice Form/txtfield - Birth date' successfully

15-06-2025T15:21:07 - [TEST_STEP][PASSED] - click(findTestObject("Object Repository/Practice Form/txtfield - Birth date")): Object: 'Object Repository/Practice Form/txtfield - Birth date' is clicked on

15-06-2025T15:21:07 - [MESSAGE][PASSED] - Object: 'Object Repository/Practice Form/txtfield - Birth date' is clicked on

15-06-2025T15:21:07 - [TEST_STEP][PASSED] - click(findTestObject("Object Repository/Practice Form/specific date picker")): Object: 'Object Repository/Practice Form/specific date picker' is clicked on

15-06-2025T15:21:07 - [MESSAGE][PASSED] - Object: 'Object Repository/Practice Form/specific date picker' is clicked on

15-06-2025T15:21:07 - [TEST_STEP][PASSED] - scrollToElement(findTestObject("Object Repository/Practice Form/txtfield - Subjects"), 0): Scroll to object 'Object Repository/Practice Form/txtfield - Subjects' successfully

15-06-2025T15:21:07 - [MESSAGE][WARNING] - Timeout '0' is invalid. Using default page load timeout: '30'

15-06-2025T15:21:07 - [MESSAGE][PASSED] - Scroll to object 'Object Repository/Practice Form/txtfield - Subjects' successfully

15-06-2025T15:21:07 - [TEST_STEP][PASSED] - if (subjects != null): Text 'English' is set on object 'Object Repository/Practice Form/txtfield - Subjects'

15-06-2025T15:21:07 - [TEST_STEP][PASSED] - setText(findTestObject("Object Repository/Practice Form/txtfield - Subjects"), subjects): Text 'English' is set on object 'Object Repository/Practice Form/txtfield - Subjects'

15-06-2025T15:21:07 - [MESSAGE][PASSED] - Text 'English' is set on object 'Object Repository/Practice Form/txtfield - Subjects'

15-06-2025T15:21:07 - [TEST_STEP][PASSED] - sendKeys(findTestObject("Object Repository/Practice Form/txtfield - Subjects"), TAB.toString()): Keys 'TAB + ' sent to object: 'Object Repository/Practice Form/txtfield - Subjects'

15-06-2025T15:21:08 - [MESSAGE][PASSED] - Keys 'TAB + ' sent to object: 'Object Repository/Practice Form/txtfield - Subjects'

15-06-2025T15:21:08 - [TEST_STEP][PASSED] - scrollToElement(findTestObject("Object Repository/Practice Form/checkbox - Sports"), 0): Scroll to object 'Object Repository/Practice Form/checkbox - Sports' successfully

15-06-2025T15:21:08 - [MESSAGE][WARNING] - Timeout '0' is invalid. Using default page load timeout: '30'

15-06-2025T15:21:08 - [MESSAGE][PASSED] - Scroll to object 'Object Repository/Practice Form/checkbox - Sports' successfully

15-06-2025T15:21:08 - [TEST_STEP][PASSED] - if (hobbies == "Sports"): null

15-06-2025T15:21:08 - [TEST_STEP][PASSED] - else if (hobbies == "Reading"): null

15-06-2025T15:21:08 - [TEST_STEP][PASSED] - else if (hobbies == "Music"): Object: 'Object Repository/Practice Form/checkbox - Music' is clicked on

15-06-2025T15:21:08 - [TEST_STEP][PASSED] - click(findTestObject("Object Repository/Practice Form/checkbox - Music")): Object: 'Object Repository/Practice Form/checkbox - Music' is clicked on

15-06-2025T15:21:08 - [MESSAGE][PASSED] - Object: 'Object Repository/Practice Form/checkbox - Music' is clicked on

15-06-2025T15:21:08 - [TEST_STEP][PASSED] - imagePath = getProjectDir() + "/Include/image/gambarDummy.jpeg": null

15-06-2025T15:21:08 - [TEST_STEP][PASSED] - uploadFile(findTestObject("Object Repository/Practice Form/file - Picture"), imagePath): File 'C:/Users/M S I/Katalon Studio/web-maulana-afteroffice-katalon/Include/image/gambarDummy.jpeg' sent to object: 'Object Repository/Practice Form/file - Picture'

15-06-2025T15:21:08 - [MESSAGE][PASSED] - File 'C:/Users/M S I/Katalon Studio/web-maulana-afteroffice-katalon/Include/image/gambarDummy.jpeg' sent to object: 'Object Repository/Practice Form/file - Picture'

15-06-2025T15:21:08 - [TEST_STEP][PASSED] - scrollToElement(findTestObject("Object Repository/Practice Form/textarea - Current address"), 0): Scroll to object 'Object Repository/Practice Form/textarea - Current address' successfully

15-06-2025T15:21:08 - [MESSAGE][WARNING] - Timeout '0' is invalid. Using default page load timeout: '30'

15-06-2025T15:21:08 - [MESSAGE][PASSED] - Scroll to object 'Object Repository/Practice Form/textarea - Current address' successfully

15-06-2025T15:21:08 - [TEST_STEP][PASSED] - setText(findTestObject("Object Repository/Practice Form/textarea - Current address"), currentAddress): Text '' is set on object 'Object Repository/Practice Form/textarea - Current address'

15-06-2025T15:21:08 - [MESSAGE][PASSED] - Text '' is set on object 'Object Repository/Practice Form/textarea - Current address'

15-06-2025T15:21:08 - [TEST_STEP][PASSED] - scrollToElement(findTestObject("Object Repository/Practice Form/txtfield - State"), 0): Scroll to object 'Object Repository/Practice Form/txtfield - State' successfully

15-06-2025T15:21:08 - [MESSAGE][WARNING] - Timeout '0' is invalid. Using default page load timeout: '30'

15-06-2025T15:21:08 - [MESSAGE][PASSED] - Scroll to object 'Object Repository/Practice Form/txtfield - State' successfully

15-06-2025T15:21:08 - [TEST_STEP][PASSED] - if (state != null && state != ""): null

15-06-2025T15:21:08 - [TEST_STEP][PASSED] - else: data state is null

15-06-2025T15:21:08 - [TEST_STEP][PASSED] - comment("data state is null"): data state is null

15-06-2025T15:21:08 - [MESSAGE][INFO] - data state is null

15-06-2025T15:21:08 - [TEST_STEP][PASSED] - if (city != null && city != ""): null

15-06-2025T15:21:08 - [TEST_STEP][PASSED] - else: data city is null

15-06-2025T15:21:08 - [TEST_STEP][PASSED] - comment("data city is null"): data city is null

15-06-2025T15:21:08 - [MESSAGE][INFO] - data city is null

15-06-2025T15:21:08 - [TEST_STEP][PASSED] - scrollToElement(findTestObject("Object Repository/Practice Form/button - Submit"), 0): Scroll to object 'Object Repository/Practice Form/button - Submit' successfully

15-06-2025T15:21:08 - [MESSAGE][WARNING] - Timeout '0' is invalid. Using default page load timeout: '30'

15-06-2025T15:21:08 - [MESSAGE][PASSED] - Scroll to object 'Object Repository/Practice Form/button - Submit' successfully

15-06-2025T15:21:08 - [TEST_STEP][PASSED] - click(findTestObject("Object Repository/Practice Form/button - Submit")): Object: 'Object Repository/Practice Form/button - Submit' is clicked on

15-06-2025T15:21:08 - [MESSAGE][PASSED] - Object: 'Object Repository/Practice Form/button - Submit' is clicked on

15-06-2025T15:21:08 - [TEST_STEP][PASSED] - verifyElementNotPresent(findTestObject("Object Repository/Modal/txt - Modal title"), 2, CONTINUE_ON_FAILURE): Web element with id: 'Object Repository/Modal/txt - Modal title' located by 'By.xpath: //div[@id='example-modal-sizes-title-lg']' is not present after '2' second(s)

15-06-2025T15:21:08 - [MESSAGE][PASSED] - Web element with id: 'Object Repository/Modal/txt - Modal title' located by 'By.xpath: //div[@id='example-modal-sizes-title-lg']' is not present after '2' second(s)

15-06-2025T15:21:08 - [TEST_STEP][PASSED] - markPassed("Validation case : " + testNote): Validation case : input empty mobile phone

15-06-2025T15:21:08 - [MESSAGE][PASSED] - Validation case : input empty mobile phone

15-06-2025T15:21:08 - [TEST_STEP][PASSED] - closeBrowser(): Browser is closed

15-06-2025T15:21:08 - [MESSAGE][PASSED] - Browser is closed]]></system-out>
         <system-err><![CDATA[]]></system-err>
      </testcase>
      <testcase name="Test Cases/1. Validating Form/VLD 2 - Mandatory field negative validation" time="17.132" classname="Test Cases/1. Validating Form/VLD 2 - Mandatory field negative validation" status="PASSED">
         <system-out><![CDATA[15-06-2025T15:21:08 - [TEST_CASE][PASSED] - Test Cases/1. Validating Form/VLD 2 - Mandatory field negative validation: Test Cases/1. Validating Form/VLD 2 - Mandatory field negative validation

15-06-2025T15:21:08 - [TEST_STEP][PASSED] - openBrowser(""): Browser is opened with url: ''

15-06-2025T15:21:08 - [MESSAGE][INFO] - Starting 'Chrome' driver

15-06-2025T15:21:08 - [MESSAGE][INFO] - Action delay is set to 0 milliseconds

15-06-2025T15:21:10 - [MESSAGE][WARNING] - FFmpeg was not installed! Browser Recording will be disabled. Please follow this document to install FFmpeg first: https://docs.katalon.com/katalon-studio/docs/screenshots-videos.html#browser-based-recorder

15-06-2025T15:21:10 - [MESSAGE][PASSED] - Browser is opened with url: ''

15-06-2025T15:21:10 - [TEST_STEP][PASSED] - navigateToUrl(baseUrl): Navigate to 'https://demoqa.com/automation-practice-form' successfully

15-06-2025T15:21:21 - [MESSAGE][PASSED] - Navigate to 'https://demoqa.com/automation-practice-form' successfully

15-06-2025T15:21:21 - [TEST_STEP][PASSED] - verifyElementPresent(findTestObject("Object Repository/Practice Form/Title Name - Practice Form"), 0): Object 'Object Repository/Practice Form/Title Name - Practice Form' is present

15-06-2025T15:21:21 - [MESSAGE][WARNING] - Timeout '0' is invalid. Using default page load timeout: '30'

15-06-2025T15:21:21 - [MESSAGE][PASSED] - Object 'Object Repository/Practice Form/Title Name - Practice Form' is present

15-06-2025T15:21:21 - [TEST_STEP][PASSED] - setText(findTestObject("Object Repository/Practice Form/txtfield - First name"), firstName): Text 'Ahmad' is set on object 'Object Repository/Practice Form/txtfield - First name'

15-06-2025T15:21:21 - [MESSAGE][PASSED] - Text 'Ahmad' is set on object 'Object Repository/Practice Form/txtfield - First name'

15-06-2025T15:21:21 - [TEST_STEP][PASSED] - setText(findTestObject("Object Repository/Practice Form/txtfield - Last name"), lastName): Text 'Sembiring' is set on object 'Object Repository/Practice Form/txtfield - Last name'

15-06-2025T15:21:21 - [MESSAGE][PASSED] - Text 'Sembiring' is set on object 'Object Repository/Practice Form/txtfield - Last name'

15-06-2025T15:21:21 - [TEST_STEP][PASSED] - setText(findTestObject("Object Repository/Practice Form/txtfield - User Email"), email): Text 'ahmadsembiring@gmail.com' is set on object 'Object Repository/Practice Form/txtfield - User Email'

15-06-2025T15:21:21 - [MESSAGE][PASSED] - Text 'ahmadsembiring@gmail.com' is set on object 'Object Repository/Practice Form/txtfield - User Email'

15-06-2025T15:21:21 - [TEST_STEP][PASSED] - scrollToElement(findTestObject("Object Repository/Practice Form/radiobox - Male"), 0): Scroll to object 'Object Repository/Practice Form/radiobox - Male' successfully

15-06-2025T15:21:21 - [MESSAGE][WARNING] - Timeout '0' is invalid. Using default page load timeout: '30'

15-06-2025T15:21:21 - [MESSAGE][PASSED] - Scroll to object 'Object Repository/Practice Form/radiobox - Male' successfully

15-06-2025T15:21:21 - [TEST_STEP][PASSED] - if (gender == "Male"): null

15-06-2025T15:21:21 - [TEST_STEP][PASSED] - else if (gender == "Female"): null

15-06-2025T15:21:21 - [TEST_STEP][PASSED] - else if (gender == "Other"): null

15-06-2025T15:21:21 - [TEST_STEP][PASSED] - else: User not click the gender radio option

15-06-2025T15:21:21 - [TEST_STEP][PASSED] - markPassed("User not click the gender radio option"): User not click the gender radio option

15-06-2025T15:21:21 - [MESSAGE][PASSED] - User not click the gender radio option

15-06-2025T15:21:21 - [TEST_STEP][PASSED] - scrollToElement(findTestObject("Object Repository/Practice Form/txtfield - Mobile number"), 0): Scroll to object 'Object Repository/Practice Form/txtfield - Mobile number' successfully

15-06-2025T15:21:21 - [MESSAGE][WARNING] - Timeout '0' is invalid. Using default page load timeout: '30'

15-06-2025T15:21:22 - [MESSAGE][PASSED] - Scroll to object 'Object Repository/Practice Form/txtfield - Mobile number' successfully

15-06-2025T15:21:22 - [TEST_STEP][PASSED] - setText(findTestObject("Object Repository/Practice Form/txtfield - Mobile number"), mobile): Text '0812312398' is set on object 'Object Repository/Practice Form/txtfield - Mobile number'

15-06-2025T15:21:22 - [MESSAGE][PASSED] - Text '0812312398' is set on object 'Object Repository/Practice Form/txtfield - Mobile number'

15-06-2025T15:21:22 - [TEST_STEP][PASSED] - scrollToElement(findTestObject("Object Repository/Practice Form/txtfield - Birth date"), 0): Scroll to object 'Object Repository/Practice Form/txtfield - Birth date' successfully

15-06-2025T15:21:22 - [MESSAGE][WARNING] - Timeout '0' is invalid. Using default page load timeout: '30'

15-06-2025T15:21:22 - [MESSAGE][PASSED] - Scroll to object 'Object Repository/Practice Form/txtfield - Birth date' successfully

15-06-2025T15:21:22 - [TEST_STEP][PASSED] - click(findTestObject("Object Repository/Practice Form/txtfield - Birth date")): Object: 'Object Repository/Practice Form/txtfield - Birth date' is clicked on

15-06-2025T15:21:22 - [MESSAGE][PASSED] - Object: 'Object Repository/Practice Form/txtfield - Birth date' is clicked on

15-06-2025T15:21:22 - [TEST_STEP][PASSED] - click(findTestObject("Object Repository/Practice Form/specific date picker")): Object: 'Object Repository/Practice Form/specific date picker' is clicked on

15-06-2025T15:21:22 - [MESSAGE][PASSED] - Object: 'Object Repository/Practice Form/specific date picker' is clicked on

15-06-2025T15:21:22 - [TEST_STEP][PASSED] - scrollToElement(findTestObject("Object Repository/Practice Form/txtfield - Subjects"), 0): Scroll to object 'Object Repository/Practice Form/txtfield - Subjects' successfully

15-06-2025T15:21:22 - [MESSAGE][WARNING] - Timeout '0' is invalid. Using default page load timeout: '30'

15-06-2025T15:21:22 - [MESSAGE][PASSED] - Scroll to object 'Object Repository/Practice Form/txtfield - Subjects' successfully

15-06-2025T15:21:22 - [TEST_STEP][PASSED] - if (subjects != null): Text 'Economics' is set on object 'Object Repository/Practice Form/txtfield - Subjects'

15-06-2025T15:21:22 - [TEST_STEP][PASSED] - setText(findTestObject("Object Repository/Practice Form/txtfield - Subjects"), subjects): Text 'Economics' is set on object 'Object Repository/Practice Form/txtfield - Subjects'

15-06-2025T15:21:22 - [MESSAGE][PASSED] - Text 'Economics' is set on object 'Object Repository/Practice Form/txtfield - Subjects'

15-06-2025T15:21:22 - [TEST_STEP][PASSED] - sendKeys(findTestObject("Object Repository/Practice Form/txtfield - Subjects"), TAB.toString()): Keys 'TAB + ' sent to object: 'Object Repository/Practice Form/txtfield - Subjects'

15-06-2025T15:21:22 - [MESSAGE][PASSED] - Keys 'TAB + ' sent to object: 'Object Repository/Practice Form/txtfield - Subjects'

15-06-2025T15:21:22 - [TEST_STEP][PASSED] - scrollToElement(findTestObject("Object Repository/Practice Form/checkbox - Sports"), 0): Scroll to object 'Object Repository/Practice Form/checkbox - Sports' successfully

15-06-2025T15:21:22 - [MESSAGE][WARNING] - Timeout '0' is invalid. Using default page load timeout: '30'

15-06-2025T15:21:22 - [MESSAGE][PASSED] - Scroll to object 'Object Repository/Practice Form/checkbox - Sports' successfully

15-06-2025T15:21:22 - [TEST_STEP][PASSED] - if (hobbies == "Sports"): null

15-06-2025T15:21:22 - [TEST_STEP][PASSED] - else if (hobbies == "Reading"): null

15-06-2025T15:21:22 - [TEST_STEP][PASSED] - else if (hobbies == "Music"): null

15-06-2025T15:21:22 - [TEST_STEP][PASSED] - else if (hobbies == ""): User not choosing hobbies section

15-06-2025T15:21:22 - [TEST_STEP][PASSED] - markPassed("User not choosing hobbies section"): User not choosing hobbies section

15-06-2025T15:21:22 - [MESSAGE][PASSED] - User not choosing hobbies section

15-06-2025T15:21:22 - [TEST_STEP][PASSED] - imagePath = getProjectDir() + "/Include/image/gambarDummy.jpeg": null

15-06-2025T15:21:22 - [TEST_STEP][PASSED] - uploadFile(findTestObject("Object Repository/Practice Form/file - Picture"), imagePath): File 'C:/Users/M S I/Katalon Studio/web-maulana-afteroffice-katalon/Include/image/gambarDummy.jpeg' sent to object: 'Object Repository/Practice Form/file - Picture'

15-06-2025T15:21:22 - [MESSAGE][PASSED] - File 'C:/Users/M S I/Katalon Studio/web-maulana-afteroffice-katalon/Include/image/gambarDummy.jpeg' sent to object: 'Object Repository/Practice Form/file - Picture'

15-06-2025T15:21:22 - [TEST_STEP][PASSED] - scrollToElement(findTestObject("Object Repository/Practice Form/textarea - Current address"), 0): Scroll to object 'Object Repository/Practice Form/textarea - Current address' successfully

15-06-2025T15:21:22 - [MESSAGE][WARNING] - Timeout '0' is invalid. Using default page load timeout: '30'

15-06-2025T15:21:23 - [MESSAGE][PASSED] - Scroll to object 'Object Repository/Practice Form/textarea - Current address' successfully

15-06-2025T15:21:23 - [TEST_STEP][PASSED] - setText(findTestObject("Object Repository/Practice Form/textarea - Current address"), currentAddress): Text 'Jl. Adi Sucipto Jakarta' is set on object 'Object Repository/Practice Form/textarea - Current address'

15-06-2025T15:21:23 - [MESSAGE][PASSED] - Text 'Jl. Adi Sucipto Jakarta' is set on object 'Object Repository/Practice Form/textarea - Current address'

15-06-2025T15:21:23 - [TEST_STEP][PASSED] - scrollToElement(findTestObject("Object Repository/Practice Form/txtfield - State"), 0): Scroll to object 'Object Repository/Practice Form/txtfield - State' successfully

15-06-2025T15:21:23 - [MESSAGE][WARNING] - Timeout '0' is invalid. Using default page load timeout: '30'

15-06-2025T15:21:23 - [MESSAGE][PASSED] - Scroll to object 'Object Repository/Practice Form/txtfield - State' successfully

15-06-2025T15:21:23 - [TEST_STEP][PASSED] - if (state != null && state != ""): Keys 'TAB + ' sent to object: 'Object Repository/Practice Form/txtfield - State'

15-06-2025T15:21:23 - [TEST_STEP][PASSED] - setText(findTestObject("Object Repository/Practice Form/txtfield - State"), state): Text 'NCR' is set on object 'Object Repository/Practice Form/txtfield - State'

15-06-2025T15:21:23 - [MESSAGE][PASSED] - Text 'NCR' is set on object 'Object Repository/Practice Form/txtfield - State'

15-06-2025T15:21:23 - [TEST_STEP][PASSED] - delay(1): Delayed 1 second(s)

15-06-2025T15:21:24 - [MESSAGE][PASSED] - Delayed 1 second(s)

15-06-2025T15:21:24 - [TEST_STEP][PASSED] - sendKeys(findTestObject("Object Repository/Practice Form/txtfield - State"), TAB.toString()): Keys 'TAB + ' sent to object: 'Object Repository/Practice Form/txtfield - State'

15-06-2025T15:21:24 - [MESSAGE][PASSED] - Keys 'TAB + ' sent to object: 'Object Repository/Practice Form/txtfield - State'

15-06-2025T15:21:24 - [TEST_STEP][PASSED] - if (city != null && city != ""): Keys 'DOWN + ENTER + ' sent to object: 'Object Repository/Practice Form/txtfield - City'

15-06-2025T15:21:24 - [TEST_STEP][PASSED] - setText(findTestObject("Object Repository/Practice Form/txtfield - City"), city): Text 'Delhi' is set on object 'Object Repository/Practice Form/txtfield - City'

15-06-2025T15:21:24 - [MESSAGE][PASSED] - Text 'Delhi' is set on object 'Object Repository/Practice Form/txtfield - City'

15-06-2025T15:21:24 - [TEST_STEP][PASSED] - delay(1): Delayed 1 second(s)

15-06-2025T15:21:25 - [MESSAGE][PASSED] - Delayed 1 second(s)

15-06-2025T15:21:25 - [TEST_STEP][PASSED] - sendKeys(findTestObject("Object Repository/Practice Form/txtfield - City"), Keys.chord(ARROW_DOWN, ENTER)): Keys 'DOWN + ENTER + ' sent to object: 'Object Repository/Practice Form/txtfield - City'

15-06-2025T15:21:25 - [MESSAGE][PASSED] - Keys 'DOWN + ENTER + ' sent to object: 'Object Repository/Practice Form/txtfield - City'

15-06-2025T15:21:25 - [TEST_STEP][PASSED] - scrollToElement(findTestObject("Object Repository/Practice Form/button - Submit"), 0): Scroll to object 'Object Repository/Practice Form/button - Submit' successfully

15-06-2025T15:21:25 - [MESSAGE][WARNING] - Timeout '0' is invalid. Using default page load timeout: '30'

15-06-2025T15:21:25 - [MESSAGE][PASSED] - Scroll to object 'Object Repository/Practice Form/button - Submit' successfully

15-06-2025T15:21:25 - [TEST_STEP][PASSED] - click(findTestObject("Object Repository/Practice Form/button - Submit")): Object: 'Object Repository/Practice Form/button - Submit' is clicked on

15-06-2025T15:21:25 - [MESSAGE][PASSED] - Object: 'Object Repository/Practice Form/button - Submit' is clicked on

15-06-2025T15:21:25 - [TEST_STEP][PASSED] - verifyElementNotPresent(findTestObject("Object Repository/Modal/txt - Modal title"), 2, CONTINUE_ON_FAILURE): Web element with id: 'Object Repository/Modal/txt - Modal title' located by 'By.xpath: //div[@id='example-modal-sizes-title-lg']' is not present after '2' second(s)

15-06-2025T15:21:25 - [MESSAGE][PASSED] - Web element with id: 'Object Repository/Modal/txt - Modal title' located by 'By.xpath: //div[@id='example-modal-sizes-title-lg']' is not present after '2' second(s)

15-06-2025T15:21:25 - [TEST_STEP][PASSED] - markPassed("Validation case : " + testNote): Validation case : input empty gender

15-06-2025T15:21:25 - [MESSAGE][PASSED] - Validation case : input empty gender

15-06-2025T15:21:25 - [TEST_STEP][PASSED] - closeBrowser(): Browser is closed

15-06-2025T15:21:26 - [MESSAGE][PASSED] - Browser is closed]]></system-out>
         <system-err><![CDATA[]]></system-err>
      </testcase>
      <testcase name="Test Cases/1. Validating Form/VLD 2 - Mandatory field negative validation" time="13.87" classname="Test Cases/1. Validating Form/VLD 2 - Mandatory field negative validation" status="PASSED">
         <system-out><![CDATA[15-06-2025T15:21:26 - [TEST_CASE][PASSED] - Test Cases/1. Validating Form/VLD 2 - Mandatory field negative validation: Test Cases/1. Validating Form/VLD 2 - Mandatory field negative validation

15-06-2025T15:21:26 - [TEST_STEP][PASSED] - openBrowser(""): Browser is opened with url: ''

15-06-2025T15:21:26 - [MESSAGE][INFO] - Starting 'Chrome' driver

15-06-2025T15:21:26 - [MESSAGE][INFO] - Action delay is set to 0 milliseconds

15-06-2025T15:21:27 - [MESSAGE][WARNING] - FFmpeg was not installed! Browser Recording will be disabled. Please follow this document to install FFmpeg first: https://docs.katalon.com/katalon-studio/docs/screenshots-videos.html#browser-based-recorder

15-06-2025T15:21:27 - [MESSAGE][PASSED] - Browser is opened with url: ''

15-06-2025T15:21:27 - [TEST_STEP][PASSED] - navigateToUrl(baseUrl): Navigate to 'https://demoqa.com/automation-practice-form' successfully

15-06-2025T15:21:37 - [MESSAGE][PASSED] - Navigate to 'https://demoqa.com/automation-practice-form' successfully

15-06-2025T15:21:37 - [TEST_STEP][PASSED] - verifyElementPresent(findTestObject("Object Repository/Practice Form/Title Name - Practice Form"), 0): Object 'Object Repository/Practice Form/Title Name - Practice Form' is present

15-06-2025T15:21:37 - [MESSAGE][WARNING] - Timeout '0' is invalid. Using default page load timeout: '30'

15-06-2025T15:21:37 - [MESSAGE][PASSED] - Object 'Object Repository/Practice Form/Title Name - Practice Form' is present

15-06-2025T15:21:37 - [TEST_STEP][PASSED] - setText(findTestObject("Object Repository/Practice Form/txtfield - First name"), firstName): Text 'Breaking' is set on object 'Object Repository/Practice Form/txtfield - First name'

15-06-2025T15:21:37 - [MESSAGE][PASSED] - Text 'Breaking' is set on object 'Object Repository/Practice Form/txtfield - First name'

15-06-2025T15:21:37 - [TEST_STEP][PASSED] - setText(findTestObject("Object Repository/Practice Form/txtfield - Last name"), lastName): Text 'Habbit' is set on object 'Object Repository/Practice Form/txtfield - Last name'

15-06-2025T15:21:38 - [MESSAGE][PASSED] - Text 'Habbit' is set on object 'Object Repository/Practice Form/txtfield - Last name'

15-06-2025T15:21:38 - [TEST_STEP][PASSED] - setText(findTestObject("Object Repository/Practice Form/txtfield - User Email"), email): Text 'brhabit@gmail.com' is set on object 'Object Repository/Practice Form/txtfield - User Email'

15-06-2025T15:21:38 - [MESSAGE][PASSED] - Text 'brhabit@gmail.com' is set on object 'Object Repository/Practice Form/txtfield - User Email'

15-06-2025T15:21:38 - [TEST_STEP][PASSED] - scrollToElement(findTestObject("Object Repository/Practice Form/radiobox - Male"), 0): Scroll to object 'Object Repository/Practice Form/radiobox - Male' successfully

15-06-2025T15:21:38 - [MESSAGE][WARNING] - Timeout '0' is invalid. Using default page load timeout: '30'

15-06-2025T15:21:38 - [MESSAGE][PASSED] - Scroll to object 'Object Repository/Practice Form/radiobox - Male' successfully

15-06-2025T15:21:38 - [TEST_STEP][PASSED] - if (gender == "Male"): null

15-06-2025T15:21:38 - [TEST_STEP][PASSED] - else if (gender == "Female"): Object: 'Object Repository/Practice Form/radiobox - Female' is clicked on

15-06-2025T15:21:38 - [TEST_STEP][PASSED] - click(findTestObject("Object Repository/Practice Form/radiobox - Female")): Object: 'Object Repository/Practice Form/radiobox - Female' is clicked on

15-06-2025T15:21:38 - [MESSAGE][PASSED] - Object: 'Object Repository/Practice Form/radiobox - Female' is clicked on

15-06-2025T15:21:38 - [TEST_STEP][PASSED] - scrollToElement(findTestObject("Object Repository/Practice Form/txtfield - Mobile number"), 0): Scroll to object 'Object Repository/Practice Form/txtfield - Mobile number' successfully

15-06-2025T15:21:38 - [MESSAGE][WARNING] - Timeout '0' is invalid. Using default page load timeout: '30'

15-06-2025T15:21:38 - [MESSAGE][PASSED] - Scroll to object 'Object Repository/Practice Form/txtfield - Mobile number' successfully

15-06-2025T15:21:38 - [TEST_STEP][PASSED] - setText(findTestObject("Object Repository/Practice Form/txtfield - Mobile number"), mobile): Text '089' is set on object 'Object Repository/Practice Form/txtfield - Mobile number'

15-06-2025T15:21:38 - [MESSAGE][PASSED] - Text '089' is set on object 'Object Repository/Practice Form/txtfield - Mobile number'

15-06-2025T15:21:38 - [TEST_STEP][PASSED] - scrollToElement(findTestObject("Object Repository/Practice Form/txtfield - Birth date"), 0): Scroll to object 'Object Repository/Practice Form/txtfield - Birth date' successfully

15-06-2025T15:21:38 - [MESSAGE][WARNING] - Timeout '0' is invalid. Using default page load timeout: '30'

15-06-2025T15:21:38 - [MESSAGE][PASSED] - Scroll to object 'Object Repository/Practice Form/txtfield - Birth date' successfully

15-06-2025T15:21:38 - [TEST_STEP][PASSED] - click(findTestObject("Object Repository/Practice Form/txtfield - Birth date")): Object: 'Object Repository/Practice Form/txtfield - Birth date' is clicked on

15-06-2025T15:21:38 - [MESSAGE][PASSED] - Object: 'Object Repository/Practice Form/txtfield - Birth date' is clicked on

15-06-2025T15:21:38 - [TEST_STEP][PASSED] - click(findTestObject("Object Repository/Practice Form/specific date picker")): Object: 'Object Repository/Practice Form/specific date picker' is clicked on

15-06-2025T15:21:38 - [MESSAGE][PASSED] - Object: 'Object Repository/Practice Form/specific date picker' is clicked on

15-06-2025T15:21:38 - [TEST_STEP][PASSED] - scrollToElement(findTestObject("Object Repository/Practice Form/txtfield - Subjects"), 0): Scroll to object 'Object Repository/Practice Form/txtfield - Subjects' successfully

15-06-2025T15:21:38 - [MESSAGE][WARNING] - Timeout '0' is invalid. Using default page load timeout: '30'

15-06-2025T15:21:38 - [MESSAGE][PASSED] - Scroll to object 'Object Repository/Practice Form/txtfield - Subjects' successfully

15-06-2025T15:21:38 - [TEST_STEP][PASSED] - if (subjects != null): Text '' is set on object 'Object Repository/Practice Form/txtfield - Subjects'

15-06-2025T15:21:38 - [TEST_STEP][PASSED] - setText(findTestObject("Object Repository/Practice Form/txtfield - Subjects"), subjects): Text '' is set on object 'Object Repository/Practice Form/txtfield - Subjects'

15-06-2025T15:21:39 - [MESSAGE][PASSED] - Text '' is set on object 'Object Repository/Practice Form/txtfield - Subjects'

15-06-2025T15:21:39 - [TEST_STEP][PASSED] - sendKeys(findTestObject("Object Repository/Practice Form/txtfield - Subjects"), TAB.toString()): Keys 'TAB + ' sent to object: 'Object Repository/Practice Form/txtfield - Subjects'

15-06-2025T15:21:39 - [MESSAGE][PASSED] - Keys 'TAB + ' sent to object: 'Object Repository/Practice Form/txtfield - Subjects'

15-06-2025T15:21:39 - [TEST_STEP][PASSED] - scrollToElement(findTestObject("Object Repository/Practice Form/checkbox - Sports"), 0): Scroll to object 'Object Repository/Practice Form/checkbox - Sports' successfully

15-06-2025T15:21:39 - [MESSAGE][WARNING] - Timeout '0' is invalid. Using default page load timeout: '30'

15-06-2025T15:21:39 - [MESSAGE][PASSED] - Scroll to object 'Object Repository/Practice Form/checkbox - Sports' successfully

15-06-2025T15:21:39 - [TEST_STEP][PASSED] - if (hobbies == "Sports"): null

15-06-2025T15:21:39 - [TEST_STEP][PASSED] - else if (hobbies == "Reading"): null

15-06-2025T15:21:39 - [TEST_STEP][PASSED] - else if (hobbies == "Music"): null

15-06-2025T15:21:39 - [TEST_STEP][PASSED] - else if (hobbies == ""): User not choosing hobbies section

15-06-2025T15:21:39 - [TEST_STEP][PASSED] - markPassed("User not choosing hobbies section"): User not choosing hobbies section

15-06-2025T15:21:39 - [MESSAGE][PASSED] - User not choosing hobbies section

15-06-2025T15:21:39 - [TEST_STEP][PASSED] - imagePath = getProjectDir() + "/Include/image/gambarDummy.jpeg": null

15-06-2025T15:21:39 - [TEST_STEP][PASSED] - uploadFile(findTestObject("Object Repository/Practice Form/file - Picture"), imagePath): File 'C:/Users/M S I/Katalon Studio/web-maulana-afteroffice-katalon/Include/image/gambarDummy.jpeg' sent to object: 'Object Repository/Practice Form/file - Picture'

15-06-2025T15:21:39 - [MESSAGE][PASSED] - File 'C:/Users/M S I/Katalon Studio/web-maulana-afteroffice-katalon/Include/image/gambarDummy.jpeg' sent to object: 'Object Repository/Practice Form/file - Picture'

15-06-2025T15:21:39 - [TEST_STEP][PASSED] - scrollToElement(findTestObject("Object Repository/Practice Form/textarea - Current address"), 0): Scroll to object 'Object Repository/Practice Form/textarea - Current address' successfully

15-06-2025T15:21:39 - [MESSAGE][WARNING] - Timeout '0' is invalid. Using default page load timeout: '30'

15-06-2025T15:21:39 - [MESSAGE][PASSED] - Scroll to object 'Object Repository/Practice Form/textarea - Current address' successfully

15-06-2025T15:21:39 - [TEST_STEP][PASSED] - setText(findTestObject("Object Repository/Practice Form/textarea - Current address"), currentAddress): Text '' is set on object 'Object Repository/Practice Form/textarea - Current address'

15-06-2025T15:21:39 - [MESSAGE][PASSED] - Text '' is set on object 'Object Repository/Practice Form/textarea - Current address'

15-06-2025T15:21:39 - [TEST_STEP][PASSED] - scrollToElement(findTestObject("Object Repository/Practice Form/txtfield - State"), 0): Scroll to object 'Object Repository/Practice Form/txtfield - State' successfully

15-06-2025T15:21:39 - [MESSAGE][WARNING] - Timeout '0' is invalid. Using default page load timeout: '30'

15-06-2025T15:21:39 - [MESSAGE][PASSED] - Scroll to object 'Object Repository/Practice Form/txtfield - State' successfully

15-06-2025T15:21:39 - [TEST_STEP][PASSED] - if (state != null && state != ""): null

15-06-2025T15:21:39 - [TEST_STEP][PASSED] - else: data state is null

15-06-2025T15:21:39 - [TEST_STEP][PASSED] - comment("data state is null"): data state is null

15-06-2025T15:21:39 - [MESSAGE][INFO] - data state is null

15-06-2025T15:21:39 - [TEST_STEP][PASSED] - if (city != null && city != ""): null

15-06-2025T15:21:39 - [TEST_STEP][PASSED] - else: data city is null

15-06-2025T15:21:39 - [TEST_STEP][PASSED] - comment("data city is null"): data city is null

15-06-2025T15:21:39 - [MESSAGE][INFO] - data city is null

15-06-2025T15:21:39 - [TEST_STEP][PASSED] - scrollToElement(findTestObject("Object Repository/Practice Form/button - Submit"), 0): Scroll to object 'Object Repository/Practice Form/button - Submit' successfully

15-06-2025T15:21:39 - [MESSAGE][WARNING] - Timeout '0' is invalid. Using default page load timeout: '30'

15-06-2025T15:21:39 - [MESSAGE][PASSED] - Scroll to object 'Object Repository/Practice Form/button - Submit' successfully

15-06-2025T15:21:39 - [TEST_STEP][PASSED] - click(findTestObject("Object Repository/Practice Form/button - Submit")): Object: 'Object Repository/Practice Form/button - Submit' is clicked on

15-06-2025T15:21:39 - [MESSAGE][PASSED] - Object: 'Object Repository/Practice Form/button - Submit' is clicked on

15-06-2025T15:21:39 - [TEST_STEP][PASSED] - verifyElementNotPresent(findTestObject("Object Repository/Modal/txt - Modal title"), 2, CONTINUE_ON_FAILURE): Web element with id: 'Object Repository/Modal/txt - Modal title' located by 'By.xpath: //div[@id='example-modal-sizes-title-lg']' is not present after '2' second(s)

15-06-2025T15:21:39 - [MESSAGE][PASSED] - Web element with id: 'Object Repository/Modal/txt - Modal title' located by 'By.xpath: //div[@id='example-modal-sizes-title-lg']' is not present after '2' second(s)

15-06-2025T15:21:39 - [TEST_STEP][PASSED] - markPassed("Validation case : " + testNote): Validation case : input invalid mobile

15-06-2025T15:21:39 - [MESSAGE][PASSED] - Validation case : input invalid mobile

15-06-2025T15:21:39 - [TEST_STEP][PASSED] - closeBrowser(): Browser is closed

15-06-2025T15:21:40 - [MESSAGE][PASSED] - Browser is closed]]></system-out>
         <system-err><![CDATA[]]></system-err>
      </testcase>
      <system-out><![CDATA[15-06-2025T15:18:47 - [TEST_SUITE][PASSED] - Invalid data form: Test Cases/1. Validating Form/VLD 2 - Mandatory field negative validation]]></system-out>
      <system-err><![CDATA[]]></system-err>
   </testsuite>
</testsuites>
